{"level":"info","message":"BEGIN: GET /api/collections:list?pageSize=50&sort%5B%5D=sort&appends%5B%5D=fields&appends%5B%5D=category&filter=%7B%22hidden%22%3A%7B%22%24isFalsy%22%3Atrue%7D%7D","reqId":"7e627fa7-36e2-4615-a586-b5ae78f1f5bd","timestamp":"2023-06-01T07:44:46.586Z"}
{"level":"info","message":"Current user id: 1","reqId":"7e627fa7-36e2-4615-a586-b5ae78f1f5bd","timestamp":"2023-06-01T07:44:46.611Z"}
{"can":{"action":"list","resource":"collections","role":"root"},"level":"info","message":"ctx permission","reqId":"7e627fa7-36e2-4615-a586-b5ae78f1f5bd","skip":true,"timestamp":"2023-06-01T07:44:46.619Z"}
{"level":"info","message":"acl params","reqId":"7e627fa7-36e2-4615-a586-b5ae78f1f5bd","timestamp":"2023-06-01T07:44:46.620Z"}
{"level":"info","message":"acl parsedParams","reqId":"7e627fa7-36e2-4615-a586-b5ae78f1f5bd","timestamp":"2023-06-01T07:44:46.621Z"}
{"level":"info","message":"END: GET /api/collections:list?pageSize=50&sort%5B%5D=sort&appends%5B%5D=fields&appends%5B%5D=category&filter=%7B%22hidden%22%3A%7B%22%24isFalsy%22%3Atrue%7D%7D","req":{"action":{"actionName":"list","params":{"actionName":"list","appends":["fields","category"],"filter":{"hidden":{"$isFalsy":true}},"pageSize":"50","resourceName":"collections","sort":["sort"]},"resourceName":"collections"},"header":{"x-hostname":"localhost","x-locale":"en-US","x-role":"root","x-timezone":"+5.5:00"}},"reqId":"7e627fa7-36e2-4615-a586-b5ae78f1f5bd","res":{"status":200},"responseTime":75,"timestamp":"2023-06-01T07:44:46.660Z"}
{"level":"info","message":"BEGIN: GET /api/collections/compliance/fields:list?paginate=false&sort%5B%5D=sort&filter=%7B%22%24or%22%3A%5B%7B%22interface.%24not%22%3Anull%7D%2C%7B%22options.source.%24notEmpty%22%3Atrue%7D%5D%7D","reqId":"bf8c5d30-c812-477a-b85c-11246e552b4f","timestamp":"2023-06-01T07:44:59.775Z"}
{"level":"info","message":"Current user id: 1","reqId":"bf8c5d30-c812-477a-b85c-11246e552b4f","timestamp":"2023-06-01T07:44:59.788Z"}
{"can":{"action":"list","resource":"collections.fields","role":"root"},"level":"info","message":"ctx permission","reqId":"bf8c5d30-c812-477a-b85c-11246e552b4f","skip":true,"timestamp":"2023-06-01T07:44:59.799Z"}
{"level":"info","message":"acl params","reqId":"bf8c5d30-c812-477a-b85c-11246e552b4f","timestamp":"2023-06-01T07:44:59.800Z"}
{"level":"info","message":"acl parsedParams","reqId":"bf8c5d30-c812-477a-b85c-11246e552b4f","timestamp":"2023-06-01T07:44:59.800Z"}
{"level":"info","message":"END: GET /api/collections/compliance/fields:list?paginate=false&sort%5B%5D=sort&filter=%7B%22%24or%22%3A%5B%7B%22interface.%24not%22%3Anull%7D%2C%7B%22options.source.%24notEmpty%22%3Atrue%7D%5D%7D","req":{"action":{"actionName":"list","params":{"actionName":"list","associatedIndex":"compliance","associatedName":"collections","filter":{"$or":[{"interface":{"$not":null}},{"options":{"source":{"$notEmpty":true}}}]},"paginate":"false","resourceName":"fields","sort":["sort"]},"resourceName":"collections.fields","resourceOf":"compliance"},"header":{"x-hostname":"localhost","x-locale":"en-US","x-role":"root","x-timezone":"+5.5:00"}},"reqId":"bf8c5d30-c812-477a-b85c-11246e552b4f","res":{"status":200},"responseTime":53,"timestamp":"2023-06-01T07:44:59.828Z"}
{"level":"info","message":"BEGIN: GET /api/uiSchemas:getProperties/x1meclgs8hv","reqId":"63d4a5d6-0d14-46b4-8d65-b17682294d5b","timestamp":"2023-06-01T07:45:28.343Z"}
{"level":"info","message":"Current user id: 1","reqId":"63d4a5d6-0d14-46b4-8d65-b17682294d5b","timestamp":"2023-06-01T07:45:28.354Z"}
{"can":{"action":"getProperties","resource":"uiSchemas","role":"root"},"level":"info","message":"ctx permission","reqId":"63d4a5d6-0d14-46b4-8d65-b17682294d5b","skip":true,"timestamp":"2023-06-01T07:45:28.360Z"}
{"level":"info","message":"acl params","reqId":"63d4a5d6-0d14-46b4-8d65-b17682294d5b","timestamp":"2023-06-01T07:45:28.361Z"}
{"level":"info","message":"acl parsedParams","reqId":"63d4a5d6-0d14-46b4-8d65-b17682294d5b","timestamp":"2023-06-01T07:45:28.362Z"}
{"level":"info","message":"END: GET /api/uiSchemas:getProperties/x1meclgs8hv","req":{"action":{"actionName":"getProperties","params":{"actionName":"getProperties","filterByTk":"x1meclgs8hv","resourceIndex":"x1meclgs8hv","resourceName":"uiSchemas"},"resourceName":"uiSchemas"},"header":{"x-hostname":"localhost","x-locale":"en-US","x-role":"root","x-timezone":"+5.5:00"}},"reqId":"63d4a5d6-0d14-46b4-8d65-b17682294d5b","res":{"status":200},"responseTime":21,"timestamp":"2023-06-01T07:45:28.364Z"}
{"level":"info","message":"BEGIN: GET /api/compliance:list?pageSize=20&appends%5B%5D=updatedBy&appends%5B%5D=createdBy","reqId":"afc8584a-6090-44cd-b840-220fbacec5a7","timestamp":"2023-06-01T07:45:32.790Z"}
{"level":"info","message":"Current user id: 1","reqId":"afc8584a-6090-44cd-b840-220fbacec5a7","timestamp":"2023-06-01T07:45:32.801Z"}
{"can":null,"level":"info","message":"ctx permission","reqId":"afc8584a-6090-44cd-b840-220fbacec5a7","skip":true,"timestamp":"2023-06-01T07:45:32.808Z"}
{"level":"info","message":"acl params","reqId":"afc8584a-6090-44cd-b840-220fbacec5a7","timestamp":"2023-06-01T07:45:32.808Z"}
{"level":"info","message":"acl parsedParams","reqId":"afc8584a-6090-44cd-b840-220fbacec5a7","timestamp":"2023-06-01T07:45:32.808Z"}
{"level":"info","message":"END: GET /api/compliance:list?pageSize=20&appends%5B%5D=updatedBy&appends%5B%5D=createdBy","req":{"action":{"actionName":"list","params":{"actionName":"list","appends":["updatedBy","createdBy"],"pageSize":"20","resourceName":"compliance"},"resourceName":"compliance"},"header":{"x-hostname":"localhost","x-locale":"en-US","x-role":"root","x-timezone":"+5.5:00"}},"reqId":"afc8584a-6090-44cd-b840-220fbacec5a7","res":{"status":200},"responseTime":46,"timestamp":"2023-06-01T07:45:32.836Z"}
