{"level":"info","message":"BEGIN: GET /api/app:getLang?locale=en-US","reqId":"cdade38a-4e2a-45bf-8304-c87dc41dcd6e","timestamp":"2023-05-31T16:19:48.673Z"}
{"expiredAt":"2023-05-30T16:55:11.000Z","level":"error","message":"jwt expired","name":"TokenExpiredError","reqId":"cdade38a-4e2a-45bf-8304-c87dc41dcd6e","stack":"TokenExpiredError: jwt expired\n    at C:\\Users\\chand\\OneDrive\\Documents\\complimatrix-dev\\node_modules\\jsonwebtoken\\verify.js:152:21\n    at getSecret (C:\\Users\\chand\\OneDrive\\Documents\\complimatrix-dev\\node_modules\\jsonwebtoken\\verify.js:90:14)\n    at Object.module.exports [as verify] (C:\\Users\\chand\\OneDrive\\Documents\\complimatrix-dev\\node_modules\\jsonwebtoken\\verify.js:94:10)\n    at C:\\Users\\chand\\OneDrive\\Documents\\complimatrix-dev\\packages\\plugins\\users\\src\\jwt-service.ts:25:11\n    at new Promise (<anonymous>)\n    at JwtService.decode (C:\\Users\\chand\\OneDrive\\Documents\\complimatrix-dev\\packages\\plugins\\users\\src\\jwt-service.ts:24:12)\n    at C:\\Users\\chand\\OneDrive\\Documents\\complimatrix-dev\\packages\\plugins\\users\\src\\middlewares\\parseToken.ts:18:41\n    at Generator.next (<anonymous>)\n    at C:\\Users\\chand\\OneDrive\\Documents\\complimatrix-dev\\packages\\plugins\\users\\src\\middlewares\\parseToken.ts:8:71\n    at new Promise (<anonymous>)","timestamp":"2023-05-31T16:19:48.723Z"}
{"can":null,"level":"info","message":"ctx permission","reqId":"cdade38a-4e2a-45bf-8304-c87dc41dcd6e","skip":true,"timestamp":"2023-05-31T16:19:48.730Z"}
{"level":"info","message":"acl params","reqId":"cdade38a-4e2a-45bf-8304-c87dc41dcd6e","timestamp":"2023-05-31T16:19:48.732Z"}
{"level":"info","message":"acl parsedParams","reqId":"cdade38a-4e2a-45bf-8304-c87dc41dcd6e","timestamp":"2023-05-31T16:19:48.733Z"}
{"level":"info","message":"BEGIN: GET /api/app:getPlugins","reqId":"322b845a-e93a-450b-8f3c-57fcf4540566","timestamp":"2023-05-31T16:19:48.751Z"}
{"expiredAt":"2023-05-30T16:55:11.000Z","level":"error","message":"jwt expired","name":"TokenExpiredError","reqId":"322b845a-e93a-450b-8f3c-57fcf4540566","stack":"TokenExpiredError: jwt expired\n    at C:\\Users\\chand\\OneDrive\\Documents\\complimatrix-dev\\node_modules\\jsonwebtoken\\verify.js:152:21\n    at getSecret (C:\\Users\\chand\\OneDrive\\Documents\\complimatrix-dev\\node_modules\\jsonwebtoken\\verify.js:90:14)\n    at Object.module.exports [as verify] (C:\\Users\\chand\\OneDrive\\Documents\\complimatrix-dev\\node_modules\\jsonwebtoken\\verify.js:94:10)\n    at C:\\Users\\chand\\OneDrive\\Documents\\complimatrix-dev\\packages\\plugins\\users\\src\\jwt-service.ts:25:11\n    at new Promise (<anonymous>)\n    at JwtService.decode (C:\\Users\\chand\\OneDrive\\Documents\\complimatrix-dev\\packages\\plugins\\users\\src\\jwt-service.ts:24:12)\n    at C:\\Users\\chand\\OneDrive\\Documents\\complimatrix-dev\\packages\\plugins\\users\\src\\middlewares\\parseToken.ts:18:41\n    at Generator.next (<anonymous>)\n    at C:\\Users\\chand\\OneDrive\\Documents\\complimatrix-dev\\packages\\plugins\\users\\src\\middlewares\\parseToken.ts:8:71\n    at new Promise (<anonymous>)","timestamp":"2023-05-31T16:19:48.765Z"}
{"can":null,"level":"info","message":"ctx permission","reqId":"322b845a-e93a-450b-8f3c-57fcf4540566","skip":true,"timestamp":"2023-05-31T16:19:48.769Z"}
{"level":"info","message":"acl params","reqId":"322b845a-e93a-450b-8f3c-57fcf4540566","timestamp":"2023-05-31T16:19:48.776Z"}
{"level":"info","message":"acl parsedParams","reqId":"322b845a-e93a-450b-8f3c-57fcf4540566","timestamp":"2023-05-31T16:19:48.777Z"}
{"level":"info","message":"END: GET /api/app:getPlugins","req":{"action":{"actionName":"getPlugins","params":{"actionName":"getPlugins","resourceName":"app"},"resourceName":"app"},"header":{"x-hostname":"localhost","x-locale":"en-US","x-role":"root","x-timezone":"+5.5:00"}},"reqId":"322b845a-e93a-450b-8f3c-57fcf4540566","res":{"status":200},"responseTime":1308,"timestamp":"2023-05-31T16:19:50.059Z"}
{"level":"info","message":"END: GET /api/app:getLang?locale=en-US","req":{"action":{"actionName":"getLang","params":{"actionName":"getLang","locale":"en-US","resourceName":"app"},"resourceName":"app"},"header":{"x-hostname":"localhost","x-locale":"en-US","x-role":"root","x-timezone":"+5.5:00"}},"reqId":"cdade38a-4e2a-45bf-8304-c87dc41dcd6e","res":{"status":200},"responseTime":13224,"timestamp":"2023-05-31T16:20:01.894Z"}
{"level":"info","message":"BEGIN: GET /api/app:getLang?locale=en-US","reqId":"4e6f8d92-d50e-4e21-ad95-7e7e7fd90078","timestamp":"2023-05-31T16:20:01.910Z"}
{"expiredAt":"2023-05-30T16:55:11.000Z","level":"error","message":"jwt expired","name":"TokenExpiredError","reqId":"4e6f8d92-d50e-4e21-ad95-7e7e7fd90078","stack":"TokenExpiredError: jwt expired\n    at C:\\Users\\chand\\OneDrive\\Documents\\complimatrix-dev\\node_modules\\jsonwebtoken\\verify.js:152:21\n    at getSecret (C:\\Users\\chand\\OneDrive\\Documents\\complimatrix-dev\\node_modules\\jsonwebtoken\\verify.js:90:14)\n    at Object.module.exports [as verify] (C:\\Users\\chand\\OneDrive\\Documents\\complimatrix-dev\\node_modules\\jsonwebtoken\\verify.js:94:10)\n    at C:\\Users\\chand\\OneDrive\\Documents\\complimatrix-dev\\packages\\plugins\\users\\src\\jwt-service.ts:25:11\n    at new Promise (<anonymous>)\n    at JwtService.decode (C:\\Users\\chand\\OneDrive\\Documents\\complimatrix-dev\\packages\\plugins\\users\\src\\jwt-service.ts:24:12)\n    at C:\\Users\\chand\\OneDrive\\Documents\\complimatrix-dev\\packages\\plugins\\users\\src\\middlewares\\parseToken.ts:18:41\n    at Generator.next (<anonymous>)\n    at C:\\Users\\chand\\OneDrive\\Documents\\complimatrix-dev\\packages\\plugins\\users\\src\\middlewares\\parseToken.ts:8:71\n    at new Promise (<anonymous>)","timestamp":"2023-05-31T16:20:01.916Z"}
{"can":null,"level":"info","message":"ctx permission","reqId":"4e6f8d92-d50e-4e21-ad95-7e7e7fd90078","skip":true,"timestamp":"2023-05-31T16:20:01.918Z"}
{"level":"info","message":"acl params","reqId":"4e6f8d92-d50e-4e21-ad95-7e7e7fd90078","timestamp":"2023-05-31T16:20:01.918Z"}
{"level":"info","message":"acl parsedParams","reqId":"4e6f8d92-d50e-4e21-ad95-7e7e7fd90078","timestamp":"2023-05-31T16:20:01.919Z"}
{"level":"info","message":"END: GET /api/app:getLang?locale=en-US","req":{"action":{"actionName":"getLang","params":{"actionName":"getLang","locale":"en-US","resourceName":"app"},"resourceName":"app"},"header":{"x-hostname":"localhost","x-locale":"en-US","x-role":"root","x-timezone":"+5.5:00"}},"reqId":"4e6f8d92-d50e-4e21-ad95-7e7e7fd90078","res":{"status":200},"responseTime":21,"timestamp":"2023-05-31T16:20:01.931Z"}
{"level":"info","message":"BEGIN: GET /api/uiRoutes:getAccessible","reqId":"3e1a258c-ac39-49d0-ac5a-ca64e240ea63","timestamp":"2023-05-31T16:20:02.263Z"}
{"expiredAt":"2023-05-30T16:55:11.000Z","level":"error","message":"jwt expired","name":"TokenExpiredError","reqId":"3e1a258c-ac39-49d0-ac5a-ca64e240ea63","stack":"TokenExpiredError: jwt expired\n    at C:\\Users\\chand\\OneDrive\\Documents\\complimatrix-dev\\node_modules\\jsonwebtoken\\verify.js:152:21\n    at getSecret (C:\\Users\\chand\\OneDrive\\Documents\\complimatrix-dev\\node_modules\\jsonwebtoken\\verify.js:90:14)\n    at Object.module.exports [as verify] (C:\\Users\\chand\\OneDrive\\Documents\\complimatrix-dev\\node_modules\\jsonwebtoken\\verify.js:94:10)\n    at C:\\Users\\chand\\OneDrive\\Documents\\complimatrix-dev\\packages\\plugins\\users\\src\\jwt-service.ts:25:11\n    at new Promise (<anonymous>)\n    at JwtService.decode (C:\\Users\\chand\\OneDrive\\Documents\\complimatrix-dev\\packages\\plugins\\users\\src\\jwt-service.ts:24:12)\n    at C:\\Users\\chand\\OneDrive\\Documents\\complimatrix-dev\\packages\\plugins\\users\\src\\middlewares\\parseToken.ts:18:41\n    at Generator.next (<anonymous>)\n    at C:\\Users\\chand\\OneDrive\\Documents\\complimatrix-dev\\packages\\plugins\\users\\src\\middlewares\\parseToken.ts:8:71\n    at new Promise (<anonymous>)","timestamp":"2023-05-31T16:20:02.269Z"}
{"can":null,"level":"info","message":"ctx permission","reqId":"3e1a258c-ac39-49d0-ac5a-ca64e240ea63","skip":true,"timestamp":"2023-05-31T16:20:02.271Z"}
{"level":"info","message":"acl params","reqId":"3e1a258c-ac39-49d0-ac5a-ca64e240ea63","timestamp":"2023-05-31T16:20:02.272Z"}
{"level":"info","message":"acl parsedParams","reqId":"3e1a258c-ac39-49d0-ac5a-ca64e240ea63","timestamp":"2023-05-31T16:20:02.272Z"}
{"level":"info","message":"END: GET /api/uiRoutes:getAccessible","req":{"action":{"actionName":"getAccessible","params":{"actionName":"getAccessible","resourceName":"uiRoutes"},"resourceName":"uiRoutes"},"header":{"x-hostname":"localhost","x-locale":"en-US","x-role":"root","x-timezone":"+5.5:00"}},"reqId":"3e1a258c-ac39-49d0-ac5a-ca64e240ea63","res":{"status":200},"responseTime":16,"timestamp":"2023-05-31T16:20:02.279Z"}
{"level":"info","message":"BEGIN: GET /api/systemSettings:get/1?appends=logo","reqId":"f875322b-3782-4a48-abda-8b540054660d","timestamp":"2023-05-31T16:20:02.525Z"}
{"expiredAt":"2023-05-30T16:55:11.000Z","level":"error","message":"jwt expired","name":"TokenExpiredError","reqId":"f875322b-3782-4a48-abda-8b540054660d","stack":"TokenExpiredError: jwt expired\n    at C:\\Users\\chand\\OneDrive\\Documents\\complimatrix-dev\\node_modules\\jsonwebtoken\\verify.js:152:21\n    at getSecret (C:\\Users\\chand\\OneDrive\\Documents\\complimatrix-dev\\node_modules\\jsonwebtoken\\verify.js:90:14)\n    at Object.module.exports [as verify] (C:\\Users\\chand\\OneDrive\\Documents\\complimatrix-dev\\node_modules\\jsonwebtoken\\verify.js:94:10)\n    at C:\\Users\\chand\\OneDrive\\Documents\\complimatrix-dev\\packages\\plugins\\users\\src\\jwt-service.ts:25:11\n    at new Promise (<anonymous>)\n    at JwtService.decode (C:\\Users\\chand\\OneDrive\\Documents\\complimatrix-dev\\packages\\plugins\\users\\src\\jwt-service.ts:24:12)\n    at C:\\Users\\chand\\OneDrive\\Documents\\complimatrix-dev\\packages\\plugins\\users\\src\\middlewares\\parseToken.ts:18:41\n    at Generator.next (<anonymous>)\n    at C:\\Users\\chand\\OneDrive\\Documents\\complimatrix-dev\\packages\\plugins\\users\\src\\middlewares\\parseToken.ts:8:71\n    at new Promise (<anonymous>)","timestamp":"2023-05-31T16:20:02.533Z"}
{"can":null,"level":"info","message":"ctx permission","reqId":"f875322b-3782-4a48-abda-8b540054660d","skip":true,"timestamp":"2023-05-31T16:20:02.535Z"}
{"level":"info","message":"acl params","reqId":"f875322b-3782-4a48-abda-8b540054660d","timestamp":"2023-05-31T16:20:02.536Z"}
{"level":"info","message":"acl parsedParams","reqId":"f875322b-3782-4a48-abda-8b540054660d","timestamp":"2023-05-31T16:20:02.536Z"}
{"level":"info","message":"END: GET /api/systemSettings:get/1?appends=logo","req":{"action":{"actionName":"get","params":{"actionName":"get","appends":["logo"],"filterByTk":"1","resourceIndex":"1","resourceName":"systemSettings"},"resourceName":"systemSettings"},"header":{"x-hostname":"localhost","x-locale":"en-US","x-role":"root","x-timezone":"+5.5:00"}},"reqId":"f875322b-3782-4a48-abda-8b540054660d","res":{"status":200},"responseTime":30,"timestamp":"2023-05-31T16:20:02.555Z"}
{"level":"info","message":"BEGIN: GET /api/app:getInfo","reqId":"f0c4a595-6b11-42eb-aa99-27ace8868eca","timestamp":"2023-05-31T16:20:02.634Z"}
{"expiredAt":"2023-05-30T16:55:11.000Z","level":"error","message":"jwt expired","name":"TokenExpiredError","reqId":"f0c4a595-6b11-42eb-aa99-27ace8868eca","stack":"TokenExpiredError: jwt expired\n    at C:\\Users\\chand\\OneDrive\\Documents\\complimatrix-dev\\node_modules\\jsonwebtoken\\verify.js:152:21\n    at getSecret (C:\\Users\\chand\\OneDrive\\Documents\\complimatrix-dev\\node_modules\\jsonwebtoken\\verify.js:90:14)\n    at Object.module.exports [as verify] (C:\\Users\\chand\\OneDrive\\Documents\\complimatrix-dev\\node_modules\\jsonwebtoken\\verify.js:94:10)\n    at C:\\Users\\chand\\OneDrive\\Documents\\complimatrix-dev\\packages\\plugins\\users\\src\\jwt-service.ts:25:11\n    at new Promise (<anonymous>)\n    at JwtService.decode (C:\\Users\\chand\\OneDrive\\Documents\\complimatrix-dev\\packages\\plugins\\users\\src\\jwt-service.ts:24:12)\n    at C:\\Users\\chand\\OneDrive\\Documents\\complimatrix-dev\\packages\\plugins\\users\\src\\middlewares\\parseToken.ts:18:41\n    at Generator.next (<anonymous>)\n    at C:\\Users\\chand\\OneDrive\\Documents\\complimatrix-dev\\packages\\plugins\\users\\src\\middlewares\\parseToken.ts:8:71\n    at new Promise (<anonymous>)","timestamp":"2023-05-31T16:20:02.640Z"}
{"can":null,"level":"info","message":"ctx permission","reqId":"f0c4a595-6b11-42eb-aa99-27ace8868eca","skip":true,"timestamp":"2023-05-31T16:20:02.643Z"}
{"level":"info","message":"acl params","reqId":"f0c4a595-6b11-42eb-aa99-27ace8868eca","timestamp":"2023-05-31T16:20:02.644Z"}
{"level":"info","message":"acl parsedParams","reqId":"f0c4a595-6b11-42eb-aa99-27ace8868eca","timestamp":"2023-05-31T16:20:02.645Z"}
{"level":"info","message":"END: GET /api/app:getInfo","req":{"action":{"actionName":"getInfo","params":{"actionName":"getInfo","resourceName":"app"},"resourceName":"app"},"header":{"x-hostname":"localhost","x-locale":"en-US","x-role":"root","x-timezone":"+5.5:00"}},"reqId":"f0c4a595-6b11-42eb-aa99-27ace8868eca","res":{"status":200},"responseTime":21,"timestamp":"2023-05-31T16:20:02.655Z"}
{"level":"info","message":"BEGIN: POST /api/chartsQueries:listMetadata?paginate=false&sort%5B%5D=-id","reqId":"f2c81828-3774-4650-855f-3d7cdbe44985","timestamp":"2023-05-31T16:20:02.951Z"}
{"expiredAt":"2023-05-30T16:55:11.000Z","level":"error","message":"jwt expired","name":"TokenExpiredError","reqId":"f2c81828-3774-4650-855f-3d7cdbe44985","stack":"TokenExpiredError: jwt expired\n    at C:\\Users\\chand\\OneDrive\\Documents\\complimatrix-dev\\node_modules\\jsonwebtoken\\verify.js:152:21\n    at getSecret (C:\\Users\\chand\\OneDrive\\Documents\\complimatrix-dev\\node_modules\\jsonwebtoken\\verify.js:90:14)\n    at Object.module.exports [as verify] (C:\\Users\\chand\\OneDrive\\Documents\\complimatrix-dev\\node_modules\\jsonwebtoken\\verify.js:94:10)\n    at C:\\Users\\chand\\OneDrive\\Documents\\complimatrix-dev\\packages\\plugins\\users\\src\\jwt-service.ts:25:11\n    at new Promise (<anonymous>)\n    at JwtService.decode (C:\\Users\\chand\\OneDrive\\Documents\\complimatrix-dev\\packages\\plugins\\users\\src\\jwt-service.ts:24:12)\n    at C:\\Users\\chand\\OneDrive\\Documents\\complimatrix-dev\\packages\\plugins\\users\\src\\middlewares\\parseToken.ts:18:41\n    at Generator.next (<anonymous>)\n    at C:\\Users\\chand\\OneDrive\\Documents\\complimatrix-dev\\packages\\plugins\\users\\src\\middlewares\\parseToken.ts:8:71\n    at new Promise (<anonymous>)","timestamp":"2023-05-31T16:20:03.005Z"}
{"can":null,"level":"info","message":"ctx permission","reqId":"f2c81828-3774-4650-855f-3d7cdbe44985","timestamp":"2023-05-31T16:20:03.007Z"}
{"headers":{"Access-Control-Allow-Origin":"http://localhost:13000","Access-Control-Expose-Headers":"content-disposition","vary":"Origin"},"level":"error","message":"No permissions","reqId":"f2c81828-3774-4650-855f-3d7cdbe44985","stack":"ForbiddenError: No permissions\n    at Object.throw (C:\\Users\\chand\\OneDrive\\Documents\\complimatrix-dev\\node_modules\\koa\\lib\\context.js:97:11)\n    at ACL.<anonymous> (C:\\Users\\chand\\OneDrive\\Documents\\complimatrix-dev\\packages\\core\\acl\\src\\acl.ts:127:20)\n    at Generator.next (<anonymous>)\n    at C:\\Users\\chand\\OneDrive\\Documents\\complimatrix-dev\\packages\\core\\acl\\src\\acl.ts:8:71\n    at new Promise (<anonymous>)\n    at __awaiter (C:\\Users\\chand\\OneDrive\\Documents\\complimatrix-dev\\packages\\core\\acl\\src\\acl.ts:4:12)\n    at middlewares.add.tag (C:\\Users\\chand\\OneDrive\\Documents\\complimatrix-dev\\packages\\core\\acl\\src\\acl.ts:118:27)\n    at dispatch (C:\\Users\\chand\\OneDrive\\Documents\\complimatrix-dev\\node_modules\\koa-compose\\index.js:42:32)\n    at PluginACL.<anonymous> (C:\\Users\\chand\\OneDrive\\Documents\\complimatrix-dev\\packages\\plugins\\acl\\src\\server.ts:551:15)\n    at Generator.next (<anonymous>)","timestamp":"2023-05-31T16:20:03.069Z"}
{"errors":[{"message":"No permissions"}],"level":"warn","message":"END: POST /api/chartsQueries:listMetadata?paginate=false&sort%5B%5D=-id","req":{"action":{"actionName":"listMetadata","params":{"actionName":"listMetadata","paginate":"false","resourceName":"chartsQueries","sort":["-id"]},"resourceName":"chartsQueries"},"header":{"x-hostname":"localhost","x-locale":"en-US","x-role":"root","x-timezone":"+5.5:00"}},"reqId":"f2c81828-3774-4650-855f-3d7cdbe44985","res":{"status":403},"responseTime":120,"timestamp":"2023-05-31T16:20:03.072Z"}
{"level":"info","message":"BEGIN: GET /api/app:getInfo","reqId":"1cbe3836-7d7c-4216-8def-44b784f596bf","timestamp":"2023-05-31T16:20:03.407Z"}
{"expiredAt":"2023-05-30T16:55:11.000Z","level":"error","message":"jwt expired","name":"TokenExpiredError","reqId":"1cbe3836-7d7c-4216-8def-44b784f596bf","stack":"TokenExpiredError: jwt expired\n    at C:\\Users\\chand\\OneDrive\\Documents\\complimatrix-dev\\node_modules\\jsonwebtoken\\verify.js:152:21\n    at getSecret (C:\\Users\\chand\\OneDrive\\Documents\\complimatrix-dev\\node_modules\\jsonwebtoken\\verify.js:90:14)\n    at Object.module.exports [as verify] (C:\\Users\\chand\\OneDrive\\Documents\\complimatrix-dev\\node_modules\\jsonwebtoken\\verify.js:94:10)\n    at C:\\Users\\chand\\OneDrive\\Documents\\complimatrix-dev\\packages\\plugins\\users\\src\\jwt-service.ts:25:11\n    at new Promise (<anonymous>)\n    at JwtService.decode (C:\\Users\\chand\\OneDrive\\Documents\\complimatrix-dev\\packages\\plugins\\users\\src\\jwt-service.ts:24:12)\n    at C:\\Users\\chand\\OneDrive\\Documents\\complimatrix-dev\\packages\\plugins\\users\\src\\middlewares\\parseToken.ts:18:41\n    at Generator.next (<anonymous>)\n    at C:\\Users\\chand\\OneDrive\\Documents\\complimatrix-dev\\packages\\plugins\\users\\src\\middlewares\\parseToken.ts:8:71\n    at new Promise (<anonymous>)","timestamp":"2023-05-31T16:20:03.412Z"}
{"can":null,"level":"info","message":"ctx permission","reqId":"1cbe3836-7d7c-4216-8def-44b784f596bf","skip":true,"timestamp":"2023-05-31T16:20:03.414Z"}
{"level":"info","message":"acl params","reqId":"1cbe3836-7d7c-4216-8def-44b784f596bf","timestamp":"2023-05-31T16:20:03.414Z"}
{"level":"info","message":"acl parsedParams","reqId":"1cbe3836-7d7c-4216-8def-44b784f596bf","timestamp":"2023-05-31T16:20:03.415Z"}
{"level":"info","message":"END: GET /api/app:getInfo","req":{"action":{"actionName":"getInfo","params":{"actionName":"getInfo","resourceName":"app"},"resourceName":"app"},"header":{"x-hostname":"localhost","x-locale":"en-US","x-role":"root","x-timezone":"+5.5:00"}},"reqId":"1cbe3836-7d7c-4216-8def-44b784f596bf","res":{"status":200},"responseTime":16,"timestamp":"2023-05-31T16:20:03.423Z"}
{"level":"info","message":"BEGIN: GET /api/users:check","reqId":"1484280f-a443-43d7-ae6c-dc3cd281ee73","timestamp":"2023-05-31T16:20:03.667Z"}
{"expiredAt":"2023-05-30T16:55:11.000Z","level":"error","message":"jwt expired","name":"TokenExpiredError","reqId":"1484280f-a443-43d7-ae6c-dc3cd281ee73","stack":"TokenExpiredError: jwt expired\n    at C:\\Users\\chand\\OneDrive\\Documents\\complimatrix-dev\\node_modules\\jsonwebtoken\\verify.js:152:21\n    at getSecret (C:\\Users\\chand\\OneDrive\\Documents\\complimatrix-dev\\node_modules\\jsonwebtoken\\verify.js:90:14)\n    at Object.module.exports [as verify] (C:\\Users\\chand\\OneDrive\\Documents\\complimatrix-dev\\node_modules\\jsonwebtoken\\verify.js:94:10)\n    at C:\\Users\\chand\\OneDrive\\Documents\\complimatrix-dev\\packages\\plugins\\users\\src\\jwt-service.ts:25:11\n    at new Promise (<anonymous>)\n    at JwtService.decode (C:\\Users\\chand\\OneDrive\\Documents\\complimatrix-dev\\packages\\plugins\\users\\src\\jwt-service.ts:24:12)\n    at C:\\Users\\chand\\OneDrive\\Documents\\complimatrix-dev\\packages\\plugins\\users\\src\\middlewares\\parseToken.ts:18:41\n    at Generator.next (<anonymous>)\n    at C:\\Users\\chand\\OneDrive\\Documents\\complimatrix-dev\\packages\\plugins\\users\\src\\middlewares\\parseToken.ts:8:71\n    at new Promise (<anonymous>)","timestamp":"2023-05-31T16:20:03.678Z"}
{"can":null,"level":"info","message":"ctx permission","reqId":"1484280f-a443-43d7-ae6c-dc3cd281ee73","skip":true,"timestamp":"2023-05-31T16:20:03.681Z"}
{"level":"info","message":"acl params","reqId":"1484280f-a443-43d7-ae6c-dc3cd281ee73","timestamp":"2023-05-31T16:20:03.682Z"}
{"level":"info","message":"acl parsedParams","reqId":"1484280f-a443-43d7-ae6c-dc3cd281ee73","timestamp":"2023-05-31T16:20:03.682Z"}
{"level":"info","message":"END: GET /api/users:check","req":{"action":{"actionName":"check","params":{"actionName":"check","resourceName":"users"},"resourceName":"users"},"header":{"x-hostname":"localhost","x-locale":"en-US","x-role":"root","x-timezone":"+5.5:00"}},"reqId":"1484280f-a443-43d7-ae6c-dc3cd281ee73","res":{"status":200},"responseTime":17,"timestamp":"2023-05-31T16:20:03.683Z"}
{"level":"info","message":"BEGIN: POST /api/users:signin?authenticator=password","reqId":"246f2769-7e5c-4152-9a6a-94f599bca523","timestamp":"2023-05-31T16:20:39.027Z"}
{"expiredAt":"2023-05-30T16:55:11.000Z","level":"error","message":"jwt expired","name":"TokenExpiredError","reqId":"246f2769-7e5c-4152-9a6a-94f599bca523","stack":"TokenExpiredError: jwt expired\n    at C:\\Users\\chand\\OneDrive\\Documents\\complimatrix-dev\\node_modules\\jsonwebtoken\\verify.js:152:21\n    at getSecret (C:\\Users\\chand\\OneDrive\\Documents\\complimatrix-dev\\node_modules\\jsonwebtoken\\verify.js:90:14)\n    at Object.module.exports [as verify] (C:\\Users\\chand\\OneDrive\\Documents\\complimatrix-dev\\node_modules\\jsonwebtoken\\verify.js:94:10)\n    at C:\\Users\\chand\\OneDrive\\Documents\\complimatrix-dev\\packages\\plugins\\users\\src\\jwt-service.ts:25:11\n    at new Promise (<anonymous>)\n    at JwtService.decode (C:\\Users\\chand\\OneDrive\\Documents\\complimatrix-dev\\packages\\plugins\\users\\src\\jwt-service.ts:24:12)\n    at C:\\Users\\chand\\OneDrive\\Documents\\complimatrix-dev\\packages\\plugins\\users\\src\\middlewares\\parseToken.ts:18:41\n    at Generator.next (<anonymous>)\n    at C:\\Users\\chand\\OneDrive\\Documents\\complimatrix-dev\\packages\\plugins\\users\\src\\middlewares\\parseToken.ts:8:71\n    at new Promise (<anonymous>)","timestamp":"2023-05-31T16:20:39.032Z"}
{"can":null,"level":"info","message":"ctx permission","reqId":"246f2769-7e5c-4152-9a6a-94f599bca523","skip":true,"timestamp":"2023-05-31T16:20:39.033Z"}
{"level":"info","message":"acl params","reqId":"246f2769-7e5c-4152-9a6a-94f599bca523","timestamp":"2023-05-31T16:20:39.034Z"}
{"level":"info","message":"acl parsedParams","reqId":"246f2769-7e5c-4152-9a6a-94f599bca523","timestamp":"2023-05-31T16:20:39.034Z"}
{"level":"info","message":"END: POST /api/users:signin?authenticator=password","req":{"action":{"actionName":"signin","params":{"actionName":"signin","authenticator":"password","resourceName":"users","values":{"email":"admin@nocobase.com","password":"admin123"}},"resourceName":"users"},"header":{"x-hostname":"localhost","x-locale":"en-US","x-role":"root","x-timezone":"+5.5:00"}},"reqId":"246f2769-7e5c-4152-9a6a-94f599bca523","res":{"status":200},"responseTime":90,"timestamp":"2023-05-31T16:20:39.116Z"}
{"level":"info","message":"BEGIN: GET /api/app:getInfo","reqId":"ace934d9-a02a-4814-ba46-67a64fee809d","timestamp":"2023-05-31T16:20:39.280Z"}
{"level":"info","message":"Current user id: 1","reqId":"ace934d9-a02a-4814-ba46-67a64fee809d","timestamp":"2023-05-31T16:20:39.301Z"}
{"can":null,"level":"info","message":"ctx permission","reqId":"ace934d9-a02a-4814-ba46-67a64fee809d","skip":true,"timestamp":"2023-05-31T16:20:39.320Z"}
{"level":"info","message":"acl params","reqId":"ace934d9-a02a-4814-ba46-67a64fee809d","timestamp":"2023-05-31T16:20:39.322Z"}
{"level":"info","message":"acl parsedParams","reqId":"ace934d9-a02a-4814-ba46-67a64fee809d","timestamp":"2023-05-31T16:20:39.324Z"}
{"level":"info","message":"END: GET /api/app:getInfo","req":{"action":{"actionName":"getInfo","params":{"actionName":"getInfo","resourceName":"app"},"resourceName":"app"},"header":{"x-hostname":"localhost","x-locale":"en-US","x-role":"root","x-timezone":"+5.5:00"}},"reqId":"ace934d9-a02a-4814-ba46-67a64fee809d","res":{"status":200},"responseTime":53,"timestamp":"2023-05-31T16:20:39.333Z"}
{"level":"info","message":"BEGIN: POST /api/chartsQueries:listMetadata?paginate=false&sort%5B%5D=-id","reqId":"1eb4f5c7-3798-4568-bae9-f33e488efcdd","timestamp":"2023-05-31T16:20:39.478Z"}
{"level":"info","message":"Current user id: 1","reqId":"1eb4f5c7-3798-4568-bae9-f33e488efcdd","timestamp":"2023-05-31T16:20:39.494Z"}
{"can":{"action":"listMetadata","resource":"chartsQueries","role":"root"},"level":"info","message":"ctx permission","reqId":"1eb4f5c7-3798-4568-bae9-f33e488efcdd","skip":true,"timestamp":"2023-05-31T16:20:39.505Z"}
{"level":"info","message":"acl params","reqId":"1eb4f5c7-3798-4568-bae9-f33e488efcdd","timestamp":"2023-05-31T16:20:39.507Z"}
{"level":"info","message":"acl parsedParams","reqId":"1eb4f5c7-3798-4568-bae9-f33e488efcdd","timestamp":"2023-05-31T16:20:39.508Z"}
{"level":"info","message":"END: POST /api/chartsQueries:listMetadata?paginate=false&sort%5B%5D=-id","req":{"action":{"actionName":"listMetadata","params":{"actionName":"listMetadata","paginate":"false","resourceName":"chartsQueries","sort":["-id"]},"resourceName":"chartsQueries"},"header":{"x-hostname":"localhost","x-locale":"en-US","x-role":"root","x-timezone":"+5.5:00"}},"reqId":"1eb4f5c7-3798-4568-bae9-f33e488efcdd","res":{"status":200},"responseTime":35,"timestamp":"2023-05-31T16:20:39.513Z"}
{"level":"info","message":"BEGIN: GET /api/app:getInfo","reqId":"d3d81121-5205-4739-824f-81bad920f41e","timestamp":"2023-05-31T16:20:39.527Z"}
{"level":"info","message":"Current user id: 1","reqId":"d3d81121-5205-4739-824f-81bad920f41e","timestamp":"2023-05-31T16:20:39.543Z"}
{"can":null,"level":"info","message":"ctx permission","reqId":"d3d81121-5205-4739-824f-81bad920f41e","skip":true,"timestamp":"2023-05-31T16:20:39.554Z"}
{"level":"info","message":"acl params","reqId":"d3d81121-5205-4739-824f-81bad920f41e","timestamp":"2023-05-31T16:20:39.554Z"}
{"level":"info","message":"acl parsedParams","reqId":"d3d81121-5205-4739-824f-81bad920f41e","timestamp":"2023-05-31T16:20:39.555Z"}
{"level":"info","message":"END: GET /api/app:getInfo","req":{"action":{"actionName":"getInfo","params":{"actionName":"getInfo","resourceName":"app"},"resourceName":"app"},"header":{"x-hostname":"localhost","x-locale":"en-US","x-role":"root","x-timezone":"+5.5:00"}},"reqId":"d3d81121-5205-4739-824f-81bad920f41e","res":{"status":200},"responseTime":35,"timestamp":"2023-05-31T16:20:39.562Z"}
{"level":"info","message":"BEGIN: GET /api/users:check","reqId":"c65b36da-e411-4c2f-9253-61039a0d8b89","timestamp":"2023-05-31T16:20:39.878Z"}
{"level":"info","message":"Current user id: 1","reqId":"c65b36da-e411-4c2f-9253-61039a0d8b89","timestamp":"2023-05-31T16:20:39.892Z"}
{"can":null,"level":"info","message":"ctx permission","reqId":"c65b36da-e411-4c2f-9253-61039a0d8b89","skip":true,"timestamp":"2023-05-31T16:20:39.903Z"}
{"level":"info","message":"acl params","reqId":"c65b36da-e411-4c2f-9253-61039a0d8b89","timestamp":"2023-05-31T16:20:39.904Z"}
{"level":"info","message":"acl parsedParams","reqId":"c65b36da-e411-4c2f-9253-61039a0d8b89","timestamp":"2023-05-31T16:20:39.905Z"}
{"level":"info","message":"END: GET /api/users:check","req":{"action":{"actionName":"check","params":{"actionName":"check","resourceName":"users"},"resourceName":"users"},"header":{"x-hostname":"localhost","x-locale":"en-US","x-role":"root","x-timezone":"+5.5:00"}},"reqId":"c65b36da-e411-4c2f-9253-61039a0d8b89","res":{"status":200},"responseTime":34,"timestamp":"2023-05-31T16:20:39.912Z"}
{"level":"info","message":"BEGIN: GET /api/uiSchemaTemplates:list?appends%5B%5D=collection&paginate=false","reqId":"fa0f5d9b-ec3f-44b1-8b19-c58ce9afd623","timestamp":"2023-05-31T16:20:40.143Z"}
{"level":"info","message":"Current user id: 1","reqId":"fa0f5d9b-ec3f-44b1-8b19-c58ce9afd623","timestamp":"2023-05-31T16:20:40.158Z"}
{"can":{"action":"list","resource":"uiSchemaTemplates","role":"root"},"level":"info","message":"ctx permission","reqId":"fa0f5d9b-ec3f-44b1-8b19-c58ce9afd623","skip":true,"timestamp":"2023-05-31T16:20:40.171Z"}
{"level":"info","message":"acl params","reqId":"fa0f5d9b-ec3f-44b1-8b19-c58ce9afd623","timestamp":"2023-05-31T16:20:40.172Z"}
{"level":"info","message":"acl parsedParams","reqId":"fa0f5d9b-ec3f-44b1-8b19-c58ce9afd623","timestamp":"2023-05-31T16:20:40.173Z"}
{"level":"info","message":"END: GET /api/uiSchemaTemplates:list?appends%5B%5D=collection&paginate=false","req":{"action":{"actionName":"list","params":{"actionName":"list","appends":["collection"],"paginate":"false","resourceName":"uiSchemaTemplates"},"resourceName":"uiSchemaTemplates"},"header":{"x-hostname":"localhost","x-locale":"en-US","x-role":"root","x-timezone":"+5.5:00"}},"reqId":"fa0f5d9b-ec3f-44b1-8b19-c58ce9afd623","res":{"status":200},"responseTime":68,"timestamp":"2023-05-31T16:20:40.211Z"}
{"level":"info","message":"BEGIN: GET /api/collections:list?paginate=false&appends%5B%5D=fields&appends%5B%5D=category&sort%5B%5D=sort&filter=%7B%7D","reqId":"c392ab03-4c28-4458-927f-21ae59ddd8cb","timestamp":"2023-05-31T16:20:40.232Z"}
{"level":"info","message":"Current user id: 1","reqId":"c392ab03-4c28-4458-927f-21ae59ddd8cb","timestamp":"2023-05-31T16:20:40.248Z"}
{"can":{"action":"list","resource":"collections","role":"root"},"level":"info","message":"ctx permission","reqId":"c392ab03-4c28-4458-927f-21ae59ddd8cb","skip":true,"timestamp":"2023-05-31T16:20:40.258Z"}
{"level":"info","message":"acl params","reqId":"c392ab03-4c28-4458-927f-21ae59ddd8cb","timestamp":"2023-05-31T16:20:40.260Z"}
{"level":"info","message":"acl parsedParams","reqId":"c392ab03-4c28-4458-927f-21ae59ddd8cb","timestamp":"2023-05-31T16:20:40.262Z"}
{"level":"info","message":"END: GET /api/collections:list?paginate=false&appends%5B%5D=fields&appends%5B%5D=category&sort%5B%5D=sort&filter=%7B%7D","req":{"action":{"actionName":"list","params":{"actionName":"list","appends":["fields","category"],"filter":{},"paginate":"false","resourceName":"collections","sort":["sort"]},"resourceName":"collections"},"header":{"x-hostname":"localhost","x-locale":"en-US","x-role":"root","x-timezone":"+5.5:00"}},"reqId":"c392ab03-4c28-4458-927f-21ae59ddd8cb","res":{"status":200},"responseTime":124,"timestamp":"2023-05-31T16:20:40.356Z"}
{"level":"info","message":"BEGIN: GET /api/collectionCategories:list?paginate=false&sort%5B%5D=sort","reqId":"b5f6ec28-7690-46d8-838d-e7afa4733b76","timestamp":"2023-05-31T16:20:40.537Z"}
{"level":"info","message":"Current user id: 1","reqId":"b5f6ec28-7690-46d8-838d-e7afa4733b76","timestamp":"2023-05-31T16:20:40.554Z"}
{"can":null,"level":"info","message":"ctx permission","reqId":"b5f6ec28-7690-46d8-838d-e7afa4733b76","skip":true,"timestamp":"2023-05-31T16:20:40.565Z"}
{"level":"info","message":"acl params","reqId":"b5f6ec28-7690-46d8-838d-e7afa4733b76","timestamp":"2023-05-31T16:20:40.566Z"}
{"level":"info","message":"acl parsedParams","reqId":"b5f6ec28-7690-46d8-838d-e7afa4733b76","timestamp":"2023-05-31T16:20:40.567Z"}
{"level":"info","message":"END: GET /api/collectionCategories:list?paginate=false&sort%5B%5D=sort","req":{"action":{"actionName":"list","params":{"actionName":"list","paginate":"false","resourceName":"collectionCategories","sort":["sort"]},"resourceName":"collectionCategories"},"header":{"x-hostname":"localhost","x-locale":"en-US","x-role":"root","x-timezone":"+5.5:00"}},"reqId":"b5f6ec28-7690-46d8-838d-e7afa4733b76","res":{"status":200},"responseTime":46,"timestamp":"2023-05-31T16:20:40.583Z"}
{"level":"info","message":"BEGIN: GET /api/roles:check","reqId":"1355ecd7-8ee7-4136-af2b-49d7491970e4","timestamp":"2023-05-31T16:20:40.718Z"}
{"level":"info","message":"Current user id: 1","reqId":"1355ecd7-8ee7-4136-af2b-49d7491970e4","timestamp":"2023-05-31T16:20:40.733Z"}
{"can":{"action":"check","resource":"roles","role":"root"},"level":"info","message":"ctx permission","reqId":"1355ecd7-8ee7-4136-af2b-49d7491970e4","skip":true,"timestamp":"2023-05-31T16:20:40.744Z"}
{"level":"info","message":"acl params","reqId":"1355ecd7-8ee7-4136-af2b-49d7491970e4","timestamp":"2023-05-31T16:20:40.745Z"}
{"level":"info","message":"acl parsedParams","reqId":"1355ecd7-8ee7-4136-af2b-49d7491970e4","timestamp":"2023-05-31T16:20:40.746Z"}
{"level":"info","message":"END: GET /api/roles:check","req":{"action":{"actionName":"check","params":{"actionName":"check","resourceName":"roles"},"resourceName":"roles"},"header":{"x-hostname":"localhost","x-locale":"en-US","x-role":"root","x-timezone":"+5.5:00"}},"reqId":"1355ecd7-8ee7-4136-af2b-49d7491970e4","res":{"status":200},"responseTime":41,"timestamp":"2023-05-31T16:20:40.759Z"}
{"level":"info","message":"BEGIN: GET /api/uiSchemas:getJsonSchema/x4gw3mbp2pc","reqId":"546c4392-4910-42c2-89d6-f146bf1deacd","timestamp":"2023-05-31T16:20:41.119Z"}
{"level":"info","message":"Current user id: 1","reqId":"546c4392-4910-42c2-89d6-f146bf1deacd","timestamp":"2023-05-31T16:20:41.133Z"}
{"can":null,"level":"info","message":"ctx permission","reqId":"546c4392-4910-42c2-89d6-f146bf1deacd","skip":true,"timestamp":"2023-05-31T16:20:41.142Z"}
{"level":"info","message":"acl params","reqId":"546c4392-4910-42c2-89d6-f146bf1deacd","timestamp":"2023-05-31T16:20:41.143Z"}
{"level":"info","message":"acl parsedParams","reqId":"546c4392-4910-42c2-89d6-f146bf1deacd","timestamp":"2023-05-31T16:20:41.144Z"}
{"level":"info","message":"END: GET /api/uiSchemas:getJsonSchema/x4gw3mbp2pc","req":{"action":{"actionName":"getJsonSchema","params":{"actionName":"getJsonSchema","filterByTk":"x4gw3mbp2pc","resourceIndex":"x4gw3mbp2pc","resourceName":"uiSchemas"},"resourceName":"uiSchemas"},"header":{"x-hostname":"localhost","x-locale":"en-US","x-role":"root","x-timezone":"+5.5:00"}},"reqId":"546c4392-4910-42c2-89d6-f146bf1deacd","res":{"status":200},"responseTime":46,"timestamp":"2023-05-31T16:20:41.166Z"}
{"level":"info","message":"BEGIN: GET /api/uiSchemas:getProperties/x1meclgs8hv","reqId":"1084c9dc-c036-49b2-9a8e-0c4e144d9881","timestamp":"2023-05-31T16:20:41.363Z"}
{"level":"info","message":"Current user id: 1","reqId":"1084c9dc-c036-49b2-9a8e-0c4e144d9881","timestamp":"2023-05-31T16:20:41.378Z"}
{"can":{"action":"getProperties","resource":"uiSchemas","role":"root"},"level":"info","message":"ctx permission","reqId":"1084c9dc-c036-49b2-9a8e-0c4e144d9881","skip":true,"timestamp":"2023-05-31T16:20:41.388Z"}
{"level":"info","message":"acl params","reqId":"1084c9dc-c036-49b2-9a8e-0c4e144d9881","timestamp":"2023-05-31T16:20:41.390Z"}
{"level":"info","message":"acl parsedParams","reqId":"1084c9dc-c036-49b2-9a8e-0c4e144d9881","timestamp":"2023-05-31T16:20:41.391Z"}
{"level":"info","message":"END: GET /api/uiSchemas:getProperties/x1meclgs8hv","req":{"action":{"actionName":"getProperties","params":{"actionName":"getProperties","filterByTk":"x1meclgs8hv","resourceIndex":"x1meclgs8hv","resourceName":"uiSchemas"},"resourceName":"uiSchemas"},"header":{"x-hostname":"localhost","x-locale":"en-US","x-role":"root","x-timezone":"+5.5:00"}},"reqId":"1084c9dc-c036-49b2-9a8e-0c4e144d9881","res":{"status":200},"responseTime":72,"timestamp":"2023-05-31T16:20:41.435Z"}
{"level":"info","message":"BEGIN: GET /api/workflows:list?pageSize=20&sort%5B%5D=-createdAt&except%5B%5D=config&filter=%7B%22current%22%3Atrue%7D","reqId":"dbe5d943-15d8-4ec7-9d25-6b11f091988b","timestamp":"2023-05-31T16:21:02.055Z"}
{"level":"info","message":"Current user id: 1","reqId":"dbe5d943-15d8-4ec7-9d25-6b11f091988b","timestamp":"2023-05-31T16:21:02.065Z"}
{"can":{"action":"list","resource":"workflows","role":"root"},"level":"info","message":"ctx permission","reqId":"dbe5d943-15d8-4ec7-9d25-6b11f091988b","skip":true,"timestamp":"2023-05-31T16:21:02.076Z"}
{"level":"info","message":"acl params","reqId":"dbe5d943-15d8-4ec7-9d25-6b11f091988b","timestamp":"2023-05-31T16:21:02.077Z"}
{"level":"info","message":"acl parsedParams","reqId":"dbe5d943-15d8-4ec7-9d25-6b11f091988b","timestamp":"2023-05-31T16:21:02.078Z"}
{"level":"info","message":"END: GET /api/workflows:list?pageSize=20&sort%5B%5D=-createdAt&except%5B%5D=config&filter=%7B%22current%22%3Atrue%7D","req":{"action":{"actionName":"list","params":{"actionName":"list","except":["config"],"filter":{"current":true},"pageSize":"20","resourceName":"workflows","sort":["-createdAt"]},"resourceName":"workflows"},"header":{"x-hostname":"localhost","x-locale":"en-US","x-role":"root","x-timezone":"+5.5:00"}},"reqId":"dbe5d943-15d8-4ec7-9d25-6b11f091988b","res":{"status":200},"responseTime":58,"timestamp":"2023-05-31T16:21:02.113Z"}
{"level":"info","message":"BEGIN: GET /api/workflows:get?appends%5B%5D=nodes&appends%5B%5D=revisions.id&appends%5B%5D=revisions.createdAt&appends%5B%5D=revisions.current&appends%5B%5D=revisions.executed&appends%5B%5D=revisions.enabled&filter=%7B%22id%22%3A%221%22%7D","reqId":"46b68823-b9e7-415f-838c-13715ff7a9a9","timestamp":"2023-05-31T16:21:05.965Z"}
{"level":"info","message":"Current user id: 1","reqId":"46b68823-b9e7-415f-838c-13715ff7a9a9","timestamp":"2023-05-31T16:21:05.983Z"}
{"can":{"action":"get","resource":"workflows","role":"root"},"level":"info","message":"ctx permission","reqId":"46b68823-b9e7-415f-838c-13715ff7a9a9","skip":true,"timestamp":"2023-05-31T16:21:05.996Z"}
{"level":"info","message":"acl params","reqId":"46b68823-b9e7-415f-838c-13715ff7a9a9","timestamp":"2023-05-31T16:21:05.997Z"}
{"level":"info","message":"acl parsedParams","reqId":"46b68823-b9e7-415f-838c-13715ff7a9a9","timestamp":"2023-05-31T16:21:05.998Z"}
{"level":"info","message":"END: GET /api/workflows:get?appends%5B%5D=nodes&appends%5B%5D=revisions.id&appends%5B%5D=revisions.createdAt&appends%5B%5D=revisions.current&appends%5B%5D=revisions.executed&appends%5B%5D=revisions.enabled&filter=%7B%22id%22%3A%221%22%7D","req":{"action":{"actionName":"get","params":{"actionName":"get","appends":["nodes","revisions.id","revisions.createdAt","revisions.current","revisions.executed","revisions.enabled"],"filter":{"id":"1"},"resourceName":"workflows"},"resourceName":"workflows"},"header":{"x-hostname":"localhost","x-locale":"en-US","x-role":"root","x-timezone":"+5.5:00"}},"reqId":"46b68823-b9e7-415f-838c-13715ff7a9a9","res":{"status":200},"responseTime":67,"timestamp":"2023-05-31T16:21:06.032Z"}
{"level":"info","message":"BEGIN: GET /api/collections:list?pageSize=50&sort%5B%5D=sort&appends%5B%5D=fields&appends%5B%5D=category&filter=%7B%22hidden%22%3A%7B%22%24isFalsy%22%3Atrue%7D%7D","reqId":"b1b2a6a2-9125-44e1-ad90-a8eba1de3f07","timestamp":"2023-05-31T16:21:08.881Z"}
{"level":"info","message":"Current user id: 1","reqId":"b1b2a6a2-9125-44e1-ad90-a8eba1de3f07","timestamp":"2023-05-31T16:21:08.893Z"}
{"can":{"action":"list","resource":"collections","role":"root"},"level":"info","message":"ctx permission","reqId":"b1b2a6a2-9125-44e1-ad90-a8eba1de3f07","skip":true,"timestamp":"2023-05-31T16:21:08.901Z"}
{"level":"info","message":"acl params","reqId":"b1b2a6a2-9125-44e1-ad90-a8eba1de3f07","timestamp":"2023-05-31T16:21:08.902Z"}
{"level":"info","message":"acl parsedParams","reqId":"b1b2a6a2-9125-44e1-ad90-a8eba1de3f07","timestamp":"2023-05-31T16:21:08.903Z"}
{"level":"info","message":"END: GET /api/collections:list?pageSize=50&sort%5B%5D=sort&appends%5B%5D=fields&appends%5B%5D=category&filter=%7B%22hidden%22%3A%7B%22%24isFalsy%22%3Atrue%7D%7D","req":{"action":{"actionName":"list","params":{"actionName":"list","appends":["fields","category"],"filter":{"hidden":{"$isFalsy":true}},"pageSize":"50","resourceName":"collections","sort":["sort"]},"resourceName":"collections"},"header":{"x-hostname":"localhost","x-locale":"en-US","x-role":"root","x-timezone":"+5.5:00"}},"reqId":"b1b2a6a2-9125-44e1-ad90-a8eba1de3f07","res":{"status":200},"responseTime":90,"timestamp":"2023-05-31T16:21:08.971Z"}
{"level":"info","message":"BEGIN: GET /api/collections/compliance/fields:list?paginate=false&sort%5B%5D=sort&filter=%7B%22%24or%22%3A%5B%7B%22interface.%24not%22%3Anull%7D%2C%7B%22options.source.%24notEmpty%22%3Atrue%7D%5D%7D","reqId":"fb17ead6-74b7-47b3-8a6e-3326dc28775b","timestamp":"2023-05-31T16:21:13.141Z"}
{"level":"info","message":"Current user id: 1","reqId":"fb17ead6-74b7-47b3-8a6e-3326dc28775b","timestamp":"2023-05-31T16:21:13.157Z"}
{"can":{"action":"list","resource":"collections.fields","role":"root"},"level":"info","message":"ctx permission","reqId":"fb17ead6-74b7-47b3-8a6e-3326dc28775b","skip":true,"timestamp":"2023-05-31T16:21:13.167Z"}
{"level":"info","message":"acl params","reqId":"fb17ead6-74b7-47b3-8a6e-3326dc28775b","timestamp":"2023-05-31T16:21:13.168Z"}
{"level":"info","message":"acl parsedParams","reqId":"fb17ead6-74b7-47b3-8a6e-3326dc28775b","timestamp":"2023-05-31T16:21:13.169Z"}
{"level":"info","message":"END: GET /api/collections/compliance/fields:list?paginate=false&sort%5B%5D=sort&filter=%7B%22%24or%22%3A%5B%7B%22interface.%24not%22%3Anull%7D%2C%7B%22options.source.%24notEmpty%22%3Atrue%7D%5D%7D","req":{"action":{"actionName":"list","params":{"actionName":"list","associatedIndex":"compliance","associatedName":"collections","filter":{"$or":[{"interface":{"$not":null}},{"options":{"source":{"$notEmpty":true}}}]},"paginate":"false","resourceName":"fields","sort":["sort"]},"resourceName":"collections.fields","resourceOf":"compliance"},"header":{"x-hostname":"localhost","x-locale":"en-US","x-role":"root","x-timezone":"+5.5:00"}},"reqId":"fb17ead6-74b7-47b3-8a6e-3326dc28775b","res":{"status":200},"responseTime":55,"timestamp":"2023-05-31T16:21:13.196Z"}
{"level":"info","message":"BEGIN: GET /api/uiSchemas:getProperties/x1meclgs8hv","reqId":"60aa2de2-736c-46cc-b580-fe056c595bc1","timestamp":"2023-05-31T16:21:35.032Z"}
{"level":"info","message":"Current user id: 1","reqId":"60aa2de2-736c-46cc-b580-fe056c595bc1","timestamp":"2023-05-31T16:21:35.046Z"}
{"can":{"action":"getProperties","resource":"uiSchemas","role":"root"},"level":"info","message":"ctx permission","reqId":"60aa2de2-736c-46cc-b580-fe056c595bc1","skip":true,"timestamp":"2023-05-31T16:21:35.057Z"}
{"level":"info","message":"acl params","reqId":"60aa2de2-736c-46cc-b580-fe056c595bc1","timestamp":"2023-05-31T16:21:35.058Z"}
{"level":"info","message":"acl parsedParams","reqId":"60aa2de2-736c-46cc-b580-fe056c595bc1","timestamp":"2023-05-31T16:21:35.059Z"}
{"level":"info","message":"END: GET /api/uiSchemas:getProperties/x1meclgs8hv","req":{"action":{"actionName":"getProperties","params":{"actionName":"getProperties","filterByTk":"x1meclgs8hv","resourceIndex":"x1meclgs8hv","resourceName":"uiSchemas"},"resourceName":"uiSchemas"},"header":{"x-hostname":"localhost","x-locale":"en-US","x-role":"root","x-timezone":"+5.5:00"}},"reqId":"60aa2de2-736c-46cc-b580-fe056c595bc1","res":{"status":200},"responseTime":31,"timestamp":"2023-05-31T16:21:35.063Z"}
{"level":"info","message":"BEGIN: GET /api/compliance:list?pageSize=20&appends%5B%5D=updatedBy&appends%5B%5D=createdBy","reqId":"c3ebc173-7dbb-49c2-ae3a-bdf0eaf29d73","timestamp":"2023-05-31T16:21:39.055Z"}
{"level":"info","message":"Current user id: 1","reqId":"c3ebc173-7dbb-49c2-ae3a-bdf0eaf29d73","timestamp":"2023-05-31T16:21:39.101Z"}
{"can":null,"level":"info","message":"ctx permission","reqId":"c3ebc173-7dbb-49c2-ae3a-bdf0eaf29d73","skip":true,"timestamp":"2023-05-31T16:21:39.116Z"}
{"level":"info","message":"acl params","reqId":"c3ebc173-7dbb-49c2-ae3a-bdf0eaf29d73","timestamp":"2023-05-31T16:21:39.116Z"}
{"level":"info","message":"acl parsedParams","reqId":"c3ebc173-7dbb-49c2-ae3a-bdf0eaf29d73","timestamp":"2023-05-31T16:21:39.117Z"}
{"level":"info","message":"END: GET /api/compliance:list?pageSize=20&appends%5B%5D=updatedBy&appends%5B%5D=createdBy","req":{"action":{"actionName":"list","params":{"actionName":"list","appends":["updatedBy","createdBy"],"pageSize":"20","resourceName":"compliance"},"resourceName":"compliance"},"header":{"x-hostname":"localhost","x-locale":"en-US","x-role":"root","x-timezone":"+5.5:00"}},"reqId":"c3ebc173-7dbb-49c2-ae3a-bdf0eaf29d73","res":{"status":200},"responseTime":98,"timestamp":"2023-05-31T16:21:39.153Z"}
{"level":"info","message":"BEGIN: POST /api/uiSchemas:patch","reqId":"d0caa481-cd7e-483d-bf3b-2c65974e9a6c","timestamp":"2023-05-31T16:22:23.642Z"}
{"level":"info","message":"Current user id: 1","reqId":"d0caa481-cd7e-483d-bf3b-2c65974e9a6c","timestamp":"2023-05-31T16:22:23.656Z"}
{"can":{"action":"patch","resource":"uiSchemas","role":"root"},"level":"info","message":"ctx permission","reqId":"d0caa481-cd7e-483d-bf3b-2c65974e9a6c","skip":true,"timestamp":"2023-05-31T16:22:23.664Z"}
{"level":"info","message":"acl params","reqId":"d0caa481-cd7e-483d-bf3b-2c65974e9a6c","timestamp":"2023-05-31T16:22:23.665Z"}
{"level":"info","message":"acl parsedParams","reqId":"d0caa481-cd7e-483d-bf3b-2c65974e9a6c","timestamp":"2023-05-31T16:22:23.666Z"}
{"level":"info","message":"END: POST /api/uiSchemas:patch","req":{"action":{"actionName":"patch","params":{"actionName":"patch","resourceName":"uiSchemas","values":{"title":"Rules required","x-uid":"jqq017a5hvq"}},"resourceName":"uiSchemas"},"header":{"x-hostname":"localhost","x-locale":"en-US","x-role":"root","x-timezone":"+5.5:00"}},"reqId":"d0caa481-cd7e-483d-bf3b-2c65974e9a6c","res":{"status":200},"responseTime":65,"timestamp":"2023-05-31T16:22:23.707Z"}
{"level":"info","message":"BEGIN: GET /api/applicationPlugins:list?filter%5BbuiltIn.%24isFalsy%5D=true&sort=name&paginate=false","reqId":"991d07a9-2220-4c48-b520-85abce0fce4d","timestamp":"2023-05-31T16:24:09.486Z"}
{"level":"info","message":"Current user id: 1","reqId":"991d07a9-2220-4c48-b520-85abce0fce4d","timestamp":"2023-05-31T16:24:09.504Z"}
{"can":{"action":"list","resource":"applicationPlugins","role":"root"},"level":"info","message":"ctx permission","reqId":"991d07a9-2220-4c48-b520-85abce0fce4d","skip":true,"timestamp":"2023-05-31T16:24:09.514Z"}
{"level":"info","message":"acl params","reqId":"991d07a9-2220-4c48-b520-85abce0fce4d","timestamp":"2023-05-31T16:24:09.516Z"}
{"level":"info","message":"acl parsedParams","reqId":"991d07a9-2220-4c48-b520-85abce0fce4d","timestamp":"2023-05-31T16:24:09.517Z"}
{"level":"info","message":"END: GET /api/applicationPlugins:list?filter%5BbuiltIn.%24isFalsy%5D=true&sort=name&paginate=false","req":{"action":{"actionName":"list","params":{"actionName":"list","filter":{"builtIn":{"$isFalsy":"true"}},"paginate":"false","resourceName":"applicationPlugins","sort":["name"]},"resourceName":"applicationPlugins"},"header":{"x-hostname":"localhost","x-locale":"en-US","x-role":"root","x-timezone":"+5.5:00"}},"reqId":"991d07a9-2220-4c48-b520-85abce0fce4d","res":{"status":200},"responseTime":166,"timestamp":"2023-05-31T16:24:09.652Z"}
{"level":"info","message":"BEGIN: GET /api/uiSchemas:getProperties/x1meclgs8hv","reqId":"8d8f0cfa-a423-4e92-8b14-40a6aec5043a","timestamp":"2023-05-31T16:24:13.470Z"}
{"level":"info","message":"Current user id: 1","reqId":"8d8f0cfa-a423-4e92-8b14-40a6aec5043a","timestamp":"2023-05-31T16:24:13.480Z"}
{"can":{"action":"getProperties","resource":"uiSchemas","role":"root"},"level":"info","message":"ctx permission","reqId":"8d8f0cfa-a423-4e92-8b14-40a6aec5043a","skip":true,"timestamp":"2023-05-31T16:24:13.489Z"}
{"level":"info","message":"acl params","reqId":"8d8f0cfa-a423-4e92-8b14-40a6aec5043a","timestamp":"2023-05-31T16:24:13.490Z"}
{"level":"info","message":"acl parsedParams","reqId":"8d8f0cfa-a423-4e92-8b14-40a6aec5043a","timestamp":"2023-05-31T16:24:13.491Z"}
{"level":"info","message":"END: GET /api/uiSchemas:getProperties/x1meclgs8hv","req":{"action":{"actionName":"getProperties","params":{"actionName":"getProperties","filterByTk":"x1meclgs8hv","resourceIndex":"x1meclgs8hv","resourceName":"uiSchemas"},"resourceName":"uiSchemas"},"header":{"x-hostname":"localhost","x-locale":"en-US","x-role":"root","x-timezone":"+5.5:00"}},"reqId":"8d8f0cfa-a423-4e92-8b14-40a6aec5043a","res":{"status":200},"responseTime":50,"timestamp":"2023-05-31T16:24:13.520Z"}
{"level":"info","message":"BEGIN: GET /api/compliance:list?pageSize=20&appends%5B%5D=updatedBy&appends%5B%5D=createdBy","reqId":"b91b4dab-21fb-458b-851e-91715ca298ae","timestamp":"2023-05-31T16:24:17.050Z"}
{"level":"info","message":"Current user id: 1","reqId":"b91b4dab-21fb-458b-851e-91715ca298ae","timestamp":"2023-05-31T16:24:17.073Z"}
{"can":null,"level":"info","message":"ctx permission","reqId":"b91b4dab-21fb-458b-851e-91715ca298ae","skip":true,"timestamp":"2023-05-31T16:24:17.084Z"}
{"level":"info","message":"acl params","reqId":"b91b4dab-21fb-458b-851e-91715ca298ae","timestamp":"2023-05-31T16:24:17.085Z"}
{"level":"info","message":"acl parsedParams","reqId":"b91b4dab-21fb-458b-851e-91715ca298ae","timestamp":"2023-05-31T16:24:17.086Z"}
{"level":"info","message":"END: GET /api/compliance:list?pageSize=20&appends%5B%5D=updatedBy&appends%5B%5D=createdBy","req":{"action":{"actionName":"list","params":{"actionName":"list","appends":["updatedBy","createdBy"],"pageSize":"20","resourceName":"compliance"},"resourceName":"compliance"},"header":{"x-hostname":"localhost","x-locale":"en-US","x-role":"root","x-timezone":"+5.5:00"}},"reqId":"b91b4dab-21fb-458b-851e-91715ca298ae","res":{"status":200},"responseTime":80,"timestamp":"2023-05-31T16:24:17.130Z"}
