{"level":"info","message":"BEGIN: GET /api/app:getPlugins","reqId":"9b5d8617-75ad-47e5-a1cb-8f60cac5de46","timestamp":"2023-05-25T16:37:35.079Z"}
{"level":"info","message":"BEGIN: GET /api/app:getLang?locale=en-US","reqId":"0759cb7e-7db2-4a52-99a0-6d67282ce746","timestamp":"2023-05-25T16:37:35.112Z"}
{"level":"info","message":"Current user id: 1","reqId":"9b5d8617-75ad-47e5-a1cb-8f60cac5de46","timestamp":"2023-05-25T16:37:35.154Z"}
{"level":"info","message":"Current user id: 1","reqId":"0759cb7e-7db2-4a52-99a0-6d67282ce746","timestamp":"2023-05-25T16:37:35.167Z"}
{"can":null,"level":"info","message":"ctx permission","reqId":"9b5d8617-75ad-47e5-a1cb-8f60cac5de46","skip":true,"timestamp":"2023-05-25T16:37:35.204Z"}
{"level":"info","message":"acl params","reqId":"9b5d8617-75ad-47e5-a1cb-8f60cac5de46","timestamp":"2023-05-25T16:37:35.209Z"}
{"level":"info","message":"acl parsedParams","reqId":"9b5d8617-75ad-47e5-a1cb-8f60cac5de46","timestamp":"2023-05-25T16:37:35.211Z"}
{"can":null,"level":"info","message":"ctx permission","reqId":"0759cb7e-7db2-4a52-99a0-6d67282ce746","skip":true,"timestamp":"2023-05-25T16:37:35.218Z"}
{"level":"info","message":"acl params","reqId":"0759cb7e-7db2-4a52-99a0-6d67282ce746","timestamp":"2023-05-25T16:37:35.219Z"}
{"level":"info","message":"acl parsedParams","reqId":"0759cb7e-7db2-4a52-99a0-6d67282ce746","timestamp":"2023-05-25T16:37:35.220Z"}
{"level":"info","message":"END: GET /api/app:getPlugins","req":{"action":{"actionName":"getPlugins","params":{"actionName":"getPlugins","resourceName":"app"},"resourceName":"app"},"header":{"x-hostname":"localhost","x-locale":"en-US","x-role":"root","x-timezone":"+5.5:00"}},"reqId":"9b5d8617-75ad-47e5-a1cb-8f60cac5de46","res":{"status":200},"responseTime":383,"timestamp":"2023-05-25T16:37:35.460Z"}
{"level":"info","message":"END: GET /api/app:getLang?locale=en-US","req":{"action":{"actionName":"getLang","params":{"actionName":"getLang","locale":"en-US","resourceName":"app"},"resourceName":"app"},"header":{"x-hostname":"localhost","x-locale":"en-US","x-role":"root","x-timezone":"+5.5:00"}},"reqId":"0759cb7e-7db2-4a52-99a0-6d67282ce746","res":{"status":200},"responseTime":11204,"timestamp":"2023-05-25T16:37:46.317Z"}
{"level":"info","message":"BEGIN: GET /api/app:getLang?locale=en-US","reqId":"ce88cc0d-bec6-45cd-95e4-2679312e69cd","timestamp":"2023-05-25T16:37:46.331Z"}
{"level":"info","message":"Current user id: 1","reqId":"ce88cc0d-bec6-45cd-95e4-2679312e69cd","timestamp":"2023-05-25T16:37:46.344Z"}
{"can":null,"level":"info","message":"ctx permission","reqId":"ce88cc0d-bec6-45cd-95e4-2679312e69cd","skip":true,"timestamp":"2023-05-25T16:37:46.353Z"}
{"level":"info","message":"acl params","reqId":"ce88cc0d-bec6-45cd-95e4-2679312e69cd","timestamp":"2023-05-25T16:37:46.354Z"}
{"level":"info","message":"acl parsedParams","reqId":"ce88cc0d-bec6-45cd-95e4-2679312e69cd","timestamp":"2023-05-25T16:37:46.355Z"}
{"level":"info","message":"END: GET /api/app:getLang?locale=en-US","req":{"action":{"actionName":"getLang","params":{"actionName":"getLang","locale":"en-US","resourceName":"app"},"resourceName":"app"},"header":{"x-hostname":"localhost","x-locale":"en-US","x-role":"root","x-timezone":"+5.5:00"}},"reqId":"ce88cc0d-bec6-45cd-95e4-2679312e69cd","res":{"status":200},"responseTime":38,"timestamp":"2023-05-25T16:37:46.369Z"}
{"level":"info","message":"BEGIN: GET /api/uiRoutes:getAccessible","reqId":"0baf1b68-fb0e-4a0f-bc2c-5298c234fec1","timestamp":"2023-05-25T16:37:46.701Z"}
{"level":"info","message":"Current user id: 1","reqId":"0baf1b68-fb0e-4a0f-bc2c-5298c234fec1","timestamp":"2023-05-25T16:37:46.714Z"}
{"can":null,"level":"info","message":"ctx permission","reqId":"0baf1b68-fb0e-4a0f-bc2c-5298c234fec1","skip":true,"timestamp":"2023-05-25T16:37:46.724Z"}
{"level":"info","message":"acl params","reqId":"0baf1b68-fb0e-4a0f-bc2c-5298c234fec1","timestamp":"2023-05-25T16:37:46.725Z"}
{"level":"info","message":"acl parsedParams","reqId":"0baf1b68-fb0e-4a0f-bc2c-5298c234fec1","timestamp":"2023-05-25T16:37:46.726Z"}
{"level":"info","message":"END: GET /api/uiRoutes:getAccessible","req":{"action":{"actionName":"getAccessible","params":{"actionName":"getAccessible","resourceName":"uiRoutes"},"resourceName":"uiRoutes"},"header":{"x-hostname":"localhost","x-locale":"en-US","x-role":"root","x-timezone":"+5.5:00"}},"reqId":"0baf1b68-fb0e-4a0f-bc2c-5298c234fec1","res":{"status":200},"responseTime":32,"timestamp":"2023-05-25T16:37:46.733Z"}
{"level":"info","message":"BEGIN: GET /api/systemSettings:get/1?appends=logo","reqId":"5db6c7c9-75c4-4bc8-9911-155a0accaf68","timestamp":"2023-05-25T16:37:46.969Z"}
{"level":"info","message":"Current user id: 1","reqId":"5db6c7c9-75c4-4bc8-9911-155a0accaf68","timestamp":"2023-05-25T16:37:46.984Z"}
{"can":null,"level":"info","message":"ctx permission","reqId":"5db6c7c9-75c4-4bc8-9911-155a0accaf68","skip":true,"timestamp":"2023-05-25T16:37:46.992Z"}
{"level":"info","message":"acl params","reqId":"5db6c7c9-75c4-4bc8-9911-155a0accaf68","timestamp":"2023-05-25T16:37:46.994Z"}
{"level":"info","message":"acl parsedParams","reqId":"5db6c7c9-75c4-4bc8-9911-155a0accaf68","timestamp":"2023-05-25T16:37:46.995Z"}
{"level":"info","message":"END: GET /api/systemSettings:get/1?appends=logo","req":{"action":{"actionName":"get","params":{"actionName":"get","appends":["logo"],"filterByTk":"1","resourceIndex":"1","resourceName":"systemSettings"},"resourceName":"systemSettings"},"header":{"x-hostname":"localhost","x-locale":"en-US","x-role":"root","x-timezone":"+5.5:00"}},"reqId":"5db6c7c9-75c4-4bc8-9911-155a0accaf68","res":{"status":200},"responseTime":55,"timestamp":"2023-05-25T16:37:47.024Z"}
{"level":"info","message":"BEGIN: GET /api/app:getInfo","reqId":"2b0bff92-9c51-4858-877d-7e5e13e74683","timestamp":"2023-05-25T16:37:47.066Z"}
{"level":"info","message":"Current user id: 1","reqId":"2b0bff92-9c51-4858-877d-7e5e13e74683","timestamp":"2023-05-25T16:37:47.079Z"}
{"can":null,"level":"info","message":"ctx permission","reqId":"2b0bff92-9c51-4858-877d-7e5e13e74683","skip":true,"timestamp":"2023-05-25T16:37:47.091Z"}
{"level":"info","message":"acl params","reqId":"2b0bff92-9c51-4858-877d-7e5e13e74683","timestamp":"2023-05-25T16:37:47.093Z"}
{"level":"info","message":"acl parsedParams","reqId":"2b0bff92-9c51-4858-877d-7e5e13e74683","timestamp":"2023-05-25T16:37:47.094Z"}
{"level":"info","message":"END: GET /api/app:getInfo","req":{"action":{"actionName":"getInfo","params":{"actionName":"getInfo","resourceName":"app"},"resourceName":"app"},"header":{"x-hostname":"localhost","x-locale":"en-US","x-role":"root","x-timezone":"+5.5:00"}},"reqId":"2b0bff92-9c51-4858-877d-7e5e13e74683","res":{"status":200},"responseTime":36,"timestamp":"2023-05-25T16:37:47.102Z"}
{"level":"info","message":"BEGIN: POST /api/chartsQueries:listMetadata?paginate=false&sort%5B%5D=-id","reqId":"3018f690-396d-49b6-be6e-77bb44be06a0","timestamp":"2023-05-25T16:37:47.369Z"}
{"level":"info","message":"Current user id: 1","reqId":"3018f690-396d-49b6-be6e-77bb44be06a0","timestamp":"2023-05-25T16:37:47.436Z"}
{"can":{"action":"listMetadata","resource":"chartsQueries","role":"root"},"level":"info","message":"ctx permission","reqId":"3018f690-396d-49b6-be6e-77bb44be06a0","skip":true,"timestamp":"2023-05-25T16:37:47.452Z"}
{"level":"info","message":"acl params","reqId":"3018f690-396d-49b6-be6e-77bb44be06a0","timestamp":"2023-05-25T16:37:47.453Z"}
{"level":"info","message":"acl parsedParams","reqId":"3018f690-396d-49b6-be6e-77bb44be06a0","timestamp":"2023-05-25T16:37:47.454Z"}
{"level":"info","message":"END: POST /api/chartsQueries:listMetadata?paginate=false&sort%5B%5D=-id","req":{"action":{"actionName":"listMetadata","params":{"actionName":"listMetadata","paginate":"false","resourceName":"chartsQueries","sort":["-id"]},"resourceName":"chartsQueries"},"header":{"x-hostname":"localhost","x-locale":"en-US","x-role":"root","x-timezone":"+5.5:00"}},"reqId":"3018f690-396d-49b6-be6e-77bb44be06a0","res":{"status":200},"responseTime":92,"timestamp":"2023-05-25T16:37:47.461Z"}
{"level":"info","message":"BEGIN: GET /api/app:getInfo","reqId":"056f9ae6-f8f6-4a5a-9e2b-3175065fd499","timestamp":"2023-05-25T16:37:47.778Z"}
{"level":"info","message":"Current user id: 1","reqId":"056f9ae6-f8f6-4a5a-9e2b-3175065fd499","timestamp":"2023-05-25T16:37:47.793Z"}
{"can":null,"level":"info","message":"ctx permission","reqId":"056f9ae6-f8f6-4a5a-9e2b-3175065fd499","skip":true,"timestamp":"2023-05-25T16:37:47.801Z"}
{"level":"info","message":"acl params","reqId":"056f9ae6-f8f6-4a5a-9e2b-3175065fd499","timestamp":"2023-05-25T16:37:47.801Z"}
{"level":"info","message":"acl parsedParams","reqId":"056f9ae6-f8f6-4a5a-9e2b-3175065fd499","timestamp":"2023-05-25T16:37:47.802Z"}
{"level":"info","message":"END: GET /api/app:getInfo","req":{"action":{"actionName":"getInfo","params":{"actionName":"getInfo","resourceName":"app"},"resourceName":"app"},"header":{"x-hostname":"localhost","x-locale":"en-US","x-role":"root","x-timezone":"+5.5:00"}},"reqId":"056f9ae6-f8f6-4a5a-9e2b-3175065fd499","res":{"status":200},"responseTime":32,"timestamp":"2023-05-25T16:37:47.810Z"}
{"level":"info","message":"BEGIN: GET /api/users:check","reqId":"6842f439-49a5-426d-8927-11645606d127","timestamp":"2023-05-25T16:37:48.042Z"}
{"level":"info","message":"Current user id: 1","reqId":"6842f439-49a5-426d-8927-11645606d127","timestamp":"2023-05-25T16:37:48.059Z"}
{"can":null,"level":"info","message":"ctx permission","reqId":"6842f439-49a5-426d-8927-11645606d127","skip":true,"timestamp":"2023-05-25T16:37:48.071Z"}
{"level":"info","message":"acl params","reqId":"6842f439-49a5-426d-8927-11645606d127","timestamp":"2023-05-25T16:37:48.072Z"}
{"level":"info","message":"acl parsedParams","reqId":"6842f439-49a5-426d-8927-11645606d127","timestamp":"2023-05-25T16:37:48.072Z"}
{"level":"info","message":"END: GET /api/users:check","req":{"action":{"actionName":"check","params":{"actionName":"check","resourceName":"users"},"resourceName":"users"},"header":{"x-hostname":"localhost","x-locale":"en-US","x-role":"root","x-timezone":"+5.5:00"}},"reqId":"6842f439-49a5-426d-8927-11645606d127","res":{"status":200},"responseTime":34,"timestamp":"2023-05-25T16:37:48.075Z"}
{"level":"info","message":"BEGIN: GET /api/uiSchemaTemplates:list?appends%5B%5D=collection&paginate=false","reqId":"e0922e8e-039a-466f-863a-ead8110f14cf","timestamp":"2023-05-25T16:37:48.135Z"}
{"level":"info","message":"Current user id: 1","reqId":"e0922e8e-039a-466f-863a-ead8110f14cf","timestamp":"2023-05-25T16:37:48.146Z"}
{"can":{"action":"list","resource":"uiSchemaTemplates","role":"root"},"level":"info","message":"ctx permission","reqId":"e0922e8e-039a-466f-863a-ead8110f14cf","skip":true,"timestamp":"2023-05-25T16:37:48.158Z"}
{"level":"info","message":"acl params","reqId":"e0922e8e-039a-466f-863a-ead8110f14cf","timestamp":"2023-05-25T16:37:48.159Z"}
{"level":"info","message":"acl parsedParams","reqId":"e0922e8e-039a-466f-863a-ead8110f14cf","timestamp":"2023-05-25T16:37:48.159Z"}
{"level":"info","message":"END: GET /api/uiSchemaTemplates:list?appends%5B%5D=collection&paginate=false","req":{"action":{"actionName":"list","params":{"actionName":"list","appends":["collection"],"paginate":"false","resourceName":"uiSchemaTemplates"},"resourceName":"uiSchemaTemplates"},"header":{"x-hostname":"localhost","x-locale":"en-US","x-role":"root","x-timezone":"+5.5:00"}},"reqId":"e0922e8e-039a-466f-863a-ead8110f14cf","res":{"status":200},"responseTime":84,"timestamp":"2023-05-25T16:37:48.220Z"}
{"level":"info","message":"BEGIN: GET /api/collections:list?paginate=false&appends%5B%5D=fields&appends%5B%5D=category&sort%5B%5D=sort&filter=%7B%7D","reqId":"ca920517-221e-4b68-8817-12918465c222","timestamp":"2023-05-25T16:37:48.403Z"}
{"level":"info","message":"Current user id: 1","reqId":"ca920517-221e-4b68-8817-12918465c222","timestamp":"2023-05-25T16:37:48.421Z"}
{"can":{"action":"list","resource":"collections","role":"root"},"level":"info","message":"ctx permission","reqId":"ca920517-221e-4b68-8817-12918465c222","skip":true,"timestamp":"2023-05-25T16:37:48.429Z"}
{"level":"info","message":"acl params","reqId":"ca920517-221e-4b68-8817-12918465c222","timestamp":"2023-05-25T16:37:48.431Z"}
{"level":"info","message":"acl parsedParams","reqId":"ca920517-221e-4b68-8817-12918465c222","timestamp":"2023-05-25T16:37:48.432Z"}
{"level":"info","message":"END: GET /api/collections:list?paginate=false&appends%5B%5D=fields&appends%5B%5D=category&sort%5B%5D=sort&filter=%7B%7D","req":{"action":{"actionName":"list","params":{"actionName":"list","appends":["fields","category"],"filter":{},"paginate":"false","resourceName":"collections","sort":["sort"]},"resourceName":"collections"},"header":{"x-hostname":"localhost","x-locale":"en-US","x-role":"root","x-timezone":"+5.5:00"}},"reqId":"ca920517-221e-4b68-8817-12918465c222","res":{"status":200},"responseTime":74,"timestamp":"2023-05-25T16:37:48.477Z"}
{"level":"info","message":"BEGIN: GET /api/collectionCategories:list?paginate=false&sort%5B%5D=sort","reqId":"bf36a016-6e57-430f-9e3b-0f66c76e7bf4","timestamp":"2023-05-25T16:37:48.548Z"}
{"level":"info","message":"BEGIN: GET /api/roles:check","reqId":"ed555e9a-425d-4c90-a236-c455d4a87856","timestamp":"2023-05-25T16:37:48.558Z"}
{"level":"info","message":"Current user id: 1","reqId":"bf36a016-6e57-430f-9e3b-0f66c76e7bf4","timestamp":"2023-05-25T16:37:48.570Z"}
{"can":null,"level":"info","message":"ctx permission","reqId":"bf36a016-6e57-430f-9e3b-0f66c76e7bf4","skip":true,"timestamp":"2023-05-25T16:37:48.585Z"}
{"level":"info","message":"acl params","reqId":"bf36a016-6e57-430f-9e3b-0f66c76e7bf4","timestamp":"2023-05-25T16:37:48.586Z"}
{"level":"info","message":"acl parsedParams","reqId":"bf36a016-6e57-430f-9e3b-0f66c76e7bf4","timestamp":"2023-05-25T16:37:48.587Z"}
{"level":"info","message":"Current user id: 1","reqId":"ed555e9a-425d-4c90-a236-c455d4a87856","timestamp":"2023-05-25T16:37:48.590Z"}
{"level":"info","message":"END: GET /api/collectionCategories:list?paginate=false&sort%5B%5D=sort","req":{"action":{"actionName":"list","params":{"actionName":"list","paginate":"false","resourceName":"collectionCategories","sort":["sort"]},"resourceName":"collectionCategories"},"header":{"x-hostname":"localhost","x-locale":"en-US","x-role":"root","x-timezone":"+5.5:00"}},"reqId":"bf36a016-6e57-430f-9e3b-0f66c76e7bf4","res":{"status":200},"responseTime":63,"timestamp":"2023-05-25T16:37:48.611Z"}
{"can":{"action":"check","resource":"roles","role":"root"},"level":"info","message":"ctx permission","reqId":"ed555e9a-425d-4c90-a236-c455d4a87856","skip":true,"timestamp":"2023-05-25T16:37:48.616Z"}
{"level":"info","message":"acl params","reqId":"ed555e9a-425d-4c90-a236-c455d4a87856","timestamp":"2023-05-25T16:37:48.617Z"}
{"level":"info","message":"acl parsedParams","reqId":"ed555e9a-425d-4c90-a236-c455d4a87856","timestamp":"2023-05-25T16:37:48.618Z"}
{"level":"info","message":"END: GET /api/roles:check","req":{"action":{"actionName":"check","params":{"actionName":"check","resourceName":"roles"},"resourceName":"roles"},"header":{"x-hostname":"localhost","x-locale":"en-US","x-role":"root","x-timezone":"+5.5:00"}},"reqId":"ed555e9a-425d-4c90-a236-c455d4a87856","res":{"status":200},"responseTime":79,"timestamp":"2023-05-25T16:37:48.637Z"}
{"level":"info","message":"BEGIN: GET /api/uiSchemas:getJsonSchema/x4gw3mbp2pc","reqId":"e7e993c0-b355-414e-a25d-45040bd94ba7","timestamp":"2023-05-25T16:37:48.805Z"}
{"level":"info","message":"Current user id: 1","reqId":"e7e993c0-b355-414e-a25d-45040bd94ba7","timestamp":"2023-05-25T16:37:48.819Z"}
{"can":null,"level":"info","message":"ctx permission","reqId":"e7e993c0-b355-414e-a25d-45040bd94ba7","skip":true,"timestamp":"2023-05-25T16:37:48.827Z"}
{"level":"info","message":"acl params","reqId":"e7e993c0-b355-414e-a25d-45040bd94ba7","timestamp":"2023-05-25T16:37:48.828Z"}
{"level":"info","message":"acl parsedParams","reqId":"e7e993c0-b355-414e-a25d-45040bd94ba7","timestamp":"2023-05-25T16:37:48.828Z"}
{"level":"info","message":"END: GET /api/uiSchemas:getJsonSchema/x4gw3mbp2pc","req":{"action":{"actionName":"getJsonSchema","params":{"actionName":"getJsonSchema","filterByTk":"x4gw3mbp2pc","resourceIndex":"x4gw3mbp2pc","resourceName":"uiSchemas"},"resourceName":"uiSchemas"},"header":{"x-hostname":"localhost","x-locale":"en-US","x-role":"root","x-timezone":"+5.5:00"}},"reqId":"e7e993c0-b355-414e-a25d-45040bd94ba7","res":{"status":200},"responseTime":53,"timestamp":"2023-05-25T16:37:48.858Z"}
{"level":"info","message":"BEGIN: GET /api/uiSchemas:getProperties/x1meclgs8hv","reqId":"0ef48e08-c945-47c0-b5b6-d4d6b67670d2","timestamp":"2023-05-25T16:37:48.994Z"}
{"level":"info","message":"Current user id: 1","reqId":"0ef48e08-c945-47c0-b5b6-d4d6b67670d2","timestamp":"2023-05-25T16:37:49.012Z"}
{"can":{"action":"getProperties","resource":"uiSchemas","role":"root"},"level":"info","message":"ctx permission","reqId":"0ef48e08-c945-47c0-b5b6-d4d6b67670d2","skip":true,"timestamp":"2023-05-25T16:37:49.023Z"}
{"level":"info","message":"acl params","reqId":"0ef48e08-c945-47c0-b5b6-d4d6b67670d2","timestamp":"2023-05-25T16:37:49.024Z"}
{"level":"info","message":"acl parsedParams","reqId":"0ef48e08-c945-47c0-b5b6-d4d6b67670d2","timestamp":"2023-05-25T16:37:49.025Z"}
{"level":"info","message":"END: GET /api/uiSchemas:getProperties/x1meclgs8hv","req":{"action":{"actionName":"getProperties","params":{"actionName":"getProperties","filterByTk":"x1meclgs8hv","resourceIndex":"x1meclgs8hv","resourceName":"uiSchemas"},"resourceName":"uiSchemas"},"header":{"x-hostname":"localhost","x-locale":"en-US","x-role":"root","x-timezone":"+5.5:00"}},"reqId":"0ef48e08-c945-47c0-b5b6-d4d6b67670d2","res":{"status":200},"responseTime":73,"timestamp":"2023-05-25T16:37:49.067Z"}
{"level":"info","message":"BEGIN: POST /api/uiSchemas:patch","reqId":"e49d24a0-624d-44ab-a107-9b7fc9edae02","timestamp":"2023-05-25T16:46:28.818Z"}
{"level":"info","message":"Current user id: 1","reqId":"e49d24a0-624d-44ab-a107-9b7fc9edae02","timestamp":"2023-05-25T16:46:28.838Z"}
{"can":{"action":"patch","resource":"uiSchemas","role":"root"},"level":"info","message":"ctx permission","reqId":"e49d24a0-624d-44ab-a107-9b7fc9edae02","skip":true,"timestamp":"2023-05-25T16:46:28.852Z"}
{"level":"info","message":"acl params","reqId":"e49d24a0-624d-44ab-a107-9b7fc9edae02","timestamp":"2023-05-25T16:46:28.854Z"}
{"level":"info","message":"acl parsedParams","reqId":"e49d24a0-624d-44ab-a107-9b7fc9edae02","timestamp":"2023-05-25T16:46:28.854Z"}
{"level":"info","message":"END: POST /api/uiSchemas:patch","req":{"action":{"actionName":"patch","params":{"actionName":"patch","resourceName":"uiSchemas","values":{"x-action-settings":{"onSuccess":{"manualClose":false,"redirecting":false,"successMessage":"{{t(\"Request success\")}}"},"requestSettings":{"data":"{\"X-Auth-Token\" :\"Digonalmat1233\"}","headers":"{\"X-Auth-Token\" :\"Diagonalmatrix@123\"}","method":"POST","params":"{\"X-Auth-Token\" :\"Diagonal\"}","url":"http://192.168.0.198:5000/webhook"},"skipValidator":false},"x-uid":"wjezhf71eib"}},"resourceName":"uiSchemas"},"header":{"x-hostname":"localhost","x-locale":"en-US","x-role":"root","x-timezone":"+5.5:00"}},"reqId":"e49d24a0-624d-44ab-a107-9b7fc9edae02","res":{"status":200},"responseTime":80,"timestamp":"2023-05-25T16:46:28.898Z"}
{"level":"info","message":"BEGIN: GET /api/compliance:list?pageSize=20&appends%5B%5D=updatedBy&appends%5B%5D=createdBy","reqId":"31e3de16-7444-4b48-86cd-f5057ea8ba76","timestamp":"2023-05-25T16:46:33.827Z"}
{"level":"info","message":"Current user id: 1","reqId":"31e3de16-7444-4b48-86cd-f5057ea8ba76","timestamp":"2023-05-25T16:46:33.840Z"}
{"can":null,"level":"info","message":"ctx permission","reqId":"31e3de16-7444-4b48-86cd-f5057ea8ba76","skip":true,"timestamp":"2023-05-25T16:46:33.849Z"}
{"level":"info","message":"acl params","reqId":"31e3de16-7444-4b48-86cd-f5057ea8ba76","timestamp":"2023-05-25T16:46:33.850Z"}
{"level":"info","message":"acl parsedParams","reqId":"31e3de16-7444-4b48-86cd-f5057ea8ba76","timestamp":"2023-05-25T16:46:33.850Z"}
{"level":"info","message":"END: GET /api/compliance:list?pageSize=20&appends%5B%5D=updatedBy&appends%5B%5D=createdBy","req":{"action":{"actionName":"list","params":{"actionName":"list","appends":["updatedBy","createdBy"],"pageSize":"20","resourceName":"compliance"},"resourceName":"compliance"},"header":{"x-hostname":"localhost","x-locale":"en-US","x-role":"root","x-timezone":"+5.5:00"}},"reqId":"31e3de16-7444-4b48-86cd-f5057ea8ba76","res":{"status":200},"responseTime":85,"timestamp":"2023-05-25T16:46:33.912Z"}
{"level":"info","message":"BEGIN: GET /api/workflows:list?pageSize=20&sort%5B%5D=-createdAt&except%5B%5D=config&filter=%7B%22current%22%3Atrue%7D","reqId":"4f68cd24-2081-4e0c-b3cd-3f619fed1209","timestamp":"2023-05-25T17:03:26.571Z"}
{"level":"info","message":"Current user id: 1","reqId":"4f68cd24-2081-4e0c-b3cd-3f619fed1209","timestamp":"2023-05-25T17:03:26.591Z"}
{"can":{"action":"list","resource":"workflows","role":"root"},"level":"info","message":"ctx permission","reqId":"4f68cd24-2081-4e0c-b3cd-3f619fed1209","skip":true,"timestamp":"2023-05-25T17:03:26.601Z"}
{"level":"info","message":"acl params","reqId":"4f68cd24-2081-4e0c-b3cd-3f619fed1209","timestamp":"2023-05-25T17:03:26.602Z"}
{"level":"info","message":"acl parsedParams","reqId":"4f68cd24-2081-4e0c-b3cd-3f619fed1209","timestamp":"2023-05-25T17:03:26.602Z"}
{"level":"info","message":"END: GET /api/workflows:list?pageSize=20&sort%5B%5D=-createdAt&except%5B%5D=config&filter=%7B%22current%22%3Atrue%7D","req":{"action":{"actionName":"list","params":{"actionName":"list","except":["config"],"filter":{"current":true},"pageSize":"20","resourceName":"workflows","sort":["-createdAt"]},"resourceName":"workflows"},"header":{"x-hostname":"localhost","x-locale":"en-US","x-role":"root","x-timezone":"+5.5:00"}},"reqId":"4f68cd24-2081-4e0c-b3cd-3f619fed1209","res":{"status":200},"responseTime":57,"timestamp":"2023-05-25T17:03:26.628Z"}
{"level":"info","message":"BEGIN: POST /api/workflows:create","reqId":"f777f2d2-a662-45ee-98d6-c5e1eea295e8","timestamp":"2023-05-25T17:04:09.237Z"}
{"level":"info","message":"Current user id: 1","reqId":"f777f2d2-a662-45ee-98d6-c5e1eea295e8","timestamp":"2023-05-25T17:04:09.268Z"}
{"can":{"action":"create","resource":"workflows","role":"root"},"level":"info","message":"ctx permission","reqId":"f777f2d2-a662-45ee-98d6-c5e1eea295e8","skip":true,"timestamp":"2023-05-25T17:04:09.274Z"}
{"level":"info","message":"acl params","reqId":"f777f2d2-a662-45ee-98d6-c5e1eea295e8","timestamp":"2023-05-25T17:04:09.275Z"}
{"level":"info","message":"acl parsedParams","reqId":"f777f2d2-a662-45ee-98d6-c5e1eea295e8","timestamp":"2023-05-25T17:04:09.276Z"}
{"level":"info","message":"END: POST /api/workflows:create","req":{"action":{"actionName":"create","params":{"actionName":"create","resourceName":"workflows","values":{"current":true,"title":"Compliance","type":"collection"}},"resourceName":"workflows"},"header":{"x-hostname":"localhost","x-locale":"en-US","x-role":"root","x-timezone":"+5.5:00"}},"reqId":"f777f2d2-a662-45ee-98d6-c5e1eea295e8","res":{"status":200},"responseTime":57,"timestamp":"2023-05-25T17:04:09.294Z"}
{"level":"info","message":"BEGIN: GET /api/workflows:list?pageSize=20&sort%5B%5D=-createdAt&except%5B%5D=config&filter=%7B%22current%22%3Atrue%7D","reqId":"d7ef4ac3-d056-4f85-89e7-afa7ac6af085","timestamp":"2023-05-25T17:04:09.661Z"}
{"level":"info","message":"Current user id: 1","reqId":"d7ef4ac3-d056-4f85-89e7-afa7ac6af085","timestamp":"2023-05-25T17:04:09.672Z"}
{"can":{"action":"list","resource":"workflows","role":"root"},"level":"info","message":"ctx permission","reqId":"d7ef4ac3-d056-4f85-89e7-afa7ac6af085","skip":true,"timestamp":"2023-05-25T17:04:09.682Z"}
{"level":"info","message":"acl params","reqId":"d7ef4ac3-d056-4f85-89e7-afa7ac6af085","timestamp":"2023-05-25T17:04:09.683Z"}
{"level":"info","message":"acl parsedParams","reqId":"d7ef4ac3-d056-4f85-89e7-afa7ac6af085","timestamp":"2023-05-25T17:04:09.684Z"}
{"level":"info","message":"END: GET /api/workflows:list?pageSize=20&sort%5B%5D=-createdAt&except%5B%5D=config&filter=%7B%22current%22%3Atrue%7D","req":{"action":{"actionName":"list","params":{"actionName":"list","except":["config"],"filter":{"current":true},"pageSize":"20","resourceName":"workflows","sort":["-createdAt"]},"resourceName":"workflows"},"header":{"x-hostname":"localhost","x-locale":"en-US","x-role":"root","x-timezone":"+5.5:00"}},"reqId":"d7ef4ac3-d056-4f85-89e7-afa7ac6af085","res":{"status":200},"responseTime":53,"timestamp":"2023-05-25T17:04:09.714Z"}
{"level":"info","message":"BEGIN: GET /api/workflows:get?appends%5B%5D=nodes&appends%5B%5D=revisions.id&appends%5B%5D=revisions.createdAt&appends%5B%5D=revisions.current&appends%5B%5D=revisions.executed&appends%5B%5D=revisions.enabled&filter=%7B%22id%22%3A%221%22%7D","reqId":"c69a1bae-742c-44f9-8a21-12df09731024","timestamp":"2023-05-25T17:04:17.842Z"}
{"level":"info","message":"Current user id: 1","reqId":"c69a1bae-742c-44f9-8a21-12df09731024","timestamp":"2023-05-25T17:04:17.854Z"}
{"can":{"action":"get","resource":"workflows","role":"root"},"level":"info","message":"ctx permission","reqId":"c69a1bae-742c-44f9-8a21-12df09731024","skip":true,"timestamp":"2023-05-25T17:04:17.864Z"}
{"level":"info","message":"acl params","reqId":"c69a1bae-742c-44f9-8a21-12df09731024","timestamp":"2023-05-25T17:04:17.865Z"}
{"level":"info","message":"acl parsedParams","reqId":"c69a1bae-742c-44f9-8a21-12df09731024","timestamp":"2023-05-25T17:04:17.865Z"}
{"level":"info","message":"END: GET /api/workflows:get?appends%5B%5D=nodes&appends%5B%5D=revisions.id&appends%5B%5D=revisions.createdAt&appends%5B%5D=revisions.current&appends%5B%5D=revisions.executed&appends%5B%5D=revisions.enabled&filter=%7B%22id%22%3A%221%22%7D","req":{"action":{"actionName":"get","params":{"actionName":"get","appends":["nodes","revisions.id","revisions.createdAt","revisions.current","revisions.executed","revisions.enabled"],"filter":{"id":"1"},"resourceName":"workflows"},"resourceName":"workflows"},"header":{"x-hostname":"localhost","x-locale":"en-US","x-role":"root","x-timezone":"+5.5:00"}},"reqId":"c69a1bae-742c-44f9-8a21-12df09731024","res":{"status":200},"responseTime":45,"timestamp":"2023-05-25T17:04:17.888Z"}
{"level":"info","message":"BEGIN: POST /api/workflows:update?filterByTk=1","reqId":"679da3fe-b867-42dd-871c-6f62979266b4","timestamp":"2023-05-25T17:05:25.468Z"}
{"level":"info","message":"Current user id: 1","reqId":"679da3fe-b867-42dd-871c-6f62979266b4","timestamp":"2023-05-25T17:05:25.482Z"}
{"can":{"action":"update","resource":"workflows","role":"root"},"level":"info","message":"ctx permission","reqId":"679da3fe-b867-42dd-871c-6f62979266b4","skip":true,"timestamp":"2023-05-25T17:05:25.491Z"}
{"level":"info","message":"acl params","reqId":"679da3fe-b867-42dd-871c-6f62979266b4","timestamp":"2023-05-25T17:05:25.491Z"}
{"level":"info","message":"acl parsedParams","reqId":"679da3fe-b867-42dd-871c-6f62979266b4","timestamp":"2023-05-25T17:05:25.492Z"}
{"level":"info","message":"END: POST /api/workflows:update?filterByTk=1","req":{"action":{"actionName":"update","params":{"actionName":"update","filterByTk":"1","resourceName":"workflows","values":{"config":{"appends":[],"changed":[],"collection":"compliance","condition":{"$or":[]},"mode":1}},"whitelist":["title","description","enabled","config"]},"resourceName":"workflows"},"header":{"x-hostname":"localhost","x-locale":"en-US","x-role":"root","x-timezone":"+5.5:00"}},"reqId":"679da3fe-b867-42dd-871c-6f62979266b4","res":{"status":200},"responseTime":47,"timestamp":"2023-05-25T17:05:25.515Z"}
{"level":"info","message":"BEGIN: GET /api/workflows:get?appends%5B%5D=nodes&appends%5B%5D=revisions.id&appends%5B%5D=revisions.createdAt&appends%5B%5D=revisions.current&appends%5B%5D=revisions.executed&appends%5B%5D=revisions.enabled&filter=%7B%22id%22%3A%221%22%7D","reqId":"d257014b-e813-40b6-83dc-c5952d00658d","timestamp":"2023-05-25T17:05:25.729Z"}
{"level":"info","message":"Current user id: 1","reqId":"d257014b-e813-40b6-83dc-c5952d00658d","timestamp":"2023-05-25T17:05:25.748Z"}
{"can":{"action":"get","resource":"workflows","role":"root"},"level":"info","message":"ctx permission","reqId":"d257014b-e813-40b6-83dc-c5952d00658d","skip":true,"timestamp":"2023-05-25T17:05:25.757Z"}
{"level":"info","message":"acl params","reqId":"d257014b-e813-40b6-83dc-c5952d00658d","timestamp":"2023-05-25T17:05:25.758Z"}
{"level":"info","message":"acl parsedParams","reqId":"d257014b-e813-40b6-83dc-c5952d00658d","timestamp":"2023-05-25T17:05:25.759Z"}
{"level":"info","message":"END: GET /api/workflows:get?appends%5B%5D=nodes&appends%5B%5D=revisions.id&appends%5B%5D=revisions.createdAt&appends%5B%5D=revisions.current&appends%5B%5D=revisions.executed&appends%5B%5D=revisions.enabled&filter=%7B%22id%22%3A%221%22%7D","req":{"action":{"actionName":"get","params":{"actionName":"get","appends":["nodes","revisions.id","revisions.createdAt","revisions.current","revisions.executed","revisions.enabled"],"filter":{"id":"1"},"resourceName":"workflows"},"resourceName":"workflows"},"header":{"x-hostname":"localhost","x-locale":"en-US","x-role":"root","x-timezone":"+5.5:00"}},"reqId":"d257014b-e813-40b6-83dc-c5952d00658d","res":{"status":200},"responseTime":53,"timestamp":"2023-05-25T17:05:25.782Z"}
{"level":"info","message":"BEGIN: POST /api/workflows/1/nodes:create","reqId":"d231617b-b4e3-4f06-9376-fdcc80dd46b1","timestamp":"2023-05-25T17:05:46.894Z"}
{"level":"info","message":"Current user id: 1","reqId":"d231617b-b4e3-4f06-9376-fdcc80dd46b1","timestamp":"2023-05-25T17:05:46.904Z"}
{"can":{"action":"create","resource":"workflows.nodes","role":"root"},"level":"info","message":"ctx permission","reqId":"d231617b-b4e3-4f06-9376-fdcc80dd46b1","skip":true,"timestamp":"2023-05-25T17:05:46.911Z"}
{"level":"info","message":"acl params","reqId":"d231617b-b4e3-4f06-9376-fdcc80dd46b1","timestamp":"2023-05-25T17:05:46.912Z"}
{"level":"info","message":"acl parsedParams","reqId":"d231617b-b4e3-4f06-9376-fdcc80dd46b1","timestamp":"2023-05-25T17:05:46.912Z"}
{"level":"info","message":"END: POST /api/workflows/1/nodes:create","req":{"action":{"actionName":"create","params":{"actionName":"create","associatedIndex":"1","associatedName":"workflows","resourceName":"nodes","values":{"branchIndex":null,"config":{},"title":"HTTP request","type":"request","upstreamId":null}},"resourceName":"workflows.nodes","resourceOf":"1"},"header":{"x-hostname":"localhost","x-locale":"en-US","x-role":"root","x-timezone":"+5.5:00"}},"reqId":"d231617b-b4e3-4f06-9376-fdcc80dd46b1","res":{"status":200},"responseTime":52,"timestamp":"2023-05-25T17:05:46.946Z"}
{"level":"info","message":"BEGIN: GET /api/workflows:get?appends%5B%5D=nodes&appends%5B%5D=revisions.id&appends%5B%5D=revisions.createdAt&appends%5B%5D=revisions.current&appends%5B%5D=revisions.executed&appends%5B%5D=revisions.enabled&filter=%7B%22id%22%3A%221%22%7D","reqId":"7a4971f7-1bcf-4f9d-acdf-4379d3083d5a","timestamp":"2023-05-25T17:05:47.287Z"}
{"level":"info","message":"Current user id: 1","reqId":"7a4971f7-1bcf-4f9d-acdf-4379d3083d5a","timestamp":"2023-05-25T17:05:47.300Z"}
{"can":{"action":"get","resource":"workflows","role":"root"},"level":"info","message":"ctx permission","reqId":"7a4971f7-1bcf-4f9d-acdf-4379d3083d5a","skip":true,"timestamp":"2023-05-25T17:05:47.306Z"}
{"level":"info","message":"acl params","reqId":"7a4971f7-1bcf-4f9d-acdf-4379d3083d5a","timestamp":"2023-05-25T17:05:47.306Z"}
{"level":"info","message":"acl parsedParams","reqId":"7a4971f7-1bcf-4f9d-acdf-4379d3083d5a","timestamp":"2023-05-25T17:05:47.307Z"}
{"level":"info","message":"END: GET /api/workflows:get?appends%5B%5D=nodes&appends%5B%5D=revisions.id&appends%5B%5D=revisions.createdAt&appends%5B%5D=revisions.current&appends%5B%5D=revisions.executed&appends%5B%5D=revisions.enabled&filter=%7B%22id%22%3A%221%22%7D","req":{"action":{"actionName":"get","params":{"actionName":"get","appends":["nodes","revisions.id","revisions.createdAt","revisions.current","revisions.executed","revisions.enabled"],"filter":{"id":"1"},"resourceName":"workflows"},"resourceName":"workflows"},"header":{"x-hostname":"localhost","x-locale":"en-US","x-role":"root","x-timezone":"+5.5:00"}},"reqId":"7a4971f7-1bcf-4f9d-acdf-4379d3083d5a","res":{"status":200},"responseTime":41,"timestamp":"2023-05-25T17:05:47.328Z"}
{"level":"info","message":"BEGIN: POST /api/flow_nodes:update?filterByTk=1","reqId":"dffa1198-f7e3-442e-a290-5766ad2b4830","timestamp":"2023-05-25T17:08:12.258Z"}
{"level":"info","message":"Current user id: 1","reqId":"dffa1198-f7e3-442e-a290-5766ad2b4830","timestamp":"2023-05-25T17:08:12.267Z"}
{"can":{"action":"update","resource":"flow_nodes","role":"root"},"level":"info","message":"ctx permission","reqId":"dffa1198-f7e3-442e-a290-5766ad2b4830","skip":true,"timestamp":"2023-05-25T17:08:12.277Z"}
{"level":"info","message":"acl params","reqId":"dffa1198-f7e3-442e-a290-5766ad2b4830","timestamp":"2023-05-25T17:08:12.278Z"}
{"level":"info","message":"acl parsedParams","reqId":"dffa1198-f7e3-442e-a290-5766ad2b4830","timestamp":"2023-05-25T17:08:12.278Z"}
{"level":"info","message":"END: POST /api/flow_nodes:update?filterByTk=1","req":{"action":{"actionName":"update","params":{"actionName":"update","filterByTk":"1","resourceName":"flow_nodes","values":{"config":{"data":{"Request POST":445},"headers":[{"name":"\"X-Auth-Token\"","value":"\"Diagonalmatrix@123\""}],"method":"POST","params":[],"url":"http://192.168.0.198:5000/webhook"}}},"resourceName":"flow_nodes"},"header":{"x-hostname":"localhost","x-locale":"en-US","x-role":"root","x-timezone":"+5.5:00"}},"reqId":"dffa1198-f7e3-442e-a290-5766ad2b4830","res":{"status":200},"responseTime":39,"timestamp":"2023-05-25T17:08:12.297Z"}
{"level":"info","message":"BEGIN: GET /api/workflows:get?appends%5B%5D=nodes&appends%5B%5D=revisions.id&appends%5B%5D=revisions.createdAt&appends%5B%5D=revisions.current&appends%5B%5D=revisions.executed&appends%5B%5D=revisions.enabled&filter=%7B%22id%22%3A%221%22%7D","reqId":"8e56b4ae-fcee-4a70-bd9f-22207044e588","timestamp":"2023-05-25T17:08:12.525Z"}
{"level":"info","message":"Current user id: 1","reqId":"8e56b4ae-fcee-4a70-bd9f-22207044e588","timestamp":"2023-05-25T17:08:12.531Z"}
{"can":{"action":"get","resource":"workflows","role":"root"},"level":"info","message":"ctx permission","reqId":"8e56b4ae-fcee-4a70-bd9f-22207044e588","skip":true,"timestamp":"2023-05-25T17:08:12.542Z"}
{"level":"info","message":"acl params","reqId":"8e56b4ae-fcee-4a70-bd9f-22207044e588","timestamp":"2023-05-25T17:08:12.543Z"}
{"level":"info","message":"acl parsedParams","reqId":"8e56b4ae-fcee-4a70-bd9f-22207044e588","timestamp":"2023-05-25T17:08:12.543Z"}
{"level":"info","message":"END: GET /api/workflows:get?appends%5B%5D=nodes&appends%5B%5D=revisions.id&appends%5B%5D=revisions.createdAt&appends%5B%5D=revisions.current&appends%5B%5D=revisions.executed&appends%5B%5D=revisions.enabled&filter=%7B%22id%22%3A%221%22%7D","req":{"action":{"actionName":"get","params":{"actionName":"get","appends":["nodes","revisions.id","revisions.createdAt","revisions.current","revisions.executed","revisions.enabled"],"filter":{"id":"1"},"resourceName":"workflows"},"resourceName":"workflows"},"header":{"x-hostname":"localhost","x-locale":"en-US","x-role":"root","x-timezone":"+5.5:00"}},"reqId":"8e56b4ae-fcee-4a70-bd9f-22207044e588","res":{"status":200},"responseTime":40,"timestamp":"2023-05-25T17:08:12.565Z"}
{"level":"info","message":"BEGIN: POST /api/workflows:update?filterByTk=1","reqId":"4baa4d9a-c7a0-4a1c-945f-25937685456a","timestamp":"2023-05-25T17:08:27.780Z"}
{"level":"info","message":"Current user id: 1","reqId":"4baa4d9a-c7a0-4a1c-945f-25937685456a","timestamp":"2023-05-25T17:08:27.792Z"}
{"can":{"action":"update","resource":"workflows","role":"root"},"level":"info","message":"ctx permission","reqId":"4baa4d9a-c7a0-4a1c-945f-25937685456a","skip":true,"timestamp":"2023-05-25T17:08:27.798Z"}
{"level":"info","message":"acl params","reqId":"4baa4d9a-c7a0-4a1c-945f-25937685456a","timestamp":"2023-05-25T17:08:27.799Z"}
{"level":"info","message":"acl parsedParams","reqId":"4baa4d9a-c7a0-4a1c-945f-25937685456a","timestamp":"2023-05-25T17:08:27.800Z"}
{"level":"info","message":"END: POST /api/workflows:update?filterByTk=1","req":{"action":{"actionName":"update","params":{"actionName":"update","filterByTk":"1","resourceName":"workflows","values":{"enabled":true},"whitelist":["title","description","enabled","config"]},"resourceName":"workflows"},"header":{"x-hostname":"localhost","x-locale":"en-US","x-role":"root","x-timezone":"+5.5:00"}},"reqId":"4baa4d9a-c7a0-4a1c-945f-25937685456a","res":{"status":200},"responseTime":47,"timestamp":"2023-05-25T17:08:27.827Z"}
{"level":"info","message":"BEGIN: GET /api/workflows:get?appends%5B%5D=nodes&appends%5B%5D=revisions.id&appends%5B%5D=revisions.createdAt&appends%5B%5D=revisions.current&appends%5B%5D=revisions.executed&appends%5B%5D=revisions.enabled&filter=%7B%22id%22%3A%221%22%7D","reqId":"877a862d-9e46-48e8-9deb-4d7826fff468","timestamp":"2023-05-25T17:08:28.171Z"}
{"level":"info","message":"Current user id: 1","reqId":"877a862d-9e46-48e8-9deb-4d7826fff468","timestamp":"2023-05-25T17:08:28.180Z"}
{"can":{"action":"get","resource":"workflows","role":"root"},"level":"info","message":"ctx permission","reqId":"877a862d-9e46-48e8-9deb-4d7826fff468","skip":true,"timestamp":"2023-05-25T17:08:28.190Z"}
{"level":"info","message":"acl params","reqId":"877a862d-9e46-48e8-9deb-4d7826fff468","timestamp":"2023-05-25T17:08:28.191Z"}
{"level":"info","message":"acl parsedParams","reqId":"877a862d-9e46-48e8-9deb-4d7826fff468","timestamp":"2023-05-25T17:08:28.191Z"}
{"level":"info","message":"END: GET /api/workflows:get?appends%5B%5D=nodes&appends%5B%5D=revisions.id&appends%5B%5D=revisions.createdAt&appends%5B%5D=revisions.current&appends%5B%5D=revisions.executed&appends%5B%5D=revisions.enabled&filter=%7B%22id%22%3A%221%22%7D","req":{"action":{"actionName":"get","params":{"actionName":"get","appends":["nodes","revisions.id","revisions.createdAt","revisions.current","revisions.executed","revisions.enabled"],"filter":{"id":"1"},"resourceName":"workflows"},"resourceName":"workflows"},"header":{"x-hostname":"localhost","x-locale":"en-US","x-role":"root","x-timezone":"+5.5:00"}},"reqId":"877a862d-9e46-48e8-9deb-4d7826fff468","res":{"status":200},"responseTime":44,"timestamp":"2023-05-25T17:08:28.214Z"}
{"level":"info","message":"BEGIN: GET /api/uiSchemas:getProperties/x1meclgs8hv","reqId":"4c4371cc-6af9-4a81-ba33-4c0f34294989","timestamp":"2023-05-25T17:08:41.450Z"}
{"level":"info","message":"Current user id: 1","reqId":"4c4371cc-6af9-4a81-ba33-4c0f34294989","timestamp":"2023-05-25T17:08:41.472Z"}
{"can":{"action":"getProperties","resource":"uiSchemas","role":"root"},"level":"info","message":"ctx permission","reqId":"4c4371cc-6af9-4a81-ba33-4c0f34294989","skip":true,"timestamp":"2023-05-25T17:08:41.479Z"}
{"level":"info","message":"acl params","reqId":"4c4371cc-6af9-4a81-ba33-4c0f34294989","timestamp":"2023-05-25T17:08:41.480Z"}
{"level":"info","message":"acl parsedParams","reqId":"4c4371cc-6af9-4a81-ba33-4c0f34294989","timestamp":"2023-05-25T17:08:41.480Z"}
{"level":"info","message":"END: GET /api/uiSchemas:getProperties/x1meclgs8hv","req":{"action":{"actionName":"getProperties","params":{"actionName":"getProperties","filterByTk":"x1meclgs8hv","resourceIndex":"x1meclgs8hv","resourceName":"uiSchemas"},"resourceName":"uiSchemas"},"header":{"x-hostname":"localhost","x-locale":"en-US","x-role":"root","x-timezone":"+5.5:00"}},"reqId":"4c4371cc-6af9-4a81-ba33-4c0f34294989","res":{"status":200},"responseTime":50,"timestamp":"2023-05-25T17:08:41.500Z"}
{"level":"info","message":"BEGIN: POST /api/compliance:create","reqId":"9381edc9-f10d-4cd1-92c5-d683de7cd4d9","timestamp":"2023-05-25T17:09:12.189Z"}
{"level":"info","message":"Current user id: 1","reqId":"9381edc9-f10d-4cd1-92c5-d683de7cd4d9","timestamp":"2023-05-25T17:09:12.199Z"}
{"can":null,"level":"info","message":"ctx permission","reqId":"9381edc9-f10d-4cd1-92c5-d683de7cd4d9","skip":true,"timestamp":"2023-05-25T17:09:12.207Z"}
{"level":"info","message":"acl params","reqId":"9381edc9-f10d-4cd1-92c5-d683de7cd4d9","timestamp":"2023-05-25T17:09:12.208Z"}
{"level":"info","message":"acl parsedParams","reqId":"9381edc9-f10d-4cd1-92c5-d683de7cd4d9","timestamp":"2023-05-25T17:09:12.208Z"}
{"level":"info","message":"END: POST /api/compliance:create","req":{"action":{"actionName":"create","params":{"actionName":"create","resourceName":"compliance","values":{"input_regulations":"Create record for test"}},"resourceName":"compliance"},"header":{"x-hostname":"localhost","x-locale":"en-US","x-role":"root","x-timezone":"+5.5:00"}},"reqId":"9381edc9-f10d-4cd1-92c5-d683de7cd4d9","res":{"status":200},"responseTime":82,"timestamp":"2023-05-25T17:09:12.271Z"}
{"level":"info","message":"[Workflow] request (#1) sent to \"http://192.168.0.198:5000/webhook\", waiting for response...","timestamp":"2023-05-25T17:09:12.317Z"}
{"level":"info","message":"[Workflow] request (#1) response received, status: -1","timestamp":"2023-05-25T17:09:12.319Z"}
{"level":"info","message":"BEGIN: POST /api/compliance:create","reqId":"824199b5-5d66-460d-b3bd-ac2d485d3595","timestamp":"2023-05-25T17:09:51.665Z"}
{"level":"info","message":"Current user id: 1","reqId":"824199b5-5d66-460d-b3bd-ac2d485d3595","timestamp":"2023-05-25T17:09:51.677Z"}
{"can":null,"level":"info","message":"ctx permission","reqId":"824199b5-5d66-460d-b3bd-ac2d485d3595","skip":true,"timestamp":"2023-05-25T17:09:51.684Z"}
{"level":"info","message":"acl params","reqId":"824199b5-5d66-460d-b3bd-ac2d485d3595","timestamp":"2023-05-25T17:09:51.685Z"}
{"level":"info","message":"acl parsedParams","reqId":"824199b5-5d66-460d-b3bd-ac2d485d3595","timestamp":"2023-05-25T17:09:51.686Z"}
{"level":"info","message":"END: POST /api/compliance:create","req":{"action":{"actionName":"create","params":{"actionName":"create","resourceName":"compliance","values":{"input_regulations":"create record"}},"resourceName":"compliance"},"header":{"x-hostname":"localhost","x-locale":"en-US","x-role":"root","x-timezone":"+5.5:00"}},"reqId":"824199b5-5d66-460d-b3bd-ac2d485d3595","res":{"status":200},"responseTime":52,"timestamp":"2023-05-25T17:09:51.717Z"}
{"level":"info","message":"[Workflow] request (#1) sent to \"http://192.168.0.198:5000/webhook\", waiting for response...","timestamp":"2023-05-25T17:09:51.758Z"}
{"level":"info","message":"[Workflow] request (#1) response received, status: -1","timestamp":"2023-05-25T17:09:51.761Z"}
{"level":"info","message":"BEGIN: GET /api/workflows:list?pageSize=20&sort%5B%5D=-createdAt&except%5B%5D=config&filter=%7B%22current%22%3Atrue%7D","reqId":"f9361dc1-0557-48eb-ac5e-3299586a9203","timestamp":"2023-05-25T17:09:55.173Z"}
{"level":"info","message":"Current user id: 1","reqId":"f9361dc1-0557-48eb-ac5e-3299586a9203","timestamp":"2023-05-25T17:09:55.186Z"}
{"can":{"action":"list","resource":"workflows","role":"root"},"level":"info","message":"ctx permission","reqId":"f9361dc1-0557-48eb-ac5e-3299586a9203","skip":true,"timestamp":"2023-05-25T17:09:55.195Z"}
{"level":"info","message":"acl params","reqId":"f9361dc1-0557-48eb-ac5e-3299586a9203","timestamp":"2023-05-25T17:09:55.197Z"}
{"level":"info","message":"acl parsedParams","reqId":"f9361dc1-0557-48eb-ac5e-3299586a9203","timestamp":"2023-05-25T17:09:55.198Z"}
{"level":"info","message":"END: GET /api/workflows:list?pageSize=20&sort%5B%5D=-createdAt&except%5B%5D=config&filter=%7B%22current%22%3Atrue%7D","req":{"action":{"actionName":"list","params":{"actionName":"list","except":["config"],"filter":{"current":true},"pageSize":"20","resourceName":"workflows","sort":["-createdAt"]},"resourceName":"workflows"},"header":{"x-hostname":"localhost","x-locale":"en-US","x-role":"root","x-timezone":"+5.5:00"}},"reqId":"f9361dc1-0557-48eb-ac5e-3299586a9203","res":{"status":200},"responseTime":44,"timestamp":"2023-05-25T17:09:55.218Z"}
{"level":"info","message":"BEGIN: GET /api/executions:list?appends%5B%5D=workflow.id&appends%5B%5D=workflow.title&pageSize=20&sort%5B%5D=-createdAt&filter=%7B%22key%22%3A%22qm8pm8ub4p5%22%7D","reqId":"d2516036-c0d4-4e50-8faa-f57a46584a59","timestamp":"2023-05-25T17:10:04.193Z"}
{"level":"info","message":"Current user id: 1","reqId":"d2516036-c0d4-4e50-8faa-f57a46584a59","timestamp":"2023-05-25T17:10:04.204Z"}
{"can":{"action":"list","resource":"executions","role":"root"},"level":"info","message":"ctx permission","reqId":"d2516036-c0d4-4e50-8faa-f57a46584a59","skip":true,"timestamp":"2023-05-25T17:10:04.214Z"}
{"level":"info","message":"acl params","reqId":"d2516036-c0d4-4e50-8faa-f57a46584a59","timestamp":"2023-05-25T17:10:04.215Z"}
{"level":"info","message":"acl parsedParams","reqId":"d2516036-c0d4-4e50-8faa-f57a46584a59","timestamp":"2023-05-25T17:10:04.215Z"}
{"level":"info","message":"END: GET /api/executions:list?appends%5B%5D=workflow.id&appends%5B%5D=workflow.title&pageSize=20&sort%5B%5D=-createdAt&filter=%7B%22key%22%3A%22qm8pm8ub4p5%22%7D","req":{"action":{"actionName":"list","params":{"actionName":"list","appends":["workflow.id","workflow.title"],"filter":{"key":"qm8pm8ub4p5"},"pageSize":"20","resourceName":"executions","sort":["-createdAt"]},"resourceName":"executions"},"header":{"x-hostname":"localhost","x-locale":"en-US","x-role":"root","x-timezone":"+5.5:00"}},"reqId":"d2516036-c0d4-4e50-8faa-f57a46584a59","res":{"status":200},"responseTime":50,"timestamp":"2023-05-25T17:10:04.242Z"}
{"level":"info","message":"BEGIN: GET /api/executions:get?appends%5B%5D=jobs&appends%5B%5D=workflow&appends%5B%5D=workflow.nodes&filter=%7B%22id%22%3A%222%22%7D","reqId":"9a41c880-8d5d-4827-85eb-85cdd490cc88","timestamp":"2023-05-25T17:10:09.994Z"}
{"level":"info","message":"Current user id: 1","reqId":"9a41c880-8d5d-4827-85eb-85cdd490cc88","timestamp":"2023-05-25T17:10:10.006Z"}
{"can":{"action":"get","resource":"executions","role":"root"},"level":"info","message":"ctx permission","reqId":"9a41c880-8d5d-4827-85eb-85cdd490cc88","skip":true,"timestamp":"2023-05-25T17:10:10.013Z"}
{"level":"info","message":"acl params","reqId":"9a41c880-8d5d-4827-85eb-85cdd490cc88","timestamp":"2023-05-25T17:10:10.014Z"}
{"level":"info","message":"acl parsedParams","reqId":"9a41c880-8d5d-4827-85eb-85cdd490cc88","timestamp":"2023-05-25T17:10:10.015Z"}
{"level":"info","message":"END: GET /api/executions:get?appends%5B%5D=jobs&appends%5B%5D=workflow&appends%5B%5D=workflow.nodes&filter=%7B%22id%22%3A%222%22%7D","req":{"action":{"actionName":"get","params":{"actionName":"get","appends":["jobs","workflow","workflow.nodes"],"filter":{"id":"2"},"resourceName":"executions"},"resourceName":"executions"},"header":{"x-hostname":"localhost","x-locale":"en-US","x-role":"root","x-timezone":"+5.5:00"}},"reqId":"9a41c880-8d5d-4827-85eb-85cdd490cc88","res":{"status":200},"responseTime":38,"timestamp":"2023-05-25T17:10:10.032Z"}
{"level":"info","message":"BEGIN: GET /api/uiSchemas:getProperties/x1meclgs8hv","reqId":"704a8a70-bbd1-44c5-ae94-40a91921bb8e","timestamp":"2023-05-25T17:11:19.983Z"}
{"level":"info","message":"Current user id: 1","reqId":"704a8a70-bbd1-44c5-ae94-40a91921bb8e","timestamp":"2023-05-25T17:11:19.997Z"}
{"can":{"action":"getProperties","resource":"uiSchemas","role":"root"},"level":"info","message":"ctx permission","reqId":"704a8a70-bbd1-44c5-ae94-40a91921bb8e","skip":true,"timestamp":"2023-05-25T17:11:20.009Z"}
{"level":"info","message":"acl params","reqId":"704a8a70-bbd1-44c5-ae94-40a91921bb8e","timestamp":"2023-05-25T17:11:20.010Z"}
{"level":"info","message":"acl parsedParams","reqId":"704a8a70-bbd1-44c5-ae94-40a91921bb8e","timestamp":"2023-05-25T17:11:20.010Z"}
{"level":"info","message":"END: GET /api/uiSchemas:getProperties/x1meclgs8hv","req":{"action":{"actionName":"getProperties","params":{"actionName":"getProperties","filterByTk":"x1meclgs8hv","resourceIndex":"x1meclgs8hv","resourceName":"uiSchemas"},"resourceName":"uiSchemas"},"header":{"x-hostname":"localhost","x-locale":"en-US","x-role":"root","x-timezone":"+5.5:00"}},"reqId":"704a8a70-bbd1-44c5-ae94-40a91921bb8e","res":{"status":200},"responseTime":28,"timestamp":"2023-05-25T17:11:20.011Z"}
