{"level":"info","message":"BEGIN: GET /api/collections:list?pageSize=50&sort%5B%5D=sort&appends%5B%5D=fields&appends%5B%5D=category&filter=%7B%22hidden%22%3A%7B%22%24isFalsy%22%3Atrue%7D%7D","reqId":"4f9dfb23-2e8a-462d-8f1e-f1824d3adc78","timestamp":"2023-05-31T17:32:47.233Z"}
{"level":"info","message":"Current user id: 1","reqId":"4f9dfb23-2e8a-462d-8f1e-f1824d3adc78","timestamp":"2023-05-31T17:32:47.256Z"}
{"can":{"action":"list","resource":"collections","role":"root"},"level":"info","message":"ctx permission","reqId":"4f9dfb23-2e8a-462d-8f1e-f1824d3adc78","skip":true,"timestamp":"2023-05-31T17:32:47.270Z"}
{"level":"info","message":"acl params","reqId":"4f9dfb23-2e8a-462d-8f1e-f1824d3adc78","timestamp":"2023-05-31T17:32:47.272Z"}
{"level":"info","message":"acl parsedParams","reqId":"4f9dfb23-2e8a-462d-8f1e-f1824d3adc78","timestamp":"2023-05-31T17:32:47.272Z"}
{"level":"info","message":"END: GET /api/collections:list?pageSize=50&sort%5B%5D=sort&appends%5B%5D=fields&appends%5B%5D=category&filter=%7B%22hidden%22%3A%7B%22%24isFalsy%22%3Atrue%7D%7D","req":{"action":{"actionName":"list","params":{"actionName":"list","appends":["fields","category"],"filter":{"hidden":{"$isFalsy":true}},"pageSize":"50","resourceName":"collections","sort":["sort"]},"resourceName":"collections"},"header":{"x-hostname":"localhost","x-locale":"en-US","x-role":"root","x-timezone":"+5.5:00"}},"reqId":"4f9dfb23-2e8a-462d-8f1e-f1824d3adc78","res":{"status":200},"responseTime":90,"timestamp":"2023-05-31T17:32:47.322Z"}
{"level":"info","message":"BEGIN: GET /api/availableActions:list","reqId":"e12e8ddc-0b00-4f81-a1ff-c6512dc2a4a6","timestamp":"2023-05-31T17:32:50.972Z"}
{"level":"info","message":"Current user id: 1","reqId":"e12e8ddc-0b00-4f81-a1ff-c6512dc2a4a6","timestamp":"2023-05-31T17:32:50.984Z"}
{"can":{"action":"list","resource":"availableActions","role":"root"},"level":"info","message":"ctx permission","reqId":"e12e8ddc-0b00-4f81-a1ff-c6512dc2a4a6","skip":true,"timestamp":"2023-05-31T17:32:50.993Z"}
{"level":"info","message":"acl params","reqId":"e12e8ddc-0b00-4f81-a1ff-c6512dc2a4a6","timestamp":"2023-05-31T17:32:50.994Z"}
{"level":"info","message":"acl parsedParams","reqId":"e12e8ddc-0b00-4f81-a1ff-c6512dc2a4a6","timestamp":"2023-05-31T17:32:50.995Z"}
{"level":"info","message":"END: GET /api/availableActions:list","req":{"action":{"actionName":"list","params":{"actionName":"list","resourceName":"availableActions"},"resourceName":"availableActions"},"header":{"x-hostname":"localhost","x-locale":"en-US","x-role":"root","x-timezone":"+5.5:00"}},"reqId":"e12e8ddc-0b00-4f81-a1ff-c6512dc2a4a6","res":{"status":200},"responseTime":25,"timestamp":"2023-05-31T17:32:50.997Z"}
{"level":"info","message":"BEGIN: GET /api/roles:list?pageSize=50&showAnonymous=true&sort%5B%5D=createdAt&filter=%7B%22name%22%3A%7B%22%24ne%22%3A%22root%22%7D%7D","reqId":"bd859faa-a4ce-4832-89ce-81b82bad58c3","timestamp":"2023-05-31T17:32:51.402Z"}
{"level":"info","message":"Current user id: 1","reqId":"bd859faa-a4ce-4832-89ce-81b82bad58c3","timestamp":"2023-05-31T17:32:51.416Z"}
{"can":{"action":"list","resource":"roles","role":"root"},"level":"info","message":"ctx permission","reqId":"bd859faa-a4ce-4832-89ce-81b82bad58c3","skip":true,"timestamp":"2023-05-31T17:32:51.425Z"}
{"level":"info","message":"acl params","reqId":"bd859faa-a4ce-4832-89ce-81b82bad58c3","timestamp":"2023-05-31T17:32:51.427Z"}
{"level":"info","message":"acl parsedParams","reqId":"bd859faa-a4ce-4832-89ce-81b82bad58c3","timestamp":"2023-05-31T17:32:51.427Z"}
{"level":"info","message":"END: GET /api/roles:list?pageSize=50&showAnonymous=true&sort%5B%5D=createdAt&filter=%7B%22name%22%3A%7B%22%24ne%22%3A%22root%22%7D%7D","req":{"action":{"actionName":"list","params":{"actionName":"list","filter":{"name":{"$ne":"root"}},"pageSize":"50","resourceName":"roles","showAnonymous":"true","sort":["createdAt"]},"resourceName":"roles"},"header":{"x-hostname":"localhost","x-locale":"en-US","x-role":"root","x-timezone":"+5.5:00"}},"reqId":"bd859faa-a4ce-4832-89ce-81b82bad58c3","res":{"status":200},"responseTime":51,"timestamp":"2023-05-31T17:32:51.452Z"}
{"level":"info","message":"BEGIN: GET /api/availableActions:list","reqId":"d4e0474f-1d1a-4ff3-9753-a950d42a48fa","timestamp":"2023-05-31T17:32:56.005Z"}
{"level":"info","message":"Current user id: 1","reqId":"d4e0474f-1d1a-4ff3-9753-a950d42a48fa","timestamp":"2023-05-31T17:32:56.018Z"}
{"can":{"action":"list","resource":"availableActions","role":"root"},"level":"info","message":"ctx permission","reqId":"d4e0474f-1d1a-4ff3-9753-a950d42a48fa","skip":true,"timestamp":"2023-05-31T17:32:56.027Z"}
{"level":"info","message":"acl params","reqId":"d4e0474f-1d1a-4ff3-9753-a950d42a48fa","timestamp":"2023-05-31T17:32:56.028Z"}
{"level":"info","message":"acl parsedParams","reqId":"d4e0474f-1d1a-4ff3-9753-a950d42a48fa","timestamp":"2023-05-31T17:32:56.029Z"}
{"level":"info","message":"END: GET /api/availableActions:list","req":{"action":{"actionName":"list","params":{"actionName":"list","resourceName":"availableActions"},"resourceName":"availableActions"},"header":{"x-hostname":"localhost","x-locale":"en-US","x-role":"root","x-timezone":"+5.5:00"}},"reqId":"d4e0474f-1d1a-4ff3-9753-a950d42a48fa","res":{"status":200},"responseTime":26,"timestamp":"2023-05-31T17:32:56.030Z"}
{"level":"info","message":"BEGIN: GET /api/roles:list?pageSize=50&showAnonymous=true&sort%5B%5D=createdAt&filter=%7B%22name%22%3A%7B%22%24ne%22%3A%22root%22%7D%7D","reqId":"9df57d82-687d-4a9c-8288-75ed4264caba","timestamp":"2023-05-31T17:32:56.427Z"}
{"level":"info","message":"Current user id: 1","reqId":"9df57d82-687d-4a9c-8288-75ed4264caba","timestamp":"2023-05-31T17:32:56.436Z"}
{"can":{"action":"list","resource":"roles","role":"root"},"level":"info","message":"ctx permission","reqId":"9df57d82-687d-4a9c-8288-75ed4264caba","skip":true,"timestamp":"2023-05-31T17:32:56.449Z"}
{"level":"info","message":"acl params","reqId":"9df57d82-687d-4a9c-8288-75ed4264caba","timestamp":"2023-05-31T17:32:56.450Z"}
{"level":"info","message":"acl parsedParams","reqId":"9df57d82-687d-4a9c-8288-75ed4264caba","timestamp":"2023-05-31T17:32:56.450Z"}
{"level":"info","message":"END: GET /api/roles:list?pageSize=50&showAnonymous=true&sort%5B%5D=createdAt&filter=%7B%22name%22%3A%7B%22%24ne%22%3A%22root%22%7D%7D","req":{"action":{"actionName":"list","params":{"actionName":"list","filter":{"name":{"$ne":"root"}},"pageSize":"50","resourceName":"roles","showAnonymous":"true","sort":["createdAt"]},"resourceName":"roles"},"header":{"x-hostname":"localhost","x-locale":"en-US","x-role":"root","x-timezone":"+5.5:00"}},"reqId":"9df57d82-687d-4a9c-8288-75ed4264caba","res":{"status":200},"responseTime":41,"timestamp":"2023-05-31T17:32:56.468Z"}
{"level":"info","message":"BEGIN: GET /api/collections:list?pageSize=50&sort%5B%5D=sort&appends%5B%5D=fields&appends%5B%5D=category&filter=%7B%22hidden%22%3A%7B%22%24isFalsy%22%3Atrue%7D%7D","reqId":"a89fa592-c9e7-478a-ac69-21f3fe4219f1","timestamp":"2023-05-31T17:33:02.723Z"}
{"level":"info","message":"Current user id: 1","reqId":"a89fa592-c9e7-478a-ac69-21f3fe4219f1","timestamp":"2023-05-31T17:33:02.737Z"}
{"can":{"action":"list","resource":"collections","role":"root"},"level":"info","message":"ctx permission","reqId":"a89fa592-c9e7-478a-ac69-21f3fe4219f1","skip":true,"timestamp":"2023-05-31T17:33:02.746Z"}
{"level":"info","message":"acl params","reqId":"a89fa592-c9e7-478a-ac69-21f3fe4219f1","timestamp":"2023-05-31T17:33:02.747Z"}
{"level":"info","message":"acl parsedParams","reqId":"a89fa592-c9e7-478a-ac69-21f3fe4219f1","timestamp":"2023-05-31T17:33:02.748Z"}
{"level":"info","message":"END: GET /api/collections:list?pageSize=50&sort%5B%5D=sort&appends%5B%5D=fields&appends%5B%5D=category&filter=%7B%22hidden%22%3A%7B%22%24isFalsy%22%3Atrue%7D%7D","req":{"action":{"actionName":"list","params":{"actionName":"list","appends":["fields","category"],"filter":{"hidden":{"$isFalsy":true}},"pageSize":"50","resourceName":"collections","sort":["sort"]},"resourceName":"collections"},"header":{"x-hostname":"localhost","x-locale":"en-US","x-role":"root","x-timezone":"+5.5:00"}},"reqId":"a89fa592-c9e7-478a-ac69-21f3fe4219f1","res":{"status":200},"responseTime":107,"timestamp":"2023-05-31T17:33:02.830Z"}
{"level":"info","message":"BEGIN: GET /api/collections/compliance/fields:list?paginate=false&sort%5B%5D=sort&filter=%7B%22%24or%22%3A%5B%7B%22interface.%24not%22%3Anull%7D%2C%7B%22options.source.%24notEmpty%22%3Atrue%7D%5D%7D","reqId":"b8504d61-23e3-4189-9994-374713e94a0b","timestamp":"2023-05-31T17:33:13.326Z"}
{"level":"info","message":"Current user id: 1","reqId":"b8504d61-23e3-4189-9994-374713e94a0b","timestamp":"2023-05-31T17:33:13.345Z"}
{"can":{"action":"list","resource":"collections.fields","role":"root"},"level":"info","message":"ctx permission","reqId":"b8504d61-23e3-4189-9994-374713e94a0b","skip":true,"timestamp":"2023-05-31T17:33:13.362Z"}
{"level":"info","message":"acl params","reqId":"b8504d61-23e3-4189-9994-374713e94a0b","timestamp":"2023-05-31T17:33:13.363Z"}
{"level":"info","message":"acl parsedParams","reqId":"b8504d61-23e3-4189-9994-374713e94a0b","timestamp":"2023-05-31T17:33:13.364Z"}
{"level":"info","message":"END: GET /api/collections/compliance/fields:list?paginate=false&sort%5B%5D=sort&filter=%7B%22%24or%22%3A%5B%7B%22interface.%24not%22%3Anull%7D%2C%7B%22options.source.%24notEmpty%22%3Atrue%7D%5D%7D","req":{"action":{"actionName":"list","params":{"actionName":"list","associatedIndex":"compliance","associatedName":"collections","filter":{"$or":[{"interface":{"$not":null}},{"options":{"source":{"$notEmpty":true}}}]},"paginate":"false","resourceName":"fields","sort":["sort"]},"resourceName":"collections.fields","resourceOf":"compliance"},"header":{"x-hostname":"localhost","x-locale":"en-US","x-role":"root","x-timezone":"+5.5:00"}},"reqId":"b8504d61-23e3-4189-9994-374713e94a0b","res":{"status":200},"responseTime":52,"timestamp":"2023-05-31T17:33:13.377Z"}
{"level":"info","message":"BEGIN: GET /api/verifications_providers:list?pageSize=50&sort%5B%5D=-default&sort%5B%5D=id","reqId":"066244ca-70a8-4523-aa23-1e569bec736a","timestamp":"2023-05-31T17:33:16.538Z"}
{"level":"info","message":"Current user id: 1","reqId":"066244ca-70a8-4523-aa23-1e569bec736a","timestamp":"2023-05-31T17:33:16.551Z"}
{"can":{"action":"list","resource":"verifications_providers","role":"root"},"level":"info","message":"ctx permission","reqId":"066244ca-70a8-4523-aa23-1e569bec736a","skip":true,"timestamp":"2023-05-31T17:33:16.562Z"}
{"level":"info","message":"acl params","reqId":"066244ca-70a8-4523-aa23-1e569bec736a","timestamp":"2023-05-31T17:33:16.563Z"}
{"level":"info","message":"acl parsedParams","reqId":"066244ca-70a8-4523-aa23-1e569bec736a","timestamp":"2023-05-31T17:33:16.564Z"}
{"level":"info","message":"END: GET /api/verifications_providers:list?pageSize=50&sort%5B%5D=-default&sort%5B%5D=id","req":{"action":{"actionName":"list","params":{"actionName":"list","pageSize":"50","resourceName":"verifications_providers","sort":["-default","id"]},"resourceName":"verifications_providers"},"header":{"x-hostname":"localhost","x-locale":"en-US","x-role":"root","x-timezone":"+5.5:00"}},"reqId":"066244ca-70a8-4523-aa23-1e569bec736a","res":{"status":200},"responseTime":59,"timestamp":"2023-05-31T17:33:16.597Z"}
{"level":"info","message":"BEGIN: GET /api/storages:list?pageSize=50&sort%5B%5D=id","reqId":"6a5616d8-67e8-41b0-b4c6-68e7a66afa6c","timestamp":"2023-05-31T17:34:48.083Z"}
{"level":"info","message":"Current user id: 1","reqId":"6a5616d8-67e8-41b0-b4c6-68e7a66afa6c","timestamp":"2023-05-31T17:34:48.094Z"}
{"can":{"action":"list","resource":"storages","role":"root"},"level":"info","message":"ctx permission","reqId":"6a5616d8-67e8-41b0-b4c6-68e7a66afa6c","skip":true,"timestamp":"2023-05-31T17:34:48.107Z"}
{"level":"info","message":"acl params","reqId":"6a5616d8-67e8-41b0-b4c6-68e7a66afa6c","timestamp":"2023-05-31T17:34:48.109Z"}
{"level":"info","message":"acl parsedParams","reqId":"6a5616d8-67e8-41b0-b4c6-68e7a66afa6c","timestamp":"2023-05-31T17:34:48.109Z"}
{"level":"info","message":"END: GET /api/storages:list?pageSize=50&sort%5B%5D=id","req":{"action":{"actionName":"list","params":{"actionName":"list","pageSize":"50","resourceName":"storages","sort":["id"]},"resourceName":"storages"},"header":{"x-hostname":"localhost","x-locale":"en-US","x-role":"root","x-timezone":"+5.5:00"}},"reqId":"6a5616d8-67e8-41b0-b4c6-68e7a66afa6c","res":{"status":200},"responseTime":47,"timestamp":"2023-05-31T17:34:48.130Z"}
{"level":"info","message":"BEGIN: GET /api/collections:list?pageSize=50&sort%5B%5D=sort&appends%5B%5D=fields&appends%5B%5D=category&filter=%7B%22hidden%22%3A%7B%22%24isFalsy%22%3Atrue%7D%7D","reqId":"1eab5261-78bf-4066-aa05-b2520cd3d563","timestamp":"2023-05-31T17:34:50.996Z"}
{"level":"info","message":"Current user id: 1","reqId":"1eab5261-78bf-4066-aa05-b2520cd3d563","timestamp":"2023-05-31T17:34:51.008Z"}
{"can":{"action":"list","resource":"collections","role":"root"},"level":"info","message":"ctx permission","reqId":"1eab5261-78bf-4066-aa05-b2520cd3d563","skip":true,"timestamp":"2023-05-31T17:34:51.020Z"}
{"level":"info","message":"acl params","reqId":"1eab5261-78bf-4066-aa05-b2520cd3d563","timestamp":"2023-05-31T17:34:51.020Z"}
{"level":"info","message":"acl parsedParams","reqId":"1eab5261-78bf-4066-aa05-b2520cd3d563","timestamp":"2023-05-31T17:34:51.021Z"}
{"level":"info","message":"END: GET /api/collections:list?pageSize=50&sort%5B%5D=sort&appends%5B%5D=fields&appends%5B%5D=category&filter=%7B%22hidden%22%3A%7B%22%24isFalsy%22%3Atrue%7D%7D","req":{"action":{"actionName":"list","params":{"actionName":"list","appends":["fields","category"],"filter":{"hidden":{"$isFalsy":true}},"pageSize":"50","resourceName":"collections","sort":["sort"]},"resourceName":"collections"},"header":{"x-hostname":"localhost","x-locale":"en-US","x-role":"root","x-timezone":"+5.5:00"}},"reqId":"1eab5261-78bf-4066-aa05-b2520cd3d563","res":{"status":200},"responseTime":73,"timestamp":"2023-05-31T17:34:51.069Z"}
{"level":"info","message":"BEGIN: GET /api/availableActions:list","reqId":"e15a334f-9627-4b6e-af33-ab4325614e30","timestamp":"2023-05-31T17:34:55.238Z"}
{"level":"info","message":"Current user id: 1","reqId":"e15a334f-9627-4b6e-af33-ab4325614e30","timestamp":"2023-05-31T17:34:55.249Z"}
{"can":{"action":"list","resource":"availableActions","role":"root"},"level":"info","message":"ctx permission","reqId":"e15a334f-9627-4b6e-af33-ab4325614e30","skip":true,"timestamp":"2023-05-31T17:34:55.258Z"}
{"level":"info","message":"acl params","reqId":"e15a334f-9627-4b6e-af33-ab4325614e30","timestamp":"2023-05-31T17:34:55.259Z"}
{"level":"info","message":"acl parsedParams","reqId":"e15a334f-9627-4b6e-af33-ab4325614e30","timestamp":"2023-05-31T17:34:55.260Z"}
{"level":"info","message":"END: GET /api/availableActions:list","req":{"action":{"actionName":"list","params":{"actionName":"list","resourceName":"availableActions"},"resourceName":"availableActions"},"header":{"x-hostname":"localhost","x-locale":"en-US","x-role":"root","x-timezone":"+5.5:00"}},"reqId":"e15a334f-9627-4b6e-af33-ab4325614e30","res":{"status":200},"responseTime":22,"timestamp":"2023-05-31T17:34:55.261Z"}
{"level":"info","message":"BEGIN: GET /api/roles:list?pageSize=50&showAnonymous=true&sort%5B%5D=createdAt&filter=%7B%22name%22%3A%7B%22%24ne%22%3A%22root%22%7D%7D","reqId":"2f2242f1-db16-4a0d-bef2-746a155b41e4","timestamp":"2023-05-31T17:34:55.494Z"}
{"level":"info","message":"Current user id: 1","reqId":"2f2242f1-db16-4a0d-bef2-746a155b41e4","timestamp":"2023-05-31T17:34:55.504Z"}
{"can":{"action":"list","resource":"roles","role":"root"},"level":"info","message":"ctx permission","reqId":"2f2242f1-db16-4a0d-bef2-746a155b41e4","skip":true,"timestamp":"2023-05-31T17:34:55.516Z"}
{"level":"info","message":"acl params","reqId":"2f2242f1-db16-4a0d-bef2-746a155b41e4","timestamp":"2023-05-31T17:34:55.517Z"}
{"level":"info","message":"acl parsedParams","reqId":"2f2242f1-db16-4a0d-bef2-746a155b41e4","timestamp":"2023-05-31T17:34:55.518Z"}
{"level":"info","message":"END: GET /api/roles:list?pageSize=50&showAnonymous=true&sort%5B%5D=createdAt&filter=%7B%22name%22%3A%7B%22%24ne%22%3A%22root%22%7D%7D","req":{"action":{"actionName":"list","params":{"actionName":"list","filter":{"name":{"$ne":"root"}},"pageSize":"50","resourceName":"roles","showAnonymous":"true","sort":["createdAt"]},"resourceName":"roles"},"header":{"x-hostname":"localhost","x-locale":"en-US","x-role":"root","x-timezone":"+5.5:00"}},"reqId":"2f2242f1-db16-4a0d-bef2-746a155b41e4","res":{"status":200},"responseTime":51,"timestamp":"2023-05-31T17:34:55.545Z"}
{"level":"info","message":"BEGIN: GET /api/uiSchemaTemplates:list?pageSize=20&appends%5B%5D=collection&sort%5B%5D=-createdAt","reqId":"143986b2-1c30-44dd-aa89-c0c97101dd53","timestamp":"2023-05-31T17:34:56.631Z"}
{"level":"info","message":"Current user id: 1","reqId":"143986b2-1c30-44dd-aa89-c0c97101dd53","timestamp":"2023-05-31T17:34:56.642Z"}
{"can":{"action":"list","resource":"uiSchemaTemplates","role":"root"},"level":"info","message":"ctx permission","reqId":"143986b2-1c30-44dd-aa89-c0c97101dd53","skip":true,"timestamp":"2023-05-31T17:34:56.651Z"}
{"level":"info","message":"acl params","reqId":"143986b2-1c30-44dd-aa89-c0c97101dd53","timestamp":"2023-05-31T17:34:56.652Z"}
{"level":"info","message":"acl parsedParams","reqId":"143986b2-1c30-44dd-aa89-c0c97101dd53","timestamp":"2023-05-31T17:34:56.653Z"}
{"level":"info","message":"END: GET /api/uiSchemaTemplates:list?pageSize=20&appends%5B%5D=collection&sort%5B%5D=-createdAt","req":{"action":{"actionName":"list","params":{"actionName":"list","appends":["collection"],"pageSize":"20","resourceName":"uiSchemaTemplates","sort":["-createdAt"]},"resourceName":"uiSchemaTemplates"},"header":{"x-hostname":"localhost","x-locale":"en-US","x-role":"root","x-timezone":"+5.5:00"}},"reqId":"143986b2-1c30-44dd-aa89-c0c97101dd53","res":{"status":200},"responseTime":42,"timestamp":"2023-05-31T17:34:56.673Z"}
{"level":"info","message":"BEGIN: GET /api/collections:list?pageSize=50&sort%5B%5D=sort&appends%5B%5D=fields&appends%5B%5D=category&filter=%7B%22hidden%22%3A%7B%22%24isFalsy%22%3Atrue%7D%7D","reqId":"fef8f18d-a66e-483d-a206-53b207e79cd5","timestamp":"2023-05-31T17:34:58.269Z"}
{"level":"info","message":"Current user id: 1","reqId":"fef8f18d-a66e-483d-a206-53b207e79cd5","timestamp":"2023-05-31T17:34:58.281Z"}
{"can":{"action":"list","resource":"collections","role":"root"},"level":"info","message":"ctx permission","reqId":"fef8f18d-a66e-483d-a206-53b207e79cd5","skip":true,"timestamp":"2023-05-31T17:34:58.294Z"}
{"level":"info","message":"acl params","reqId":"fef8f18d-a66e-483d-a206-53b207e79cd5","timestamp":"2023-05-31T17:34:58.295Z"}
{"level":"info","message":"acl parsedParams","reqId":"fef8f18d-a66e-483d-a206-53b207e79cd5","timestamp":"2023-05-31T17:34:58.296Z"}
{"level":"info","message":"END: GET /api/collections:list?pageSize=50&sort%5B%5D=sort&appends%5B%5D=fields&appends%5B%5D=category&filter=%7B%22hidden%22%3A%7B%22%24isFalsy%22%3Atrue%7D%7D","req":{"action":{"actionName":"list","params":{"actionName":"list","appends":["fields","category"],"filter":{"hidden":{"$isFalsy":true}},"pageSize":"50","resourceName":"collections","sort":["sort"]},"resourceName":"collections"},"header":{"x-hostname":"localhost","x-locale":"en-US","x-role":"root","x-timezone":"+5.5:00"}},"reqId":"fef8f18d-a66e-483d-a206-53b207e79cd5","res":{"status":200},"responseTime":66,"timestamp":"2023-05-31T17:34:58.336Z"}
{"level":"info","message":"BEGIN: GET /api/storages:list?pageSize=50&sort%5B%5D=id","reqId":"14bc72c5-44e0-433d-846e-cc1f73774a52","timestamp":"2023-05-31T17:35:01.436Z"}
{"level":"info","message":"Current user id: 1","reqId":"14bc72c5-44e0-433d-846e-cc1f73774a52","timestamp":"2023-05-31T17:35:01.446Z"}
{"can":{"action":"list","resource":"storages","role":"root"},"level":"info","message":"ctx permission","reqId":"14bc72c5-44e0-433d-846e-cc1f73774a52","skip":true,"timestamp":"2023-05-31T17:35:01.456Z"}
{"level":"info","message":"acl params","reqId":"14bc72c5-44e0-433d-846e-cc1f73774a52","timestamp":"2023-05-31T17:35:01.457Z"}
{"level":"info","message":"acl parsedParams","reqId":"14bc72c5-44e0-433d-846e-cc1f73774a52","timestamp":"2023-05-31T17:35:01.458Z"}
{"level":"info","message":"END: GET /api/storages:list?pageSize=50&sort%5B%5D=id","req":{"action":{"actionName":"list","params":{"actionName":"list","pageSize":"50","resourceName":"storages","sort":["id"]},"resourceName":"storages"},"header":{"x-hostname":"localhost","x-locale":"en-US","x-role":"root","x-timezone":"+5.5:00"}},"reqId":"14bc72c5-44e0-433d-846e-cc1f73774a52","res":{"status":200},"responseTime":45,"timestamp":"2023-05-31T17:35:01.481Z"}
{"level":"info","message":"BEGIN: GET /api/verifications_providers:list?pageSize=50&sort%5B%5D=-default&sort%5B%5D=id","reqId":"0a570993-f47c-4b77-97f5-21bb6bee45d0","timestamp":"2023-05-31T17:35:03.047Z"}
{"level":"info","message":"Current user id: 1","reqId":"0a570993-f47c-4b77-97f5-21bb6bee45d0","timestamp":"2023-05-31T17:35:03.057Z"}
{"can":{"action":"list","resource":"verifications_providers","role":"root"},"level":"info","message":"ctx permission","reqId":"0a570993-f47c-4b77-97f5-21bb6bee45d0","skip":true,"timestamp":"2023-05-31T17:35:03.069Z"}
{"level":"info","message":"acl params","reqId":"0a570993-f47c-4b77-97f5-21bb6bee45d0","timestamp":"2023-05-31T17:35:03.070Z"}
{"level":"info","message":"acl parsedParams","reqId":"0a570993-f47c-4b77-97f5-21bb6bee45d0","timestamp":"2023-05-31T17:35:03.071Z"}
{"level":"info","message":"END: GET /api/verifications_providers:list?pageSize=50&sort%5B%5D=-default&sort%5B%5D=id","req":{"action":{"actionName":"list","params":{"actionName":"list","pageSize":"50","resourceName":"verifications_providers","sort":["-default","id"]},"resourceName":"verifications_providers"},"header":{"x-hostname":"localhost","x-locale":"en-US","x-role":"root","x-timezone":"+5.5:00"}},"reqId":"0a570993-f47c-4b77-97f5-21bb6bee45d0","res":{"status":200},"responseTime":35,"timestamp":"2023-05-31T17:35:03.081Z"}
{"level":"info","message":"BEGIN: GET /api/tokens","reqId":"dec2d079-502b-4955-9583-f77738de4f6d","timestamp":"2023-05-31T17:42:10.118Z"}
{"level":"warn","message":"END: GET /api/tokens","req":{},"reqId":"dec2d079-502b-4955-9583-f77738de4f6d","res":{"status":404},"responseTime":3,"timestamp":"2023-05-31T17:42:10.120Z"}
{"level":"info","message":"BEGIN: GET /api/tokens","reqId":"7e1f2248-601d-4fa9-ae21-d1c29ac9e9b0","timestamp":"2023-05-31T17:43:04.729Z"}
{"level":"warn","message":"END: GET /api/tokens","req":{},"reqId":"7e1f2248-601d-4fa9-ae21-d1c29ac9e9b0","res":{"status":404},"responseTime":2,"timestamp":"2023-05-31T17:43:04.731Z"}
{"level":"info","message":"BEGIN: GET /api/app:getPlugins","reqId":"70fcc4c4-c3bc-4368-a6e9-539b1c4a9a0b","timestamp":"2023-05-31T17:52:30.171Z"}
{"level":"info","message":"BEGIN: GET /api/app:getLang?locale=en-US","reqId":"b06f8b5f-b47c-45a4-b95a-b6e7a10ac09f","timestamp":"2023-05-31T17:52:30.178Z"}
{"level":"info","message":"Current user id: 1","reqId":"70fcc4c4-c3bc-4368-a6e9-539b1c4a9a0b","timestamp":"2023-05-31T17:52:30.192Z"}
{"level":"info","message":"Current user id: 1","reqId":"b06f8b5f-b47c-45a4-b95a-b6e7a10ac09f","timestamp":"2023-05-31T17:52:30.193Z"}
{"can":null,"level":"info","message":"ctx permission","reqId":"70fcc4c4-c3bc-4368-a6e9-539b1c4a9a0b","skip":true,"timestamp":"2023-05-31T17:52:30.207Z"}
{"level":"info","message":"acl params","reqId":"70fcc4c4-c3bc-4368-a6e9-539b1c4a9a0b","timestamp":"2023-05-31T17:52:30.208Z"}
{"level":"info","message":"acl parsedParams","reqId":"70fcc4c4-c3bc-4368-a6e9-539b1c4a9a0b","timestamp":"2023-05-31T17:52:30.208Z"}
{"can":null,"level":"info","message":"ctx permission","reqId":"b06f8b5f-b47c-45a4-b95a-b6e7a10ac09f","skip":true,"timestamp":"2023-05-31T17:52:30.215Z"}
{"level":"info","message":"acl params","reqId":"b06f8b5f-b47c-45a4-b95a-b6e7a10ac09f","timestamp":"2023-05-31T17:52:30.216Z"}
{"level":"info","message":"acl parsedParams","reqId":"b06f8b5f-b47c-45a4-b95a-b6e7a10ac09f","timestamp":"2023-05-31T17:52:30.216Z"}
{"level":"info","message":"END: GET /api/app:getPlugins","req":{"action":{"actionName":"getPlugins","params":{"actionName":"getPlugins","resourceName":"app"},"resourceName":"app"},"header":{"x-hostname":"localhost","x-locale":"en-US","x-role":"root","x-timezone":"+5.5:00"}},"reqId":"70fcc4c4-c3bc-4368-a6e9-539b1c4a9a0b","res":{"status":200},"responseTime":258,"timestamp":"2023-05-31T17:52:30.429Z"}
{"level":"info","message":"END: GET /api/app:getLang?locale=en-US","req":{"action":{"actionName":"getLang","params":{"actionName":"getLang","locale":"en-US","resourceName":"app"},"resourceName":"app"},"header":{"x-hostname":"localhost","x-locale":"en-US","x-role":"root","x-timezone":"+5.5:00"}},"reqId":"b06f8b5f-b47c-45a4-b95a-b6e7a10ac09f","res":{"status":200},"responseTime":261,"timestamp":"2023-05-31T17:52:30.439Z"}
{"level":"info","message":"BEGIN: GET /api/app:getLang?locale=en-US","reqId":"e8e010e9-443f-4f86-bc96-ec2f2fa5f10c","timestamp":"2023-05-31T17:52:30.622Z"}
{"level":"info","message":"Current user id: 1","reqId":"e8e010e9-443f-4f86-bc96-ec2f2fa5f10c","timestamp":"2023-05-31T17:52:30.633Z"}
{"can":null,"level":"info","message":"ctx permission","reqId":"e8e010e9-443f-4f86-bc96-ec2f2fa5f10c","skip":true,"timestamp":"2023-05-31T17:52:30.640Z"}
{"level":"info","message":"acl params","reqId":"e8e010e9-443f-4f86-bc96-ec2f2fa5f10c","timestamp":"2023-05-31T17:52:30.641Z"}
{"level":"info","message":"acl parsedParams","reqId":"e8e010e9-443f-4f86-bc96-ec2f2fa5f10c","timestamp":"2023-05-31T17:52:30.642Z"}
{"level":"info","message":"END: GET /api/app:getLang?locale=en-US","req":{"action":{"actionName":"getLang","params":{"actionName":"getLang","locale":"en-US","resourceName":"app"},"resourceName":"app"},"header":{"x-hostname":"localhost","x-locale":"en-US","x-role":"root","x-timezone":"+5.5:00"}},"reqId":"e8e010e9-443f-4f86-bc96-ec2f2fa5f10c","res":{"status":200},"responseTime":27,"timestamp":"2023-05-31T17:52:30.649Z"}
{"level":"info","message":"BEGIN: GET /api/uiRoutes:getAccessible","reqId":"af46870f-40be-4fc4-8a0a-d06d34aa1382","timestamp":"2023-05-31T17:52:30.835Z"}
{"level":"info","message":"Current user id: 1","reqId":"af46870f-40be-4fc4-8a0a-d06d34aa1382","timestamp":"2023-05-31T17:52:30.846Z"}
{"can":null,"level":"info","message":"ctx permission","reqId":"af46870f-40be-4fc4-8a0a-d06d34aa1382","skip":true,"timestamp":"2023-05-31T17:52:30.856Z"}
{"level":"info","message":"acl params","reqId":"af46870f-40be-4fc4-8a0a-d06d34aa1382","timestamp":"2023-05-31T17:52:30.857Z"}
{"level":"info","message":"acl parsedParams","reqId":"af46870f-40be-4fc4-8a0a-d06d34aa1382","timestamp":"2023-05-31T17:52:30.858Z"}
{"level":"info","message":"END: GET /api/uiRoutes:getAccessible","req":{"action":{"actionName":"getAccessible","params":{"actionName":"getAccessible","resourceName":"uiRoutes"},"resourceName":"uiRoutes"},"header":{"x-hostname":"localhost","x-locale":"en-US","x-role":"root","x-timezone":"+5.5:00"}},"reqId":"af46870f-40be-4fc4-8a0a-d06d34aa1382","res":{"status":200},"responseTime":32,"timestamp":"2023-05-31T17:52:30.867Z"}
{"level":"info","message":"BEGIN: GET /api/systemSettings:get/1?appends=logo","reqId":"95cfaf0b-a707-4fd4-afea-6f576806ac32","timestamp":"2023-05-31T17:52:30.897Z"}
{"level":"info","message":"Current user id: 1","reqId":"95cfaf0b-a707-4fd4-afea-6f576806ac32","timestamp":"2023-05-31T17:52:30.907Z"}
{"can":null,"level":"info","message":"ctx permission","reqId":"95cfaf0b-a707-4fd4-afea-6f576806ac32","skip":true,"timestamp":"2023-05-31T17:52:30.917Z"}
{"level":"info","message":"acl params","reqId":"95cfaf0b-a707-4fd4-afea-6f576806ac32","timestamp":"2023-05-31T17:52:30.918Z"}
{"level":"info","message":"acl parsedParams","reqId":"95cfaf0b-a707-4fd4-afea-6f576806ac32","timestamp":"2023-05-31T17:52:30.919Z"}
{"level":"info","message":"END: GET /api/systemSettings:get/1?appends=logo","req":{"action":{"actionName":"get","params":{"actionName":"get","appends":["logo"],"filterByTk":"1","resourceIndex":"1","resourceName":"systemSettings"},"resourceName":"systemSettings"},"header":{"x-hostname":"localhost","x-locale":"en-US","x-role":"root","x-timezone":"+5.5:00"}},"reqId":"95cfaf0b-a707-4fd4-afea-6f576806ac32","res":{"status":200},"responseTime":45,"timestamp":"2023-05-31T17:52:30.942Z"}
{"level":"info","message":"BEGIN: POST /api/chartsQueries:listMetadata?paginate=false&sort%5B%5D=-id","reqId":"a7c48e66-8a57-4236-b68e-937ec2be496a","timestamp":"2023-05-31T17:52:30.989Z"}
{"level":"info","message":"Current user id: 1","reqId":"a7c48e66-8a57-4236-b68e-937ec2be496a","timestamp":"2023-05-31T17:52:31.004Z"}
{"can":{"action":"listMetadata","resource":"chartsQueries","role":"root"},"level":"info","message":"ctx permission","reqId":"a7c48e66-8a57-4236-b68e-937ec2be496a","skip":true,"timestamp":"2023-05-31T17:52:31.014Z"}
{"level":"info","message":"acl params","reqId":"a7c48e66-8a57-4236-b68e-937ec2be496a","timestamp":"2023-05-31T17:52:31.015Z"}
{"level":"info","message":"acl parsedParams","reqId":"a7c48e66-8a57-4236-b68e-937ec2be496a","timestamp":"2023-05-31T17:52:31.016Z"}
{"level":"info","message":"END: POST /api/chartsQueries:listMetadata?paginate=false&sort%5B%5D=-id","req":{"action":{"actionName":"listMetadata","params":{"actionName":"listMetadata","paginate":"false","resourceName":"chartsQueries","sort":["-id"]},"resourceName":"chartsQueries"},"header":{"x-hostname":"localhost","x-locale":"en-US","x-role":"root","x-timezone":"+5.5:00"}},"reqId":"a7c48e66-8a57-4236-b68e-937ec2be496a","res":{"status":200},"responseTime":31,"timestamp":"2023-05-31T17:52:31.020Z"}
{"level":"info","message":"BEGIN: GET /api/app:getInfo","reqId":"550f1b65-1407-427d-b6c7-cf6d4e7510db","timestamp":"2023-05-31T17:52:31.192Z"}
{"level":"info","message":"Current user id: 1","reqId":"550f1b65-1407-427d-b6c7-cf6d4e7510db","timestamp":"2023-05-31T17:52:31.206Z"}
{"can":null,"level":"info","message":"ctx permission","reqId":"550f1b65-1407-427d-b6c7-cf6d4e7510db","skip":true,"timestamp":"2023-05-31T17:52:31.214Z"}
{"level":"info","message":"acl params","reqId":"550f1b65-1407-427d-b6c7-cf6d4e7510db","timestamp":"2023-05-31T17:52:31.215Z"}
{"level":"info","message":"acl parsedParams","reqId":"550f1b65-1407-427d-b6c7-cf6d4e7510db","timestamp":"2023-05-31T17:52:31.215Z"}
{"level":"info","message":"END: GET /api/app:getInfo","req":{"action":{"actionName":"getInfo","params":{"actionName":"getInfo","resourceName":"app"},"resourceName":"app"},"header":{"x-hostname":"localhost","x-locale":"en-US","x-role":"root","x-timezone":"+5.5:00"}},"reqId":"550f1b65-1407-427d-b6c7-cf6d4e7510db","res":{"status":200},"responseTime":33,"timestamp":"2023-05-31T17:52:31.225Z"}
{"level":"info","message":"BEGIN: GET /api/app:getInfo","reqId":"c8a0e244-9730-4112-9701-06365bb43b61","timestamp":"2023-05-31T17:52:31.297Z"}
{"level":"info","message":"Current user id: 1","reqId":"c8a0e244-9730-4112-9701-06365bb43b61","timestamp":"2023-05-31T17:52:31.306Z"}
{"can":null,"level":"info","message":"ctx permission","reqId":"c8a0e244-9730-4112-9701-06365bb43b61","skip":true,"timestamp":"2023-05-31T17:52:31.313Z"}
{"level":"info","message":"acl params","reqId":"c8a0e244-9730-4112-9701-06365bb43b61","timestamp":"2023-05-31T17:52:31.314Z"}
{"level":"info","message":"acl parsedParams","reqId":"c8a0e244-9730-4112-9701-06365bb43b61","timestamp":"2023-05-31T17:52:31.315Z"}
{"level":"info","message":"END: GET /api/app:getInfo","req":{"action":{"actionName":"getInfo","params":{"actionName":"getInfo","resourceName":"app"},"resourceName":"app"},"header":{"x-hostname":"localhost","x-locale":"en-US","x-role":"root","x-timezone":"+5.5:00"}},"reqId":"c8a0e244-9730-4112-9701-06365bb43b61","res":{"status":200},"responseTime":22,"timestamp":"2023-05-31T17:52:31.319Z"}
{"level":"info","message":"BEGIN: GET /api/users:check","reqId":"00766d5d-47c3-4930-909f-29aa559d9e14","timestamp":"2023-05-31T17:52:31.537Z"}
{"level":"info","message":"Current user id: 1","reqId":"00766d5d-47c3-4930-909f-29aa559d9e14","timestamp":"2023-05-31T17:52:31.551Z"}
{"can":null,"level":"info","message":"ctx permission","reqId":"00766d5d-47c3-4930-909f-29aa559d9e14","skip":true,"timestamp":"2023-05-31T17:52:31.558Z"}
{"level":"info","message":"acl params","reqId":"00766d5d-47c3-4930-909f-29aa559d9e14","timestamp":"2023-05-31T17:52:31.558Z"}
{"level":"info","message":"acl parsedParams","reqId":"00766d5d-47c3-4930-909f-29aa559d9e14","timestamp":"2023-05-31T17:52:31.559Z"}
{"level":"info","message":"END: GET /api/users:check","req":{"action":{"actionName":"check","params":{"actionName":"check","resourceName":"users"},"resourceName":"users"},"header":{"x-hostname":"localhost","x-locale":"en-US","x-role":"root","x-timezone":"+5.5:00"}},"reqId":"00766d5d-47c3-4930-909f-29aa559d9e14","res":{"status":200},"responseTime":24,"timestamp":"2023-05-31T17:52:31.561Z"}
{"level":"info","message":"BEGIN: GET /api/uiSchemaTemplates:list?appends%5B%5D=collection&paginate=false","reqId":"4ae6b2a8-697e-4e94-99b4-d557ea912e88","timestamp":"2023-05-31T17:52:31.648Z"}
{"level":"info","message":"Current user id: 1","reqId":"4ae6b2a8-697e-4e94-99b4-d557ea912e88","timestamp":"2023-05-31T17:52:31.658Z"}
{"can":{"action":"list","resource":"uiSchemaTemplates","role":"root"},"level":"info","message":"ctx permission","reqId":"4ae6b2a8-697e-4e94-99b4-d557ea912e88","skip":true,"timestamp":"2023-05-31T17:52:31.664Z"}
{"level":"info","message":"acl params","reqId":"4ae6b2a8-697e-4e94-99b4-d557ea912e88","timestamp":"2023-05-31T17:52:31.665Z"}
{"level":"info","message":"acl parsedParams","reqId":"4ae6b2a8-697e-4e94-99b4-d557ea912e88","timestamp":"2023-05-31T17:52:31.666Z"}
{"level":"info","message":"END: GET /api/uiSchemaTemplates:list?appends%5B%5D=collection&paginate=false","req":{"action":{"actionName":"list","params":{"actionName":"list","appends":["collection"],"paginate":"false","resourceName":"uiSchemaTemplates"},"resourceName":"uiSchemaTemplates"},"header":{"x-hostname":"localhost","x-locale":"en-US","x-role":"root","x-timezone":"+5.5:00"}},"reqId":"4ae6b2a8-697e-4e94-99b4-d557ea912e88","res":{"status":200},"responseTime":30,"timestamp":"2023-05-31T17:52:31.679Z"}
{"level":"info","message":"BEGIN: GET /api/collections:list?paginate=false&appends%5B%5D=fields&appends%5B%5D=category&sort%5B%5D=sort&filter=%7B%7D","reqId":"9d8251c8-8ae9-4884-9b33-efd5bb9b994d","timestamp":"2023-05-31T17:52:31.897Z"}
{"level":"info","message":"Current user id: 1","reqId":"9d8251c8-8ae9-4884-9b33-efd5bb9b994d","timestamp":"2023-05-31T17:52:31.905Z"}
{"can":{"action":"list","resource":"collections","role":"root"},"level":"info","message":"ctx permission","reqId":"9d8251c8-8ae9-4884-9b33-efd5bb9b994d","skip":true,"timestamp":"2023-05-31T17:52:31.913Z"}
{"level":"info","message":"acl params","reqId":"9d8251c8-8ae9-4884-9b33-efd5bb9b994d","timestamp":"2023-05-31T17:52:31.914Z"}
{"level":"info","message":"acl parsedParams","reqId":"9d8251c8-8ae9-4884-9b33-efd5bb9b994d","timestamp":"2023-05-31T17:52:31.914Z"}
{"level":"info","message":"END: GET /api/collections:list?paginate=false&appends%5B%5D=fields&appends%5B%5D=category&sort%5B%5D=sort&filter=%7B%7D","req":{"action":{"actionName":"list","params":{"actionName":"list","appends":["fields","category"],"filter":{},"paginate":"false","resourceName":"collections","sort":["sort"]},"resourceName":"collections"},"header":{"x-hostname":"localhost","x-locale":"en-US","x-role":"root","x-timezone":"+5.5:00"}},"reqId":"9d8251c8-8ae9-4884-9b33-efd5bb9b994d","res":{"status":200},"responseTime":44,"timestamp":"2023-05-31T17:52:31.942Z"}
{"level":"info","message":"BEGIN: GET /api/collectionCategories:list?paginate=false&sort%5B%5D=sort","reqId":"db12921c-2b04-4fc8-8b36-ea5c93582031","timestamp":"2023-05-31T17:52:32.013Z"}
{"level":"info","message":"BEGIN: GET /api/roles:check","reqId":"3908fd5c-4bee-4bc1-a47a-992ed34b29a9","timestamp":"2023-05-31T17:52:32.017Z"}
{"level":"info","message":"Current user id: 1","reqId":"db12921c-2b04-4fc8-8b36-ea5c93582031","timestamp":"2023-05-31T17:52:32.031Z"}
{"level":"info","message":"Current user id: 1","reqId":"3908fd5c-4bee-4bc1-a47a-992ed34b29a9","timestamp":"2023-05-31T17:52:32.033Z"}
{"can":null,"level":"info","message":"ctx permission","reqId":"db12921c-2b04-4fc8-8b36-ea5c93582031","skip":true,"timestamp":"2023-05-31T17:52:32.042Z"}
{"level":"info","message":"acl params","reqId":"db12921c-2b04-4fc8-8b36-ea5c93582031","timestamp":"2023-05-31T17:52:32.043Z"}
{"level":"info","message":"acl parsedParams","reqId":"db12921c-2b04-4fc8-8b36-ea5c93582031","timestamp":"2023-05-31T17:52:32.044Z"}
{"can":{"action":"check","resource":"roles","role":"root"},"level":"info","message":"ctx permission","reqId":"3908fd5c-4bee-4bc1-a47a-992ed34b29a9","skip":true,"timestamp":"2023-05-31T17:52:32.046Z"}
{"level":"info","message":"acl params","reqId":"3908fd5c-4bee-4bc1-a47a-992ed34b29a9","timestamp":"2023-05-31T17:52:32.047Z"}
{"level":"info","message":"acl parsedParams","reqId":"3908fd5c-4bee-4bc1-a47a-992ed34b29a9","timestamp":"2023-05-31T17:52:32.047Z"}
{"level":"info","message":"END: GET /api/collectionCategories:list?paginate=false&sort%5B%5D=sort","req":{"action":{"actionName":"list","params":{"actionName":"list","paginate":"false","resourceName":"collectionCategories","sort":["sort"]},"resourceName":"collectionCategories"},"header":{"x-hostname":"localhost","x-locale":"en-US","x-role":"root","x-timezone":"+5.5:00"}},"reqId":"db12921c-2b04-4fc8-8b36-ea5c93582031","res":{"status":200},"responseTime":49,"timestamp":"2023-05-31T17:52:32.062Z"}
{"level":"info","message":"END: GET /api/roles:check","req":{"action":{"actionName":"check","params":{"actionName":"check","resourceName":"roles"},"resourceName":"roles"},"header":{"x-hostname":"localhost","x-locale":"en-US","x-role":"root","x-timezone":"+5.5:00"}},"reqId":"3908fd5c-4bee-4bc1-a47a-992ed34b29a9","res":{"status":200},"responseTime":52,"timestamp":"2023-05-31T17:52:32.069Z"}
{"level":"info","message":"BEGIN: GET /api/uiSchemas:getJsonSchema/x4gw3mbp2pc","reqId":"59153a7d-30fd-4e80-9786-69ca22efdbd9","timestamp":"2023-05-31T17:52:32.268Z"}
{"level":"info","message":"Current user id: 1","reqId":"59153a7d-30fd-4e80-9786-69ca22efdbd9","timestamp":"2023-05-31T17:52:32.278Z"}
{"can":null,"level":"info","message":"ctx permission","reqId":"59153a7d-30fd-4e80-9786-69ca22efdbd9","skip":true,"timestamp":"2023-05-31T17:52:32.285Z"}
{"level":"info","message":"acl params","reqId":"59153a7d-30fd-4e80-9786-69ca22efdbd9","timestamp":"2023-05-31T17:52:32.285Z"}
{"level":"info","message":"acl parsedParams","reqId":"59153a7d-30fd-4e80-9786-69ca22efdbd9","timestamp":"2023-05-31T17:52:32.286Z"}
{"level":"info","message":"END: GET /api/uiSchemas:getJsonSchema/x4gw3mbp2pc","req":{"action":{"actionName":"getJsonSchema","params":{"actionName":"getJsonSchema","filterByTk":"x4gw3mbp2pc","resourceIndex":"x4gw3mbp2pc","resourceName":"uiSchemas"},"resourceName":"uiSchemas"},"header":{"x-hostname":"localhost","x-locale":"en-US","x-role":"root","x-timezone":"+5.5:00"}},"reqId":"59153a7d-30fd-4e80-9786-69ca22efdbd9","res":{"status":200},"responseTime":25,"timestamp":"2023-05-31T17:52:32.293Z"}
{"level":"info","message":"BEGIN: GET /api/verifications_providers:list?pageSize=50&sort%5B%5D=-default&sort%5B%5D=id","reqId":"eed316c0-a43a-429b-83da-03aa4f0323f1","timestamp":"2023-05-31T17:52:32.533Z"}
{"level":"info","message":"Current user id: 1","reqId":"eed316c0-a43a-429b-83da-03aa4f0323f1","timestamp":"2023-05-31T17:52:32.542Z"}
{"can":{"action":"list","resource":"verifications_providers","role":"root"},"level":"info","message":"ctx permission","reqId":"eed316c0-a43a-429b-83da-03aa4f0323f1","skip":true,"timestamp":"2023-05-31T17:52:32.550Z"}
{"level":"info","message":"acl params","reqId":"eed316c0-a43a-429b-83da-03aa4f0323f1","timestamp":"2023-05-31T17:52:32.552Z"}
{"level":"info","message":"acl parsedParams","reqId":"eed316c0-a43a-429b-83da-03aa4f0323f1","timestamp":"2023-05-31T17:52:32.552Z"}
{"level":"info","message":"END: GET /api/verifications_providers:list?pageSize=50&sort%5B%5D=-default&sort%5B%5D=id","req":{"action":{"actionName":"list","params":{"actionName":"list","pageSize":"50","resourceName":"verifications_providers","sort":["-default","id"]},"resourceName":"verifications_providers"},"header":{"x-hostname":"localhost","x-locale":"en-US","x-role":"root","x-timezone":"+5.5:00"}},"reqId":"eed316c0-a43a-429b-83da-03aa4f0323f1","res":{"status":200},"responseTime":36,"timestamp":"2023-05-31T17:52:32.568Z"}
