{"level":"info","message":"BEGIN: GET /api/app:getLang?locale=en-US","reqId":"907f31b5-f5cc-448c-a1b6-7cfa8b931483","timestamp":"2023-06-01T06:32:36.234Z"}
{"level":"info","message":"BEGIN: GET /api/app:getPlugins","reqId":"4f06bfc8-1e02-4c04-aa55-618eff1c0efe","timestamp":"2023-06-01T06:32:36.266Z"}
{"level":"info","message":"Current user id: 1","reqId":"907f31b5-f5cc-448c-a1b6-7cfa8b931483","timestamp":"2023-06-01T06:32:36.289Z"}
{"level":"info","message":"Current user id: 1","reqId":"4f06bfc8-1e02-4c04-aa55-618eff1c0efe","timestamp":"2023-06-01T06:32:36.293Z"}
{"can":null,"level":"info","message":"ctx permission","reqId":"907f31b5-f5cc-448c-a1b6-7cfa8b931483","skip":true,"timestamp":"2023-06-01T06:32:36.322Z"}
{"level":"info","message":"acl params","reqId":"907f31b5-f5cc-448c-a1b6-7cfa8b931483","timestamp":"2023-06-01T06:32:36.324Z"}
{"level":"info","message":"acl parsedParams","reqId":"907f31b5-f5cc-448c-a1b6-7cfa8b931483","timestamp":"2023-06-01T06:32:36.325Z"}
{"can":null,"level":"info","message":"ctx permission","reqId":"4f06bfc8-1e02-4c04-aa55-618eff1c0efe","skip":true,"timestamp":"2023-06-01T06:32:36.335Z"}
{"level":"info","message":"acl params","reqId":"4f06bfc8-1e02-4c04-aa55-618eff1c0efe","timestamp":"2023-06-01T06:32:36.337Z"}
{"level":"info","message":"acl parsedParams","reqId":"4f06bfc8-1e02-4c04-aa55-618eff1c0efe","timestamp":"2023-06-01T06:32:36.338Z"}
{"level":"info","message":"END: GET /api/app:getPlugins","req":{"action":{"actionName":"getPlugins","params":{"actionName":"getPlugins","resourceName":"app"},"resourceName":"app"},"header":{"x-hostname":"localhost","x-locale":"en-US","x-role":"root","x-timezone":"+5.5:00"}},"reqId":"4f06bfc8-1e02-4c04-aa55-618eff1c0efe","res":{"status":200},"responseTime":1410,"timestamp":"2023-06-01T06:32:37.676Z"}
{"level":"info","message":"END: GET /api/app:getLang?locale=en-US","req":{"action":{"actionName":"getLang","params":{"actionName":"getLang","locale":"en-US","resourceName":"app"},"resourceName":"app"},"header":{"x-hostname":"localhost","x-locale":"en-US","x-role":"root","x-timezone":"+5.5:00"}},"reqId":"907f31b5-f5cc-448c-a1b6-7cfa8b931483","res":{"status":200},"responseTime":12239,"timestamp":"2023-06-01T06:32:48.471Z"}
{"level":"info","message":"BEGIN: GET /api/app:getLang?locale=en-US","reqId":"d8ba3c02-5d7f-4f6a-b4b2-c918ee80a1f6","timestamp":"2023-06-01T06:32:48.786Z"}
{"level":"info","message":"Current user id: 1","reqId":"d8ba3c02-5d7f-4f6a-b4b2-c918ee80a1f6","timestamp":"2023-06-01T06:32:48.798Z"}
{"can":null,"level":"info","message":"ctx permission","reqId":"d8ba3c02-5d7f-4f6a-b4b2-c918ee80a1f6","skip":true,"timestamp":"2023-06-01T06:32:48.809Z"}
{"level":"info","message":"acl params","reqId":"d8ba3c02-5d7f-4f6a-b4b2-c918ee80a1f6","timestamp":"2023-06-01T06:32:48.811Z"}
{"level":"info","message":"acl parsedParams","reqId":"d8ba3c02-5d7f-4f6a-b4b2-c918ee80a1f6","timestamp":"2023-06-01T06:32:48.812Z"}
{"level":"info","message":"END: GET /api/app:getLang?locale=en-US","req":{"action":{"actionName":"getLang","params":{"actionName":"getLang","locale":"en-US","resourceName":"app"},"resourceName":"app"},"header":{"x-hostname":"localhost","x-locale":"en-US","x-role":"root","x-timezone":"+5.5:00"}},"reqId":"d8ba3c02-5d7f-4f6a-b4b2-c918ee80a1f6","res":{"status":200},"responseTime":33,"timestamp":"2023-06-01T06:32:48.819Z"}
{"level":"info","message":"BEGIN: GET /api/uiRoutes:getAccessible","reqId":"a4266c92-19e3-43a6-8efb-bebdd44ec364","timestamp":"2023-06-01T06:32:49.154Z"}
{"level":"info","message":"Current user id: 1","reqId":"a4266c92-19e3-43a6-8efb-bebdd44ec364","timestamp":"2023-06-01T06:32:49.168Z"}
{"can":null,"level":"info","message":"ctx permission","reqId":"a4266c92-19e3-43a6-8efb-bebdd44ec364","skip":true,"timestamp":"2023-06-01T06:32:49.176Z"}
{"level":"info","message":"acl params","reqId":"a4266c92-19e3-43a6-8efb-bebdd44ec364","timestamp":"2023-06-01T06:32:49.178Z"}
{"level":"info","message":"acl parsedParams","reqId":"a4266c92-19e3-43a6-8efb-bebdd44ec364","timestamp":"2023-06-01T06:32:49.179Z"}
{"level":"info","message":"END: GET /api/uiRoutes:getAccessible","req":{"action":{"actionName":"getAccessible","params":{"actionName":"getAccessible","resourceName":"uiRoutes"},"resourceName":"uiRoutes"},"header":{"x-hostname":"localhost","x-locale":"en-US","x-role":"root","x-timezone":"+5.5:00"}},"reqId":"a4266c92-19e3-43a6-8efb-bebdd44ec364","res":{"status":200},"responseTime":31,"timestamp":"2023-06-01T06:32:49.185Z"}
{"level":"info","message":"BEGIN: GET /api/systemSettings:get/1?appends=logo","reqId":"84a680ac-0eb5-4905-873d-f4bf28ca916b","timestamp":"2023-06-01T06:32:49.408Z"}
{"level":"info","message":"Current user id: 1","reqId":"84a680ac-0eb5-4905-873d-f4bf28ca916b","timestamp":"2023-06-01T06:32:49.421Z"}
{"can":null,"level":"info","message":"ctx permission","reqId":"84a680ac-0eb5-4905-873d-f4bf28ca916b","skip":true,"timestamp":"2023-06-01T06:32:49.429Z"}
{"level":"info","message":"acl params","reqId":"84a680ac-0eb5-4905-873d-f4bf28ca916b","timestamp":"2023-06-01T06:32:49.429Z"}
{"level":"info","message":"acl parsedParams","reqId":"84a680ac-0eb5-4905-873d-f4bf28ca916b","timestamp":"2023-06-01T06:32:49.430Z"}
{"level":"info","message":"END: GET /api/systemSettings:get/1?appends=logo","req":{"action":{"actionName":"get","params":{"actionName":"get","appends":["logo"],"filterByTk":"1","resourceIndex":"1","resourceName":"systemSettings"},"resourceName":"systemSettings"},"header":{"x-hostname":"localhost","x-locale":"en-US","x-role":"root","x-timezone":"+5.5:00"}},"reqId":"84a680ac-0eb5-4905-873d-f4bf28ca916b","res":{"status":200},"responseTime":44,"timestamp":"2023-06-01T06:32:49.452Z"}
{"level":"info","message":"BEGIN: POST /api/chartsQueries:listMetadata?paginate=false&sort%5B%5D=-id","reqId":"6c35a83d-b91c-4761-9b8b-3385520c750e","timestamp":"2023-06-01T06:32:49.503Z"}
{"level":"info","message":"Current user id: 1","reqId":"6c35a83d-b91c-4761-9b8b-3385520c750e","timestamp":"2023-06-01T06:32:49.553Z"}
{"can":{"action":"listMetadata","resource":"chartsQueries","role":"root"},"level":"info","message":"ctx permission","reqId":"6c35a83d-b91c-4761-9b8b-3385520c750e","skip":true,"timestamp":"2023-06-01T06:32:49.560Z"}
{"level":"info","message":"acl params","reqId":"6c35a83d-b91c-4761-9b8b-3385520c750e","timestamp":"2023-06-01T06:32:49.561Z"}
{"level":"info","message":"acl parsedParams","reqId":"6c35a83d-b91c-4761-9b8b-3385520c750e","timestamp":"2023-06-01T06:32:49.562Z"}
{"level":"info","message":"END: POST /api/chartsQueries:listMetadata?paginate=false&sort%5B%5D=-id","req":{"action":{"actionName":"listMetadata","params":{"actionName":"listMetadata","paginate":"false","resourceName":"chartsQueries","sort":["-id"]},"resourceName":"chartsQueries"},"header":{"x-hostname":"localhost","x-locale":"en-US","x-role":"root","x-timezone":"+5.5:00"}},"reqId":"6c35a83d-b91c-4761-9b8b-3385520c750e","res":{"status":200},"responseTime":65,"timestamp":"2023-06-01T06:32:49.568Z"}
{"level":"info","message":"BEGIN: GET /api/app:getInfo","reqId":"683eaba4-13b1-41f8-9cbc-fa71ea7855a2","timestamp":"2023-06-01T06:32:49.812Z"}
{"level":"info","message":"Current user id: 1","reqId":"683eaba4-13b1-41f8-9cbc-fa71ea7855a2","timestamp":"2023-06-01T06:32:49.824Z"}
{"can":null,"level":"info","message":"ctx permission","reqId":"683eaba4-13b1-41f8-9cbc-fa71ea7855a2","skip":true,"timestamp":"2023-06-01T06:32:49.832Z"}
{"level":"info","message":"acl params","reqId":"683eaba4-13b1-41f8-9cbc-fa71ea7855a2","timestamp":"2023-06-01T06:32:49.834Z"}
{"level":"info","message":"acl parsedParams","reqId":"683eaba4-13b1-41f8-9cbc-fa71ea7855a2","timestamp":"2023-06-01T06:32:49.834Z"}
{"level":"info","message":"END: GET /api/app:getInfo","req":{"action":{"actionName":"getInfo","params":{"actionName":"getInfo","resourceName":"app"},"resourceName":"app"},"header":{"x-hostname":"localhost","x-locale":"en-US","x-role":"root","x-timezone":"+5.5:00"}},"reqId":"683eaba4-13b1-41f8-9cbc-fa71ea7855a2","res":{"status":200},"responseTime":27,"timestamp":"2023-06-01T06:32:49.840Z"}
{"level":"info","message":"BEGIN: GET /api/app:getInfo","reqId":"1d756259-8cce-4c93-9c45-0a49a234958b","timestamp":"2023-06-01T06:32:50.153Z"}
{"level":"info","message":"Current user id: 1","reqId":"1d756259-8cce-4c93-9c45-0a49a234958b","timestamp":"2023-06-01T06:32:50.162Z"}
{"can":null,"level":"info","message":"ctx permission","reqId":"1d756259-8cce-4c93-9c45-0a49a234958b","skip":true,"timestamp":"2023-06-01T06:32:50.169Z"}
{"level":"info","message":"acl params","reqId":"1d756259-8cce-4c93-9c45-0a49a234958b","timestamp":"2023-06-01T06:32:50.169Z"}
{"level":"info","message":"acl parsedParams","reqId":"1d756259-8cce-4c93-9c45-0a49a234958b","timestamp":"2023-06-01T06:32:50.170Z"}
{"level":"info","message":"END: GET /api/app:getInfo","req":{"action":{"actionName":"getInfo","params":{"actionName":"getInfo","resourceName":"app"},"resourceName":"app"},"header":{"x-hostname":"localhost","x-locale":"en-US","x-role":"root","x-timezone":"+5.5:00"}},"reqId":"1d756259-8cce-4c93-9c45-0a49a234958b","res":{"status":200},"responseTime":21,"timestamp":"2023-06-01T06:32:50.174Z"}
{"level":"info","message":"BEGIN: GET /api/users:check","reqId":"638c54b2-4a3a-41e3-954e-b1b019136f07","timestamp":"2023-06-01T06:32:50.420Z"}
{"level":"info","message":"Current user id: 1","reqId":"638c54b2-4a3a-41e3-954e-b1b019136f07","timestamp":"2023-06-01T06:32:50.439Z"}
{"can":null,"level":"info","message":"ctx permission","reqId":"638c54b2-4a3a-41e3-954e-b1b019136f07","skip":true,"timestamp":"2023-06-01T06:32:50.449Z"}
{"level":"info","message":"acl params","reqId":"638c54b2-4a3a-41e3-954e-b1b019136f07","timestamp":"2023-06-01T06:32:50.450Z"}
{"level":"info","message":"acl parsedParams","reqId":"638c54b2-4a3a-41e3-954e-b1b019136f07","timestamp":"2023-06-01T06:32:50.451Z"}
{"level":"info","message":"END: GET /api/users:check","req":{"action":{"actionName":"check","params":{"actionName":"check","resourceName":"users"},"resourceName":"users"},"header":{"x-hostname":"localhost","x-locale":"en-US","x-role":"root","x-timezone":"+5.5:00"}},"reqId":"638c54b2-4a3a-41e3-954e-b1b019136f07","res":{"status":200},"responseTime":33,"timestamp":"2023-06-01T06:32:50.452Z"}
{"level":"info","message":"BEGIN: GET /api/uiSchemaTemplates:list?appends%5B%5D=collection&paginate=false","reqId":"fc67a9d9-ca48-43e1-98d1-add2ada061a4","timestamp":"2023-06-01T06:32:50.496Z"}
{"level":"info","message":"Current user id: 1","reqId":"fc67a9d9-ca48-43e1-98d1-add2ada061a4","timestamp":"2023-06-01T06:32:50.508Z"}
{"can":{"action":"list","resource":"uiSchemaTemplates","role":"root"},"level":"info","message":"ctx permission","reqId":"fc67a9d9-ca48-43e1-98d1-add2ada061a4","skip":true,"timestamp":"2023-06-01T06:32:50.520Z"}
{"level":"info","message":"acl params","reqId":"fc67a9d9-ca48-43e1-98d1-add2ada061a4","timestamp":"2023-06-01T06:32:50.521Z"}
{"level":"info","message":"acl parsedParams","reqId":"fc67a9d9-ca48-43e1-98d1-add2ada061a4","timestamp":"2023-06-01T06:32:50.522Z"}
{"level":"info","message":"END: GET /api/uiSchemaTemplates:list?appends%5B%5D=collection&paginate=false","req":{"action":{"actionName":"list","params":{"actionName":"list","appends":["collection"],"paginate":"false","resourceName":"uiSchemaTemplates"},"resourceName":"uiSchemaTemplates"},"header":{"x-hostname":"localhost","x-locale":"en-US","x-role":"root","x-timezone":"+5.5:00"}},"reqId":"fc67a9d9-ca48-43e1-98d1-add2ada061a4","res":{"status":200},"responseTime":43,"timestamp":"2023-06-01T06:32:50.538Z"}
{"level":"info","message":"BEGIN: GET /api/collections:list?paginate=false&appends%5B%5D=fields&appends%5B%5D=category&sort%5B%5D=sort&filter=%7B%7D","reqId":"422223f7-9738-4bb6-8b58-e9682018c935","timestamp":"2023-06-01T06:32:50.775Z"}
{"level":"info","message":"Current user id: 1","reqId":"422223f7-9738-4bb6-8b58-e9682018c935","timestamp":"2023-06-01T06:32:50.789Z"}
{"can":{"action":"list","resource":"collections","role":"root"},"level":"info","message":"ctx permission","reqId":"422223f7-9738-4bb6-8b58-e9682018c935","skip":true,"timestamp":"2023-06-01T06:32:50.793Z"}
{"level":"info","message":"acl params","reqId":"422223f7-9738-4bb6-8b58-e9682018c935","timestamp":"2023-06-01T06:32:50.794Z"}
{"level":"info","message":"acl parsedParams","reqId":"422223f7-9738-4bb6-8b58-e9682018c935","timestamp":"2023-06-01T06:32:50.794Z"}
{"level":"info","message":"END: GET /api/collections:list?paginate=false&appends%5B%5D=fields&appends%5B%5D=category&sort%5B%5D=sort&filter=%7B%7D","req":{"action":{"actionName":"list","params":{"actionName":"list","appends":["fields","category"],"filter":{},"paginate":"false","resourceName":"collections","sort":["sort"]},"resourceName":"collections"},"header":{"x-hostname":"localhost","x-locale":"en-US","x-role":"root","x-timezone":"+5.5:00"}},"reqId":"422223f7-9738-4bb6-8b58-e9682018c935","res":{"status":200},"responseTime":54,"timestamp":"2023-06-01T06:32:50.828Z"}
{"level":"info","message":"BEGIN: GET /api/collectionCategories:list?paginate=false&sort%5B%5D=sort","reqId":"d8adec59-c0d4-4e99-90ed-e67506b638a0","timestamp":"2023-06-01T06:32:50.856Z"}
{"level":"info","message":"BEGIN: GET /api/roles:check","reqId":"00244ccb-071d-44a6-b691-3dde7e37a3fa","timestamp":"2023-06-01T06:32:50.864Z"}
{"level":"info","message":"Current user id: 1","reqId":"d8adec59-c0d4-4e99-90ed-e67506b638a0","timestamp":"2023-06-01T06:32:50.872Z"}
{"level":"info","message":"Current user id: 1","reqId":"00244ccb-071d-44a6-b691-3dde7e37a3fa","timestamp":"2023-06-01T06:32:50.879Z"}
{"can":null,"level":"info","message":"ctx permission","reqId":"d8adec59-c0d4-4e99-90ed-e67506b638a0","skip":true,"timestamp":"2023-06-01T06:32:50.883Z"}
{"level":"info","message":"acl params","reqId":"d8adec59-c0d4-4e99-90ed-e67506b638a0","timestamp":"2023-06-01T06:32:50.884Z"}
{"level":"info","message":"acl parsedParams","reqId":"d8adec59-c0d4-4e99-90ed-e67506b638a0","timestamp":"2023-06-01T06:32:50.885Z"}
{"can":{"action":"check","resource":"roles","role":"root"},"level":"info","message":"ctx permission","reqId":"00244ccb-071d-44a6-b691-3dde7e37a3fa","skip":true,"timestamp":"2023-06-01T06:32:50.898Z"}
{"level":"info","message":"acl params","reqId":"00244ccb-071d-44a6-b691-3dde7e37a3fa","timestamp":"2023-06-01T06:32:50.899Z"}
{"level":"info","message":"acl parsedParams","reqId":"00244ccb-071d-44a6-b691-3dde7e37a3fa","timestamp":"2023-06-01T06:32:50.899Z"}
{"level":"info","message":"END: GET /api/collectionCategories:list?paginate=false&sort%5B%5D=sort","req":{"action":{"actionName":"list","params":{"actionName":"list","paginate":"false","resourceName":"collectionCategories","sort":["sort"]},"resourceName":"collectionCategories"},"header":{"x-hostname":"localhost","x-locale":"en-US","x-role":"root","x-timezone":"+5.5:00"}},"reqId":"d8adec59-c0d4-4e99-90ed-e67506b638a0","res":{"status":200},"responseTime":46,"timestamp":"2023-06-01T06:32:50.902Z"}
{"level":"info","message":"END: GET /api/roles:check","req":{"action":{"actionName":"check","params":{"actionName":"check","resourceName":"roles"},"resourceName":"roles"},"header":{"x-hostname":"localhost","x-locale":"en-US","x-role":"root","x-timezone":"+5.5:00"}},"reqId":"00244ccb-071d-44a6-b691-3dde7e37a3fa","res":{"status":200},"responseTime":50,"timestamp":"2023-06-01T06:32:50.915Z"}
{"level":"info","message":"BEGIN: GET /api/uiSchemas:getJsonSchema/x4gw3mbp2pc","reqId":"e146fc81-976f-4dd1-b4b2-7f3635c55f97","timestamp":"2023-06-01T06:32:51.154Z"}
{"level":"info","message":"Current user id: 1","reqId":"e146fc81-976f-4dd1-b4b2-7f3635c55f97","timestamp":"2023-06-01T06:32:51.165Z"}
{"can":null,"level":"info","message":"ctx permission","reqId":"e146fc81-976f-4dd1-b4b2-7f3635c55f97","skip":true,"timestamp":"2023-06-01T06:32:51.171Z"}
{"level":"info","message":"acl params","reqId":"e146fc81-976f-4dd1-b4b2-7f3635c55f97","timestamp":"2023-06-01T06:32:51.172Z"}
{"level":"info","message":"acl parsedParams","reqId":"e146fc81-976f-4dd1-b4b2-7f3635c55f97","timestamp":"2023-06-01T06:32:51.173Z"}
{"level":"info","message":"END: GET /api/uiSchemas:getJsonSchema/x4gw3mbp2pc","req":{"action":{"actionName":"getJsonSchema","params":{"actionName":"getJsonSchema","filterByTk":"x4gw3mbp2pc","resourceIndex":"x4gw3mbp2pc","resourceName":"uiSchemas"},"resourceName":"uiSchemas"},"header":{"x-hostname":"localhost","x-locale":"en-US","x-role":"root","x-timezone":"+5.5:00"}},"reqId":"e146fc81-976f-4dd1-b4b2-7f3635c55f97","res":{"status":200},"responseTime":39,"timestamp":"2023-06-01T06:32:51.193Z"}
{"level":"info","message":"BEGIN: GET /api/uiSchemas:getProperties/x1meclgs8hv","reqId":"76db0b40-7cc4-4335-8f51-a586bf1edfca","timestamp":"2023-06-01T06:32:51.301Z"}
{"level":"info","message":"Current user id: 1","reqId":"76db0b40-7cc4-4335-8f51-a586bf1edfca","timestamp":"2023-06-01T06:32:51.310Z"}
{"can":{"action":"getProperties","resource":"uiSchemas","role":"root"},"level":"info","message":"ctx permission","reqId":"76db0b40-7cc4-4335-8f51-a586bf1edfca","skip":true,"timestamp":"2023-06-01T06:32:51.318Z"}
{"level":"info","message":"acl params","reqId":"76db0b40-7cc4-4335-8f51-a586bf1edfca","timestamp":"2023-06-01T06:32:51.319Z"}
{"level":"info","message":"acl parsedParams","reqId":"76db0b40-7cc4-4335-8f51-a586bf1edfca","timestamp":"2023-06-01T06:32:51.319Z"}
{"level":"info","message":"END: GET /api/uiSchemas:getProperties/x1meclgs8hv","req":{"action":{"actionName":"getProperties","params":{"actionName":"getProperties","filterByTk":"x1meclgs8hv","resourceIndex":"x1meclgs8hv","resourceName":"uiSchemas"},"resourceName":"uiSchemas"},"header":{"x-hostname":"localhost","x-locale":"en-US","x-role":"root","x-timezone":"+5.5:00"}},"reqId":"76db0b40-7cc4-4335-8f51-a586bf1edfca","res":{"status":200},"responseTime":45,"timestamp":"2023-06-01T06:32:51.346Z"}
{"level":"info","message":"BEGIN: GET /api/collections:list?pageSize=50&sort%5B%5D=sort&appends%5B%5D=fields&appends%5B%5D=category&filter=%7B%22hidden%22%3A%7B%22%24isFalsy%22%3Atrue%7D%7D","reqId":"25a5c4b3-aaee-4a3e-b898-798f41a43291","timestamp":"2023-06-01T06:33:27.824Z"}
{"level":"info","message":"Current user id: 1","reqId":"25a5c4b3-aaee-4a3e-b898-798f41a43291","timestamp":"2023-06-01T06:33:27.838Z"}
{"can":{"action":"list","resource":"collections","role":"root"},"level":"info","message":"ctx permission","reqId":"25a5c4b3-aaee-4a3e-b898-798f41a43291","skip":true,"timestamp":"2023-06-01T06:33:27.849Z"}
{"level":"info","message":"acl params","reqId":"25a5c4b3-aaee-4a3e-b898-798f41a43291","timestamp":"2023-06-01T06:33:27.850Z"}
{"level":"info","message":"acl parsedParams","reqId":"25a5c4b3-aaee-4a3e-b898-798f41a43291","timestamp":"2023-06-01T06:33:27.851Z"}
{"level":"info","message":"END: GET /api/collections:list?pageSize=50&sort%5B%5D=sort&appends%5B%5D=fields&appends%5B%5D=category&filter=%7B%22hidden%22%3A%7B%22%24isFalsy%22%3Atrue%7D%7D","req":{"action":{"actionName":"list","params":{"actionName":"list","appends":["fields","category"],"filter":{"hidden":{"$isFalsy":true}},"pageSize":"50","resourceName":"collections","sort":["sort"]},"resourceName":"collections"},"header":{"x-hostname":"localhost","x-locale":"en-US","x-role":"root","x-timezone":"+5.5:00"}},"reqId":"25a5c4b3-aaee-4a3e-b898-798f41a43291","res":{"status":200},"responseTime":126,"timestamp":"2023-06-01T06:33:27.950Z"}
{"level":"info","message":"BEGIN: GET /api/uiSchemas:getProperties/x1meclgs8hv","reqId":"058401a9-01d6-4c2a-9f5b-86fb6027a910","timestamp":"2023-06-01T06:33:32.089Z"}
{"level":"info","message":"Current user id: 1","reqId":"058401a9-01d6-4c2a-9f5b-86fb6027a910","timestamp":"2023-06-01T06:33:32.101Z"}
{"can":{"action":"getProperties","resource":"uiSchemas","role":"root"},"level":"info","message":"ctx permission","reqId":"058401a9-01d6-4c2a-9f5b-86fb6027a910","skip":true,"timestamp":"2023-06-01T06:33:32.112Z"}
{"level":"info","message":"acl params","reqId":"058401a9-01d6-4c2a-9f5b-86fb6027a910","timestamp":"2023-06-01T06:33:32.113Z"}
{"level":"info","message":"acl parsedParams","reqId":"058401a9-01d6-4c2a-9f5b-86fb6027a910","timestamp":"2023-06-01T06:33:32.114Z"}
{"level":"info","message":"END: GET /api/uiSchemas:getProperties/x1meclgs8hv","req":{"action":{"actionName":"getProperties","params":{"actionName":"getProperties","filterByTk":"x1meclgs8hv","resourceIndex":"x1meclgs8hv","resourceName":"uiSchemas"},"resourceName":"uiSchemas"},"header":{"x-hostname":"localhost","x-locale":"en-US","x-role":"root","x-timezone":"+5.5:00"}},"reqId":"058401a9-01d6-4c2a-9f5b-86fb6027a910","res":{"status":200},"responseTime":27,"timestamp":"2023-06-01T06:33:32.116Z"}
{"level":"info","message":"BEGIN: GET /api/app:getLang?locale=en-US","reqId":"d92083fa-ef07-45d3-989e-a22483930033","timestamp":"2023-06-01T06:42:38.817Z"}
{"level":"info","message":"BEGIN: GET /api/app:getPlugins","reqId":"0a628fc5-730b-436a-be67-0f262d39bfa4","timestamp":"2023-06-01T06:42:38.823Z"}
{"level":"info","message":"Current user id: 1","reqId":"d92083fa-ef07-45d3-989e-a22483930033","timestamp":"2023-06-01T06:42:38.838Z"}
{"level":"info","message":"Current user id: 1","reqId":"0a628fc5-730b-436a-be67-0f262d39bfa4","timestamp":"2023-06-01T06:42:38.843Z"}
{"can":null,"level":"info","message":"ctx permission","reqId":"d92083fa-ef07-45d3-989e-a22483930033","skip":true,"timestamp":"2023-06-01T06:42:38.854Z"}
{"level":"info","message":"acl params","reqId":"d92083fa-ef07-45d3-989e-a22483930033","timestamp":"2023-06-01T06:42:38.856Z"}
{"level":"info","message":"acl parsedParams","reqId":"d92083fa-ef07-45d3-989e-a22483930033","timestamp":"2023-06-01T06:42:38.857Z"}
{"can":null,"level":"info","message":"ctx permission","reqId":"0a628fc5-730b-436a-be67-0f262d39bfa4","skip":true,"timestamp":"2023-06-01T06:42:38.862Z"}
{"level":"info","message":"acl params","reqId":"0a628fc5-730b-436a-be67-0f262d39bfa4","timestamp":"2023-06-01T06:42:38.863Z"}
{"level":"info","message":"acl parsedParams","reqId":"0a628fc5-730b-436a-be67-0f262d39bfa4","timestamp":"2023-06-01T06:42:38.863Z"}
{"level":"info","message":"END: GET /api/app:getLang?locale=en-US","req":{"action":{"actionName":"getLang","params":{"actionName":"getLang","locale":"en-US","resourceName":"app"},"resourceName":"app"},"header":{"x-hostname":"localhost","x-locale":"en-US","x-role":"root","x-timezone":"+5.5:00"}},"reqId":"d92083fa-ef07-45d3-989e-a22483930033","res":{"status":200},"responseTime":53,"timestamp":"2023-06-01T06:42:38.870Z"}
{"level":"info","message":"END: GET /api/app:getPlugins","req":{"action":{"actionName":"getPlugins","params":{"actionName":"getPlugins","resourceName":"app"},"resourceName":"app"},"header":{"x-hostname":"localhost","x-locale":"en-US","x-role":"root","x-timezone":"+5.5:00"}},"reqId":"0a628fc5-730b-436a-be67-0f262d39bfa4","res":{"status":200},"responseTime":144,"timestamp":"2023-06-01T06:42:38.967Z"}
{"level":"info","message":"BEGIN: GET /api/app:getLang?locale=en-US","reqId":"577d5cf4-f6f8-4c54-b477-071afd7361e2","timestamp":"2023-06-01T06:42:39.135Z"}
{"level":"info","message":"Current user id: 1","reqId":"577d5cf4-f6f8-4c54-b477-071afd7361e2","timestamp":"2023-06-01T06:42:39.145Z"}
{"can":null,"level":"info","message":"ctx permission","reqId":"577d5cf4-f6f8-4c54-b477-071afd7361e2","skip":true,"timestamp":"2023-06-01T06:42:39.151Z"}
{"level":"info","message":"acl params","reqId":"577d5cf4-f6f8-4c54-b477-071afd7361e2","timestamp":"2023-06-01T06:42:39.152Z"}
{"level":"info","message":"acl parsedParams","reqId":"577d5cf4-f6f8-4c54-b477-071afd7361e2","timestamp":"2023-06-01T06:42:39.153Z"}
{"level":"info","message":"END: GET /api/app:getLang?locale=en-US","req":{"action":{"actionName":"getLang","params":{"actionName":"getLang","locale":"en-US","resourceName":"app"},"resourceName":"app"},"header":{"x-hostname":"localhost","x-locale":"en-US","x-role":"root","x-timezone":"+5.5:00"}},"reqId":"577d5cf4-f6f8-4c54-b477-071afd7361e2","res":{"status":200},"responseTime":24,"timestamp":"2023-06-01T06:42:39.159Z"}
{"level":"info","message":"BEGIN: GET /api/uiRoutes:getAccessible","reqId":"ee155165-5f72-4605-b6f5-2f66e8cfb469","timestamp":"2023-06-01T06:42:39.425Z"}
{"level":"info","message":"Current user id: 1","reqId":"ee155165-5f72-4605-b6f5-2f66e8cfb469","timestamp":"2023-06-01T06:42:39.432Z"}
{"can":null,"level":"info","message":"ctx permission","reqId":"ee155165-5f72-4605-b6f5-2f66e8cfb469","skip":true,"timestamp":"2023-06-01T06:42:39.439Z"}
{"level":"info","message":"acl params","reqId":"ee155165-5f72-4605-b6f5-2f66e8cfb469","timestamp":"2023-06-01T06:42:39.440Z"}
{"level":"info","message":"acl parsedParams","reqId":"ee155165-5f72-4605-b6f5-2f66e8cfb469","timestamp":"2023-06-01T06:42:39.440Z"}
{"level":"info","message":"END: GET /api/uiRoutes:getAccessible","req":{"action":{"actionName":"getAccessible","params":{"actionName":"getAccessible","resourceName":"uiRoutes"},"resourceName":"uiRoutes"},"header":{"x-hostname":"localhost","x-locale":"en-US","x-role":"root","x-timezone":"+5.5:00"}},"reqId":"ee155165-5f72-4605-b6f5-2f66e8cfb469","res":{"status":200},"responseTime":18,"timestamp":"2023-06-01T06:42:39.443Z"}
{"level":"info","message":"BEGIN: GET /api/systemSettings:get/1?appends=logo","reqId":"0a9911ab-e383-4058-af7d-d44db9d2b8e0","timestamp":"2023-06-01T06:42:39.463Z"}
{"level":"info","message":"Current user id: 1","reqId":"0a9911ab-e383-4058-af7d-d44db9d2b8e0","timestamp":"2023-06-01T06:42:39.471Z"}
{"can":null,"level":"info","message":"ctx permission","reqId":"0a9911ab-e383-4058-af7d-d44db9d2b8e0","skip":true,"timestamp":"2023-06-01T06:42:39.477Z"}
{"level":"info","message":"acl params","reqId":"0a9911ab-e383-4058-af7d-d44db9d2b8e0","timestamp":"2023-06-01T06:42:39.478Z"}
{"level":"info","message":"acl parsedParams","reqId":"0a9911ab-e383-4058-af7d-d44db9d2b8e0","timestamp":"2023-06-01T06:42:39.479Z"}
{"level":"info","message":"END: GET /api/systemSettings:get/1?appends=logo","req":{"action":{"actionName":"get","params":{"actionName":"get","appends":["logo"],"filterByTk":"1","resourceIndex":"1","resourceName":"systemSettings"},"resourceName":"systemSettings"},"header":{"x-hostname":"localhost","x-locale":"en-US","x-role":"root","x-timezone":"+5.5:00"}},"reqId":"0a9911ab-e383-4058-af7d-d44db9d2b8e0","res":{"status":200},"responseTime":27,"timestamp":"2023-06-01T06:42:39.490Z"}
{"level":"info","message":"BEGIN: GET /api/app:getInfo","reqId":"775e03ee-8c0a-4062-a482-164d0e83386b","timestamp":"2023-06-01T06:42:39.519Z"}
{"level":"info","message":"Current user id: 1","reqId":"775e03ee-8c0a-4062-a482-164d0e83386b","timestamp":"2023-06-01T06:42:39.527Z"}
{"can":null,"level":"info","message":"ctx permission","reqId":"775e03ee-8c0a-4062-a482-164d0e83386b","skip":true,"timestamp":"2023-06-01T06:42:39.534Z"}
{"level":"info","message":"acl params","reqId":"775e03ee-8c0a-4062-a482-164d0e83386b","timestamp":"2023-06-01T06:42:39.535Z"}
{"level":"info","message":"acl parsedParams","reqId":"775e03ee-8c0a-4062-a482-164d0e83386b","timestamp":"2023-06-01T06:42:39.535Z"}
{"level":"info","message":"END: GET /api/app:getInfo","req":{"action":{"actionName":"getInfo","params":{"actionName":"getInfo","resourceName":"app"},"resourceName":"app"},"header":{"x-hostname":"localhost","x-locale":"en-US","x-role":"root","x-timezone":"+5.5:00"}},"reqId":"775e03ee-8c0a-4062-a482-164d0e83386b","res":{"status":200},"responseTime":21,"timestamp":"2023-06-01T06:42:39.540Z"}
{"level":"info","message":"BEGIN: POST /api/chartsQueries:listMetadata?paginate=false&sort%5B%5D=-id","reqId":"5f075baa-6f27-4cdb-9c55-7018ac2485c8","timestamp":"2023-06-01T06:42:39.758Z"}
{"level":"info","message":"Current user id: 1","reqId":"5f075baa-6f27-4cdb-9c55-7018ac2485c8","timestamp":"2023-06-01T06:42:39.765Z"}
{"can":{"action":"listMetadata","resource":"chartsQueries","role":"root"},"level":"info","message":"ctx permission","reqId":"5f075baa-6f27-4cdb-9c55-7018ac2485c8","skip":true,"timestamp":"2023-06-01T06:42:39.772Z"}
{"level":"info","message":"acl params","reqId":"5f075baa-6f27-4cdb-9c55-7018ac2485c8","timestamp":"2023-06-01T06:42:39.773Z"}
{"level":"info","message":"acl parsedParams","reqId":"5f075baa-6f27-4cdb-9c55-7018ac2485c8","timestamp":"2023-06-01T06:42:39.773Z"}
{"level":"info","message":"END: POST /api/chartsQueries:listMetadata?paginate=false&sort%5B%5D=-id","req":{"action":{"actionName":"listMetadata","params":{"actionName":"listMetadata","paginate":"false","resourceName":"chartsQueries","sort":["-id"]},"resourceName":"chartsQueries"},"header":{"x-hostname":"localhost","x-locale":"en-US","x-role":"root","x-timezone":"+5.5:00"}},"reqId":"5f075baa-6f27-4cdb-9c55-7018ac2485c8","res":{"status":200},"responseTime":18,"timestamp":"2023-06-01T06:42:39.776Z"}
{"level":"info","message":"BEGIN: GET /api/app:getInfo","reqId":"b1505da5-6422-4a6a-bcc6-5094e6904499","timestamp":"2023-06-01T06:42:39.825Z"}
{"level":"info","message":"Current user id: 1","reqId":"b1505da5-6422-4a6a-bcc6-5094e6904499","timestamp":"2023-06-01T06:42:39.833Z"}
{"can":null,"level":"info","message":"ctx permission","reqId":"b1505da5-6422-4a6a-bcc6-5094e6904499","skip":true,"timestamp":"2023-06-01T06:42:39.839Z"}
{"level":"info","message":"acl params","reqId":"b1505da5-6422-4a6a-bcc6-5094e6904499","timestamp":"2023-06-01T06:42:39.839Z"}
{"level":"info","message":"acl parsedParams","reqId":"b1505da5-6422-4a6a-bcc6-5094e6904499","timestamp":"2023-06-01T06:42:39.840Z"}
{"level":"info","message":"END: GET /api/app:getInfo","req":{"action":{"actionName":"getInfo","params":{"actionName":"getInfo","resourceName":"app"},"resourceName":"app"},"header":{"x-hostname":"localhost","x-locale":"en-US","x-role":"root","x-timezone":"+5.5:00"}},"reqId":"b1505da5-6422-4a6a-bcc6-5094e6904499","res":{"status":200},"responseTime":20,"timestamp":"2023-06-01T06:42:39.845Z"}
{"level":"info","message":"BEGIN: GET /api/users:check","reqId":"053dc8d5-e670-493f-bbd6-b209d0b19dd1","timestamp":"2023-06-01T06:42:40.092Z"}
{"level":"info","message":"Current user id: 1","reqId":"053dc8d5-e670-493f-bbd6-b209d0b19dd1","timestamp":"2023-06-01T06:42:40.098Z"}
{"can":null,"level":"info","message":"ctx permission","reqId":"053dc8d5-e670-493f-bbd6-b209d0b19dd1","skip":true,"timestamp":"2023-06-01T06:42:40.102Z"}
{"level":"info","message":"acl params","reqId":"053dc8d5-e670-493f-bbd6-b209d0b19dd1","timestamp":"2023-06-01T06:42:40.103Z"}
{"level":"info","message":"acl parsedParams","reqId":"053dc8d5-e670-493f-bbd6-b209d0b19dd1","timestamp":"2023-06-01T06:42:40.104Z"}
{"level":"info","message":"END: GET /api/users:check","req":{"action":{"actionName":"check","params":{"actionName":"check","resourceName":"users"},"resourceName":"users"},"header":{"x-hostname":"localhost","x-locale":"en-US","x-role":"root","x-timezone":"+5.5:00"}},"reqId":"053dc8d5-e670-493f-bbd6-b209d0b19dd1","res":{"status":200},"responseTime":15,"timestamp":"2023-06-01T06:42:40.107Z"}
{"level":"info","message":"BEGIN: GET /api/uiSchemaTemplates:list?appends%5B%5D=collection&paginate=false","reqId":"61a82de6-452e-4d2e-bd19-d4001d4181cd","timestamp":"2023-06-01T06:42:40.159Z"}
{"level":"info","message":"Current user id: 1","reqId":"61a82de6-452e-4d2e-bd19-d4001d4181cd","timestamp":"2023-06-01T06:42:40.166Z"}
{"can":{"action":"list","resource":"uiSchemaTemplates","role":"root"},"level":"info","message":"ctx permission","reqId":"61a82de6-452e-4d2e-bd19-d4001d4181cd","skip":true,"timestamp":"2023-06-01T06:42:40.170Z"}
{"level":"info","message":"acl params","reqId":"61a82de6-452e-4d2e-bd19-d4001d4181cd","timestamp":"2023-06-01T06:42:40.171Z"}
{"level":"info","message":"acl parsedParams","reqId":"61a82de6-452e-4d2e-bd19-d4001d4181cd","timestamp":"2023-06-01T06:42:40.172Z"}
{"level":"info","message":"END: GET /api/uiSchemaTemplates:list?appends%5B%5D=collection&paginate=false","req":{"action":{"actionName":"list","params":{"actionName":"list","appends":["collection"],"paginate":"false","resourceName":"uiSchemaTemplates"},"resourceName":"uiSchemaTemplates"},"header":{"x-hostname":"localhost","x-locale":"en-US","x-role":"root","x-timezone":"+5.5:00"}},"reqId":"61a82de6-452e-4d2e-bd19-d4001d4181cd","res":{"status":200},"responseTime":21,"timestamp":"2023-06-01T06:42:40.180Z"}
{"level":"info","message":"BEGIN: GET /api/collections:list?paginate=false&appends%5B%5D=fields&appends%5B%5D=category&sort%5B%5D=sort&filter=%7B%7D","reqId":"e0e4b98d-9dc9-4b07-a142-3288ad4955d1","timestamp":"2023-06-01T06:42:40.431Z"}
{"level":"info","message":"Current user id: 1","reqId":"e0e4b98d-9dc9-4b07-a142-3288ad4955d1","timestamp":"2023-06-01T06:42:40.439Z"}
{"can":{"action":"list","resource":"collections","role":"root"},"level":"info","message":"ctx permission","reqId":"e0e4b98d-9dc9-4b07-a142-3288ad4955d1","skip":true,"timestamp":"2023-06-01T06:42:40.445Z"}
{"level":"info","message":"acl params","reqId":"e0e4b98d-9dc9-4b07-a142-3288ad4955d1","timestamp":"2023-06-01T06:42:40.445Z"}
{"level":"info","message":"acl parsedParams","reqId":"e0e4b98d-9dc9-4b07-a142-3288ad4955d1","timestamp":"2023-06-01T06:42:40.446Z"}
{"level":"info","message":"END: GET /api/collections:list?paginate=false&appends%5B%5D=fields&appends%5B%5D=category&sort%5B%5D=sort&filter=%7B%7D","req":{"action":{"actionName":"list","params":{"actionName":"list","appends":["fields","category"],"filter":{},"paginate":"false","resourceName":"collections","sort":["sort"]},"resourceName":"collections"},"header":{"x-hostname":"localhost","x-locale":"en-US","x-role":"root","x-timezone":"+5.5:00"}},"reqId":"e0e4b98d-9dc9-4b07-a142-3288ad4955d1","res":{"status":200},"responseTime":29,"timestamp":"2023-06-01T06:42:40.460Z"}
{"level":"info","message":"BEGIN: GET /api/collectionCategories:list?paginate=false&sort%5B%5D=sort","reqId":"7f5f17ce-c194-4301-9891-2e4dfff6254a","timestamp":"2023-06-01T06:42:40.494Z"}
{"level":"info","message":"BEGIN: GET /api/roles:check","reqId":"95bab843-50f1-4548-8c57-2c387c40a9a4","timestamp":"2023-06-01T06:42:40.496Z"}
{"level":"info","message":"Current user id: 1","reqId":"7f5f17ce-c194-4301-9891-2e4dfff6254a","timestamp":"2023-06-01T06:42:40.506Z"}
{"level":"info","message":"Current user id: 1","reqId":"95bab843-50f1-4548-8c57-2c387c40a9a4","timestamp":"2023-06-01T06:42:40.507Z"}
{"can":null,"level":"info","message":"ctx permission","reqId":"7f5f17ce-c194-4301-9891-2e4dfff6254a","skip":true,"timestamp":"2023-06-01T06:42:40.515Z"}
{"level":"info","message":"acl params","reqId":"7f5f17ce-c194-4301-9891-2e4dfff6254a","timestamp":"2023-06-01T06:42:40.515Z"}
{"level":"info","message":"acl parsedParams","reqId":"7f5f17ce-c194-4301-9891-2e4dfff6254a","timestamp":"2023-06-01T06:42:40.516Z"}
{"can":{"action":"check","resource":"roles","role":"root"},"level":"info","message":"ctx permission","reqId":"95bab843-50f1-4548-8c57-2c387c40a9a4","skip":true,"timestamp":"2023-06-01T06:42:40.518Z"}
{"level":"info","message":"acl params","reqId":"95bab843-50f1-4548-8c57-2c387c40a9a4","timestamp":"2023-06-01T06:42:40.519Z"}
{"level":"info","message":"acl parsedParams","reqId":"95bab843-50f1-4548-8c57-2c387c40a9a4","timestamp":"2023-06-01T06:42:40.519Z"}
{"level":"info","message":"END: GET /api/collectionCategories:list?paginate=false&sort%5B%5D=sort","req":{"action":{"actionName":"list","params":{"actionName":"list","paginate":"false","resourceName":"collectionCategories","sort":["sort"]},"resourceName":"collectionCategories"},"header":{"x-hostname":"localhost","x-locale":"en-US","x-role":"root","x-timezone":"+5.5:00"}},"reqId":"7f5f17ce-c194-4301-9891-2e4dfff6254a","res":{"status":200},"responseTime":36,"timestamp":"2023-06-01T06:42:40.531Z"}
{"level":"info","message":"END: GET /api/roles:check","req":{"action":{"actionName":"check","params":{"actionName":"check","resourceName":"roles"},"resourceName":"roles"},"header":{"x-hostname":"localhost","x-locale":"en-US","x-role":"root","x-timezone":"+5.5:00"}},"reqId":"95bab843-50f1-4548-8c57-2c387c40a9a4","res":{"status":200},"responseTime":40,"timestamp":"2023-06-01T06:42:40.536Z"}
{"level":"info","message":"BEGIN: GET /api/uiSchemas:getJsonSchema/x4gw3mbp2pc","reqId":"d28e0a09-2333-4086-9cc8-9d3d03222deb","timestamp":"2023-06-01T06:42:40.778Z"}
{"level":"info","message":"Current user id: 1","reqId":"d28e0a09-2333-4086-9cc8-9d3d03222deb","timestamp":"2023-06-01T06:42:40.790Z"}
{"can":null,"level":"info","message":"ctx permission","reqId":"d28e0a09-2333-4086-9cc8-9d3d03222deb","skip":true,"timestamp":"2023-06-01T06:42:40.795Z"}
{"level":"info","message":"acl params","reqId":"d28e0a09-2333-4086-9cc8-9d3d03222deb","timestamp":"2023-06-01T06:42:40.796Z"}
{"level":"info","message":"acl parsedParams","reqId":"d28e0a09-2333-4086-9cc8-9d3d03222deb","timestamp":"2023-06-01T06:42:40.796Z"}
{"level":"info","message":"END: GET /api/uiSchemas:getJsonSchema/x4gw3mbp2pc","req":{"action":{"actionName":"getJsonSchema","params":{"actionName":"getJsonSchema","filterByTk":"x4gw3mbp2pc","resourceIndex":"x4gw3mbp2pc","resourceName":"uiSchemas"},"resourceName":"uiSchemas"},"header":{"x-hostname":"localhost","x-locale":"en-US","x-role":"root","x-timezone":"+5.5:00"}},"reqId":"d28e0a09-2333-4086-9cc8-9d3d03222deb","res":{"status":200},"responseTime":19,"timestamp":"2023-06-01T06:42:40.798Z"}
{"level":"info","message":"BEGIN: GET /api/uiSchemas:getProperties/x1meclgs8hv","reqId":"418924e5-1ea2-48c0-875e-2faf62e7ad8a","timestamp":"2023-06-01T06:42:40.873Z"}
{"level":"info","message":"Current user id: 1","reqId":"418924e5-1ea2-48c0-875e-2faf62e7ad8a","timestamp":"2023-06-01T06:42:40.883Z"}
{"can":{"action":"getProperties","resource":"uiSchemas","role":"root"},"level":"info","message":"ctx permission","reqId":"418924e5-1ea2-48c0-875e-2faf62e7ad8a","skip":true,"timestamp":"2023-06-01T06:42:40.892Z"}
{"level":"info","message":"acl params","reqId":"418924e5-1ea2-48c0-875e-2faf62e7ad8a","timestamp":"2023-06-01T06:42:40.893Z"}
{"level":"info","message":"acl parsedParams","reqId":"418924e5-1ea2-48c0-875e-2faf62e7ad8a","timestamp":"2023-06-01T06:42:40.893Z"}
{"level":"info","message":"END: GET /api/uiSchemas:getProperties/x1meclgs8hv","req":{"action":{"actionName":"getProperties","params":{"actionName":"getProperties","filterByTk":"x1meclgs8hv","resourceIndex":"x1meclgs8hv","resourceName":"uiSchemas"},"resourceName":"uiSchemas"},"header":{"x-hostname":"localhost","x-locale":"en-US","x-role":"root","x-timezone":"+5.5:00"}},"reqId":"418924e5-1ea2-48c0-875e-2faf62e7ad8a","res":{"status":200},"responseTime":21,"timestamp":"2023-06-01T06:42:40.894Z"}
{"level":"info","message":"BEGIN: GET /api/app:getLang?locale=en-US","reqId":"15edcb68-3d69-481f-8df2-8e9364e8c03e","timestamp":"2023-06-01T06:44:14.722Z"}
{"level":"info","message":"BEGIN: GET /api/app:getPlugins","reqId":"3b1d82c8-8e11-4853-8469-6f2ca4b99ef9","timestamp":"2023-06-01T06:44:14.726Z"}
{"level":"info","message":"Current user id: 1","reqId":"15edcb68-3d69-481f-8df2-8e9364e8c03e","timestamp":"2023-06-01T06:44:14.740Z"}
{"level":"info","message":"Current user id: 1","reqId":"3b1d82c8-8e11-4853-8469-6f2ca4b99ef9","timestamp":"2023-06-01T06:44:14.742Z"}
{"can":null,"level":"info","message":"ctx permission","reqId":"15edcb68-3d69-481f-8df2-8e9364e8c03e","skip":true,"timestamp":"2023-06-01T06:44:14.752Z"}
{"level":"info","message":"acl params","reqId":"15edcb68-3d69-481f-8df2-8e9364e8c03e","timestamp":"2023-06-01T06:44:14.753Z"}
{"level":"info","message":"acl parsedParams","reqId":"15edcb68-3d69-481f-8df2-8e9364e8c03e","timestamp":"2023-06-01T06:44:14.754Z"}
{"can":null,"level":"info","message":"ctx permission","reqId":"3b1d82c8-8e11-4853-8469-6f2ca4b99ef9","skip":true,"timestamp":"2023-06-01T06:44:14.758Z"}
{"level":"info","message":"acl params","reqId":"3b1d82c8-8e11-4853-8469-6f2ca4b99ef9","timestamp":"2023-06-01T06:44:14.759Z"}
{"level":"info","message":"acl parsedParams","reqId":"3b1d82c8-8e11-4853-8469-6f2ca4b99ef9","timestamp":"2023-06-01T06:44:14.760Z"}
{"level":"info","message":"END: GET /api/app:getLang?locale=en-US","req":{"action":{"actionName":"getLang","params":{"actionName":"getLang","locale":"en-US","resourceName":"app"},"resourceName":"app"},"header":{"x-hostname":"localhost","x-locale":"en-US","x-role":"root","x-timezone":"+5.5:00"}},"reqId":"15edcb68-3d69-481f-8df2-8e9364e8c03e","res":{"status":200},"responseTime":52,"timestamp":"2023-06-01T06:44:14.774Z"}
{"level":"info","message":"END: GET /api/app:getPlugins","req":{"action":{"actionName":"getPlugins","params":{"actionName":"getPlugins","resourceName":"app"},"resourceName":"app"},"header":{"x-hostname":"localhost","x-locale":"en-US","x-role":"root","x-timezone":"+5.5:00"}},"reqId":"3b1d82c8-8e11-4853-8469-6f2ca4b99ef9","res":{"status":200},"responseTime":216,"timestamp":"2023-06-01T06:44:14.942Z"}
{"level":"info","message":"BEGIN: GET /api/app:getLang?locale=en-US","reqId":"d7a3686c-6626-4a91-a47b-3be1ef1fbf23","timestamp":"2023-06-01T06:44:15.058Z"}
{"level":"info","message":"Current user id: 1","reqId":"d7a3686c-6626-4a91-a47b-3be1ef1fbf23","timestamp":"2023-06-01T06:44:15.071Z"}
{"can":null,"level":"info","message":"ctx permission","reqId":"d7a3686c-6626-4a91-a47b-3be1ef1fbf23","skip":true,"timestamp":"2023-06-01T06:44:15.084Z"}
{"level":"info","message":"acl params","reqId":"d7a3686c-6626-4a91-a47b-3be1ef1fbf23","timestamp":"2023-06-01T06:44:15.085Z"}
{"level":"info","message":"acl parsedParams","reqId":"d7a3686c-6626-4a91-a47b-3be1ef1fbf23","timestamp":"2023-06-01T06:44:15.086Z"}
{"level":"info","message":"END: GET /api/app:getLang?locale=en-US","req":{"action":{"actionName":"getLang","params":{"actionName":"getLang","locale":"en-US","resourceName":"app"},"resourceName":"app"},"header":{"x-hostname":"localhost","x-locale":"en-US","x-role":"root","x-timezone":"+5.5:00"}},"reqId":"d7a3686c-6626-4a91-a47b-3be1ef1fbf23","res":{"status":200},"responseTime":40,"timestamp":"2023-06-01T06:44:15.098Z"}
{"level":"info","message":"BEGIN: GET /api/uiRoutes:getAccessible","reqId":"e20f29b8-13ec-42ac-a600-c392d2f7bf90","timestamp":"2023-06-01T06:44:15.345Z"}
{"level":"info","message":"Current user id: 1","reqId":"e20f29b8-13ec-42ac-a600-c392d2f7bf90","timestamp":"2023-06-01T06:44:15.361Z"}
{"can":null,"level":"info","message":"ctx permission","reqId":"e20f29b8-13ec-42ac-a600-c392d2f7bf90","skip":true,"timestamp":"2023-06-01T06:44:15.369Z"}
{"level":"info","message":"acl params","reqId":"e20f29b8-13ec-42ac-a600-c392d2f7bf90","timestamp":"2023-06-01T06:44:15.371Z"}
{"level":"info","message":"acl parsedParams","reqId":"e20f29b8-13ec-42ac-a600-c392d2f7bf90","timestamp":"2023-06-01T06:44:15.372Z"}
{"level":"info","message":"END: GET /api/uiRoutes:getAccessible","req":{"action":{"actionName":"getAccessible","params":{"actionName":"getAccessible","resourceName":"uiRoutes"},"resourceName":"uiRoutes"},"header":{"x-hostname":"localhost","x-locale":"en-US","x-role":"root","x-timezone":"+5.5:00"}},"reqId":"e20f29b8-13ec-42ac-a600-c392d2f7bf90","res":{"status":200},"responseTime":33,"timestamp":"2023-06-01T06:44:15.378Z"}
{"level":"info","message":"BEGIN: GET /api/systemSettings:get/1?appends=logo","reqId":"1c6244b6-4e39-4c9d-80db-0e1d1ad31e6d","timestamp":"2023-06-01T06:44:15.448Z"}
{"level":"info","message":"Current user id: 1","reqId":"1c6244b6-4e39-4c9d-80db-0e1d1ad31e6d","timestamp":"2023-06-01T06:44:15.461Z"}
{"can":null,"level":"info","message":"ctx permission","reqId":"1c6244b6-4e39-4c9d-80db-0e1d1ad31e6d","skip":true,"timestamp":"2023-06-01T06:44:15.471Z"}
{"level":"info","message":"acl params","reqId":"1c6244b6-4e39-4c9d-80db-0e1d1ad31e6d","timestamp":"2023-06-01T06:44:15.472Z"}
{"level":"info","message":"acl parsedParams","reqId":"1c6244b6-4e39-4c9d-80db-0e1d1ad31e6d","timestamp":"2023-06-01T06:44:15.472Z"}
{"level":"info","message":"END: GET /api/systemSettings:get/1?appends=logo","req":{"action":{"actionName":"get","params":{"actionName":"get","appends":["logo"],"filterByTk":"1","resourceIndex":"1","resourceName":"systemSettings"},"resourceName":"systemSettings"},"header":{"x-hostname":"localhost","x-locale":"en-US","x-role":"root","x-timezone":"+5.5:00"}},"reqId":"1c6244b6-4e39-4c9d-80db-0e1d1ad31e6d","res":{"status":200},"responseTime":36,"timestamp":"2023-06-01T06:44:15.485Z"}
{"level":"info","message":"BEGIN: GET /api/app:getInfo","reqId":"5875f20b-4209-4f92-94c1-8b35a7b50e55","timestamp":"2023-06-01T06:44:15.708Z"}
{"level":"info","message":"Current user id: 1","reqId":"5875f20b-4209-4f92-94c1-8b35a7b50e55","timestamp":"2023-06-01T06:44:15.721Z"}
{"can":null,"level":"info","message":"ctx permission","reqId":"5875f20b-4209-4f92-94c1-8b35a7b50e55","skip":true,"timestamp":"2023-06-01T06:44:15.727Z"}
{"level":"info","message":"acl params","reqId":"5875f20b-4209-4f92-94c1-8b35a7b50e55","timestamp":"2023-06-01T06:44:15.728Z"}
{"level":"info","message":"acl parsedParams","reqId":"5875f20b-4209-4f92-94c1-8b35a7b50e55","timestamp":"2023-06-01T06:44:15.729Z"}
{"level":"info","message":"END: GET /api/app:getInfo","req":{"action":{"actionName":"getInfo","params":{"actionName":"getInfo","resourceName":"app"},"resourceName":"app"},"header":{"x-hostname":"localhost","x-locale":"en-US","x-role":"root","x-timezone":"+5.5:00"}},"reqId":"5875f20b-4209-4f92-94c1-8b35a7b50e55","res":{"status":200},"responseTime":26,"timestamp":"2023-06-01T06:44:15.734Z"}
{"level":"info","message":"BEGIN: POST /api/chartsQueries:listMetadata?paginate=false&sort%5B%5D=-id","reqId":"11329237-1725-46be-a78a-7f917e422dc6","timestamp":"2023-06-01T06:44:15.866Z"}
{"level":"info","message":"Current user id: 1","reqId":"11329237-1725-46be-a78a-7f917e422dc6","timestamp":"2023-06-01T06:44:15.886Z"}
{"can":{"action":"listMetadata","resource":"chartsQueries","role":"root"},"level":"info","message":"ctx permission","reqId":"11329237-1725-46be-a78a-7f917e422dc6","skip":true,"timestamp":"2023-06-01T06:44:15.898Z"}
{"level":"info","message":"acl params","reqId":"11329237-1725-46be-a78a-7f917e422dc6","timestamp":"2023-06-01T06:44:15.899Z"}
{"level":"info","message":"acl parsedParams","reqId":"11329237-1725-46be-a78a-7f917e422dc6","timestamp":"2023-06-01T06:44:15.899Z"}
{"level":"info","message":"END: POST /api/chartsQueries:listMetadata?paginate=false&sort%5B%5D=-id","req":{"action":{"actionName":"listMetadata","params":{"actionName":"listMetadata","paginate":"false","resourceName":"chartsQueries","sort":["-id"]},"resourceName":"chartsQueries"},"header":{"x-hostname":"localhost","x-locale":"en-US","x-role":"root","x-timezone":"+5.5:00"}},"reqId":"11329237-1725-46be-a78a-7f917e422dc6","res":{"status":200},"responseTime":36,"timestamp":"2023-06-01T06:44:15.902Z"}
{"level":"info","message":"BEGIN: GET /api/app:getInfo","reqId":"d4a4a65a-68b3-4b94-9025-82cf52a6c1d8","timestamp":"2023-06-01T06:44:15.914Z"}
{"level":"info","message":"Current user id: 1","reqId":"d4a4a65a-68b3-4b94-9025-82cf52a6c1d8","timestamp":"2023-06-01T06:44:15.921Z"}
{"can":null,"level":"info","message":"ctx permission","reqId":"d4a4a65a-68b3-4b94-9025-82cf52a6c1d8","skip":true,"timestamp":"2023-06-01T06:44:15.926Z"}
{"level":"info","message":"acl params","reqId":"d4a4a65a-68b3-4b94-9025-82cf52a6c1d8","timestamp":"2023-06-01T06:44:15.926Z"}
{"level":"info","message":"acl parsedParams","reqId":"d4a4a65a-68b3-4b94-9025-82cf52a6c1d8","timestamp":"2023-06-01T06:44:15.927Z"}
{"level":"info","message":"END: GET /api/app:getInfo","req":{"action":{"actionName":"getInfo","params":{"actionName":"getInfo","resourceName":"app"},"resourceName":"app"},"header":{"x-hostname":"localhost","x-locale":"en-US","x-role":"root","x-timezone":"+5.5:00"}},"reqId":"d4a4a65a-68b3-4b94-9025-82cf52a6c1d8","res":{"status":200},"responseTime":17,"timestamp":"2023-06-01T06:44:15.931Z"}
{"level":"info","message":"BEGIN: GET /api/users:check","reqId":"29906e3d-4c91-4724-a665-a7f2e66ef92f","timestamp":"2023-06-01T06:44:16.252Z"}
{"level":"info","message":"Current user id: 1","reqId":"29906e3d-4c91-4724-a665-a7f2e66ef92f","timestamp":"2023-06-01T06:44:16.261Z"}
{"can":null,"level":"info","message":"ctx permission","reqId":"29906e3d-4c91-4724-a665-a7f2e66ef92f","skip":true,"timestamp":"2023-06-01T06:44:16.271Z"}
{"level":"info","message":"acl params","reqId":"29906e3d-4c91-4724-a665-a7f2e66ef92f","timestamp":"2023-06-01T06:44:16.272Z"}
{"level":"info","message":"acl parsedParams","reqId":"29906e3d-4c91-4724-a665-a7f2e66ef92f","timestamp":"2023-06-01T06:44:16.273Z"}
{"level":"info","message":"END: GET /api/users:check","req":{"action":{"actionName":"check","params":{"actionName":"check","resourceName":"users"},"resourceName":"users"},"header":{"x-hostname":"localhost","x-locale":"en-US","x-role":"root","x-timezone":"+5.5:00"}},"reqId":"29906e3d-4c91-4724-a665-a7f2e66ef92f","res":{"status":200},"responseTime":22,"timestamp":"2023-06-01T06:44:16.274Z"}
{"level":"info","message":"BEGIN: GET /api/uiSchemaTemplates:list?appends%5B%5D=collection&paginate=false","reqId":"e83f7b18-a935-4d7a-a9b7-8224a0eaaea9","timestamp":"2023-06-01T06:44:16.517Z"}
{"level":"info","message":"Current user id: 1","reqId":"e83f7b18-a935-4d7a-a9b7-8224a0eaaea9","timestamp":"2023-06-01T06:44:16.524Z"}
{"can":{"action":"list","resource":"uiSchemaTemplates","role":"root"},"level":"info","message":"ctx permission","reqId":"e83f7b18-a935-4d7a-a9b7-8224a0eaaea9","skip":true,"timestamp":"2023-06-01T06:44:16.530Z"}
{"level":"info","message":"acl params","reqId":"e83f7b18-a935-4d7a-a9b7-8224a0eaaea9","timestamp":"2023-06-01T06:44:16.531Z"}
{"level":"info","message":"acl parsedParams","reqId":"e83f7b18-a935-4d7a-a9b7-8224a0eaaea9","timestamp":"2023-06-01T06:44:16.531Z"}
{"level":"info","message":"END: GET /api/uiSchemaTemplates:list?appends%5B%5D=collection&paginate=false","req":{"action":{"actionName":"list","params":{"actionName":"list","appends":["collection"],"paginate":"false","resourceName":"uiSchemaTemplates"},"resourceName":"uiSchemaTemplates"},"header":{"x-hostname":"localhost","x-locale":"en-US","x-role":"root","x-timezone":"+5.5:00"}},"reqId":"e83f7b18-a935-4d7a-a9b7-8224a0eaaea9","res":{"status":200},"responseTime":26,"timestamp":"2023-06-01T06:44:16.543Z"}
{"level":"info","message":"BEGIN: GET /api/collections:list?paginate=false&appends%5B%5D=fields&appends%5B%5D=category&sort%5B%5D=sort&filter=%7B%7D","reqId":"303b9180-e72f-44ab-94bd-65d05eca5a10","timestamp":"2023-06-01T06:44:16.596Z"}
{"level":"info","message":"Current user id: 1","reqId":"303b9180-e72f-44ab-94bd-65d05eca5a10","timestamp":"2023-06-01T06:44:16.608Z"}
{"can":{"action":"list","resource":"collections","role":"root"},"level":"info","message":"ctx permission","reqId":"303b9180-e72f-44ab-94bd-65d05eca5a10","skip":true,"timestamp":"2023-06-01T06:44:16.615Z"}
{"level":"info","message":"acl params","reqId":"303b9180-e72f-44ab-94bd-65d05eca5a10","timestamp":"2023-06-01T06:44:16.616Z"}
{"level":"info","message":"acl parsedParams","reqId":"303b9180-e72f-44ab-94bd-65d05eca5a10","timestamp":"2023-06-01T06:44:16.616Z"}
{"level":"info","message":"END: GET /api/collections:list?paginate=false&appends%5B%5D=fields&appends%5B%5D=category&sort%5B%5D=sort&filter=%7B%7D","req":{"action":{"actionName":"list","params":{"actionName":"list","appends":["fields","category"],"filter":{},"paginate":"false","resourceName":"collections","sort":["sort"]},"resourceName":"collections"},"header":{"x-hostname":"localhost","x-locale":"en-US","x-role":"root","x-timezone":"+5.5:00"}},"reqId":"303b9180-e72f-44ab-94bd-65d05eca5a10","res":{"status":200},"responseTime":41,"timestamp":"2023-06-01T06:44:16.637Z"}
{"level":"info","message":"BEGIN: GET /api/roles:check","reqId":"fa884c01-6f2d-4d08-9f86-8c7c4310972a","timestamp":"2023-06-01T06:44:16.863Z"}
{"level":"info","message":"BEGIN: GET /api/collectionCategories:list?paginate=false&sort%5B%5D=sort","reqId":"50f9c707-281a-497f-b5a3-c2288fb7b208","timestamp":"2023-06-01T06:44:16.868Z"}
{"level":"info","message":"Current user id: 1","reqId":"fa884c01-6f2d-4d08-9f86-8c7c4310972a","timestamp":"2023-06-01T06:44:16.882Z"}
{"level":"info","message":"Current user id: 1","reqId":"50f9c707-281a-497f-b5a3-c2288fb7b208","timestamp":"2023-06-01T06:44:16.883Z"}
{"can":{"action":"check","resource":"roles","role":"root"},"level":"info","message":"ctx permission","reqId":"fa884c01-6f2d-4d08-9f86-8c7c4310972a","skip":true,"timestamp":"2023-06-01T06:44:16.892Z"}
{"level":"info","message":"acl params","reqId":"fa884c01-6f2d-4d08-9f86-8c7c4310972a","timestamp":"2023-06-01T06:44:16.893Z"}
{"level":"info","message":"acl parsedParams","reqId":"fa884c01-6f2d-4d08-9f86-8c7c4310972a","timestamp":"2023-06-01T06:44:16.894Z"}
{"can":null,"level":"info","message":"ctx permission","reqId":"50f9c707-281a-497f-b5a3-c2288fb7b208","skip":true,"timestamp":"2023-06-01T06:44:16.896Z"}
{"level":"info","message":"acl params","reqId":"50f9c707-281a-497f-b5a3-c2288fb7b208","timestamp":"2023-06-01T06:44:16.897Z"}
{"level":"info","message":"acl parsedParams","reqId":"50f9c707-281a-497f-b5a3-c2288fb7b208","timestamp":"2023-06-01T06:44:16.898Z"}
{"level":"info","message":"END: GET /api/collectionCategories:list?paginate=false&sort%5B%5D=sort","req":{"action":{"actionName":"list","params":{"actionName":"list","paginate":"false","resourceName":"collectionCategories","sort":["sort"]},"resourceName":"collectionCategories"},"header":{"x-hostname":"localhost","x-locale":"en-US","x-role":"root","x-timezone":"+5.5:00"}},"reqId":"50f9c707-281a-497f-b5a3-c2288fb7b208","res":{"status":200},"responseTime":43,"timestamp":"2023-06-01T06:44:16.912Z"}
{"level":"info","message":"END: GET /api/roles:check","req":{"action":{"actionName":"check","params":{"actionName":"check","resourceName":"roles"},"resourceName":"roles"},"header":{"x-hostname":"localhost","x-locale":"en-US","x-role":"root","x-timezone":"+5.5:00"}},"reqId":"fa884c01-6f2d-4d08-9f86-8c7c4310972a","res":{"status":200},"responseTime":54,"timestamp":"2023-06-01T06:44:16.917Z"}
{"level":"info","message":"BEGIN: GET /api/uiSchemas:getJsonSchema/x4gw3mbp2pc","reqId":"1a4848f5-f601-45a0-9942-e7c90f7b22e5","timestamp":"2023-06-01T06:44:16.965Z"}
{"level":"info","message":"Current user id: 1","reqId":"1a4848f5-f601-45a0-9942-e7c90f7b22e5","timestamp":"2023-06-01T06:44:16.977Z"}
{"can":null,"level":"info","message":"ctx permission","reqId":"1a4848f5-f601-45a0-9942-e7c90f7b22e5","skip":true,"timestamp":"2023-06-01T06:44:16.984Z"}
{"level":"info","message":"acl params","reqId":"1a4848f5-f601-45a0-9942-e7c90f7b22e5","timestamp":"2023-06-01T06:44:16.985Z"}
{"level":"info","message":"acl parsedParams","reqId":"1a4848f5-f601-45a0-9942-e7c90f7b22e5","timestamp":"2023-06-01T06:44:16.987Z"}
{"level":"info","message":"END: GET /api/uiSchemas:getJsonSchema/x4gw3mbp2pc","req":{"action":{"actionName":"getJsonSchema","params":{"actionName":"getJsonSchema","filterByTk":"x4gw3mbp2pc","resourceIndex":"x4gw3mbp2pc","resourceName":"uiSchemas"},"resourceName":"uiSchemas"},"header":{"x-hostname":"localhost","x-locale":"en-US","x-role":"root","x-timezone":"+5.5:00"}},"reqId":"1a4848f5-f601-45a0-9942-e7c90f7b22e5","res":{"status":200},"responseTime":23,"timestamp":"2023-06-01T06:44:16.988Z"}
{"level":"info","message":"BEGIN: GET /api/uiSchemas:getProperties/x1meclgs8hv","reqId":"adf0b8a9-8475-4680-a181-37e7429191aa","timestamp":"2023-06-01T06:44:17.246Z"}
{"level":"info","message":"Current user id: 1","reqId":"adf0b8a9-8475-4680-a181-37e7429191aa","timestamp":"2023-06-01T06:44:17.261Z"}
{"can":{"action":"getProperties","resource":"uiSchemas","role":"root"},"level":"info","message":"ctx permission","reqId":"adf0b8a9-8475-4680-a181-37e7429191aa","skip":true,"timestamp":"2023-06-01T06:44:17.272Z"}
{"level":"info","message":"acl params","reqId":"adf0b8a9-8475-4680-a181-37e7429191aa","timestamp":"2023-06-01T06:44:17.273Z"}
{"level":"info","message":"acl parsedParams","reqId":"adf0b8a9-8475-4680-a181-37e7429191aa","timestamp":"2023-06-01T06:44:17.274Z"}
{"level":"info","message":"END: GET /api/uiSchemas:getProperties/x1meclgs8hv","req":{"action":{"actionName":"getProperties","params":{"actionName":"getProperties","filterByTk":"x1meclgs8hv","resourceIndex":"x1meclgs8hv","resourceName":"uiSchemas"},"resourceName":"uiSchemas"},"header":{"x-hostname":"localhost","x-locale":"en-US","x-role":"root","x-timezone":"+5.5:00"}},"reqId":"adf0b8a9-8475-4680-a181-37e7429191aa","res":{"status":200},"responseTime":31,"timestamp":"2023-06-01T06:44:17.276Z"}
{"level":"info","message":"BEGIN: GET /api/collections:list?pageSize=50&sort%5B%5D=sort&appends%5B%5D=fields&appends%5B%5D=category&filter=%7B%22hidden%22%3A%7B%22%24isFalsy%22%3Atrue%7D%7D","reqId":"8089a048-9f0f-4073-88ba-06785b8d5fa6","timestamp":"2023-06-01T06:44:20.645Z"}
{"level":"info","message":"Current user id: 1","reqId":"8089a048-9f0f-4073-88ba-06785b8d5fa6","timestamp":"2023-06-01T06:44:20.654Z"}
{"can":{"action":"list","resource":"collections","role":"root"},"level":"info","message":"ctx permission","reqId":"8089a048-9f0f-4073-88ba-06785b8d5fa6","skip":true,"timestamp":"2023-06-01T06:44:20.663Z"}
{"level":"info","message":"acl params","reqId":"8089a048-9f0f-4073-88ba-06785b8d5fa6","timestamp":"2023-06-01T06:44:20.664Z"}
{"level":"info","message":"acl parsedParams","reqId":"8089a048-9f0f-4073-88ba-06785b8d5fa6","timestamp":"2023-06-01T06:44:20.665Z"}
{"level":"info","message":"END: GET /api/collections:list?pageSize=50&sort%5B%5D=sort&appends%5B%5D=fields&appends%5B%5D=category&filter=%7B%22hidden%22%3A%7B%22%24isFalsy%22%3Atrue%7D%7D","req":{"action":{"actionName":"list","params":{"actionName":"list","appends":["fields","category"],"filter":{"hidden":{"$isFalsy":true}},"pageSize":"50","resourceName":"collections","sort":["sort"]},"resourceName":"collections"},"header":{"x-hostname":"localhost","x-locale":"en-US","x-role":"root","x-timezone":"+5.5:00"}},"reqId":"8089a048-9f0f-4073-88ba-06785b8d5fa6","res":{"status":200},"responseTime":45,"timestamp":"2023-06-01T06:44:20.690Z"}
{"level":"info","message":"BEGIN: GET /api/app:getLang?locale=en-US","reqId":"a1bb8494-9d22-4db2-a9e7-657f113d31c4","timestamp":"2023-06-01T06:57:30.626Z"}
{"level":"info","message":"BEGIN: GET /api/app:getPlugins","reqId":"ab9785e2-9202-47cc-9308-05b1fdd93d74","timestamp":"2023-06-01T06:57:30.655Z"}
{"level":"info","message":"Current user id: 1","reqId":"a1bb8494-9d22-4db2-a9e7-657f113d31c4","timestamp":"2023-06-01T06:57:30.682Z"}
{"level":"info","message":"Current user id: 1","reqId":"ab9785e2-9202-47cc-9308-05b1fdd93d74","timestamp":"2023-06-01T06:57:30.687Z"}
{"can":null,"level":"info","message":"ctx permission","reqId":"a1bb8494-9d22-4db2-a9e7-657f113d31c4","skip":true,"timestamp":"2023-06-01T06:57:30.712Z"}
{"level":"info","message":"acl params","reqId":"a1bb8494-9d22-4db2-a9e7-657f113d31c4","timestamp":"2023-06-01T06:57:30.714Z"}
{"level":"info","message":"acl parsedParams","reqId":"a1bb8494-9d22-4db2-a9e7-657f113d31c4","timestamp":"2023-06-01T06:57:30.716Z"}
{"can":null,"level":"info","message":"ctx permission","reqId":"ab9785e2-9202-47cc-9308-05b1fdd93d74","skip":true,"timestamp":"2023-06-01T06:57:30.728Z"}
{"level":"info","message":"acl params","reqId":"ab9785e2-9202-47cc-9308-05b1fdd93d74","timestamp":"2023-06-01T06:57:30.729Z"}
{"level":"info","message":"acl parsedParams","reqId":"ab9785e2-9202-47cc-9308-05b1fdd93d74","timestamp":"2023-06-01T06:57:30.731Z"}
{"level":"info","message":"END: GET /api/app:getPlugins","req":{"action":{"actionName":"getPlugins","params":{"actionName":"getPlugins","resourceName":"app"},"resourceName":"app"},"header":{"x-hostname":"localhost","x-locale":"en-US","x-role":"root","x-timezone":"+5.5:00"}},"reqId":"ab9785e2-9202-47cc-9308-05b1fdd93d74","res":{"status":200},"responseTime":1202,"timestamp":"2023-06-01T06:57:31.858Z"}
{"level":"info","message":"END: GET /api/app:getLang?locale=en-US","req":{"action":{"actionName":"getLang","params":{"actionName":"getLang","locale":"en-US","resourceName":"app"},"resourceName":"app"},"header":{"x-hostname":"localhost","x-locale":"en-US","x-role":"root","x-timezone":"+5.5:00"}},"reqId":"a1bb8494-9d22-4db2-a9e7-657f113d31c4","res":{"status":200},"responseTime":10040,"timestamp":"2023-06-01T06:57:40.664Z"}
{"level":"info","message":"BEGIN: GET /api/app:getLang?locale=en-US","reqId":"bd7dd98d-8a34-4473-8bc9-3c1a8950b03e","timestamp":"2023-06-01T06:57:40.676Z"}
{"level":"info","message":"Current user id: 1","reqId":"bd7dd98d-8a34-4473-8bc9-3c1a8950b03e","timestamp":"2023-06-01T06:57:40.685Z"}
{"can":null,"level":"info","message":"ctx permission","reqId":"bd7dd98d-8a34-4473-8bc9-3c1a8950b03e","skip":true,"timestamp":"2023-06-01T06:57:40.690Z"}
{"level":"info","message":"acl params","reqId":"bd7dd98d-8a34-4473-8bc9-3c1a8950b03e","timestamp":"2023-06-01T06:57:40.692Z"}
{"level":"info","message":"acl parsedParams","reqId":"bd7dd98d-8a34-4473-8bc9-3c1a8950b03e","timestamp":"2023-06-01T06:57:40.693Z"}
{"level":"info","message":"END: GET /api/app:getLang?locale=en-US","req":{"action":{"actionName":"getLang","params":{"actionName":"getLang","locale":"en-US","resourceName":"app"},"resourceName":"app"},"header":{"x-hostname":"localhost","x-locale":"en-US","x-role":"root","x-timezone":"+5.5:00"}},"reqId":"bd7dd98d-8a34-4473-8bc9-3c1a8950b03e","res":{"status":200},"responseTime":22,"timestamp":"2023-06-01T06:57:40.698Z"}
{"level":"info","message":"BEGIN: GET /api/uiRoutes:getAccessible","reqId":"e59e8285-78bb-4694-a3d1-d371296330c6","timestamp":"2023-06-01T06:57:41.020Z"}
{"level":"info","message":"Current user id: 1","reqId":"e59e8285-78bb-4694-a3d1-d371296330c6","timestamp":"2023-06-01T06:57:41.027Z"}
{"can":null,"level":"info","message":"ctx permission","reqId":"e59e8285-78bb-4694-a3d1-d371296330c6","skip":true,"timestamp":"2023-06-01T06:57:41.034Z"}
{"level":"info","message":"acl params","reqId":"e59e8285-78bb-4694-a3d1-d371296330c6","timestamp":"2023-06-01T06:57:41.035Z"}
{"level":"info","message":"acl parsedParams","reqId":"e59e8285-78bb-4694-a3d1-d371296330c6","timestamp":"2023-06-01T06:57:41.036Z"}
{"level":"info","message":"END: GET /api/uiRoutes:getAccessible","req":{"action":{"actionName":"getAccessible","params":{"actionName":"getAccessible","resourceName":"uiRoutes"},"resourceName":"uiRoutes"},"header":{"x-hostname":"localhost","x-locale":"en-US","x-role":"root","x-timezone":"+5.5:00"}},"reqId":"e59e8285-78bb-4694-a3d1-d371296330c6","res":{"status":200},"responseTime":20,"timestamp":"2023-06-01T06:57:41.040Z"}
{"level":"info","message":"BEGIN: GET /api/systemSettings:get/1?appends=logo","reqId":"80346267-f7f6-46e5-ae20-ccfc18e3274c","timestamp":"2023-06-01T06:57:41.282Z"}
{"level":"info","message":"Current user id: 1","reqId":"80346267-f7f6-46e5-ae20-ccfc18e3274c","timestamp":"2023-06-01T06:57:41.292Z"}
{"can":null,"level":"info","message":"ctx permission","reqId":"80346267-f7f6-46e5-ae20-ccfc18e3274c","skip":true,"timestamp":"2023-06-01T06:57:41.299Z"}
{"level":"info","message":"acl params","reqId":"80346267-f7f6-46e5-ae20-ccfc18e3274c","timestamp":"2023-06-01T06:57:41.300Z"}
{"level":"info","message":"acl parsedParams","reqId":"80346267-f7f6-46e5-ae20-ccfc18e3274c","timestamp":"2023-06-01T06:57:41.300Z"}
{"level":"info","message":"END: GET /api/systemSettings:get/1?appends=logo","req":{"action":{"actionName":"get","params":{"actionName":"get","appends":["logo"],"filterByTk":"1","resourceIndex":"1","resourceName":"systemSettings"},"resourceName":"systemSettings"},"header":{"x-hostname":"localhost","x-locale":"en-US","x-role":"root","x-timezone":"+5.5:00"}},"reqId":"80346267-f7f6-46e5-ae20-ccfc18e3274c","res":{"status":200},"responseTime":33,"timestamp":"2023-06-01T06:57:41.315Z"}
{"level":"info","message":"BEGIN: GET /api/app:getInfo","reqId":"004828a9-fdee-4e8e-9401-08e2a29b3941","timestamp":"2023-06-01T06:57:41.359Z"}
{"level":"info","message":"Current user id: 1","reqId":"004828a9-fdee-4e8e-9401-08e2a29b3941","timestamp":"2023-06-01T06:57:41.368Z"}
{"can":null,"level":"info","message":"ctx permission","reqId":"004828a9-fdee-4e8e-9401-08e2a29b3941","skip":true,"timestamp":"2023-06-01T06:57:41.375Z"}
{"level":"info","message":"acl params","reqId":"004828a9-fdee-4e8e-9401-08e2a29b3941","timestamp":"2023-06-01T06:57:41.376Z"}
{"level":"info","message":"acl parsedParams","reqId":"004828a9-fdee-4e8e-9401-08e2a29b3941","timestamp":"2023-06-01T06:57:41.376Z"}
{"level":"info","message":"END: GET /api/app:getInfo","req":{"action":{"actionName":"getInfo","params":{"actionName":"getInfo","resourceName":"app"},"resourceName":"app"},"header":{"x-hostname":"localhost","x-locale":"en-US","x-role":"root","x-timezone":"+5.5:00"}},"reqId":"004828a9-fdee-4e8e-9401-08e2a29b3941","res":{"status":200},"responseTime":26,"timestamp":"2023-06-01T06:57:41.384Z"}
{"level":"info","message":"BEGIN: POST /api/chartsQueries:listMetadata?paginate=false&sort%5B%5D=-id","reqId":"48ba4eed-a0fb-4900-a5a8-058cafacc602","timestamp":"2023-06-01T06:57:41.664Z"}
{"level":"info","message":"Current user id: 1","reqId":"48ba4eed-a0fb-4900-a5a8-058cafacc602","timestamp":"2023-06-01T06:57:41.717Z"}
{"can":{"action":"listMetadata","resource":"chartsQueries","role":"root"},"level":"info","message":"ctx permission","reqId":"48ba4eed-a0fb-4900-a5a8-058cafacc602","skip":true,"timestamp":"2023-06-01T06:57:41.724Z"}
{"level":"info","message":"acl params","reqId":"48ba4eed-a0fb-4900-a5a8-058cafacc602","timestamp":"2023-06-01T06:57:41.725Z"}
{"level":"info","message":"acl parsedParams","reqId":"48ba4eed-a0fb-4900-a5a8-058cafacc602","timestamp":"2023-06-01T06:57:41.726Z"}
{"level":"info","message":"END: POST /api/chartsQueries:listMetadata?paginate=false&sort%5B%5D=-id","req":{"action":{"actionName":"listMetadata","params":{"actionName":"listMetadata","paginate":"false","resourceName":"chartsQueries","sort":["-id"]},"resourceName":"chartsQueries"},"header":{"x-hostname":"localhost","x-locale":"en-US","x-role":"root","x-timezone":"+5.5:00"}},"reqId":"48ba4eed-a0fb-4900-a5a8-058cafacc602","res":{"status":200},"responseTime":65,"timestamp":"2023-06-01T06:57:41.729Z"}
{"level":"info","message":"BEGIN: GET /api/app:getInfo","reqId":"c9b22e36-bfff-49bf-9bf8-b74701cd0f71","timestamp":"2023-06-01T06:57:42.045Z"}
{"level":"info","message":"Current user id: 1","reqId":"c9b22e36-bfff-49bf-9bf8-b74701cd0f71","timestamp":"2023-06-01T06:57:42.054Z"}
{"can":null,"level":"info","message":"ctx permission","reqId":"c9b22e36-bfff-49bf-9bf8-b74701cd0f71","skip":true,"timestamp":"2023-06-01T06:57:42.059Z"}
{"level":"info","message":"acl params","reqId":"c9b22e36-bfff-49bf-9bf8-b74701cd0f71","timestamp":"2023-06-01T06:57:42.059Z"}
{"level":"info","message":"acl parsedParams","reqId":"c9b22e36-bfff-49bf-9bf8-b74701cd0f71","timestamp":"2023-06-01T06:57:42.060Z"}
{"level":"info","message":"END: GET /api/app:getInfo","req":{"action":{"actionName":"getInfo","params":{"actionName":"getInfo","resourceName":"app"},"resourceName":"app"},"header":{"x-hostname":"localhost","x-locale":"en-US","x-role":"root","x-timezone":"+5.5:00"}},"reqId":"c9b22e36-bfff-49bf-9bf8-b74701cd0f71","res":{"status":200},"responseTime":19,"timestamp":"2023-06-01T06:57:42.064Z"}
{"level":"info","message":"BEGIN: GET /api/users:check","reqId":"2e701e98-1237-4187-86f3-a83634a911f8","timestamp":"2023-06-01T06:57:42.304Z"}
{"level":"info","message":"Current user id: 1","reqId":"2e701e98-1237-4187-86f3-a83634a911f8","timestamp":"2023-06-01T06:57:42.315Z"}
{"can":null,"level":"info","message":"ctx permission","reqId":"2e701e98-1237-4187-86f3-a83634a911f8","skip":true,"timestamp":"2023-06-01T06:57:42.324Z"}
{"level":"info","message":"acl params","reqId":"2e701e98-1237-4187-86f3-a83634a911f8","timestamp":"2023-06-01T06:57:42.325Z"}
{"level":"info","message":"acl parsedParams","reqId":"2e701e98-1237-4187-86f3-a83634a911f8","timestamp":"2023-06-01T06:57:42.326Z"}
{"level":"info","message":"END: GET /api/users:check","req":{"action":{"actionName":"check","params":{"actionName":"check","resourceName":"users"},"resourceName":"users"},"header":{"x-hostname":"localhost","x-locale":"en-US","x-role":"root","x-timezone":"+5.5:00"}},"reqId":"2e701e98-1237-4187-86f3-a83634a911f8","res":{"status":200},"responseTime":25,"timestamp":"2023-06-01T06:57:42.328Z"}
{"level":"info","message":"BEGIN: GET /api/uiSchemaTemplates:list?appends%5B%5D=collection&paginate=false","reqId":"7b56d049-ee3f-4a95-945d-e0d080dfb893","timestamp":"2023-06-01T06:57:42.385Z"}
{"level":"info","message":"Current user id: 1","reqId":"7b56d049-ee3f-4a95-945d-e0d080dfb893","timestamp":"2023-06-01T06:57:42.395Z"}
{"can":{"action":"list","resource":"uiSchemaTemplates","role":"root"},"level":"info","message":"ctx permission","reqId":"7b56d049-ee3f-4a95-945d-e0d080dfb893","skip":true,"timestamp":"2023-06-01T06:57:42.403Z"}
{"level":"info","message":"acl params","reqId":"7b56d049-ee3f-4a95-945d-e0d080dfb893","timestamp":"2023-06-01T06:57:42.404Z"}
{"level":"info","message":"acl parsedParams","reqId":"7b56d049-ee3f-4a95-945d-e0d080dfb893","timestamp":"2023-06-01T06:57:42.404Z"}
{"level":"info","message":"END: GET /api/uiSchemaTemplates:list?appends%5B%5D=collection&paginate=false","req":{"action":{"actionName":"list","params":{"actionName":"list","appends":["collection"],"paginate":"false","resourceName":"uiSchemaTemplates"},"resourceName":"uiSchemaTemplates"},"header":{"x-hostname":"localhost","x-locale":"en-US","x-role":"root","x-timezone":"+5.5:00"}},"reqId":"7b56d049-ee3f-4a95-945d-e0d080dfb893","res":{"status":200},"responseTime":30,"timestamp":"2023-06-01T06:57:42.415Z"}
{"level":"info","message":"BEGIN: GET /api/collections:list?paginate=false&appends%5B%5D=fields&appends%5B%5D=category&sort%5B%5D=sort&filter=%7B%7D","reqId":"b27a056d-a537-4d71-b4da-2974173c9d97","timestamp":"2023-06-01T06:57:42.642Z"}
{"level":"info","message":"Current user id: 1","reqId":"b27a056d-a537-4d71-b4da-2974173c9d97","timestamp":"2023-06-01T06:57:42.662Z"}
{"can":{"action":"list","resource":"collections","role":"root"},"level":"info","message":"ctx permission","reqId":"b27a056d-a537-4d71-b4da-2974173c9d97","skip":true,"timestamp":"2023-06-01T06:57:42.673Z"}
{"level":"info","message":"acl params","reqId":"b27a056d-a537-4d71-b4da-2974173c9d97","timestamp":"2023-06-01T06:57:42.673Z"}
{"level":"info","message":"acl parsedParams","reqId":"b27a056d-a537-4d71-b4da-2974173c9d97","timestamp":"2023-06-01T06:57:42.674Z"}
{"level":"info","message":"END: GET /api/collections:list?paginate=false&appends%5B%5D=fields&appends%5B%5D=category&sort%5B%5D=sort&filter=%7B%7D","req":{"action":{"actionName":"list","params":{"actionName":"list","appends":["fields","category"],"filter":{},"paginate":"false","resourceName":"collections","sort":["sort"]},"resourceName":"collections"},"header":{"x-hostname":"localhost","x-locale":"en-US","x-role":"root","x-timezone":"+5.5:00"}},"reqId":"b27a056d-a537-4d71-b4da-2974173c9d97","res":{"status":200},"responseTime":71,"timestamp":"2023-06-01T06:57:42.713Z"}
{"level":"info","message":"BEGIN: GET /api/collectionCategories:list?paginate=false&sort%5B%5D=sort","reqId":"b73b4a25-770b-49ef-b1f1-2fa776581a8d","timestamp":"2023-06-01T06:57:42.728Z"}
{"level":"info","message":"BEGIN: GET /api/roles:check","reqId":"8fd67d55-68fd-4e53-985c-3efdfaf19264","timestamp":"2023-06-01T06:57:42.734Z"}
{"level":"info","message":"Current user id: 1","reqId":"b73b4a25-770b-49ef-b1f1-2fa776581a8d","timestamp":"2023-06-01T06:57:42.747Z"}
{"level":"info","message":"Current user id: 1","reqId":"8fd67d55-68fd-4e53-985c-3efdfaf19264","timestamp":"2023-06-01T06:57:42.748Z"}
{"can":null,"level":"info","message":"ctx permission","reqId":"b73b4a25-770b-49ef-b1f1-2fa776581a8d","skip":true,"timestamp":"2023-06-01T06:57:42.760Z"}
{"level":"info","message":"acl params","reqId":"b73b4a25-770b-49ef-b1f1-2fa776581a8d","timestamp":"2023-06-01T06:57:42.761Z"}
{"level":"info","message":"acl parsedParams","reqId":"b73b4a25-770b-49ef-b1f1-2fa776581a8d","timestamp":"2023-06-01T06:57:42.762Z"}
{"can":{"action":"check","resource":"roles","role":"root"},"level":"info","message":"ctx permission","reqId":"8fd67d55-68fd-4e53-985c-3efdfaf19264","skip":true,"timestamp":"2023-06-01T06:57:42.766Z"}
{"level":"info","message":"acl params","reqId":"8fd67d55-68fd-4e53-985c-3efdfaf19264","timestamp":"2023-06-01T06:57:42.768Z"}
{"level":"info","message":"acl parsedParams","reqId":"8fd67d55-68fd-4e53-985c-3efdfaf19264","timestamp":"2023-06-01T06:57:42.768Z"}
{"level":"info","message":"END: GET /api/collectionCategories:list?paginate=false&sort%5B%5D=sort","req":{"action":{"actionName":"list","params":{"actionName":"list","paginate":"false","resourceName":"collectionCategories","sort":["sort"]},"resourceName":"collectionCategories"},"header":{"x-hostname":"localhost","x-locale":"en-US","x-role":"root","x-timezone":"+5.5:00"}},"reqId":"b73b4a25-770b-49ef-b1f1-2fa776581a8d","res":{"status":200},"responseTime":52,"timestamp":"2023-06-01T06:57:42.780Z"}
{"level":"info","message":"END: GET /api/roles:check","req":{"action":{"actionName":"check","params":{"actionName":"check","resourceName":"roles"},"resourceName":"roles"},"header":{"x-hostname":"localhost","x-locale":"en-US","x-role":"root","x-timezone":"+5.5:00"}},"reqId":"8fd67d55-68fd-4e53-985c-3efdfaf19264","res":{"status":200},"responseTime":53,"timestamp":"2023-06-01T06:57:42.787Z"}
{"level":"info","message":"BEGIN: GET /api/uiSchemas:getJsonSchema/x4gw3mbp2pc","reqId":"11f297fa-40fd-450b-beed-27bf93ded3d5","timestamp":"2023-06-01T06:57:43.129Z"}
{"level":"info","message":"Current user id: 1","reqId":"11f297fa-40fd-450b-beed-27bf93ded3d5","timestamp":"2023-06-01T06:57:43.142Z"}
{"can":null,"level":"info","message":"ctx permission","reqId":"11f297fa-40fd-450b-beed-27bf93ded3d5","skip":true,"timestamp":"2023-06-01T06:57:43.147Z"}
{"level":"info","message":"acl params","reqId":"11f297fa-40fd-450b-beed-27bf93ded3d5","timestamp":"2023-06-01T06:57:43.148Z"}
{"level":"info","message":"acl parsedParams","reqId":"11f297fa-40fd-450b-beed-27bf93ded3d5","timestamp":"2023-06-01T06:57:43.149Z"}
{"level":"info","message":"END: GET /api/uiSchemas:getJsonSchema/x4gw3mbp2pc","req":{"action":{"actionName":"getJsonSchema","params":{"actionName":"getJsonSchema","filterByTk":"x4gw3mbp2pc","resourceIndex":"x4gw3mbp2pc","resourceName":"uiSchemas"},"resourceName":"uiSchemas"},"header":{"x-hostname":"localhost","x-locale":"en-US","x-role":"root","x-timezone":"+5.5:00"}},"reqId":"11f297fa-40fd-450b-beed-27bf93ded3d5","res":{"status":200},"responseTime":31,"timestamp":"2023-06-01T06:57:43.160Z"}
{"level":"info","message":"BEGIN: GET /api/uiSchemas:getProperties/x1meclgs8hv","reqId":"356db0c9-9ed6-4889-993b-0de525f97e1c","timestamp":"2023-06-01T06:57:43.375Z"}
{"level":"info","message":"Current user id: 1","reqId":"356db0c9-9ed6-4889-993b-0de525f97e1c","timestamp":"2023-06-01T06:57:43.386Z"}
{"can":{"action":"getProperties","resource":"uiSchemas","role":"root"},"level":"info","message":"ctx permission","reqId":"356db0c9-9ed6-4889-993b-0de525f97e1c","skip":true,"timestamp":"2023-06-01T06:57:43.393Z"}
{"level":"info","message":"acl params","reqId":"356db0c9-9ed6-4889-993b-0de525f97e1c","timestamp":"2023-06-01T06:57:43.394Z"}
{"level":"info","message":"acl parsedParams","reqId":"356db0c9-9ed6-4889-993b-0de525f97e1c","timestamp":"2023-06-01T06:57:43.395Z"}
{"level":"info","message":"END: GET /api/uiSchemas:getProperties/x1meclgs8hv","req":{"action":{"actionName":"getProperties","params":{"actionName":"getProperties","filterByTk":"x1meclgs8hv","resourceIndex":"x1meclgs8hv","resourceName":"uiSchemas"},"resourceName":"uiSchemas"},"header":{"x-hostname":"localhost","x-locale":"en-US","x-role":"root","x-timezone":"+5.5:00"}},"reqId":"356db0c9-9ed6-4889-993b-0de525f97e1c","res":{"status":200},"responseTime":50,"timestamp":"2023-06-01T06:57:43.425Z"}
{"level":"info","message":"BEGIN: GET /api/compliance:list?pageSize=20&appends%5B%5D=updatedBy&appends%5B%5D=createdBy","reqId":"731e57a1-e131-4a3b-b73e-fc3867f319d5","timestamp":"2023-06-01T06:57:46.982Z"}
{"level":"info","message":"Current user id: 1","reqId":"731e57a1-e131-4a3b-b73e-fc3867f319d5","timestamp":"2023-06-01T06:57:46.992Z"}
{"can":null,"level":"info","message":"ctx permission","reqId":"731e57a1-e131-4a3b-b73e-fc3867f319d5","skip":true,"timestamp":"2023-06-01T06:57:47.001Z"}
{"level":"info","message":"acl params","reqId":"731e57a1-e131-4a3b-b73e-fc3867f319d5","timestamp":"2023-06-01T06:57:47.002Z"}
{"level":"info","message":"acl parsedParams","reqId":"731e57a1-e131-4a3b-b73e-fc3867f319d5","timestamp":"2023-06-01T06:57:47.003Z"}
{"level":"info","message":"END: GET /api/compliance:list?pageSize=20&appends%5B%5D=updatedBy&appends%5B%5D=createdBy","req":{"action":{"actionName":"list","params":{"actionName":"list","appends":["updatedBy","createdBy"],"pageSize":"20","resourceName":"compliance"},"resourceName":"compliance"},"header":{"x-hostname":"localhost","x-locale":"en-US","x-role":"root","x-timezone":"+5.5:00"}},"reqId":"731e57a1-e131-4a3b-b73e-fc3867f319d5","res":{"status":200},"responseTime":44,"timestamp":"2023-06-01T06:57:47.026Z"}
{"level":"info","message":"BEGIN: GET /api/collections:list?pageSize=50&sort%5B%5D=sort&appends%5B%5D=fields&appends%5B%5D=category&filter=%7B%22hidden%22%3A%7B%22%24isFalsy%22%3Atrue%7D%7D","reqId":"05f138c5-316a-4221-b94b-224a3a5f8075","timestamp":"2023-06-01T07:19:07.668Z"}
{"level":"info","message":"Current user id: 1","reqId":"05f138c5-316a-4221-b94b-224a3a5f8075","timestamp":"2023-06-01T07:19:07.681Z"}
{"can":{"action":"list","resource":"collections","role":"root"},"level":"info","message":"ctx permission","reqId":"05f138c5-316a-4221-b94b-224a3a5f8075","skip":true,"timestamp":"2023-06-01T07:19:07.687Z"}
{"level":"info","message":"acl params","reqId":"05f138c5-316a-4221-b94b-224a3a5f8075","timestamp":"2023-06-01T07:19:07.688Z"}
{"level":"info","message":"acl parsedParams","reqId":"05f138c5-316a-4221-b94b-224a3a5f8075","timestamp":"2023-06-01T07:19:07.689Z"}
{"level":"info","message":"END: GET /api/collections:list?pageSize=50&sort%5B%5D=sort&appends%5B%5D=fields&appends%5B%5D=category&filter=%7B%22hidden%22%3A%7B%22%24isFalsy%22%3Atrue%7D%7D","req":{"action":{"actionName":"list","params":{"actionName":"list","appends":["fields","category"],"filter":{"hidden":{"$isFalsy":true}},"pageSize":"50","resourceName":"collections","sort":["sort"]},"resourceName":"collections"},"header":{"x-hostname":"localhost","x-locale":"en-US","x-role":"root","x-timezone":"+5.5:00"}},"reqId":"05f138c5-316a-4221-b94b-224a3a5f8075","res":{"status":200},"responseTime":52,"timestamp":"2023-06-01T07:19:07.720Z"}
{"level":"info","message":"BEGIN: GET /api/uiSchemas:getProperties/x1meclgs8hv","reqId":"ccf89b9c-67e2-480d-8a47-c1a5c92e5f28","timestamp":"2023-06-01T07:19:23.999Z"}
{"level":"info","message":"Current user id: 1","reqId":"ccf89b9c-67e2-480d-8a47-c1a5c92e5f28","timestamp":"2023-06-01T07:19:24.024Z"}
{"can":{"action":"getProperties","resource":"uiSchemas","role":"root"},"level":"info","message":"ctx permission","reqId":"ccf89b9c-67e2-480d-8a47-c1a5c92e5f28","skip":true,"timestamp":"2023-06-01T07:19:24.040Z"}
{"level":"info","message":"acl params","reqId":"ccf89b9c-67e2-480d-8a47-c1a5c92e5f28","timestamp":"2023-06-01T07:19:24.041Z"}
{"level":"info","message":"acl parsedParams","reqId":"ccf89b9c-67e2-480d-8a47-c1a5c92e5f28","timestamp":"2023-06-01T07:19:24.041Z"}
{"level":"info","message":"END: GET /api/uiSchemas:getProperties/x1meclgs8hv","req":{"action":{"actionName":"getProperties","params":{"actionName":"getProperties","filterByTk":"x1meclgs8hv","resourceIndex":"x1meclgs8hv","resourceName":"uiSchemas"},"resourceName":"uiSchemas"},"header":{"x-hostname":"localhost","x-locale":"en-US","x-role":"root","x-timezone":"+5.5:00"}},"reqId":"ccf89b9c-67e2-480d-8a47-c1a5c92e5f28","res":{"status":200},"responseTime":44,"timestamp":"2023-06-01T07:19:24.043Z"}
