{"level":"info","message":"BEGIN: GET /api/app:getLang?locale=en-US","reqId":"7ca5a1d0-891f-4a01-8ae1-edce20aadecc","timestamp":"2023-06-05T16:02:37.552Z"}
{"level":"info","message":"BEGIN: GET /api/app:getPlugins","reqId":"dc1ecbe7-2c61-4a10-a4df-64ff4532838e","timestamp":"2023-06-05T16:02:37.582Z"}
{"level":"info","message":"Current user id: 1","reqId":"7ca5a1d0-891f-4a01-8ae1-edce20aadecc","timestamp":"2023-06-05T16:02:37.609Z"}
{"level":"info","message":"Current user id: 1","reqId":"dc1ecbe7-2c61-4a10-a4df-64ff4532838e","timestamp":"2023-06-05T16:02:37.613Z"}
{"can":null,"level":"info","message":"ctx permission","reqId":"7ca5a1d0-891f-4a01-8ae1-edce20aadecc","skip":true,"timestamp":"2023-06-05T16:02:37.645Z"}
{"level":"info","message":"acl params","reqId":"7ca5a1d0-891f-4a01-8ae1-edce20aadecc","timestamp":"2023-06-05T16:02:37.647Z"}
{"level":"info","message":"acl parsedParams","reqId":"7ca5a1d0-891f-4a01-8ae1-edce20aadecc","timestamp":"2023-06-05T16:02:37.652Z"}
{"can":null,"level":"info","message":"ctx permission","reqId":"dc1ecbe7-2c61-4a10-a4df-64ff4532838e","skip":true,"timestamp":"2023-06-05T16:02:37.667Z"}
{"level":"info","message":"acl params","reqId":"dc1ecbe7-2c61-4a10-a4df-64ff4532838e","timestamp":"2023-06-05T16:02:37.669Z"}
{"level":"info","message":"acl parsedParams","reqId":"dc1ecbe7-2c61-4a10-a4df-64ff4532838e","timestamp":"2023-06-05T16:02:37.672Z"}
{"level":"info","message":"END: GET /api/app:getPlugins","req":{"action":{"actionName":"getPlugins","params":{"actionName":"getPlugins","resourceName":"app"},"resourceName":"app"},"header":{"x-hostname":"localhost","x-locale":"en-US","x-role":"root","x-timezone":"+5.5:00"}},"reqId":"dc1ecbe7-2c61-4a10-a4df-64ff4532838e","res":{"status":200},"responseTime":1402,"timestamp":"2023-06-05T16:02:38.984Z"}
{"level":"info","message":"END: GET /api/app:getLang?locale=en-US","req":{"action":{"actionName":"getLang","params":{"actionName":"getLang","locale":"en-US","resourceName":"app"},"resourceName":"app"},"header":{"x-hostname":"localhost","x-locale":"en-US","x-role":"root","x-timezone":"+5.5:00"}},"reqId":"7ca5a1d0-891f-4a01-8ae1-edce20aadecc","res":{"status":200},"responseTime":16967,"timestamp":"2023-06-05T16:02:54.517Z"}
{"level":"info","message":"BEGIN: GET /api/app:getLang?locale=en-US","reqId":"5e19f0d6-7e79-4d52-b849-f789921d25f8","timestamp":"2023-06-05T16:02:54.888Z"}
{"level":"info","message":"Current user id: 1","reqId":"5e19f0d6-7e79-4d52-b849-f789921d25f8","timestamp":"2023-06-05T16:02:54.903Z"}
{"can":null,"level":"info","message":"ctx permission","reqId":"5e19f0d6-7e79-4d52-b849-f789921d25f8","skip":true,"timestamp":"2023-06-05T16:02:54.914Z"}
{"level":"info","message":"acl params","reqId":"5e19f0d6-7e79-4d52-b849-f789921d25f8","timestamp":"2023-06-05T16:02:54.916Z"}
{"level":"info","message":"acl parsedParams","reqId":"5e19f0d6-7e79-4d52-b849-f789921d25f8","timestamp":"2023-06-05T16:02:54.917Z"}
{"level":"info","message":"END: GET /api/app:getLang?locale=en-US","req":{"action":{"actionName":"getLang","params":{"actionName":"getLang","locale":"en-US","resourceName":"app"},"resourceName":"app"},"header":{"x-hostname":"localhost","x-locale":"en-US","x-role":"root","x-timezone":"+5.5:00"}},"reqId":"5e19f0d6-7e79-4d52-b849-f789921d25f8","res":{"status":200},"responseTime":38,"timestamp":"2023-06-05T16:02:54.927Z"}
{"level":"info","message":"BEGIN: GET /api/uiRoutes:getAccessible","reqId":"a4baacfe-5fcf-4f53-b716-1530532ecb83","timestamp":"2023-06-05T16:02:55.339Z"}
{"level":"info","message":"Current user id: 1","reqId":"a4baacfe-5fcf-4f53-b716-1530532ecb83","timestamp":"2023-06-05T16:02:55.354Z"}
{"can":null,"level":"info","message":"ctx permission","reqId":"a4baacfe-5fcf-4f53-b716-1530532ecb83","skip":true,"timestamp":"2023-06-05T16:02:55.366Z"}
{"level":"info","message":"acl params","reqId":"a4baacfe-5fcf-4f53-b716-1530532ecb83","timestamp":"2023-06-05T16:02:55.368Z"}
{"level":"info","message":"acl parsedParams","reqId":"a4baacfe-5fcf-4f53-b716-1530532ecb83","timestamp":"2023-06-05T16:02:55.368Z"}
{"level":"info","message":"END: GET /api/uiRoutes:getAccessible","req":{"action":{"actionName":"getAccessible","params":{"actionName":"getAccessible","resourceName":"uiRoutes"},"resourceName":"uiRoutes"},"header":{"x-hostname":"localhost","x-locale":"en-US","x-role":"root","x-timezone":"+5.5:00"}},"reqId":"a4baacfe-5fcf-4f53-b716-1530532ecb83","res":{"status":200},"responseTime":40,"timestamp":"2023-06-05T16:02:55.379Z"}
{"level":"info","message":"BEGIN: GET /api/systemSettings:get/1?appends=logo","reqId":"9b365203-5395-4db9-b76f-06797f841da6","timestamp":"2023-06-05T16:02:55.609Z"}
{"level":"info","message":"Current user id: 1","reqId":"9b365203-5395-4db9-b76f-06797f841da6","timestamp":"2023-06-05T16:02:55.662Z"}
{"can":null,"level":"info","message":"ctx permission","reqId":"9b365203-5395-4db9-b76f-06797f841da6","skip":true,"timestamp":"2023-06-05T16:02:55.697Z"}
{"level":"info","message":"acl params","reqId":"9b365203-5395-4db9-b76f-06797f841da6","timestamp":"2023-06-05T16:02:55.699Z"}
{"level":"info","message":"acl parsedParams","reqId":"9b365203-5395-4db9-b76f-06797f841da6","timestamp":"2023-06-05T16:02:55.700Z"}
{"level":"info","message":"END: GET /api/systemSettings:get/1?appends=logo","req":{"action":{"actionName":"get","params":{"actionName":"get","appends":["logo"],"filterByTk":"1","resourceIndex":"1","resourceName":"systemSettings"},"resourceName":"systemSettings"},"header":{"x-hostname":"localhost","x-locale":"en-US","x-role":"root","x-timezone":"+5.5:00"}},"reqId":"9b365203-5395-4db9-b76f-06797f841da6","res":{"status":200},"responseTime":148,"timestamp":"2023-06-05T16:02:55.757Z"}
{"level":"info","message":"BEGIN: GET /api/app:getInfo","reqId":"8e6193e3-ea80-46b1-8e09-77226e54392b","timestamp":"2023-06-05T16:02:55.932Z"}
{"level":"info","message":"Current user id: 1","reqId":"8e6193e3-ea80-46b1-8e09-77226e54392b","timestamp":"2023-06-05T16:02:55.951Z"}
{"can":null,"level":"info","message":"ctx permission","reqId":"8e6193e3-ea80-46b1-8e09-77226e54392b","skip":true,"timestamp":"2023-06-05T16:02:55.967Z"}
{"level":"info","message":"acl params","reqId":"8e6193e3-ea80-46b1-8e09-77226e54392b","timestamp":"2023-06-05T16:02:55.968Z"}
{"level":"info","message":"acl parsedParams","reqId":"8e6193e3-ea80-46b1-8e09-77226e54392b","timestamp":"2023-06-05T16:02:55.969Z"}
{"level":"info","message":"END: GET /api/app:getInfo","req":{"action":{"actionName":"getInfo","params":{"actionName":"getInfo","resourceName":"app"},"resourceName":"app"},"header":{"x-hostname":"localhost","x-locale":"en-US","x-role":"root","x-timezone":"+5.5:00"}},"reqId":"8e6193e3-ea80-46b1-8e09-77226e54392b","res":{"status":200},"responseTime":52,"timestamp":"2023-06-05T16:02:55.984Z"}
{"level":"info","message":"BEGIN: POST /api/chartsQueries:listMetadata?paginate=false&sort%5B%5D=-id","reqId":"185d8afc-f949-4427-805f-a9adb42dc6c3","timestamp":"2023-06-05T16:02:56.262Z"}
{"level":"info","message":"Current user id: 1","reqId":"185d8afc-f949-4427-805f-a9adb42dc6c3","timestamp":"2023-06-05T16:02:56.327Z"}
{"can":{"action":"listMetadata","resource":"chartsQueries","role":"root"},"level":"info","message":"ctx permission","reqId":"185d8afc-f949-4427-805f-a9adb42dc6c3","skip":true,"timestamp":"2023-06-05T16:02:56.336Z"}
{"level":"info","message":"acl params","reqId":"185d8afc-f949-4427-805f-a9adb42dc6c3","timestamp":"2023-06-05T16:02:56.337Z"}
{"level":"info","message":"acl parsedParams","reqId":"185d8afc-f949-4427-805f-a9adb42dc6c3","timestamp":"2023-06-05T16:02:56.338Z"}
{"level":"info","message":"END: POST /api/chartsQueries:listMetadata?paginate=false&sort%5B%5D=-id","req":{"action":{"actionName":"listMetadata","params":{"actionName":"listMetadata","paginate":"false","resourceName":"chartsQueries","sort":["-id"]},"resourceName":"chartsQueries"},"header":{"x-hostname":"localhost","x-locale":"en-US","x-role":"root","x-timezone":"+5.5:00"}},"reqId":"185d8afc-f949-4427-805f-a9adb42dc6c3","res":{"status":200},"responseTime":82,"timestamp":"2023-06-05T16:02:56.345Z"}
{"level":"info","message":"BEGIN: GET /api/app:getInfo","reqId":"97df03fb-cfdb-4702-a580-808681c98c3b","timestamp":"2023-06-05T16:02:56.681Z"}
{"level":"info","message":"Current user id: 1","reqId":"97df03fb-cfdb-4702-a580-808681c98c3b","timestamp":"2023-06-05T16:02:56.692Z"}
{"can":null,"level":"info","message":"ctx permission","reqId":"97df03fb-cfdb-4702-a580-808681c98c3b","skip":true,"timestamp":"2023-06-05T16:02:56.700Z"}
{"level":"info","message":"acl params","reqId":"97df03fb-cfdb-4702-a580-808681c98c3b","timestamp":"2023-06-05T16:02:56.701Z"}
{"level":"info","message":"acl parsedParams","reqId":"97df03fb-cfdb-4702-a580-808681c98c3b","timestamp":"2023-06-05T16:02:56.702Z"}
{"level":"info","message":"END: GET /api/app:getInfo","req":{"action":{"actionName":"getInfo","params":{"actionName":"getInfo","resourceName":"app"},"resourceName":"app"},"header":{"x-hostname":"localhost","x-locale":"en-US","x-role":"root","x-timezone":"+5.5:00"}},"reqId":"97df03fb-cfdb-4702-a580-808681c98c3b","res":{"status":200},"responseTime":27,"timestamp":"2023-06-05T16:02:56.709Z"}
{"level":"info","message":"BEGIN: GET /api/users:check","reqId":"8db01990-eb01-4e91-8830-c0f518383652","timestamp":"2023-06-05T16:02:56.947Z"}
{"level":"info","message":"Current user id: 1","reqId":"8db01990-eb01-4e91-8830-c0f518383652","timestamp":"2023-06-05T16:02:56.970Z"}
{"can":null,"level":"info","message":"ctx permission","reqId":"8db01990-eb01-4e91-8830-c0f518383652","skip":true,"timestamp":"2023-06-05T16:02:56.978Z"}
{"level":"info","message":"acl params","reqId":"8db01990-eb01-4e91-8830-c0f518383652","timestamp":"2023-06-05T16:02:56.979Z"}
{"level":"info","message":"acl parsedParams","reqId":"8db01990-eb01-4e91-8830-c0f518383652","timestamp":"2023-06-05T16:02:56.980Z"}
{"level":"info","message":"END: GET /api/users:check","req":{"action":{"actionName":"check","params":{"actionName":"check","resourceName":"users"},"resourceName":"users"},"header":{"x-hostname":"localhost","x-locale":"en-US","x-role":"root","x-timezone":"+5.5:00"}},"reqId":"8db01990-eb01-4e91-8830-c0f518383652","res":{"status":200},"responseTime":36,"timestamp":"2023-06-05T16:02:56.983Z"}
{"level":"info","message":"BEGIN: GET /api/uiSchemaTemplates:list?appends%5B%5D=collection&paginate=false","reqId":"6fa11995-ec44-470d-8e1a-0fd467bf4134","timestamp":"2023-06-05T16:02:57.034Z"}
{"level":"info","message":"Current user id: 1","reqId":"6fa11995-ec44-470d-8e1a-0fd467bf4134","timestamp":"2023-06-05T16:02:57.046Z"}
{"can":{"action":"list","resource":"uiSchemaTemplates","role":"root"},"level":"info","message":"ctx permission","reqId":"6fa11995-ec44-470d-8e1a-0fd467bf4134","skip":true,"timestamp":"2023-06-05T16:02:57.054Z"}
{"level":"info","message":"acl params","reqId":"6fa11995-ec44-470d-8e1a-0fd467bf4134","timestamp":"2023-06-05T16:02:57.055Z"}
{"level":"info","message":"acl parsedParams","reqId":"6fa11995-ec44-470d-8e1a-0fd467bf4134","timestamp":"2023-06-05T16:02:57.056Z"}
{"level":"info","message":"END: GET /api/uiSchemaTemplates:list?appends%5B%5D=collection&paginate=false","req":{"action":{"actionName":"list","params":{"actionName":"list","appends":["collection"],"paginate":"false","resourceName":"uiSchemaTemplates"},"resourceName":"uiSchemaTemplates"},"header":{"x-hostname":"localhost","x-locale":"en-US","x-role":"root","x-timezone":"+5.5:00"}},"reqId":"6fa11995-ec44-470d-8e1a-0fd467bf4134","res":{"status":200},"responseTime":50,"timestamp":"2023-06-05T16:02:57.084Z"}
{"level":"info","message":"BEGIN: GET /api/collections:list?paginate=false&appends%5B%5D=fields&appends%5B%5D=category&sort%5B%5D=sort&filter=%7B%7D","reqId":"d7eeb5ca-94f6-4561-a759-c3054981330f","timestamp":"2023-06-05T16:02:57.306Z"}
{"level":"info","message":"Current user id: 1","reqId":"d7eeb5ca-94f6-4561-a759-c3054981330f","timestamp":"2023-06-05T16:02:57.320Z"}
{"can":{"action":"list","resource":"collections","role":"root"},"level":"info","message":"ctx permission","reqId":"d7eeb5ca-94f6-4561-a759-c3054981330f","skip":true,"timestamp":"2023-06-05T16:02:57.329Z"}
{"level":"info","message":"acl params","reqId":"d7eeb5ca-94f6-4561-a759-c3054981330f","timestamp":"2023-06-05T16:02:57.330Z"}
{"level":"info","message":"acl parsedParams","reqId":"d7eeb5ca-94f6-4561-a759-c3054981330f","timestamp":"2023-06-05T16:02:57.331Z"}
{"level":"info","message":"END: GET /api/collections:list?paginate=false&appends%5B%5D=fields&appends%5B%5D=category&sort%5B%5D=sort&filter=%7B%7D","req":{"action":{"actionName":"list","params":{"actionName":"list","appends":["fields","category"],"filter":{},"paginate":"false","resourceName":"collections","sort":["sort"]},"resourceName":"collections"},"header":{"x-hostname":"localhost","x-locale":"en-US","x-role":"root","x-timezone":"+5.5:00"}},"reqId":"d7eeb5ca-94f6-4561-a759-c3054981330f","res":{"status":200},"responseTime":57,"timestamp":"2023-06-05T16:02:57.363Z"}
{"level":"info","message":"BEGIN: GET /api/collectionCategories:list?paginate=false&sort%5B%5D=sort","reqId":"3dfbd430-03ba-4a49-8464-1108fa60d5b6","timestamp":"2023-06-05T16:02:57.478Z"}
{"level":"info","message":"BEGIN: GET /api/roles:check","reqId":"0bd330b9-d9e5-4490-9f33-a07e42b6d646","timestamp":"2023-06-05T16:02:57.484Z"}
{"level":"info","message":"Current user id: 1","reqId":"3dfbd430-03ba-4a49-8464-1108fa60d5b6","timestamp":"2023-06-05T16:02:57.498Z"}
{"level":"info","message":"Current user id: 1","reqId":"0bd330b9-d9e5-4490-9f33-a07e42b6d646","timestamp":"2023-06-05T16:02:57.500Z"}
{"can":null,"level":"info","message":"ctx permission","reqId":"3dfbd430-03ba-4a49-8464-1108fa60d5b6","skip":true,"timestamp":"2023-06-05T16:02:57.512Z"}
{"level":"info","message":"acl params","reqId":"3dfbd430-03ba-4a49-8464-1108fa60d5b6","timestamp":"2023-06-05T16:02:57.513Z"}
{"level":"info","message":"acl parsedParams","reqId":"3dfbd430-03ba-4a49-8464-1108fa60d5b6","timestamp":"2023-06-05T16:02:57.513Z"}
{"can":{"action":"check","resource":"roles","role":"root"},"level":"info","message":"ctx permission","reqId":"0bd330b9-d9e5-4490-9f33-a07e42b6d646","skip":true,"timestamp":"2023-06-05T16:02:57.518Z"}
{"level":"info","message":"acl params","reqId":"0bd330b9-d9e5-4490-9f33-a07e42b6d646","timestamp":"2023-06-05T16:02:57.519Z"}
{"level":"info","message":"acl parsedParams","reqId":"0bd330b9-d9e5-4490-9f33-a07e42b6d646","timestamp":"2023-06-05T16:02:57.519Z"}
{"level":"info","message":"END: GET /api/collectionCategories:list?paginate=false&sort%5B%5D=sort","req":{"action":{"actionName":"list","params":{"actionName":"list","paginate":"false","resourceName":"collectionCategories","sort":["sort"]},"resourceName":"collectionCategories"},"header":{"x-hostname":"localhost","x-locale":"en-US","x-role":"root","x-timezone":"+5.5:00"}},"reqId":"3dfbd430-03ba-4a49-8464-1108fa60d5b6","res":{"status":200},"responseTime":57,"timestamp":"2023-06-05T16:02:57.535Z"}
{"level":"info","message":"END: GET /api/roles:check","req":{"action":{"actionName":"check","params":{"actionName":"check","resourceName":"roles"},"resourceName":"roles"},"header":{"x-hostname":"localhost","x-locale":"en-US","x-role":"root","x-timezone":"+5.5:00"}},"reqId":"0bd330b9-d9e5-4490-9f33-a07e42b6d646","res":{"status":200},"responseTime":61,"timestamp":"2023-06-05T16:02:57.545Z"}
{"level":"info","message":"BEGIN: GET /api/uiSchemas:getJsonSchema/x4gw3mbp2pc","reqId":"ff6c4286-3c27-4371-be29-4a6e9425b5cf","timestamp":"2023-06-05T16:02:57.694Z"}
{"level":"info","message":"Current user id: 1","reqId":"ff6c4286-3c27-4371-be29-4a6e9425b5cf","timestamp":"2023-06-05T16:02:57.703Z"}
{"can":null,"level":"info","message":"ctx permission","reqId":"ff6c4286-3c27-4371-be29-4a6e9425b5cf","skip":true,"timestamp":"2023-06-05T16:02:57.712Z"}
{"level":"info","message":"acl params","reqId":"ff6c4286-3c27-4371-be29-4a6e9425b5cf","timestamp":"2023-06-05T16:02:57.713Z"}
{"level":"info","message":"acl parsedParams","reqId":"ff6c4286-3c27-4371-be29-4a6e9425b5cf","timestamp":"2023-06-05T16:02:57.714Z"}
{"level":"info","message":"END: GET /api/uiSchemas:getJsonSchema/x4gw3mbp2pc","req":{"action":{"actionName":"getJsonSchema","params":{"actionName":"getJsonSchema","filterByTk":"x4gw3mbp2pc","resourceIndex":"x4gw3mbp2pc","resourceName":"uiSchemas"},"resourceName":"uiSchemas"},"header":{"x-hostname":"localhost","x-locale":"en-US","x-role":"root","x-timezone":"+5.5:00"}},"reqId":"ff6c4286-3c27-4371-be29-4a6e9425b5cf","res":{"status":200},"responseTime":40,"timestamp":"2023-06-05T16:02:57.734Z"}
{"level":"info","message":"BEGIN: GET /api/uiSchemas:getProperties/x1meclgs8hv","reqId":"a48e4125-1ae1-4406-b73d-81efcc3fccab","timestamp":"2023-06-05T16:02:57.950Z"}
{"level":"info","message":"Current user id: 1","reqId":"a48e4125-1ae1-4406-b73d-81efcc3fccab","timestamp":"2023-06-05T16:02:57.962Z"}
{"can":{"action":"getProperties","resource":"uiSchemas","role":"root"},"level":"info","message":"ctx permission","reqId":"a48e4125-1ae1-4406-b73d-81efcc3fccab","skip":true,"timestamp":"2023-06-05T16:02:57.969Z"}
{"level":"info","message":"acl params","reqId":"a48e4125-1ae1-4406-b73d-81efcc3fccab","timestamp":"2023-06-05T16:02:57.970Z"}
{"level":"info","message":"acl parsedParams","reqId":"a48e4125-1ae1-4406-b73d-81efcc3fccab","timestamp":"2023-06-05T16:02:57.971Z"}
{"level":"info","message":"END: GET /api/uiSchemas:getProperties/x1meclgs8hv","req":{"action":{"actionName":"getProperties","params":{"actionName":"getProperties","filterByTk":"x1meclgs8hv","resourceIndex":"x1meclgs8hv","resourceName":"uiSchemas"},"resourceName":"uiSchemas"},"header":{"x-hostname":"localhost","x-locale":"en-US","x-role":"root","x-timezone":"+5.5:00"}},"reqId":"a48e4125-1ae1-4406-b73d-81efcc3fccab","res":{"status":200},"responseTime":46,"timestamp":"2023-06-05T16:02:57.996Z"}
{"level":"info","message":"BEGIN: GET /api/compliance:list?pageSize=20&appends%5B%5D=updatedBy&appends%5B%5D=createdBy","reqId":"8fabe5cc-48cc-4cfc-b7f3-eb636c20b85a","timestamp":"2023-06-05T16:04:18.270Z"}
{"level":"info","message":"Current user id: 1","reqId":"8fabe5cc-48cc-4cfc-b7f3-eb636c20b85a","timestamp":"2023-06-05T16:04:18.282Z"}
{"can":null,"level":"info","message":"ctx permission","reqId":"8fabe5cc-48cc-4cfc-b7f3-eb636c20b85a","skip":true,"timestamp":"2023-06-05T16:04:18.292Z"}
{"level":"info","message":"acl params","reqId":"8fabe5cc-48cc-4cfc-b7f3-eb636c20b85a","timestamp":"2023-06-05T16:04:18.293Z"}
{"level":"info","message":"acl parsedParams","reqId":"8fabe5cc-48cc-4cfc-b7f3-eb636c20b85a","timestamp":"2023-06-05T16:04:18.293Z"}
{"level":"info","message":"END: GET /api/compliance:list?pageSize=20&appends%5B%5D=updatedBy&appends%5B%5D=createdBy","req":{"action":{"actionName":"list","params":{"actionName":"list","appends":["updatedBy","createdBy"],"pageSize":"20","resourceName":"compliance"},"resourceName":"compliance"},"header":{"x-hostname":"localhost","x-locale":"en-US","x-role":"root","x-timezone":"+5.5:00"}},"reqId":"8fabe5cc-48cc-4cfc-b7f3-eb636c20b85a","res":{"status":200},"responseTime":48,"timestamp":"2023-06-05T16:04:18.318Z"}
{"level":"info","message":"BEGIN: GET /api/compliance:list?pageSize=20&appends%5B%5D=updatedBy&appends%5B%5D=createdBy","reqId":"f69def12-3ff2-44b1-936b-0f317f9693c9","timestamp":"2023-06-05T16:04:18.522Z"}
{"level":"info","message":"Current user id: 1","reqId":"f69def12-3ff2-44b1-936b-0f317f9693c9","timestamp":"2023-06-05T16:04:18.534Z"}
{"can":null,"level":"info","message":"ctx permission","reqId":"f69def12-3ff2-44b1-936b-0f317f9693c9","skip":true,"timestamp":"2023-06-05T16:04:18.540Z"}
{"level":"info","message":"acl params","reqId":"f69def12-3ff2-44b1-936b-0f317f9693c9","timestamp":"2023-06-05T16:04:18.541Z"}
{"level":"info","message":"acl parsedParams","reqId":"f69def12-3ff2-44b1-936b-0f317f9693c9","timestamp":"2023-06-05T16:04:18.542Z"}
{"level":"info","message":"END: GET /api/compliance:list?pageSize=20&appends%5B%5D=updatedBy&appends%5B%5D=createdBy","req":{"action":{"actionName":"list","params":{"actionName":"list","appends":["updatedBy","createdBy"],"pageSize":"20","resourceName":"compliance"},"resourceName":"compliance"},"header":{"x-hostname":"localhost","x-locale":"en-US","x-role":"root","x-timezone":"+5.5:00"}},"reqId":"f69def12-3ff2-44b1-936b-0f317f9693c9","res":{"status":200},"responseTime":57,"timestamp":"2023-06-05T16:04:18.579Z"}
{"level":"info","message":"BEGIN: GET /api/compliance:list?pageSize=20&appends%5B%5D=updatedBy&appends%5B%5D=createdBy&page=1&sort%5B%5D=id","reqId":"e78cbeb6-8a33-489a-b017-f33a5462db32","timestamp":"2023-06-05T16:04:47.639Z"}
{"level":"info","message":"Current user id: 1","reqId":"e78cbeb6-8a33-489a-b017-f33a5462db32","timestamp":"2023-06-05T16:04:47.651Z"}
{"can":null,"level":"info","message":"ctx permission","reqId":"e78cbeb6-8a33-489a-b017-f33a5462db32","skip":true,"timestamp":"2023-06-05T16:04:47.662Z"}
{"level":"info","message":"acl params","reqId":"e78cbeb6-8a33-489a-b017-f33a5462db32","timestamp":"2023-06-05T16:04:47.663Z"}
{"level":"info","message":"acl parsedParams","reqId":"e78cbeb6-8a33-489a-b017-f33a5462db32","timestamp":"2023-06-05T16:04:47.664Z"}
{"level":"info","message":"END: GET /api/compliance:list?pageSize=20&appends%5B%5D=updatedBy&appends%5B%5D=createdBy&page=1&sort%5B%5D=id","req":{"action":{"actionName":"list","params":{"actionName":"list","appends":["updatedBy","createdBy"],"page":"1","pageSize":"20","resourceName":"compliance","sort":["id"]},"resourceName":"compliance"},"header":{"x-hostname":"localhost","x-locale":"en-US","x-role":"root","x-timezone":"+5.5:00"}},"reqId":"e78cbeb6-8a33-489a-b017-f33a5462db32","res":{"status":200},"responseTime":50,"timestamp":"2023-06-05T16:04:47.689Z"}
{"level":"info","message":"BEGIN: GET /api/compliance:list?pageSize=20&appends%5B%5D=updatedBy&appends%5B%5D=createdBy&page=1&sort%5B%5D=-id","reqId":"66e0cdda-5bb1-407b-890d-65338aead162","timestamp":"2023-06-05T16:04:51.984Z"}
{"level":"info","message":"Current user id: 1","reqId":"66e0cdda-5bb1-407b-890d-65338aead162","timestamp":"2023-06-05T16:04:51.996Z"}
{"can":null,"level":"info","message":"ctx permission","reqId":"66e0cdda-5bb1-407b-890d-65338aead162","skip":true,"timestamp":"2023-06-05T16:04:52.001Z"}
{"level":"info","message":"acl params","reqId":"66e0cdda-5bb1-407b-890d-65338aead162","timestamp":"2023-06-05T16:04:52.002Z"}
{"level":"info","message":"acl parsedParams","reqId":"66e0cdda-5bb1-407b-890d-65338aead162","timestamp":"2023-06-05T16:04:52.003Z"}
{"level":"info","message":"END: GET /api/compliance:list?pageSize=20&appends%5B%5D=updatedBy&appends%5B%5D=createdBy&page=1&sort%5B%5D=-id","req":{"action":{"actionName":"list","params":{"actionName":"list","appends":["updatedBy","createdBy"],"page":"1","pageSize":"20","resourceName":"compliance","sort":["-id"]},"resourceName":"compliance"},"header":{"x-hostname":"localhost","x-locale":"en-US","x-role":"root","x-timezone":"+5.5:00"}},"reqId":"66e0cdda-5bb1-407b-890d-65338aead162","res":{"status":200},"responseTime":45,"timestamp":"2023-06-05T16:04:52.029Z"}
{"level":"info","message":"BEGIN: POST /api/compliance:create","reqId":"07cf1438-6caf-48cc-8ef6-088353ec3481","timestamp":"2023-06-05T16:05:23.721Z"}
{"level":"info","message":"Current user id: 1","reqId":"07cf1438-6caf-48cc-8ef6-088353ec3481","timestamp":"2023-06-05T16:05:23.733Z"}
{"can":null,"level":"info","message":"ctx permission","reqId":"07cf1438-6caf-48cc-8ef6-088353ec3481","skip":true,"timestamp":"2023-06-05T16:05:23.738Z"}
{"level":"info","message":"acl params","reqId":"07cf1438-6caf-48cc-8ef6-088353ec3481","timestamp":"2023-06-05T16:05:23.739Z"}
{"level":"info","message":"acl parsedParams","reqId":"07cf1438-6caf-48cc-8ef6-088353ec3481","timestamp":"2023-06-05T16:05:23.740Z"}
{"level":"info","message":"END: POST /api/compliance:create","req":{"action":{"actionName":"create","params":{"actionName":"create","resourceName":"compliance","values":{"input_regulations":"INDIVIDUAL REMITTANCE $12,000"}},"resourceName":"compliance"},"header":{"x-hostname":"localhost","x-locale":"en-US","x-role":"root","x-timezone":"+5.5:00"}},"reqId":"07cf1438-6caf-48cc-8ef6-088353ec3481","res":{"status":200},"responseTime":114,"timestamp":"2023-06-05T16:05:23.835Z"}
{"level":"info","message":"[Workflow] request (#2) sent to \"http://192.168.0.198:5000/webhook\", waiting for response...","timestamp":"2023-06-05T16:05:23.905Z"}
{"level":"info","message":"[Workflow] request (#2) response received, status: 1","timestamp":"2023-06-05T16:05:23.980Z"}
{"level":"info","message":"BEGIN: GET /api/compliance:list?pageSize=20&appends%5B%5D=updatedBy&appends%5B%5D=createdBy","reqId":"bdf5326a-c969-4327-a3b6-5b3c1535dc3a","timestamp":"2023-06-05T16:05:26.266Z"}
{"level":"info","message":"Current user id: 1","reqId":"bdf5326a-c969-4327-a3b6-5b3c1535dc3a","timestamp":"2023-06-05T16:05:26.280Z"}
{"can":null,"level":"info","message":"ctx permission","reqId":"bdf5326a-c969-4327-a3b6-5b3c1535dc3a","skip":true,"timestamp":"2023-06-05T16:05:26.310Z"}
{"level":"info","message":"acl params","reqId":"bdf5326a-c969-4327-a3b6-5b3c1535dc3a","timestamp":"2023-06-05T16:05:26.311Z"}
{"level":"info","message":"acl parsedParams","reqId":"bdf5326a-c969-4327-a3b6-5b3c1535dc3a","timestamp":"2023-06-05T16:05:26.312Z"}
{"level":"info","message":"END: GET /api/compliance:list?pageSize=20&appends%5B%5D=updatedBy&appends%5B%5D=createdBy","req":{"action":{"actionName":"list","params":{"actionName":"list","appends":["updatedBy","createdBy"],"pageSize":"20","resourceName":"compliance"},"resourceName":"compliance"},"header":{"x-hostname":"localhost","x-locale":"en-US","x-role":"root","x-timezone":"+5.5:00"}},"reqId":"bdf5326a-c969-4327-a3b6-5b3c1535dc3a","res":{"status":200},"responseTime":102,"timestamp":"2023-06-05T16:05:26.368Z"}
{"level":"info","message":"BEGIN: GET /api/compliance:list?pageSize=20&appends%5B%5D=updatedBy&appends%5B%5D=createdBy&page=1&sort%5B%5D=id","reqId":"3f1b7ace-4585-48ad-b691-57bbdea59339","timestamp":"2023-06-05T16:05:31.586Z"}
{"level":"info","message":"Current user id: 1","reqId":"3f1b7ace-4585-48ad-b691-57bbdea59339","timestamp":"2023-06-05T16:05:31.597Z"}
{"can":null,"level":"info","message":"ctx permission","reqId":"3f1b7ace-4585-48ad-b691-57bbdea59339","skip":true,"timestamp":"2023-06-05T16:05:31.603Z"}
{"level":"info","message":"acl params","reqId":"3f1b7ace-4585-48ad-b691-57bbdea59339","timestamp":"2023-06-05T16:05:31.604Z"}
{"level":"info","message":"acl parsedParams","reqId":"3f1b7ace-4585-48ad-b691-57bbdea59339","timestamp":"2023-06-05T16:05:31.604Z"}
{"level":"info","message":"END: GET /api/compliance:list?pageSize=20&appends%5B%5D=updatedBy&appends%5B%5D=createdBy&page=1&sort%5B%5D=id","req":{"action":{"actionName":"list","params":{"actionName":"list","appends":["updatedBy","createdBy"],"page":"1","pageSize":"20","resourceName":"compliance","sort":["id"]},"resourceName":"compliance"},"header":{"x-hostname":"localhost","x-locale":"en-US","x-role":"root","x-timezone":"+5.5:00"}},"reqId":"3f1b7ace-4585-48ad-b691-57bbdea59339","res":{"status":200},"responseTime":44,"timestamp":"2023-06-05T16:05:31.630Z"}
{"level":"info","message":"BEGIN: GET /api/compliance:list?pageSize=20&appends%5B%5D=updatedBy&appends%5B%5D=createdBy&page=1&sort%5B%5D=-id","reqId":"3443b699-2461-4da7-aff0-0f0a3e1daab6","timestamp":"2023-06-05T16:05:33.339Z"}
{"level":"info","message":"Current user id: 1","reqId":"3443b699-2461-4da7-aff0-0f0a3e1daab6","timestamp":"2023-06-05T16:05:33.348Z"}
{"can":null,"level":"info","message":"ctx permission","reqId":"3443b699-2461-4da7-aff0-0f0a3e1daab6","skip":true,"timestamp":"2023-06-05T16:05:33.354Z"}
{"level":"info","message":"acl params","reqId":"3443b699-2461-4da7-aff0-0f0a3e1daab6","timestamp":"2023-06-05T16:05:33.355Z"}
{"level":"info","message":"acl parsedParams","reqId":"3443b699-2461-4da7-aff0-0f0a3e1daab6","timestamp":"2023-06-05T16:05:33.355Z"}
{"level":"info","message":"END: GET /api/compliance:list?pageSize=20&appends%5B%5D=updatedBy&appends%5B%5D=createdBy&page=1&sort%5B%5D=-id","req":{"action":{"actionName":"list","params":{"actionName":"list","appends":["updatedBy","createdBy"],"page":"1","pageSize":"20","resourceName":"compliance","sort":["-id"]},"resourceName":"compliance"},"header":{"x-hostname":"localhost","x-locale":"en-US","x-role":"root","x-timezone":"+5.5:00"}},"reqId":"3443b699-2461-4da7-aff0-0f0a3e1daab6","res":{"status":200},"responseTime":39,"timestamp":"2023-06-05T16:05:33.378Z"}
{"level":"info","message":"BEGIN: POST /api/compliance:create","reqId":"9291df22-05d5-4e49-86ce-44cb81656877","timestamp":"2023-06-05T16:05:48.942Z"}
{"level":"info","message":"Current user id: 1","reqId":"9291df22-05d5-4e49-86ce-44cb81656877","timestamp":"2023-06-05T16:05:48.948Z"}
{"can":null,"level":"info","message":"ctx permission","reqId":"9291df22-05d5-4e49-86ce-44cb81656877","skip":true,"timestamp":"2023-06-05T16:05:48.952Z"}
{"level":"info","message":"acl params","reqId":"9291df22-05d5-4e49-86ce-44cb81656877","timestamp":"2023-06-05T16:05:48.953Z"}
{"level":"info","message":"acl parsedParams","reqId":"9291df22-05d5-4e49-86ce-44cb81656877","timestamp":"2023-06-05T16:05:48.954Z"}
{"level":"info","message":"END: POST /api/compliance:create","req":{"action":{"actionName":"create","params":{"actionName":"create","resourceName":"compliance","values":{"input_regulations":"Individual Remittance $12,000"}},"resourceName":"compliance"},"header":{"x-hostname":"localhost","x-locale":"en-US","x-role":"root","x-timezone":"+5.5:00"}},"reqId":"9291df22-05d5-4e49-86ce-44cb81656877","res":{"status":200},"responseTime":29,"timestamp":"2023-06-05T16:05:48.971Z"}
{"level":"info","message":"[Workflow] request (#2) sent to \"http://192.168.0.198:5000/webhook\", waiting for response...","timestamp":"2023-06-05T16:05:49.002Z"}
{"level":"info","message":"[Workflow] request (#2) response received, status: 1","timestamp":"2023-06-05T16:05:49.030Z"}
{"level":"info","message":"BEGIN: GET /api/compliance:list?pageSize=20&appends%5B%5D=updatedBy&appends%5B%5D=createdBy","reqId":"4964d797-d69d-4c07-9f6e-c50c95e0e669","timestamp":"2023-06-05T16:05:50.959Z"}
{"level":"info","message":"Current user id: 1","reqId":"4964d797-d69d-4c07-9f6e-c50c95e0e669","timestamp":"2023-06-05T16:05:50.967Z"}
{"can":null,"level":"info","message":"ctx permission","reqId":"4964d797-d69d-4c07-9f6e-c50c95e0e669","skip":true,"timestamp":"2023-06-05T16:05:50.975Z"}
{"level":"info","message":"acl params","reqId":"4964d797-d69d-4c07-9f6e-c50c95e0e669","timestamp":"2023-06-05T16:05:50.976Z"}
{"level":"info","message":"acl parsedParams","reqId":"4964d797-d69d-4c07-9f6e-c50c95e0e669","timestamp":"2023-06-05T16:05:50.976Z"}
{"level":"info","message":"END: GET /api/compliance:list?pageSize=20&appends%5B%5D=updatedBy&appends%5B%5D=createdBy","req":{"action":{"actionName":"list","params":{"actionName":"list","appends":["updatedBy","createdBy"],"pageSize":"20","resourceName":"compliance"},"resourceName":"compliance"},"header":{"x-hostname":"localhost","x-locale":"en-US","x-role":"root","x-timezone":"+5.5:00"}},"reqId":"4964d797-d69d-4c07-9f6e-c50c95e0e669","res":{"status":200},"responseTime":37,"timestamp":"2023-06-05T16:05:50.996Z"}
{"level":"info","message":"BEGIN: GET /api/compliance:list?pageSize=20&appends%5B%5D=updatedBy&appends%5B%5D=createdBy&page=2","reqId":"e79ea516-7843-44bc-a8c8-4d90fa682eb3","timestamp":"2023-06-05T16:05:54.792Z"}
{"level":"info","message":"Current user id: 1","reqId":"e79ea516-7843-44bc-a8c8-4d90fa682eb3","timestamp":"2023-06-05T16:05:54.798Z"}
{"can":null,"level":"info","message":"ctx permission","reqId":"e79ea516-7843-44bc-a8c8-4d90fa682eb3","skip":true,"timestamp":"2023-06-05T16:05:54.801Z"}
{"level":"info","message":"acl params","reqId":"e79ea516-7843-44bc-a8c8-4d90fa682eb3","timestamp":"2023-06-05T16:05:54.802Z"}
{"level":"info","message":"acl parsedParams","reqId":"e79ea516-7843-44bc-a8c8-4d90fa682eb3","timestamp":"2023-06-05T16:05:54.802Z"}
{"level":"info","message":"END: GET /api/compliance:list?pageSize=20&appends%5B%5D=updatedBy&appends%5B%5D=createdBy&page=2","req":{"action":{"actionName":"list","params":{"actionName":"list","appends":["updatedBy","createdBy"],"page":"2","pageSize":"20","resourceName":"compliance"},"resourceName":"compliance"},"header":{"x-hostname":"localhost","x-locale":"en-US","x-role":"root","x-timezone":"+5.5:00"}},"reqId":"e79ea516-7843-44bc-a8c8-4d90fa682eb3","res":{"status":200},"responseTime":26,"timestamp":"2023-06-05T16:05:54.818Z"}
{"level":"info","message":"BEGIN: POST /api/compliance:create","reqId":"9451aa77-91e6-46c1-9384-3e74749b977a","timestamp":"2023-06-05T16:06:28.434Z"}
{"level":"info","message":"Current user id: 1","reqId":"9451aa77-91e6-46c1-9384-3e74749b977a","timestamp":"2023-06-05T16:06:28.441Z"}
{"can":null,"level":"info","message":"ctx permission","reqId":"9451aa77-91e6-46c1-9384-3e74749b977a","skip":true,"timestamp":"2023-06-05T16:06:28.446Z"}
{"level":"info","message":"acl params","reqId":"9451aa77-91e6-46c1-9384-3e74749b977a","timestamp":"2023-06-05T16:06:28.447Z"}
{"level":"info","message":"acl parsedParams","reqId":"9451aa77-91e6-46c1-9384-3e74749b977a","timestamp":"2023-06-05T16:06:28.447Z"}
{"level":"info","message":"END: POST /api/compliance:create","req":{"action":{"actionName":"create","params":{"actionName":"create","resourceName":"compliance","values":{"input_regulations":"An individual had a remittance of $13,500 in a single day."}},"resourceName":"compliance"},"header":{"x-hostname":"localhost","x-locale":"en-US","x-role":"root","x-timezone":"+5.5:00"}},"reqId":"9451aa77-91e6-46c1-9384-3e74749b977a","res":{"status":200},"responseTime":31,"timestamp":"2023-06-05T16:06:28.465Z"}
{"level":"info","message":"[Workflow] request (#2) sent to \"http://192.168.0.198:5000/webhook\", waiting for response...","timestamp":"2023-06-05T16:06:28.497Z"}
{"level":"info","message":"[Workflow] request (#2) response received, status: 1","timestamp":"2023-06-05T16:06:28.521Z"}
{"level":"info","message":"BEGIN: GET /api/compliance:list?pageSize=20&appends%5B%5D=updatedBy&appends%5B%5D=createdBy","reqId":"5ac8f807-3a81-42fc-a155-55bd5eee0af6","timestamp":"2023-06-05T16:06:39.114Z"}
{"level":"info","message":"Current user id: 1","reqId":"5ac8f807-3a81-42fc-a155-55bd5eee0af6","timestamp":"2023-06-05T16:06:39.123Z"}
{"can":null,"level":"info","message":"ctx permission","reqId":"5ac8f807-3a81-42fc-a155-55bd5eee0af6","skip":true,"timestamp":"2023-06-05T16:06:39.132Z"}
{"level":"info","message":"acl params","reqId":"5ac8f807-3a81-42fc-a155-55bd5eee0af6","timestamp":"2023-06-05T16:06:39.132Z"}
{"level":"info","message":"acl parsedParams","reqId":"5ac8f807-3a81-42fc-a155-55bd5eee0af6","timestamp":"2023-06-05T16:06:39.133Z"}
{"level":"info","message":"END: GET /api/compliance:list?pageSize=20&appends%5B%5D=updatedBy&appends%5B%5D=createdBy","req":{"action":{"actionName":"list","params":{"actionName":"list","appends":["updatedBy","createdBy"],"pageSize":"20","resourceName":"compliance"},"resourceName":"compliance"},"header":{"x-hostname":"localhost","x-locale":"en-US","x-role":"root","x-timezone":"+5.5:00"}},"reqId":"5ac8f807-3a81-42fc-a155-55bd5eee0af6","res":{"status":200},"responseTime":37,"timestamp":"2023-06-05T16:06:39.151Z"}
{"level":"info","message":"BEGIN: GET /api/compliance:list?pageSize=20&appends%5B%5D=updatedBy&appends%5B%5D=createdBy&page=2","reqId":"6708ed2c-57fa-40e0-ac59-fc4121359a98","timestamp":"2023-06-05T16:06:50.178Z"}
{"level":"info","message":"Current user id: 1","reqId":"6708ed2c-57fa-40e0-ac59-fc4121359a98","timestamp":"2023-06-05T16:06:50.186Z"}
{"can":null,"level":"info","message":"ctx permission","reqId":"6708ed2c-57fa-40e0-ac59-fc4121359a98","skip":true,"timestamp":"2023-06-05T16:06:50.196Z"}
{"level":"info","message":"acl params","reqId":"6708ed2c-57fa-40e0-ac59-fc4121359a98","timestamp":"2023-06-05T16:06:50.197Z"}
{"level":"info","message":"acl parsedParams","reqId":"6708ed2c-57fa-40e0-ac59-fc4121359a98","timestamp":"2023-06-05T16:06:50.198Z"}
{"level":"info","message":"END: GET /api/compliance:list?pageSize=20&appends%5B%5D=updatedBy&appends%5B%5D=createdBy&page=2","req":{"action":{"actionName":"list","params":{"actionName":"list","appends":["updatedBy","createdBy"],"page":"2","pageSize":"20","resourceName":"compliance"},"resourceName":"compliance"},"header":{"x-hostname":"localhost","x-locale":"en-US","x-role":"root","x-timezone":"+5.5:00"}},"reqId":"6708ed2c-57fa-40e0-ac59-fc4121359a98","res":{"status":200},"responseTime":39,"timestamp":"2023-06-05T16:06:50.217Z"}
{"level":"info","message":"BEGIN: POST /api/compliance:create","reqId":"5cebf625-9284-4cf7-815b-f97eee067300","timestamp":"2023-06-05T16:07:31.562Z"}
{"level":"info","message":"Current user id: 1","reqId":"5cebf625-9284-4cf7-815b-f97eee067300","timestamp":"2023-06-05T16:07:31.567Z"}
{"can":null,"level":"info","message":"ctx permission","reqId":"5cebf625-9284-4cf7-815b-f97eee067300","skip":true,"timestamp":"2023-06-05T16:07:31.571Z"}
{"level":"info","message":"acl params","reqId":"5cebf625-9284-4cf7-815b-f97eee067300","timestamp":"2023-06-05T16:07:31.572Z"}
{"level":"info","message":"acl parsedParams","reqId":"5cebf625-9284-4cf7-815b-f97eee067300","timestamp":"2023-06-05T16:07:31.573Z"}
{"level":"info","message":"END: POST /api/compliance:create","req":{"action":{"actionName":"create","params":{"actionName":"create","resourceName":"compliance","values":{"input_regulations":"A trader received an amount of $23,000 from a foreign entity."}},"resourceName":"compliance"},"header":{"x-hostname":"localhost","x-locale":"en-US","x-role":"root","x-timezone":"+5.5:00"}},"reqId":"5cebf625-9284-4cf7-815b-f97eee067300","res":{"status":200},"responseTime":27,"timestamp":"2023-06-05T16:07:31.589Z"}
{"level":"info","message":"[Workflow] request (#2) sent to \"http://192.168.0.198:5000/webhook\", waiting for response...","timestamp":"2023-06-05T16:07:31.658Z"}
{"level":"info","message":"[Workflow] request (#2) response received, status: 1","timestamp":"2023-06-05T16:07:31.731Z"}
{"level":"info","message":"BEGIN: GET /api/compliance:list?pageSize=20&appends%5B%5D=updatedBy&appends%5B%5D=createdBy","reqId":"1c4642dd-dd29-4d43-a25a-9cf57ebf13da","timestamp":"2023-06-05T16:07:33.367Z"}
{"level":"info","message":"Current user id: 1","reqId":"1c4642dd-dd29-4d43-a25a-9cf57ebf13da","timestamp":"2023-06-05T16:07:33.378Z"}
{"can":null,"level":"info","message":"ctx permission","reqId":"1c4642dd-dd29-4d43-a25a-9cf57ebf13da","skip":true,"timestamp":"2023-06-05T16:07:33.384Z"}
{"level":"info","message":"acl params","reqId":"1c4642dd-dd29-4d43-a25a-9cf57ebf13da","timestamp":"2023-06-05T16:07:33.385Z"}
{"level":"info","message":"acl parsedParams","reqId":"1c4642dd-dd29-4d43-a25a-9cf57ebf13da","timestamp":"2023-06-05T16:07:33.385Z"}
{"level":"info","message":"END: GET /api/compliance:list?pageSize=20&appends%5B%5D=updatedBy&appends%5B%5D=createdBy","req":{"action":{"actionName":"list","params":{"actionName":"list","appends":["updatedBy","createdBy"],"pageSize":"20","resourceName":"compliance"},"resourceName":"compliance"},"header":{"x-hostname":"localhost","x-locale":"en-US","x-role":"root","x-timezone":"+5.5:00"}},"reqId":"1c4642dd-dd29-4d43-a25a-9cf57ebf13da","res":{"status":200},"responseTime":40,"timestamp":"2023-06-05T16:07:33.407Z"}
{"level":"info","message":"BEGIN: GET /api/compliance:list?pageSize=100&appends%5B%5D=updatedBy&appends%5B%5D=createdBy&page=1","reqId":"57da3279-e080-4022-9edf-b1827c2e242c","timestamp":"2023-06-05T16:07:39.108Z"}
{"level":"info","message":"Current user id: 1","reqId":"57da3279-e080-4022-9edf-b1827c2e242c","timestamp":"2023-06-05T16:07:39.117Z"}
{"can":null,"level":"info","message":"ctx permission","reqId":"57da3279-e080-4022-9edf-b1827c2e242c","skip":true,"timestamp":"2023-06-05T16:07:39.128Z"}
{"level":"info","message":"acl params","reqId":"57da3279-e080-4022-9edf-b1827c2e242c","timestamp":"2023-06-05T16:07:39.129Z"}
{"level":"info","message":"acl parsedParams","reqId":"57da3279-e080-4022-9edf-b1827c2e242c","timestamp":"2023-06-05T16:07:39.129Z"}
{"level":"info","message":"END: GET /api/compliance:list?pageSize=100&appends%5B%5D=updatedBy&appends%5B%5D=createdBy&page=1","req":{"action":{"actionName":"list","params":{"actionName":"list","appends":["updatedBy","createdBy"],"page":"1","pageSize":"100","resourceName":"compliance"},"resourceName":"compliance"},"header":{"x-hostname":"localhost","x-locale":"en-US","x-role":"root","x-timezone":"+5.5:00"}},"reqId":"57da3279-e080-4022-9edf-b1827c2e242c","res":{"status":200},"responseTime":101,"timestamp":"2023-06-05T16:07:39.209Z"}
{"level":"info","message":"BEGIN: GET /api/app:getLang?locale=en-US","reqId":"23153fc3-020e-4e12-af89-cf91151efd03","timestamp":"2023-06-05T16:26:05.795Z"}
{"level":"info","message":"BEGIN: GET /api/app:getPlugins","reqId":"2416e274-52dd-44c8-ba4c-0adbc3d2387e","timestamp":"2023-06-05T16:26:05.800Z"}
{"level":"info","message":"Current user id: 1","reqId":"23153fc3-020e-4e12-af89-cf91151efd03","timestamp":"2023-06-05T16:26:05.812Z"}
{"level":"info","message":"Current user id: 1","reqId":"2416e274-52dd-44c8-ba4c-0adbc3d2387e","timestamp":"2023-06-05T16:26:05.814Z"}
{"can":null,"level":"info","message":"ctx permission","reqId":"23153fc3-020e-4e12-af89-cf91151efd03","skip":true,"timestamp":"2023-06-05T16:26:05.821Z"}
{"level":"info","message":"acl params","reqId":"23153fc3-020e-4e12-af89-cf91151efd03","timestamp":"2023-06-05T16:26:05.822Z"}
{"level":"info","message":"acl parsedParams","reqId":"23153fc3-020e-4e12-af89-cf91151efd03","timestamp":"2023-06-05T16:26:05.822Z"}
{"can":null,"level":"info","message":"ctx permission","reqId":"2416e274-52dd-44c8-ba4c-0adbc3d2387e","skip":true,"timestamp":"2023-06-05T16:26:05.827Z"}
{"level":"info","message":"acl params","reqId":"2416e274-52dd-44c8-ba4c-0adbc3d2387e","timestamp":"2023-06-05T16:26:05.827Z"}
{"level":"info","message":"acl parsedParams","reqId":"2416e274-52dd-44c8-ba4c-0adbc3d2387e","timestamp":"2023-06-05T16:26:05.828Z"}
{"level":"info","message":"END: GET /api/app:getLang?locale=en-US","req":{"action":{"actionName":"getLang","params":{"actionName":"getLang","locale":"en-US","resourceName":"app"},"resourceName":"app"},"header":{"x-hostname":"localhost","x-locale":"en-US","x-role":"root","x-timezone":"+5.5:00"}},"reqId":"23153fc3-020e-4e12-af89-cf91151efd03","res":{"status":200},"responseTime":38,"timestamp":"2023-06-05T16:26:05.833Z"}
{"level":"info","message":"END: GET /api/app:getPlugins","req":{"action":{"actionName":"getPlugins","params":{"actionName":"getPlugins","resourceName":"app"},"resourceName":"app"},"header":{"x-hostname":"localhost","x-locale":"en-US","x-role":"root","x-timezone":"+5.5:00"}},"reqId":"2416e274-52dd-44c8-ba4c-0adbc3d2387e","res":{"status":200},"responseTime":110,"timestamp":"2023-06-05T16:26:05.910Z"}
{"level":"info","message":"BEGIN: GET /api/app:getLang?locale=en-US","reqId":"d6c2f2fa-437f-4300-8f0c-3cc6666b4d3f","timestamp":"2023-06-05T16:26:06.019Z"}
{"level":"info","message":"Current user id: 1","reqId":"d6c2f2fa-437f-4300-8f0c-3cc6666b4d3f","timestamp":"2023-06-05T16:26:06.024Z"}
{"can":null,"level":"info","message":"ctx permission","reqId":"d6c2f2fa-437f-4300-8f0c-3cc6666b4d3f","skip":true,"timestamp":"2023-06-05T16:26:06.030Z"}
{"level":"info","message":"acl params","reqId":"d6c2f2fa-437f-4300-8f0c-3cc6666b4d3f","timestamp":"2023-06-05T16:26:06.031Z"}
{"level":"info","message":"acl parsedParams","reqId":"d6c2f2fa-437f-4300-8f0c-3cc6666b4d3f","timestamp":"2023-06-05T16:26:06.031Z"}
{"level":"info","message":"END: GET /api/app:getLang?locale=en-US","req":{"action":{"actionName":"getLang","params":{"actionName":"getLang","locale":"en-US","resourceName":"app"},"resourceName":"app"},"header":{"x-hostname":"localhost","x-locale":"en-US","x-role":"root","x-timezone":"+5.5:00"}},"reqId":"d6c2f2fa-437f-4300-8f0c-3cc6666b4d3f","res":{"status":200},"responseTime":19,"timestamp":"2023-06-05T16:26:06.037Z"}
{"level":"info","message":"BEGIN: GET /api/uiRoutes:getAccessible","reqId":"295a1c0f-ce9b-4346-8137-7bce6f98fe4d","timestamp":"2023-06-05T16:26:06.304Z"}
{"level":"info","message":"Current user id: 1","reqId":"295a1c0f-ce9b-4346-8137-7bce6f98fe4d","timestamp":"2023-06-05T16:26:06.314Z"}
{"can":null,"level":"info","message":"ctx permission","reqId":"295a1c0f-ce9b-4346-8137-7bce6f98fe4d","skip":true,"timestamp":"2023-06-05T16:26:06.319Z"}
{"level":"info","message":"acl params","reqId":"295a1c0f-ce9b-4346-8137-7bce6f98fe4d","timestamp":"2023-06-05T16:26:06.321Z"}
{"level":"info","message":"acl parsedParams","reqId":"295a1c0f-ce9b-4346-8137-7bce6f98fe4d","timestamp":"2023-06-05T16:26:06.322Z"}
{"level":"info","message":"END: GET /api/uiRoutes:getAccessible","req":{"action":{"actionName":"getAccessible","params":{"actionName":"getAccessible","resourceName":"uiRoutes"},"resourceName":"uiRoutes"},"header":{"x-hostname":"localhost","x-locale":"en-US","x-role":"root","x-timezone":"+5.5:00"}},"reqId":"295a1c0f-ce9b-4346-8137-7bce6f98fe4d","res":{"status":200},"responseTime":25,"timestamp":"2023-06-05T16:26:06.329Z"}
{"level":"info","message":"BEGIN: GET /api/systemSettings:get/1?appends=logo","reqId":"beadaa3a-7fad-4da0-af86-f9a405013866","timestamp":"2023-06-05T16:26:06.361Z"}
{"level":"info","message":"Current user id: 1","reqId":"beadaa3a-7fad-4da0-af86-f9a405013866","timestamp":"2023-06-05T16:26:06.373Z"}
{"can":null,"level":"info","message":"ctx permission","reqId":"beadaa3a-7fad-4da0-af86-f9a405013866","skip":true,"timestamp":"2023-06-05T16:26:06.384Z"}
{"level":"info","message":"acl params","reqId":"beadaa3a-7fad-4da0-af86-f9a405013866","timestamp":"2023-06-05T16:26:06.385Z"}
{"level":"info","message":"acl parsedParams","reqId":"beadaa3a-7fad-4da0-af86-f9a405013866","timestamp":"2023-06-05T16:26:06.385Z"}
{"level":"info","message":"END: GET /api/systemSettings:get/1?appends=logo","req":{"action":{"actionName":"get","params":{"actionName":"get","appends":["logo"],"filterByTk":"1","resourceIndex":"1","resourceName":"systemSettings"},"resourceName":"systemSettings"},"header":{"x-hostname":"localhost","x-locale":"en-US","x-role":"root","x-timezone":"+5.5:00"}},"reqId":"beadaa3a-7fad-4da0-af86-f9a405013866","res":{"status":200},"responseTime":49,"timestamp":"2023-06-05T16:26:06.410Z"}
{"level":"info","message":"BEGIN: POST /api/chartsQueries:listMetadata?paginate=false&sort%5B%5D=-id","reqId":"b843bef6-cf1e-4ac3-8808-e37ef0005252","timestamp":"2023-06-05T16:26:06.469Z"}
{"level":"info","message":"Current user id: 1","reqId":"b843bef6-cf1e-4ac3-8808-e37ef0005252","timestamp":"2023-06-05T16:26:06.481Z"}
{"can":{"action":"listMetadata","resource":"chartsQueries","role":"root"},"level":"info","message":"ctx permission","reqId":"b843bef6-cf1e-4ac3-8808-e37ef0005252","skip":true,"timestamp":"2023-06-05T16:26:06.487Z"}
{"level":"info","message":"acl params","reqId":"b843bef6-cf1e-4ac3-8808-e37ef0005252","timestamp":"2023-06-05T16:26:06.488Z"}
{"level":"info","message":"acl parsedParams","reqId":"b843bef6-cf1e-4ac3-8808-e37ef0005252","timestamp":"2023-06-05T16:26:06.488Z"}
{"level":"info","message":"END: POST /api/chartsQueries:listMetadata?paginate=false&sort%5B%5D=-id","req":{"action":{"actionName":"listMetadata","params":{"actionName":"listMetadata","paginate":"false","resourceName":"chartsQueries","sort":["-id"]},"resourceName":"chartsQueries"},"header":{"x-hostname":"localhost","x-locale":"en-US","x-role":"root","x-timezone":"+5.5:00"}},"reqId":"b843bef6-cf1e-4ac3-8808-e37ef0005252","res":{"status":200},"responseTime":23,"timestamp":"2023-06-05T16:26:06.492Z"}
{"level":"info","message":"BEGIN: GET /api/app:getInfo","reqId":"0e4470d0-2b4c-466f-9fe1-e94c5572d662","timestamp":"2023-06-05T16:26:06.655Z"}
{"level":"info","message":"Current user id: 1","reqId":"0e4470d0-2b4c-466f-9fe1-e94c5572d662","timestamp":"2023-06-05T16:26:06.662Z"}
{"can":null,"level":"info","message":"ctx permission","reqId":"0e4470d0-2b4c-466f-9fe1-e94c5572d662","skip":true,"timestamp":"2023-06-05T16:26:06.666Z"}
{"level":"info","message":"acl params","reqId":"0e4470d0-2b4c-466f-9fe1-e94c5572d662","timestamp":"2023-06-05T16:26:06.667Z"}
{"level":"info","message":"acl parsedParams","reqId":"0e4470d0-2b4c-466f-9fe1-e94c5572d662","timestamp":"2023-06-05T16:26:06.667Z"}
{"level":"info","message":"END: GET /api/app:getInfo","req":{"action":{"actionName":"getInfo","params":{"actionName":"getInfo","resourceName":"app"},"resourceName":"app"},"header":{"x-hostname":"localhost","x-locale":"en-US","x-role":"root","x-timezone":"+5.5:00"}},"reqId":"0e4470d0-2b4c-466f-9fe1-e94c5572d662","res":{"status":200},"responseTime":16,"timestamp":"2023-06-05T16:26:06.671Z"}
{"level":"info","message":"BEGIN: GET /api/app:getInfo","reqId":"3d97bce1-8ba0-44aa-80ed-807ae586f565","timestamp":"2023-06-05T16:26:06.777Z"}
{"level":"info","message":"Current user id: 1","reqId":"3d97bce1-8ba0-44aa-80ed-807ae586f565","timestamp":"2023-06-05T16:26:06.784Z"}
{"can":null,"level":"info","message":"ctx permission","reqId":"3d97bce1-8ba0-44aa-80ed-807ae586f565","skip":true,"timestamp":"2023-06-05T16:26:06.789Z"}
{"level":"info","message":"acl params","reqId":"3d97bce1-8ba0-44aa-80ed-807ae586f565","timestamp":"2023-06-05T16:26:06.790Z"}
{"level":"info","message":"acl parsedParams","reqId":"3d97bce1-8ba0-44aa-80ed-807ae586f565","timestamp":"2023-06-05T16:26:06.791Z"}
{"level":"info","message":"END: GET /api/app:getInfo","req":{"action":{"actionName":"getInfo","params":{"actionName":"getInfo","resourceName":"app"},"resourceName":"app"},"header":{"x-hostname":"localhost","x-locale":"en-US","x-role":"root","x-timezone":"+5.5:00"}},"reqId":"3d97bce1-8ba0-44aa-80ed-807ae586f565","res":{"status":200},"responseTime":18,"timestamp":"2023-06-05T16:26:06.795Z"}
{"level":"info","message":"BEGIN: GET /api/users:check","reqId":"e9ce7bec-efe9-4c72-b852-334fa2ff64f3","timestamp":"2023-06-05T16:26:07.017Z"}
{"level":"info","message":"Current user id: 1","reqId":"e9ce7bec-efe9-4c72-b852-334fa2ff64f3","timestamp":"2023-06-05T16:26:07.026Z"}
{"can":null,"level":"info","message":"ctx permission","reqId":"e9ce7bec-efe9-4c72-b852-334fa2ff64f3","skip":true,"timestamp":"2023-06-05T16:26:07.032Z"}
{"level":"info","message":"acl params","reqId":"e9ce7bec-efe9-4c72-b852-334fa2ff64f3","timestamp":"2023-06-05T16:26:07.033Z"}
{"level":"info","message":"acl parsedParams","reqId":"e9ce7bec-efe9-4c72-b852-334fa2ff64f3","timestamp":"2023-06-05T16:26:07.034Z"}
{"level":"info","message":"END: GET /api/users:check","req":{"action":{"actionName":"check","params":{"actionName":"check","resourceName":"users"},"resourceName":"users"},"header":{"x-hostname":"localhost","x-locale":"en-US","x-role":"root","x-timezone":"+5.5:00"}},"reqId":"e9ce7bec-efe9-4c72-b852-334fa2ff64f3","res":{"status":200},"responseTime":19,"timestamp":"2023-06-05T16:26:07.036Z"}
{"level":"info","message":"BEGIN: GET /api/uiSchemaTemplates:list?appends%5B%5D=collection&paginate=false","reqId":"c679e1f5-e4e9-4365-8e5d-0d7583577512","timestamp":"2023-06-05T16:26:07.114Z"}
{"level":"info","message":"Current user id: 1","reqId":"c679e1f5-e4e9-4365-8e5d-0d7583577512","timestamp":"2023-06-05T16:26:07.121Z"}
{"can":{"action":"list","resource":"uiSchemaTemplates","role":"root"},"level":"info","message":"ctx permission","reqId":"c679e1f5-e4e9-4365-8e5d-0d7583577512","skip":true,"timestamp":"2023-06-05T16:26:07.126Z"}
{"level":"info","message":"acl params","reqId":"c679e1f5-e4e9-4365-8e5d-0d7583577512","timestamp":"2023-06-05T16:26:07.127Z"}
{"level":"info","message":"acl parsedParams","reqId":"c679e1f5-e4e9-4365-8e5d-0d7583577512","timestamp":"2023-06-05T16:26:07.128Z"}
{"level":"info","message":"END: GET /api/uiSchemaTemplates:list?appends%5B%5D=collection&paginate=false","req":{"action":{"actionName":"list","params":{"actionName":"list","appends":["collection"],"paginate":"false","resourceName":"uiSchemaTemplates"},"resourceName":"uiSchemaTemplates"},"header":{"x-hostname":"localhost","x-locale":"en-US","x-role":"root","x-timezone":"+5.5:00"}},"reqId":"c679e1f5-e4e9-4365-8e5d-0d7583577512","res":{"status":200},"responseTime":20,"timestamp":"2023-06-05T16:26:07.134Z"}
{"level":"info","message":"BEGIN: GET /api/collections:list?paginate=false&appends%5B%5D=fields&appends%5B%5D=category&sort%5B%5D=sort&filter=%7B%7D","reqId":"0ea77671-b2f1-45a7-b7d1-1090577ba0c8","timestamp":"2023-06-05T16:26:07.355Z"}
{"level":"info","message":"Current user id: 1","reqId":"0ea77671-b2f1-45a7-b7d1-1090577ba0c8","timestamp":"2023-06-05T16:26:07.363Z"}
{"can":{"action":"list","resource":"collections","role":"root"},"level":"info","message":"ctx permission","reqId":"0ea77671-b2f1-45a7-b7d1-1090577ba0c8","skip":true,"timestamp":"2023-06-05T16:26:07.368Z"}
{"level":"info","message":"acl params","reqId":"0ea77671-b2f1-45a7-b7d1-1090577ba0c8","timestamp":"2023-06-05T16:26:07.369Z"}
{"level":"info","message":"acl parsedParams","reqId":"0ea77671-b2f1-45a7-b7d1-1090577ba0c8","timestamp":"2023-06-05T16:26:07.370Z"}
{"level":"info","message":"END: GET /api/collections:list?paginate=false&appends%5B%5D=fields&appends%5B%5D=category&sort%5B%5D=sort&filter=%7B%7D","req":{"action":{"actionName":"list","params":{"actionName":"list","appends":["fields","category"],"filter":{},"paginate":"false","resourceName":"collections","sort":["sort"]},"resourceName":"collections"},"header":{"x-hostname":"localhost","x-locale":"en-US","x-role":"root","x-timezone":"+5.5:00"}},"reqId":"0ea77671-b2f1-45a7-b7d1-1090577ba0c8","res":{"status":200},"responseTime":41,"timestamp":"2023-06-05T16:26:07.395Z"}
{"level":"info","message":"BEGIN: GET /api/collectionCategories:list?paginate=false&sort%5B%5D=sort","reqId":"8ea7e875-7e80-4b27-9ca3-b5056c8caf2e","timestamp":"2023-06-05T16:26:07.537Z"}
{"level":"info","message":"BEGIN: GET /api/roles:check","reqId":"9187c872-16fb-42bb-9f8b-c2ca874c8b12","timestamp":"2023-06-05T16:26:07.548Z"}
{"level":"info","message":"Current user id: 1","reqId":"8ea7e875-7e80-4b27-9ca3-b5056c8caf2e","timestamp":"2023-06-05T16:26:07.571Z"}
{"level":"info","message":"Current user id: 1","reqId":"9187c872-16fb-42bb-9f8b-c2ca874c8b12","timestamp":"2023-06-05T16:26:07.575Z"}
{"can":null,"level":"info","message":"ctx permission","reqId":"8ea7e875-7e80-4b27-9ca3-b5056c8caf2e","skip":true,"timestamp":"2023-06-05T16:26:07.586Z"}
{"level":"info","message":"acl params","reqId":"8ea7e875-7e80-4b27-9ca3-b5056c8caf2e","timestamp":"2023-06-05T16:26:07.587Z"}
{"level":"info","message":"acl parsedParams","reqId":"8ea7e875-7e80-4b27-9ca3-b5056c8caf2e","timestamp":"2023-06-05T16:26:07.587Z"}
{"can":{"action":"check","resource":"roles","role":"root"},"level":"info","message":"ctx permission","reqId":"9187c872-16fb-42bb-9f8b-c2ca874c8b12","skip":true,"timestamp":"2023-06-05T16:26:07.592Z"}
{"level":"info","message":"acl params","reqId":"9187c872-16fb-42bb-9f8b-c2ca874c8b12","timestamp":"2023-06-05T16:26:07.595Z"}
{"level":"info","message":"acl parsedParams","reqId":"9187c872-16fb-42bb-9f8b-c2ca874c8b12","timestamp":"2023-06-05T16:26:07.596Z"}
{"level":"info","message":"END: GET /api/collectionCategories:list?paginate=false&sort%5B%5D=sort","req":{"action":{"actionName":"list","params":{"actionName":"list","paginate":"false","resourceName":"collectionCategories","sort":["sort"]},"resourceName":"collectionCategories"},"header":{"x-hostname":"localhost","x-locale":"en-US","x-role":"root","x-timezone":"+5.5:00"}},"reqId":"8ea7e875-7e80-4b27-9ca3-b5056c8caf2e","res":{"status":200},"responseTime":68,"timestamp":"2023-06-05T16:26:07.604Z"}
{"level":"info","message":"END: GET /api/roles:check","req":{"action":{"actionName":"check","params":{"actionName":"check","resourceName":"roles"},"resourceName":"roles"},"header":{"x-hostname":"localhost","x-locale":"en-US","x-role":"root","x-timezone":"+5.5:00"}},"reqId":"9187c872-16fb-42bb-9f8b-c2ca874c8b12","res":{"status":200},"responseTime":74,"timestamp":"2023-06-05T16:26:07.622Z"}
{"level":"info","message":"BEGIN: GET /api/uiSchemas:getJsonSchema/x4gw3mbp2pc","reqId":"52b06acf-e819-437d-bbaf-10a06e72eead","timestamp":"2023-06-05T16:26:07.736Z"}
{"level":"info","message":"Current user id: 1","reqId":"52b06acf-e819-437d-bbaf-10a06e72eead","timestamp":"2023-06-05T16:26:07.748Z"}
{"can":null,"level":"info","message":"ctx permission","reqId":"52b06acf-e819-437d-bbaf-10a06e72eead","skip":true,"timestamp":"2023-06-05T16:26:07.756Z"}
{"level":"info","message":"acl params","reqId":"52b06acf-e819-437d-bbaf-10a06e72eead","timestamp":"2023-06-05T16:26:07.759Z"}
{"level":"info","message":"acl parsedParams","reqId":"52b06acf-e819-437d-bbaf-10a06e72eead","timestamp":"2023-06-05T16:26:07.759Z"}
{"level":"info","message":"END: GET /api/uiSchemas:getJsonSchema/x4gw3mbp2pc","req":{"action":{"actionName":"getJsonSchema","params":{"actionName":"getJsonSchema","filterByTk":"x4gw3mbp2pc","resourceIndex":"x4gw3mbp2pc","resourceName":"uiSchemas"},"resourceName":"uiSchemas"},"header":{"x-hostname":"localhost","x-locale":"en-US","x-role":"root","x-timezone":"+5.5:00"}},"reqId":"52b06acf-e819-437d-bbaf-10a06e72eead","res":{"status":200},"responseTime":25,"timestamp":"2023-06-05T16:26:07.761Z"}
{"level":"info","message":"BEGIN: GET /api/uiSchemas:getProperties/x1meclgs8hv","reqId":"18478a25-9141-47d5-981c-b211cf72ffdf","timestamp":"2023-06-05T16:26:07.962Z"}
{"level":"info","message":"Current user id: 1","reqId":"18478a25-9141-47d5-981c-b211cf72ffdf","timestamp":"2023-06-05T16:26:07.977Z"}
{"can":{"action":"getProperties","resource":"uiSchemas","role":"root"},"level":"info","message":"ctx permission","reqId":"18478a25-9141-47d5-981c-b211cf72ffdf","skip":true,"timestamp":"2023-06-05T16:26:07.986Z"}
{"level":"info","message":"acl params","reqId":"18478a25-9141-47d5-981c-b211cf72ffdf","timestamp":"2023-06-05T16:26:07.988Z"}
{"level":"info","message":"acl parsedParams","reqId":"18478a25-9141-47d5-981c-b211cf72ffdf","timestamp":"2023-06-05T16:26:07.989Z"}
{"level":"info","message":"END: GET /api/uiSchemas:getProperties/x1meclgs8hv","req":{"action":{"actionName":"getProperties","params":{"actionName":"getProperties","filterByTk":"x1meclgs8hv","resourceIndex":"x1meclgs8hv","resourceName":"uiSchemas"},"resourceName":"uiSchemas"},"header":{"x-hostname":"localhost","x-locale":"en-US","x-role":"root","x-timezone":"+5.5:00"}},"reqId":"18478a25-9141-47d5-981c-b211cf72ffdf","res":{"status":200},"responseTime":29,"timestamp":"2023-06-05T16:26:07.991Z"}
