{"level":"info","message":"BEGIN: POST /api/uiSchemas:insertAdjacent/r7kfwu5p0el?position=beforeBegin","reqId":"03d504e4-2cf8-4e94-8b52-3524a675103a","timestamp":"2023-06-02T17:30:25.226Z"}
{"level":"info","message":"Current user id: 1","reqId":"03d504e4-2cf8-4e94-8b52-3524a675103a","timestamp":"2023-06-02T17:30:25.247Z"}
{"can":{"action":"insertAdjacent","resource":"uiSchemas","role":"root"},"level":"info","message":"ctx permission","reqId":"03d504e4-2cf8-4e94-8b52-3524a675103a","skip":true,"timestamp":"2023-06-02T17:30:25.254Z"}
{"level":"info","message":"acl params","reqId":"03d504e4-2cf8-4e94-8b52-3524a675103a","timestamp":"2023-06-02T17:30:25.255Z"}
{"level":"info","message":"acl parsedParams","reqId":"03d504e4-2cf8-4e94-8b52-3524a675103a","timestamp":"2023-06-02T17:30:25.255Z"}
{"level":"info","message":"END: POST /api/uiSchemas:insertAdjacent/r7kfwu5p0el?position=beforeBegin","req":{"action":{"actionName":"insertAdjacent","params":{"actionName":"insertAdjacent","filterByTk":"r7kfwu5p0el","position":"beforeBegin","resourceIndex":"r7kfwu5p0el","resourceName":"uiSchemas","values":{"schema":{"_isJSONSchemaObject":true,"name":"qcwamby3i3p","properties":{"id":{"_isJSONSchemaObject":true,"name":"id","version":"2.0","x-async":false,"x-collection-field":"compliance.id","x-component":"CollectionField","x-component-props":{},"x-index":1,"x-read-pretty":true,"x-uid":"hjt0igbieea"}},"type":"void","version":"2.0","x-async":false,"x-component":"TableV2.Column","x-decorator":"TableV2.Column.Decorator","x-designer":"TableV2.Column.Designer","x-index":1,"x-uid":"c3dfshmpt40"},"wrap":null}},"resourceName":"uiSchemas"},"header":{"x-hostname":"localhost","x-locale":"en-US","x-role":"root","x-timezone":"+5.5:00"}},"reqId":"03d504e4-2cf8-4e94-8b52-3524a675103a","res":{"status":200},"responseTime":63,"timestamp":"2023-06-02T17:30:25.289Z"}
{"level":"info","message":"BEGIN: POST /api/uiSchemas:patch","reqId":"109dd154-ef2a-4d23-bd60-f359507a482d","timestamp":"2023-06-02T17:30:29.213Z"}
{"level":"info","message":"Current user id: 1","reqId":"109dd154-ef2a-4d23-bd60-f359507a482d","timestamp":"2023-06-02T17:30:29.224Z"}
{"can":{"action":"patch","resource":"uiSchemas","role":"root"},"level":"info","message":"ctx permission","reqId":"109dd154-ef2a-4d23-bd60-f359507a482d","skip":true,"timestamp":"2023-06-02T17:30:29.232Z"}
{"level":"info","message":"acl params","reqId":"109dd154-ef2a-4d23-bd60-f359507a482d","timestamp":"2023-06-02T17:30:29.233Z"}
{"level":"info","message":"acl parsedParams","reqId":"109dd154-ef2a-4d23-bd60-f359507a482d","timestamp":"2023-06-02T17:30:29.233Z"}
{"level":"info","message":"END: POST /api/uiSchemas:patch","req":{"action":{"actionName":"patch","params":{"actionName":"patch","resourceName":"uiSchemas","values":{"x-component-props":{"sorter":true},"x-uid":"c3dfshmpt40"}},"resourceName":"uiSchemas"},"header":{"x-hostname":"localhost","x-locale":"en-US","x-role":"root","x-timezone":"+5.5:00"}},"reqId":"109dd154-ef2a-4d23-bd60-f359507a482d","res":{"status":200},"responseTime":46,"timestamp":"2023-06-02T17:30:29.259Z"}
{"level":"info","message":"BEGIN: GET /api/compliance:list?pageSize=20&appends%5B%5D=updatedBy&appends%5B%5D=createdBy&page=1","reqId":"3dc02d3f-cc83-4cd2-9c91-63d15d6a91cc","timestamp":"2023-06-02T17:30:33.743Z"}
{"level":"info","message":"Current user id: 1","reqId":"3dc02d3f-cc83-4cd2-9c91-63d15d6a91cc","timestamp":"2023-06-02T17:30:33.754Z"}
{"can":null,"level":"info","message":"ctx permission","reqId":"3dc02d3f-cc83-4cd2-9c91-63d15d6a91cc","skip":true,"timestamp":"2023-06-02T17:30:33.759Z"}
{"level":"info","message":"acl params","reqId":"3dc02d3f-cc83-4cd2-9c91-63d15d6a91cc","timestamp":"2023-06-02T17:30:33.759Z"}
{"level":"info","message":"acl parsedParams","reqId":"3dc02d3f-cc83-4cd2-9c91-63d15d6a91cc","timestamp":"2023-06-02T17:30:33.760Z"}
{"level":"info","message":"END: GET /api/compliance:list?pageSize=20&appends%5B%5D=updatedBy&appends%5B%5D=createdBy&page=1","req":{"action":{"actionName":"list","params":{"actionName":"list","appends":["updatedBy","createdBy"],"page":"1","pageSize":"20","resourceName":"compliance"},"resourceName":"compliance"},"header":{"x-hostname":"localhost","x-locale":"en-US","x-role":"root","x-timezone":"+5.5:00"}},"reqId":"3dc02d3f-cc83-4cd2-9c91-63d15d6a91cc","res":{"status":200},"responseTime":35,"timestamp":"2023-06-02T17:30:33.778Z"}
{"level":"info","message":"BEGIN: GET /api/compliance:list?pageSize=20&appends%5B%5D=updatedBy&appends%5B%5D=createdBy&page=1&sort%5B%5D=id","reqId":"a671a3c3-f464-4655-a753-ea8227f33217","timestamp":"2023-06-02T17:30:37.682Z"}
{"level":"info","message":"Current user id: 1","reqId":"a671a3c3-f464-4655-a753-ea8227f33217","timestamp":"2023-06-02T17:30:37.697Z"}
{"can":null,"level":"info","message":"ctx permission","reqId":"a671a3c3-f464-4655-a753-ea8227f33217","skip":true,"timestamp":"2023-06-02T17:30:37.705Z"}
{"level":"info","message":"acl params","reqId":"a671a3c3-f464-4655-a753-ea8227f33217","timestamp":"2023-06-02T17:30:37.706Z"}
{"level":"info","message":"acl parsedParams","reqId":"a671a3c3-f464-4655-a753-ea8227f33217","timestamp":"2023-06-02T17:30:37.707Z"}
{"level":"info","message":"END: GET /api/compliance:list?pageSize=20&appends%5B%5D=updatedBy&appends%5B%5D=createdBy&page=1&sort%5B%5D=id","req":{"action":{"actionName":"list","params":{"actionName":"list","appends":["updatedBy","createdBy"],"page":"1","pageSize":"20","resourceName":"compliance","sort":["id"]},"resourceName":"compliance"},"header":{"x-hostname":"localhost","x-locale":"en-US","x-role":"root","x-timezone":"+5.5:00"}},"reqId":"a671a3c3-f464-4655-a753-ea8227f33217","res":{"status":200},"responseTime":43,"timestamp":"2023-06-02T17:30:37.725Z"}
{"level":"info","message":"BEGIN: GET /api/compliance:list?pageSize=20&appends%5B%5D=updatedBy&appends%5B%5D=createdBy&page=1&sort%5B%5D=-id","reqId":"695a9ae9-9be2-4d40-91aa-a068e80d2e18","timestamp":"2023-06-02T17:30:39.494Z"}
{"level":"info","message":"Current user id: 1","reqId":"695a9ae9-9be2-4d40-91aa-a068e80d2e18","timestamp":"2023-06-02T17:30:39.503Z"}
{"can":null,"level":"info","message":"ctx permission","reqId":"695a9ae9-9be2-4d40-91aa-a068e80d2e18","skip":true,"timestamp":"2023-06-02T17:30:39.509Z"}
{"level":"info","message":"acl params","reqId":"695a9ae9-9be2-4d40-91aa-a068e80d2e18","timestamp":"2023-06-02T17:30:39.510Z"}
{"level":"info","message":"acl parsedParams","reqId":"695a9ae9-9be2-4d40-91aa-a068e80d2e18","timestamp":"2023-06-02T17:30:39.510Z"}
{"level":"info","message":"END: GET /api/compliance:list?pageSize=20&appends%5B%5D=updatedBy&appends%5B%5D=createdBy&page=1&sort%5B%5D=-id","req":{"action":{"actionName":"list","params":{"actionName":"list","appends":["updatedBy","createdBy"],"page":"1","pageSize":"20","resourceName":"compliance","sort":["-id"]},"resourceName":"compliance"},"header":{"x-hostname":"localhost","x-locale":"en-US","x-role":"root","x-timezone":"+5.5:00"}},"reqId":"695a9ae9-9be2-4d40-91aa-a068e80d2e18","res":{"status":200},"responseTime":31,"timestamp":"2023-06-02T17:30:39.525Z"}
{"level":"info","message":"BEGIN: GET /api/compliance:get?appends%5B%5D=createdBy&appends%5B%5D=updatedBy&filterByTk=20","reqId":"5feeca0d-d17f-4919-938f-5ce330f18027","timestamp":"2023-06-02T17:30:52.220Z"}
{"level":"info","message":"Current user id: 1","reqId":"5feeca0d-d17f-4919-938f-5ce330f18027","timestamp":"2023-06-02T17:30:52.238Z"}
{"can":null,"level":"info","message":"ctx permission","reqId":"5feeca0d-d17f-4919-938f-5ce330f18027","skip":true,"timestamp":"2023-06-02T17:30:52.244Z"}
{"level":"info","message":"acl params","reqId":"5feeca0d-d17f-4919-938f-5ce330f18027","timestamp":"2023-06-02T17:30:52.245Z"}
{"level":"info","message":"acl parsedParams","reqId":"5feeca0d-d17f-4919-938f-5ce330f18027","timestamp":"2023-06-02T17:30:52.246Z"}
{"level":"info","message":"END: GET /api/compliance:get?appends%5B%5D=createdBy&appends%5B%5D=updatedBy&filterByTk=20","req":{"action":{"actionName":"get","params":{"actionName":"get","appends":["createdBy","updatedBy"],"filterByTk":"20","resourceName":"compliance"},"resourceName":"compliance"},"header":{"x-hostname":"localhost","x-locale":"en-US","x-role":"root","x-timezone":"+5.5:00"}},"reqId":"5feeca0d-d17f-4919-938f-5ce330f18027","res":{"status":200},"responseTime":44,"timestamp":"2023-06-02T17:30:52.264Z"}
{"level":"info","message":"BEGIN: GET /api/compliance:get?appends%5B%5D=createdBy&appends%5B%5D=updatedBy&filterByTk=28","reqId":"47e56a63-c6f3-491c-91b5-a1160504dad6","timestamp":"2023-06-02T17:31:51.526Z"}
{"level":"info","message":"Current user id: 1","reqId":"47e56a63-c6f3-491c-91b5-a1160504dad6","timestamp":"2023-06-02T17:31:51.533Z"}
{"can":null,"level":"info","message":"ctx permission","reqId":"47e56a63-c6f3-491c-91b5-a1160504dad6","skip":true,"timestamp":"2023-06-02T17:31:51.537Z"}
{"level":"info","message":"acl params","reqId":"47e56a63-c6f3-491c-91b5-a1160504dad6","timestamp":"2023-06-02T17:31:51.538Z"}
{"level":"info","message":"acl parsedParams","reqId":"47e56a63-c6f3-491c-91b5-a1160504dad6","timestamp":"2023-06-02T17:31:51.538Z"}
{"level":"info","message":"END: GET /api/compliance:get?appends%5B%5D=createdBy&appends%5B%5D=updatedBy&filterByTk=28","req":{"action":{"actionName":"get","params":{"actionName":"get","appends":["createdBy","updatedBy"],"filterByTk":"28","resourceName":"compliance"},"resourceName":"compliance"},"header":{"x-hostname":"localhost","x-locale":"en-US","x-role":"root","x-timezone":"+5.5:00"}},"reqId":"47e56a63-c6f3-491c-91b5-a1160504dad6","res":{"status":200},"responseTime":23,"timestamp":"2023-06-02T17:31:51.549Z"}
{"level":"info","message":"BEGIN: POST /api/compliance:create","reqId":"9a3d943c-a271-4b64-953f-167d1b27ce51","timestamp":"2023-06-02T17:32:02.502Z"}
{"level":"info","message":"Current user id: 1","reqId":"9a3d943c-a271-4b64-953f-167d1b27ce51","timestamp":"2023-06-02T17:32:02.512Z"}
{"can":null,"level":"info","message":"ctx permission","reqId":"9a3d943c-a271-4b64-953f-167d1b27ce51","skip":true,"timestamp":"2023-06-02T17:32:02.519Z"}
{"level":"info","message":"acl params","reqId":"9a3d943c-a271-4b64-953f-167d1b27ce51","timestamp":"2023-06-02T17:32:02.520Z"}
{"level":"info","message":"acl parsedParams","reqId":"9a3d943c-a271-4b64-953f-167d1b27ce51","timestamp":"2023-06-02T17:32:02.520Z"}
{"level":"info","message":"END: POST /api/compliance:create","req":{"action":{"actionName":"create","params":{"actionName":"create","resourceName":"compliance","values":{"input_regulations":"TRADER RECIEVED AN AMOUNT OF $20000 FROM AN UNREGISTERED ORGANIZATION\n"}},"resourceName":"compliance"},"header":{"x-hostname":"localhost","x-locale":"en-US","x-role":"root","x-timezone":"+5.5:00"}},"reqId":"9a3d943c-a271-4b64-953f-167d1b27ce51","res":{"status":200},"responseTime":53,"timestamp":"2023-06-02T17:32:02.555Z"}
{"level":"info","message":"[Workflow] request (#2) sent to \"http://192.168.0.198:5000/webhook\", waiting for response...","timestamp":"2023-06-02T17:32:02.591Z"}
{"level":"info","message":"BEGIN: GET /api/compliance:list?pageSize=20&appends%5B%5D=updatedBy&appends%5B%5D=createdBy","reqId":"2472849c-a8f0-4a0e-8089-f2b4dbf45ecf","timestamp":"2023-06-02T17:32:04.946Z"}
{"level":"info","message":"Current user id: 1","reqId":"2472849c-a8f0-4a0e-8089-f2b4dbf45ecf","timestamp":"2023-06-02T17:32:04.955Z"}
{"can":null,"level":"info","message":"ctx permission","reqId":"2472849c-a8f0-4a0e-8089-f2b4dbf45ecf","skip":true,"timestamp":"2023-06-02T17:32:04.960Z"}
{"level":"info","message":"acl params","reqId":"2472849c-a8f0-4a0e-8089-f2b4dbf45ecf","timestamp":"2023-06-02T17:32:04.960Z"}
{"level":"info","message":"acl parsedParams","reqId":"2472849c-a8f0-4a0e-8089-f2b4dbf45ecf","timestamp":"2023-06-02T17:32:04.960Z"}
{"level":"info","message":"END: GET /api/compliance:list?pageSize=20&appends%5B%5D=updatedBy&appends%5B%5D=createdBy","req":{"action":{"actionName":"list","params":{"actionName":"list","appends":["updatedBy","createdBy"],"pageSize":"20","resourceName":"compliance"},"resourceName":"compliance"},"header":{"x-hostname":"localhost","x-locale":"en-US","x-role":"root","x-timezone":"+5.5:00"}},"reqId":"2472849c-a8f0-4a0e-8089-f2b4dbf45ecf","res":{"status":200},"responseTime":28,"timestamp":"2023-06-02T17:32:04.974Z"}
{"level":"info","message":"[Workflow] request (#2) response received, status: -1","timestamp":"2023-06-02T17:32:07.607Z"}
{"level":"info","message":"BEGIN: GET /api/compliance:list?pageSize=20&appends%5B%5D=updatedBy&appends%5B%5D=createdBy&page=1&sort%5B%5D=id","reqId":"867bf315-23d0-4c55-a9e9-c80ea542b44e","timestamp":"2023-06-02T17:32:09.051Z"}
{"level":"info","message":"Current user id: 1","reqId":"867bf315-23d0-4c55-a9e9-c80ea542b44e","timestamp":"2023-06-02T17:32:09.057Z"}
{"can":null,"level":"info","message":"ctx permission","reqId":"867bf315-23d0-4c55-a9e9-c80ea542b44e","skip":true,"timestamp":"2023-06-02T17:32:09.062Z"}
{"level":"info","message":"acl params","reqId":"867bf315-23d0-4c55-a9e9-c80ea542b44e","timestamp":"2023-06-02T17:32:09.063Z"}
{"level":"info","message":"acl parsedParams","reqId":"867bf315-23d0-4c55-a9e9-c80ea542b44e","timestamp":"2023-06-02T17:32:09.064Z"}
{"level":"info","message":"END: GET /api/compliance:list?pageSize=20&appends%5B%5D=updatedBy&appends%5B%5D=createdBy&page=1&sort%5B%5D=id","req":{"action":{"actionName":"list","params":{"actionName":"list","appends":["updatedBy","createdBy"],"page":"1","pageSize":"20","resourceName":"compliance","sort":["id"]},"resourceName":"compliance"},"header":{"x-hostname":"localhost","x-locale":"en-US","x-role":"root","x-timezone":"+5.5:00"}},"reqId":"867bf315-23d0-4c55-a9e9-c80ea542b44e","res":{"status":200},"responseTime":25,"timestamp":"2023-06-02T17:32:09.076Z"}
{"level":"info","message":"BEGIN: GET /api/compliance:list?pageSize=20&appends%5B%5D=updatedBy&appends%5B%5D=createdBy&page=1&sort%5B%5D=-id","reqId":"f310e5d5-552b-4c77-93cd-362419f3a8fc","timestamp":"2023-06-02T17:32:09.267Z"}
{"level":"info","message":"Current user id: 1","reqId":"f310e5d5-552b-4c77-93cd-362419f3a8fc","timestamp":"2023-06-02T17:32:09.276Z"}
{"can":null,"level":"info","message":"ctx permission","reqId":"f310e5d5-552b-4c77-93cd-362419f3a8fc","skip":true,"timestamp":"2023-06-02T17:32:09.285Z"}
{"level":"info","message":"acl params","reqId":"f310e5d5-552b-4c77-93cd-362419f3a8fc","timestamp":"2023-06-02T17:32:09.285Z"}
{"level":"info","message":"acl parsedParams","reqId":"f310e5d5-552b-4c77-93cd-362419f3a8fc","timestamp":"2023-06-02T17:32:09.286Z"}
{"level":"info","message":"END: GET /api/compliance:list?pageSize=20&appends%5B%5D=updatedBy&appends%5B%5D=createdBy&page=1&sort%5B%5D=-id","req":{"action":{"actionName":"list","params":{"actionName":"list","appends":["updatedBy","createdBy"],"page":"1","pageSize":"20","resourceName":"compliance","sort":["-id"]},"resourceName":"compliance"},"header":{"x-hostname":"localhost","x-locale":"en-US","x-role":"root","x-timezone":"+5.5:00"}},"reqId":"f310e5d5-552b-4c77-93cd-362419f3a8fc","res":{"status":200},"responseTime":36,"timestamp":"2023-06-02T17:32:09.303Z"}
{"level":"info","message":"BEGIN: POST /api/compliance:create","reqId":"eae53de3-cbce-4bda-ac9b-aa116ba5d67a","timestamp":"2023-06-02T17:43:38.672Z"}
{"level":"info","message":"Current user id: 1","reqId":"eae53de3-cbce-4bda-ac9b-aa116ba5d67a","timestamp":"2023-06-02T17:43:38.683Z"}
{"can":null,"level":"info","message":"ctx permission","reqId":"eae53de3-cbce-4bda-ac9b-aa116ba5d67a","skip":true,"timestamp":"2023-06-02T17:43:38.690Z"}
{"level":"info","message":"acl params","reqId":"eae53de3-cbce-4bda-ac9b-aa116ba5d67a","timestamp":"2023-06-02T17:43:38.691Z"}
{"level":"info","message":"acl parsedParams","reqId":"eae53de3-cbce-4bda-ac9b-aa116ba5d67a","timestamp":"2023-06-02T17:43:38.691Z"}
{"level":"info","message":"END: POST /api/compliance:create","req":{"action":{"actionName":"create","params":{"actionName":"create","resourceName":"compliance","values":{"input_regulations":"TRADER $5,000"}},"resourceName":"compliance"},"header":{"x-hostname":"localhost","x-locale":"en-US","x-role":"root","x-timezone":"+5.5:00"}},"reqId":"eae53de3-cbce-4bda-ac9b-aa116ba5d67a","res":{"status":200},"responseTime":61,"timestamp":"2023-06-02T17:43:38.733Z"}
{"level":"info","message":"[Workflow] request (#2) sent to \"http://192.168.0.198:5000/webhook\", waiting for response...","timestamp":"2023-06-02T17:43:38.774Z"}
{"level":"info","message":"BEGIN: GET /api/compliance:list?pageSize=20&appends%5B%5D=updatedBy&appends%5B%5D=createdBy","reqId":"bf567d11-f002-4d52-8d2b-4130504e53a8","timestamp":"2023-06-02T17:43:40.457Z"}
{"level":"info","message":"Current user id: 1","reqId":"bf567d11-f002-4d52-8d2b-4130504e53a8","timestamp":"2023-06-02T17:43:40.466Z"}
{"can":null,"level":"info","message":"ctx permission","reqId":"bf567d11-f002-4d52-8d2b-4130504e53a8","skip":true,"timestamp":"2023-06-02T17:43:40.474Z"}
{"level":"info","message":"acl params","reqId":"bf567d11-f002-4d52-8d2b-4130504e53a8","timestamp":"2023-06-02T17:43:40.475Z"}
{"level":"info","message":"acl parsedParams","reqId":"bf567d11-f002-4d52-8d2b-4130504e53a8","timestamp":"2023-06-02T17:43:40.475Z"}
{"level":"info","message":"END: GET /api/compliance:list?pageSize=20&appends%5B%5D=updatedBy&appends%5B%5D=createdBy","req":{"action":{"actionName":"list","params":{"actionName":"list","appends":["updatedBy","createdBy"],"pageSize":"20","resourceName":"compliance"},"resourceName":"compliance"},"header":{"x-hostname":"localhost","x-locale":"en-US","x-role":"root","x-timezone":"+5.5:00"}},"reqId":"bf567d11-f002-4d52-8d2b-4130504e53a8","res":{"status":200},"responseTime":33,"timestamp":"2023-06-02T17:43:40.490Z"}
{"level":"info","message":"BEGIN: GET /api/compliance:list?pageSize=20&appends%5B%5D=updatedBy&appends%5B%5D=createdBy&page=1&sort%5B%5D=id","reqId":"8ab8252e-9d70-4c98-880f-4a82a8396d18","timestamp":"2023-06-02T17:43:43.644Z"}
{"level":"info","message":"Current user id: 1","reqId":"8ab8252e-9d70-4c98-880f-4a82a8396d18","timestamp":"2023-06-02T17:43:43.651Z"}
{"can":null,"level":"info","message":"ctx permission","reqId":"8ab8252e-9d70-4c98-880f-4a82a8396d18","skip":true,"timestamp":"2023-06-02T17:43:43.655Z"}
{"level":"info","message":"acl params","reqId":"8ab8252e-9d70-4c98-880f-4a82a8396d18","timestamp":"2023-06-02T17:43:43.656Z"}
{"level":"info","message":"acl parsedParams","reqId":"8ab8252e-9d70-4c98-880f-4a82a8396d18","timestamp":"2023-06-02T17:43:43.657Z"}
{"level":"info","message":"END: GET /api/compliance:list?pageSize=20&appends%5B%5D=updatedBy&appends%5B%5D=createdBy&page=1&sort%5B%5D=id","req":{"action":{"actionName":"list","params":{"actionName":"list","appends":["updatedBy","createdBy"],"page":"1","pageSize":"20","resourceName":"compliance","sort":["id"]},"resourceName":"compliance"},"header":{"x-hostname":"localhost","x-locale":"en-US","x-role":"root","x-timezone":"+5.5:00"}},"reqId":"8ab8252e-9d70-4c98-880f-4a82a8396d18","res":{"status":200},"responseTime":25,"timestamp":"2023-06-02T17:43:43.669Z"}
{"level":"info","message":"[Workflow] request (#2) response received, status: -1","timestamp":"2023-06-02T17:43:43.787Z"}
{"level":"info","message":"BEGIN: GET /api/compliance:list?pageSize=20&appends%5B%5D=updatedBy&appends%5B%5D=createdBy&page=1&sort%5B%5D=-id","reqId":"6819d842-e871-4f9e-96ad-6da51dfeb4a6","timestamp":"2023-06-02T17:43:43.836Z"}
{"level":"info","message":"Current user id: 1","reqId":"6819d842-e871-4f9e-96ad-6da51dfeb4a6","timestamp":"2023-06-02T17:43:43.847Z"}
{"can":null,"level":"info","message":"ctx permission","reqId":"6819d842-e871-4f9e-96ad-6da51dfeb4a6","skip":true,"timestamp":"2023-06-02T17:43:43.851Z"}
{"level":"info","message":"acl params","reqId":"6819d842-e871-4f9e-96ad-6da51dfeb4a6","timestamp":"2023-06-02T17:43:43.851Z"}
{"level":"info","message":"acl parsedParams","reqId":"6819d842-e871-4f9e-96ad-6da51dfeb4a6","timestamp":"2023-06-02T17:43:43.851Z"}
{"level":"info","message":"END: GET /api/compliance:list?pageSize=20&appends%5B%5D=updatedBy&appends%5B%5D=createdBy&page=1&sort%5B%5D=-id","req":{"action":{"actionName":"list","params":{"actionName":"list","appends":["updatedBy","createdBy"],"page":"1","pageSize":"20","resourceName":"compliance","sort":["-id"]},"resourceName":"compliance"},"header":{"x-hostname":"localhost","x-locale":"en-US","x-role":"root","x-timezone":"+5.5:00"}},"reqId":"6819d842-e871-4f9e-96ad-6da51dfeb4a6","res":{"status":200},"responseTime":28,"timestamp":"2023-06-02T17:43:43.864Z"}
{"level":"info","message":"BEGIN: POST /api/compliance:create","reqId":"acc6726b-94cd-4600-8405-4e75fdbd6c0d","timestamp":"2023-06-02T17:44:17.398Z"}
{"level":"info","message":"Current user id: 1","reqId":"acc6726b-94cd-4600-8405-4e75fdbd6c0d","timestamp":"2023-06-02T17:44:17.405Z"}
{"can":null,"level":"info","message":"ctx permission","reqId":"acc6726b-94cd-4600-8405-4e75fdbd6c0d","skip":true,"timestamp":"2023-06-02T17:44:17.410Z"}
{"level":"info","message":"acl params","reqId":"acc6726b-94cd-4600-8405-4e75fdbd6c0d","timestamp":"2023-06-02T17:44:17.411Z"}
{"level":"info","message":"acl parsedParams","reqId":"acc6726b-94cd-4600-8405-4e75fdbd6c0d","timestamp":"2023-06-02T17:44:17.411Z"}
{"level":"info","message":"END: POST /api/compliance:create","req":{"action":{"actionName":"create","params":{"actionName":"create","resourceName":"compliance","values":{"input_regulations":"TRADER RECIEVED AN AMOUNT OF $20,000 FROM AN UNREGISTERED ORGANIZATION"}},"resourceName":"compliance"},"header":{"x-hostname":"localhost","x-locale":"en-US","x-role":"root","x-timezone":"+5.5:00"}},"reqId":"acc6726b-94cd-4600-8405-4e75fdbd6c0d","res":{"status":200},"responseTime":34,"timestamp":"2023-06-02T17:44:17.432Z"}
{"level":"info","message":"[Workflow] request (#2) sent to \"http://192.168.0.198:5000/webhook\", waiting for response...","timestamp":"2023-06-02T17:44:17.464Z"}
{"level":"info","message":"BEGIN: GET /api/compliance:list?pageSize=20&appends%5B%5D=updatedBy&appends%5B%5D=createdBy","reqId":"0b14a8d0-16b0-4ea9-a195-625eb0150aa0","timestamp":"2023-06-02T17:44:19.871Z"}
{"level":"info","message":"Current user id: 1","reqId":"0b14a8d0-16b0-4ea9-a195-625eb0150aa0","timestamp":"2023-06-02T17:44:19.883Z"}
{"can":null,"level":"info","message":"ctx permission","reqId":"0b14a8d0-16b0-4ea9-a195-625eb0150aa0","skip":true,"timestamp":"2023-06-02T17:44:19.889Z"}
{"level":"info","message":"acl params","reqId":"0b14a8d0-16b0-4ea9-a195-625eb0150aa0","timestamp":"2023-06-02T17:44:19.890Z"}
{"level":"info","message":"acl parsedParams","reqId":"0b14a8d0-16b0-4ea9-a195-625eb0150aa0","timestamp":"2023-06-02T17:44:19.891Z"}
{"level":"info","message":"END: GET /api/compliance:list?pageSize=20&appends%5B%5D=updatedBy&appends%5B%5D=createdBy","req":{"action":{"actionName":"list","params":{"actionName":"list","appends":["updatedBy","createdBy"],"pageSize":"20","resourceName":"compliance"},"resourceName":"compliance"},"header":{"x-hostname":"localhost","x-locale":"en-US","x-role":"root","x-timezone":"+5.5:00"}},"reqId":"0b14a8d0-16b0-4ea9-a195-625eb0150aa0","res":{"status":200},"responseTime":33,"timestamp":"2023-06-02T17:44:19.904Z"}
{"level":"info","message":"[Workflow] request (#2) response received, status: -1","timestamp":"2023-06-02T17:44:22.476Z"}
{"level":"info","message":"BEGIN: GET /api/compliance:list?pageSize=20&appends%5B%5D=updatedBy&appends%5B%5D=createdBy&page=2","reqId":"afa283bd-a2ad-4068-b841-f766fafa7147","timestamp":"2023-06-02T17:44:23.212Z"}
{"level":"info","message":"Current user id: 1","reqId":"afa283bd-a2ad-4068-b841-f766fafa7147","timestamp":"2023-06-02T17:44:23.219Z"}
{"can":null,"level":"info","message":"ctx permission","reqId":"afa283bd-a2ad-4068-b841-f766fafa7147","skip":true,"timestamp":"2023-06-02T17:44:23.223Z"}
{"level":"info","message":"acl params","reqId":"afa283bd-a2ad-4068-b841-f766fafa7147","timestamp":"2023-06-02T17:44:23.224Z"}
{"level":"info","message":"acl parsedParams","reqId":"afa283bd-a2ad-4068-b841-f766fafa7147","timestamp":"2023-06-02T17:44:23.224Z"}
{"level":"info","message":"END: GET /api/compliance:list?pageSize=20&appends%5B%5D=updatedBy&appends%5B%5D=createdBy&page=2","req":{"action":{"actionName":"list","params":{"actionName":"list","appends":["updatedBy","createdBy"],"page":"2","pageSize":"20","resourceName":"compliance"},"resourceName":"compliance"},"header":{"x-hostname":"localhost","x-locale":"en-US","x-role":"root","x-timezone":"+5.5:00"}},"reqId":"afa283bd-a2ad-4068-b841-f766fafa7147","res":{"status":200},"responseTime":23,"timestamp":"2023-06-02T17:44:23.235Z"}
{"level":"info","message":"BEGIN: GET /api/workflows:list?pageSize=20&sort%5B%5D=-createdAt&except%5B%5D=config&filter=%7B%22current%22%3Atrue%7D","reqId":"0b73f0a9-3c4a-422e-a251-d7bab5d33c14","timestamp":"2023-06-02T17:44:43.471Z"}
{"level":"info","message":"Current user id: 1","reqId":"0b73f0a9-3c4a-422e-a251-d7bab5d33c14","timestamp":"2023-06-02T17:44:43.477Z"}
{"can":{"action":"list","resource":"workflows","role":"root"},"level":"info","message":"ctx permission","reqId":"0b73f0a9-3c4a-422e-a251-d7bab5d33c14","skip":true,"timestamp":"2023-06-02T17:44:43.481Z"}
{"level":"info","message":"acl params","reqId":"0b73f0a9-3c4a-422e-a251-d7bab5d33c14","timestamp":"2023-06-02T17:44:43.482Z"}
{"level":"info","message":"acl parsedParams","reqId":"0b73f0a9-3c4a-422e-a251-d7bab5d33c14","timestamp":"2023-06-02T17:44:43.482Z"}
{"level":"info","message":"END: GET /api/workflows:list?pageSize=20&sort%5B%5D=-createdAt&except%5B%5D=config&filter=%7B%22current%22%3Atrue%7D","req":{"action":{"actionName":"list","params":{"actionName":"list","except":["config"],"filter":{"current":true},"pageSize":"20","resourceName":"workflows","sort":["-createdAt"]},"resourceName":"workflows"},"header":{"x-hostname":"localhost","x-locale":"en-US","x-role":"root","x-timezone":"+5.5:00"}},"reqId":"0b73f0a9-3c4a-422e-a251-d7bab5d33c14","res":{"status":200},"responseTime":22,"timestamp":"2023-06-02T17:44:43.493Z"}
{"level":"info","message":"BEGIN: GET /api/workflows:get?appends%5B%5D=nodes&appends%5B%5D=revisions.id&appends%5B%5D=revisions.createdAt&appends%5B%5D=revisions.current&appends%5B%5D=revisions.executed&appends%5B%5D=revisions.enabled&filter=%7B%22id%22%3A%222%22%7D","reqId":"ce61da15-9db5-4a54-bad0-1cd81dbb5bad","timestamp":"2023-06-02T17:44:44.717Z"}
{"level":"info","message":"Current user id: 1","reqId":"ce61da15-9db5-4a54-bad0-1cd81dbb5bad","timestamp":"2023-06-02T17:44:44.726Z"}
{"can":{"action":"get","resource":"workflows","role":"root"},"level":"info","message":"ctx permission","reqId":"ce61da15-9db5-4a54-bad0-1cd81dbb5bad","skip":true,"timestamp":"2023-06-02T17:44:44.735Z"}
{"level":"info","message":"acl params","reqId":"ce61da15-9db5-4a54-bad0-1cd81dbb5bad","timestamp":"2023-06-02T17:44:44.735Z"}
{"level":"info","message":"acl parsedParams","reqId":"ce61da15-9db5-4a54-bad0-1cd81dbb5bad","timestamp":"2023-06-02T17:44:44.736Z"}
{"level":"info","message":"END: GET /api/workflows:get?appends%5B%5D=nodes&appends%5B%5D=revisions.id&appends%5B%5D=revisions.createdAt&appends%5B%5D=revisions.current&appends%5B%5D=revisions.executed&appends%5B%5D=revisions.enabled&filter=%7B%22id%22%3A%222%22%7D","req":{"action":{"actionName":"get","params":{"actionName":"get","appends":["nodes","revisions.id","revisions.createdAt","revisions.current","revisions.executed","revisions.enabled"],"filter":{"id":"2"},"resourceName":"workflows"},"resourceName":"workflows"},"header":{"x-hostname":"localhost","x-locale":"en-US","x-role":"root","x-timezone":"+5.5:00"}},"reqId":"ce61da15-9db5-4a54-bad0-1cd81dbb5bad","res":{"status":200},"responseTime":33,"timestamp":"2023-06-02T17:44:44.751Z"}
{"level":"info","message":"BEGIN: GET /api/workflows:list?pageSize=20&sort%5B%5D=-createdAt&except%5B%5D=config&filter=%7B%22current%22%3Atrue%7D","reqId":"9df65c49-7aeb-4502-8e0f-6e850332dee0","timestamp":"2023-06-02T17:44:46.935Z"}
{"level":"info","message":"Current user id: 1","reqId":"9df65c49-7aeb-4502-8e0f-6e850332dee0","timestamp":"2023-06-02T17:44:46.944Z"}
{"can":{"action":"list","resource":"workflows","role":"root"},"level":"info","message":"ctx permission","reqId":"9df65c49-7aeb-4502-8e0f-6e850332dee0","skip":true,"timestamp":"2023-06-02T17:44:46.948Z"}
{"level":"info","message":"acl params","reqId":"9df65c49-7aeb-4502-8e0f-6e850332dee0","timestamp":"2023-06-02T17:44:46.949Z"}
{"level":"info","message":"acl parsedParams","reqId":"9df65c49-7aeb-4502-8e0f-6e850332dee0","timestamp":"2023-06-02T17:44:46.949Z"}
{"level":"info","message":"END: GET /api/workflows:list?pageSize=20&sort%5B%5D=-createdAt&except%5B%5D=config&filter=%7B%22current%22%3Atrue%7D","req":{"action":{"actionName":"list","params":{"actionName":"list","except":["config"],"filter":{"current":true},"pageSize":"20","resourceName":"workflows","sort":["-createdAt"]},"resourceName":"workflows"},"header":{"x-hostname":"localhost","x-locale":"en-US","x-role":"root","x-timezone":"+5.5:00"}},"reqId":"9df65c49-7aeb-4502-8e0f-6e850332dee0","res":{"status":200},"responseTime":36,"timestamp":"2023-06-02T17:44:46.971Z"}
{"level":"info","message":"BEGIN: GET /api/executions:list?appends%5B%5D=workflow.id&appends%5B%5D=workflow.title&pageSize=20&sort%5B%5D=-createdAt&filter=%7B%22key%22%3A%22yjra2xpuphw%22%7D","reqId":"897f21d4-19e8-453c-86d9-a6a07dce6ed7","timestamp":"2023-06-02T17:44:48.318Z"}
{"level":"info","message":"Current user id: 1","reqId":"897f21d4-19e8-453c-86d9-a6a07dce6ed7","timestamp":"2023-06-02T17:44:48.327Z"}
{"can":{"action":"list","resource":"executions","role":"root"},"level":"info","message":"ctx permission","reqId":"897f21d4-19e8-453c-86d9-a6a07dce6ed7","skip":true,"timestamp":"2023-06-02T17:44:48.334Z"}
{"level":"info","message":"acl params","reqId":"897f21d4-19e8-453c-86d9-a6a07dce6ed7","timestamp":"2023-06-02T17:44:48.335Z"}
{"level":"info","message":"acl parsedParams","reqId":"897f21d4-19e8-453c-86d9-a6a07dce6ed7","timestamp":"2023-06-02T17:44:48.335Z"}
{"level":"info","message":"END: GET /api/executions:list?appends%5B%5D=workflow.id&appends%5B%5D=workflow.title&pageSize=20&sort%5B%5D=-createdAt&filter=%7B%22key%22%3A%22yjra2xpuphw%22%7D","req":{"action":{"actionName":"list","params":{"actionName":"list","appends":["workflow.id","workflow.title"],"filter":{"key":"yjra2xpuphw"},"pageSize":"20","resourceName":"executions","sort":["-createdAt"]},"resourceName":"executions"},"header":{"x-hostname":"localhost","x-locale":"en-US","x-role":"root","x-timezone":"+5.5:00"}},"reqId":"897f21d4-19e8-453c-86d9-a6a07dce6ed7","res":{"status":200},"responseTime":34,"timestamp":"2023-06-02T17:44:48.352Z"}
{"level":"info","message":"BEGIN: GET /api/executions:get?appends%5B%5D=jobs&appends%5B%5D=workflow&appends%5B%5D=workflow.nodes&filter=%7B%22id%22%3A%2230%22%7D","reqId":"57692262-9f40-4518-a87b-76491345fc6f","timestamp":"2023-06-02T17:44:56.103Z"}
{"level":"info","message":"Current user id: 1","reqId":"57692262-9f40-4518-a87b-76491345fc6f","timestamp":"2023-06-02T17:44:56.109Z"}
{"can":{"action":"get","resource":"executions","role":"root"},"level":"info","message":"ctx permission","reqId":"57692262-9f40-4518-a87b-76491345fc6f","skip":true,"timestamp":"2023-06-02T17:44:56.113Z"}
{"level":"info","message":"acl params","reqId":"57692262-9f40-4518-a87b-76491345fc6f","timestamp":"2023-06-02T17:44:56.114Z"}
{"level":"info","message":"acl parsedParams","reqId":"57692262-9f40-4518-a87b-76491345fc6f","timestamp":"2023-06-02T17:44:56.114Z"}
{"level":"info","message":"END: GET /api/executions:get?appends%5B%5D=jobs&appends%5B%5D=workflow&appends%5B%5D=workflow.nodes&filter=%7B%22id%22%3A%2230%22%7D","req":{"action":{"actionName":"get","params":{"actionName":"get","appends":["jobs","workflow","workflow.nodes"],"filter":{"id":"30"},"resourceName":"executions"},"resourceName":"executions"},"header":{"x-hostname":"localhost","x-locale":"en-US","x-role":"root","x-timezone":"+5.5:00"}},"reqId":"57692262-9f40-4518-a87b-76491345fc6f","res":{"status":200},"responseTime":23,"timestamp":"2023-06-02T17:44:56.127Z"}
{"level":"info","message":"BEGIN: GET /api/workflows:list?pageSize=20&sort%5B%5D=-createdAt&except%5B%5D=config&filter=%7B%22current%22%3Atrue%7D","reqId":"e94d8e0b-3e82-4260-b0e9-16a37d529851","timestamp":"2023-06-02T17:45:03.536Z"}
{"level":"info","message":"Current user id: 1","reqId":"e94d8e0b-3e82-4260-b0e9-16a37d529851","timestamp":"2023-06-02T17:45:03.542Z"}
{"can":{"action":"list","resource":"workflows","role":"root"},"level":"info","message":"ctx permission","reqId":"e94d8e0b-3e82-4260-b0e9-16a37d529851","skip":true,"timestamp":"2023-06-02T17:45:03.547Z"}
{"level":"info","message":"acl params","reqId":"e94d8e0b-3e82-4260-b0e9-16a37d529851","timestamp":"2023-06-02T17:45:03.548Z"}
{"level":"info","message":"acl parsedParams","reqId":"e94d8e0b-3e82-4260-b0e9-16a37d529851","timestamp":"2023-06-02T17:45:03.549Z"}
{"level":"info","message":"END: GET /api/workflows:list?pageSize=20&sort%5B%5D=-createdAt&except%5B%5D=config&filter=%7B%22current%22%3Atrue%7D","req":{"action":{"actionName":"list","params":{"actionName":"list","except":["config"],"filter":{"current":true},"pageSize":"20","resourceName":"workflows","sort":["-createdAt"]},"resourceName":"workflows"},"header":{"x-hostname":"localhost","x-locale":"en-US","x-role":"root","x-timezone":"+5.5:00"}},"reqId":"e94d8e0b-3e82-4260-b0e9-16a37d529851","res":{"status":200},"responseTime":25,"timestamp":"2023-06-02T17:45:03.561Z"}
{"level":"info","message":"BEGIN: GET /api/workflows:get?appends%5B%5D=nodes&appends%5B%5D=revisions.id&appends%5B%5D=revisions.createdAt&appends%5B%5D=revisions.current&appends%5B%5D=revisions.executed&appends%5B%5D=revisions.enabled&filter=%7B%22id%22%3A%222%22%7D","reqId":"768afb50-b65c-4620-8cd5-fae216c3b447","timestamp":"2023-06-02T17:45:06.471Z"}
{"level":"info","message":"Current user id: 1","reqId":"768afb50-b65c-4620-8cd5-fae216c3b447","timestamp":"2023-06-02T17:45:06.479Z"}
{"can":{"action":"get","resource":"workflows","role":"root"},"level":"info","message":"ctx permission","reqId":"768afb50-b65c-4620-8cd5-fae216c3b447","skip":true,"timestamp":"2023-06-02T17:45:06.485Z"}
{"level":"info","message":"acl params","reqId":"768afb50-b65c-4620-8cd5-fae216c3b447","timestamp":"2023-06-02T17:45:06.486Z"}
{"level":"info","message":"acl parsedParams","reqId":"768afb50-b65c-4620-8cd5-fae216c3b447","timestamp":"2023-06-02T17:45:06.486Z"}
{"level":"info","message":"END: GET /api/workflows:get?appends%5B%5D=nodes&appends%5B%5D=revisions.id&appends%5B%5D=revisions.createdAt&appends%5B%5D=revisions.current&appends%5B%5D=revisions.executed&appends%5B%5D=revisions.enabled&filter=%7B%22id%22%3A%222%22%7D","req":{"action":{"actionName":"get","params":{"actionName":"get","appends":["nodes","revisions.id","revisions.createdAt","revisions.current","revisions.executed","revisions.enabled"],"filter":{"id":"2"},"resourceName":"workflows"},"resourceName":"workflows"},"header":{"x-hostname":"localhost","x-locale":"en-US","x-role":"root","x-timezone":"+5.5:00"}},"reqId":"768afb50-b65c-4620-8cd5-fae216c3b447","res":{"status":200},"responseTime":27,"timestamp":"2023-06-02T17:45:06.498Z"}
{"level":"info","message":"BEGIN: GET /api/workflows:list?pageSize=20&sort%5B%5D=-createdAt&except%5B%5D=config&filter=%7B%22current%22%3Atrue%7D","reqId":"abc56587-bfad-4ccf-affb-7ab82be662f9","timestamp":"2023-06-02T17:45:09.758Z"}
{"level":"info","message":"Current user id: 1","reqId":"abc56587-bfad-4ccf-affb-7ab82be662f9","timestamp":"2023-06-02T17:45:09.766Z"}
{"can":{"action":"list","resource":"workflows","role":"root"},"level":"info","message":"ctx permission","reqId":"abc56587-bfad-4ccf-affb-7ab82be662f9","skip":true,"timestamp":"2023-06-02T17:45:09.791Z"}
{"level":"info","message":"acl params","reqId":"abc56587-bfad-4ccf-affb-7ab82be662f9","timestamp":"2023-06-02T17:45:09.792Z"}
{"level":"info","message":"acl parsedParams","reqId":"abc56587-bfad-4ccf-affb-7ab82be662f9","timestamp":"2023-06-02T17:45:09.792Z"}
{"level":"info","message":"END: GET /api/workflows:list?pageSize=20&sort%5B%5D=-createdAt&except%5B%5D=config&filter=%7B%22current%22%3Atrue%7D","req":{"action":{"actionName":"list","params":{"actionName":"list","except":["config"],"filter":{"current":true},"pageSize":"20","resourceName":"workflows","sort":["-createdAt"]},"resourceName":"workflows"},"header":{"x-hostname":"localhost","x-locale":"en-US","x-role":"root","x-timezone":"+5.5:00"}},"reqId":"abc56587-bfad-4ccf-affb-7ab82be662f9","res":{"status":200},"responseTime":63,"timestamp":"2023-06-02T17:45:09.821Z"}
{"level":"info","message":"BEGIN: GET /api/collections:list?pageSize=50&sort%5B%5D=sort&appends%5B%5D=fields&appends%5B%5D=category&filter=%7B%22hidden%22%3A%7B%22%24isFalsy%22%3Atrue%7D%7D","reqId":"6b99990c-cda3-4cbb-be9c-969ae9d37e20","timestamp":"2023-06-02T17:45:12.944Z"}
{"level":"info","message":"Current user id: 1","reqId":"6b99990c-cda3-4cbb-be9c-969ae9d37e20","timestamp":"2023-06-02T17:45:12.962Z"}
{"can":{"action":"list","resource":"collections","role":"root"},"level":"info","message":"ctx permission","reqId":"6b99990c-cda3-4cbb-be9c-969ae9d37e20","skip":true,"timestamp":"2023-06-02T17:45:12.974Z"}
{"level":"info","message":"acl params","reqId":"6b99990c-cda3-4cbb-be9c-969ae9d37e20","timestamp":"2023-06-02T17:45:12.975Z"}
{"level":"info","message":"acl parsedParams","reqId":"6b99990c-cda3-4cbb-be9c-969ae9d37e20","timestamp":"2023-06-02T17:45:12.975Z"}
{"level":"info","message":"END: GET /api/collections:list?pageSize=50&sort%5B%5D=sort&appends%5B%5D=fields&appends%5B%5D=category&filter=%7B%22hidden%22%3A%7B%22%24isFalsy%22%3Atrue%7D%7D","req":{"action":{"actionName":"list","params":{"actionName":"list","appends":["fields","category"],"filter":{"hidden":{"$isFalsy":true}},"pageSize":"50","resourceName":"collections","sort":["sort"]},"resourceName":"collections"},"header":{"x-hostname":"localhost","x-locale":"en-US","x-role":"root","x-timezone":"+5.5:00"}},"reqId":"6b99990c-cda3-4cbb-be9c-969ae9d37e20","res":{"status":200},"responseTime":91,"timestamp":"2023-06-02T17:45:13.035Z"}
{"level":"info","message":"BEGIN: GET /api/uiSchemas:getProperties/x1meclgs8hv","reqId":"54372fb1-536e-40ff-b980-e5c90b66a0c3","timestamp":"2023-06-02T17:45:16.791Z"}
{"level":"info","message":"Current user id: 1","reqId":"54372fb1-536e-40ff-b980-e5c90b66a0c3","timestamp":"2023-06-02T17:45:16.801Z"}
{"can":{"action":"getProperties","resource":"uiSchemas","role":"root"},"level":"info","message":"ctx permission","reqId":"54372fb1-536e-40ff-b980-e5c90b66a0c3","skip":true,"timestamp":"2023-06-02T17:45:16.809Z"}
{"level":"info","message":"acl params","reqId":"54372fb1-536e-40ff-b980-e5c90b66a0c3","timestamp":"2023-06-02T17:45:16.810Z"}
{"level":"info","message":"acl parsedParams","reqId":"54372fb1-536e-40ff-b980-e5c90b66a0c3","timestamp":"2023-06-02T17:45:16.811Z"}
{"level":"info","message":"END: GET /api/uiSchemas:getProperties/x1meclgs8hv","req":{"action":{"actionName":"getProperties","params":{"actionName":"getProperties","filterByTk":"x1meclgs8hv","resourceIndex":"x1meclgs8hv","resourceName":"uiSchemas"},"resourceName":"uiSchemas"},"header":{"x-hostname":"localhost","x-locale":"en-US","x-role":"root","x-timezone":"+5.5:00"}},"reqId":"54372fb1-536e-40ff-b980-e5c90b66a0c3","res":{"status":200},"responseTime":38,"timestamp":"2023-06-02T17:45:16.829Z"}
{"level":"info","message":"BEGIN: GET /api/compliance:list?pageSize=20&appends%5B%5D=updatedBy&appends%5B%5D=createdBy","reqId":"6a547834-6b2c-4bcc-83ca-62a2882d5c66","timestamp":"2023-06-02T17:45:32.454Z"}
{"level":"info","message":"Current user id: 1","reqId":"6a547834-6b2c-4bcc-83ca-62a2882d5c66","timestamp":"2023-06-02T17:45:32.462Z"}
{"can":null,"level":"info","message":"ctx permission","reqId":"6a547834-6b2c-4bcc-83ca-62a2882d5c66","skip":true,"timestamp":"2023-06-02T17:45:32.466Z"}
{"level":"info","message":"acl params","reqId":"6a547834-6b2c-4bcc-83ca-62a2882d5c66","timestamp":"2023-06-02T17:45:32.467Z"}
{"level":"info","message":"acl parsedParams","reqId":"6a547834-6b2c-4bcc-83ca-62a2882d5c66","timestamp":"2023-06-02T17:45:32.467Z"}
{"level":"info","message":"END: GET /api/compliance:list?pageSize=20&appends%5B%5D=updatedBy&appends%5B%5D=createdBy","req":{"action":{"actionName":"list","params":{"actionName":"list","appends":["updatedBy","createdBy"],"pageSize":"20","resourceName":"compliance"},"resourceName":"compliance"},"header":{"x-hostname":"localhost","x-locale":"en-US","x-role":"root","x-timezone":"+5.5:00"}},"reqId":"6a547834-6b2c-4bcc-83ca-62a2882d5c66","res":{"status":200},"responseTime":29,"timestamp":"2023-06-02T17:45:32.483Z"}
{"level":"info","message":"BEGIN: GET /api/compliance:list?pageSize=20&appends%5B%5D=updatedBy&appends%5B%5D=createdBy","reqId":"b46e83b4-6035-4798-b960-764026b9d1cd","timestamp":"2023-06-02T17:45:36.968Z"}
{"level":"info","message":"Current user id: 1","reqId":"b46e83b4-6035-4798-b960-764026b9d1cd","timestamp":"2023-06-02T17:45:36.976Z"}
{"can":null,"level":"info","message":"ctx permission","reqId":"b46e83b4-6035-4798-b960-764026b9d1cd","skip":true,"timestamp":"2023-06-02T17:45:36.982Z"}
{"level":"info","message":"acl params","reqId":"b46e83b4-6035-4798-b960-764026b9d1cd","timestamp":"2023-06-02T17:45:36.983Z"}
{"level":"info","message":"acl parsedParams","reqId":"b46e83b4-6035-4798-b960-764026b9d1cd","timestamp":"2023-06-02T17:45:36.983Z"}
{"level":"info","message":"END: GET /api/compliance:list?pageSize=20&appends%5B%5D=updatedBy&appends%5B%5D=createdBy","req":{"action":{"actionName":"list","params":{"actionName":"list","appends":["updatedBy","createdBy"],"pageSize":"20","resourceName":"compliance"},"resourceName":"compliance"},"header":{"x-hostname":"localhost","x-locale":"en-US","x-role":"root","x-timezone":"+5.5:00"}},"reqId":"b46e83b4-6035-4798-b960-764026b9d1cd","res":{"status":200},"responseTime":25,"timestamp":"2023-06-02T17:45:36.993Z"}
{"level":"info","message":"BEGIN: GET /api/compliance:list?pageSize=20&appends%5B%5D=updatedBy&appends%5B%5D=createdBy&page=1&sort%5B%5D=id","reqId":"b3470191-31aa-48c1-a6fe-7454879f11e6","timestamp":"2023-06-02T17:45:38.977Z"}
{"level":"info","message":"Current user id: 1","reqId":"b3470191-31aa-48c1-a6fe-7454879f11e6","timestamp":"2023-06-02T17:45:38.987Z"}
{"can":null,"level":"info","message":"ctx permission","reqId":"b3470191-31aa-48c1-a6fe-7454879f11e6","skip":true,"timestamp":"2023-06-02T17:45:38.994Z"}
{"level":"info","message":"acl params","reqId":"b3470191-31aa-48c1-a6fe-7454879f11e6","timestamp":"2023-06-02T17:45:38.995Z"}
{"level":"info","message":"acl parsedParams","reqId":"b3470191-31aa-48c1-a6fe-7454879f11e6","timestamp":"2023-06-02T17:45:38.995Z"}
{"level":"info","message":"END: GET /api/compliance:list?pageSize=20&appends%5B%5D=updatedBy&appends%5B%5D=createdBy&page=1&sort%5B%5D=id","req":{"action":{"actionName":"list","params":{"actionName":"list","appends":["updatedBy","createdBy"],"page":"1","pageSize":"20","resourceName":"compliance","sort":["id"]},"resourceName":"compliance"},"header":{"x-hostname":"localhost","x-locale":"en-US","x-role":"root","x-timezone":"+5.5:00"}},"reqId":"b3470191-31aa-48c1-a6fe-7454879f11e6","res":{"status":200},"responseTime":36,"timestamp":"2023-06-02T17:45:39.013Z"}
{"level":"info","message":"BEGIN: GET /api/compliance:list?pageSize=20&appends%5B%5D=updatedBy&appends%5B%5D=createdBy&page=1&sort%5B%5D=-id","reqId":"7d18eb04-2b9f-47f4-ada6-e88abbeeeb9d","timestamp":"2023-06-02T17:45:42.123Z"}
{"level":"info","message":"Current user id: 1","reqId":"7d18eb04-2b9f-47f4-ada6-e88abbeeeb9d","timestamp":"2023-06-02T17:45:42.130Z"}
{"can":null,"level":"info","message":"ctx permission","reqId":"7d18eb04-2b9f-47f4-ada6-e88abbeeeb9d","skip":true,"timestamp":"2023-06-02T17:45:42.135Z"}
{"level":"info","message":"acl params","reqId":"7d18eb04-2b9f-47f4-ada6-e88abbeeeb9d","timestamp":"2023-06-02T17:45:42.136Z"}
{"level":"info","message":"acl parsedParams","reqId":"7d18eb04-2b9f-47f4-ada6-e88abbeeeb9d","timestamp":"2023-06-02T17:45:42.136Z"}
{"level":"info","message":"END: GET /api/compliance:list?pageSize=20&appends%5B%5D=updatedBy&appends%5B%5D=createdBy&page=1&sort%5B%5D=-id","req":{"action":{"actionName":"list","params":{"actionName":"list","appends":["updatedBy","createdBy"],"page":"1","pageSize":"20","resourceName":"compliance","sort":["-id"]},"resourceName":"compliance"},"header":{"x-hostname":"localhost","x-locale":"en-US","x-role":"root","x-timezone":"+5.5:00"}},"reqId":"7d18eb04-2b9f-47f4-ada6-e88abbeeeb9d","res":{"status":200},"responseTime":21,"timestamp":"2023-06-02T17:45:42.145Z"}
{"level":"info","message":"BEGIN: GET /api/compliance:list?pageSize=20&appends%5B%5D=updatedBy&appends%5B%5D=createdBy&page=1&sort%5B%5D=-id","reqId":"307ff3fb-df1a-4958-9b7d-09aa79afb969","timestamp":"2023-06-02T17:45:46.823Z"}
{"level":"info","message":"Current user id: 1","reqId":"307ff3fb-df1a-4958-9b7d-09aa79afb969","timestamp":"2023-06-02T17:45:46.832Z"}
{"can":null,"level":"info","message":"ctx permission","reqId":"307ff3fb-df1a-4958-9b7d-09aa79afb969","skip":true,"timestamp":"2023-06-02T17:45:46.837Z"}
{"level":"info","message":"acl params","reqId":"307ff3fb-df1a-4958-9b7d-09aa79afb969","timestamp":"2023-06-02T17:45:46.839Z"}
{"level":"info","message":"acl parsedParams","reqId":"307ff3fb-df1a-4958-9b7d-09aa79afb969","timestamp":"2023-06-02T17:45:46.839Z"}
{"level":"info","message":"END: GET /api/compliance:list?pageSize=20&appends%5B%5D=updatedBy&appends%5B%5D=createdBy&page=1&sort%5B%5D=-id","req":{"action":{"actionName":"list","params":{"actionName":"list","appends":["updatedBy","createdBy"],"page":"1","pageSize":"20","resourceName":"compliance","sort":["-id"]},"resourceName":"compliance"},"header":{"x-hostname":"localhost","x-locale":"en-US","x-role":"root","x-timezone":"+5.5:00"}},"reqId":"307ff3fb-df1a-4958-9b7d-09aa79afb969","res":{"status":200},"responseTime":28,"timestamp":"2023-06-02T17:45:46.850Z"}
{"level":"info","message":"BEGIN: GET /api/compliance:list?pageSize=20&appends%5B%5D=updatedBy&appends%5B%5D=createdBy&page=1&sort%5B%5D=-id","reqId":"3fcb6c3c-4175-44fe-a99c-245a2d4089e7","timestamp":"2023-06-02T17:45:48.055Z"}
{"level":"info","message":"Current user id: 1","reqId":"3fcb6c3c-4175-44fe-a99c-245a2d4089e7","timestamp":"2023-06-02T17:45:48.066Z"}
{"can":null,"level":"info","message":"ctx permission","reqId":"3fcb6c3c-4175-44fe-a99c-245a2d4089e7","skip":true,"timestamp":"2023-06-02T17:45:48.071Z"}
{"level":"info","message":"acl params","reqId":"3fcb6c3c-4175-44fe-a99c-245a2d4089e7","timestamp":"2023-06-02T17:45:48.071Z"}
{"level":"info","message":"acl parsedParams","reqId":"3fcb6c3c-4175-44fe-a99c-245a2d4089e7","timestamp":"2023-06-02T17:45:48.072Z"}
{"level":"info","message":"END: GET /api/compliance:list?pageSize=20&appends%5B%5D=updatedBy&appends%5B%5D=createdBy&page=1&sort%5B%5D=-id","req":{"action":{"actionName":"list","params":{"actionName":"list","appends":["updatedBy","createdBy"],"page":"1","pageSize":"20","resourceName":"compliance","sort":["-id"]},"resourceName":"compliance"},"header":{"x-hostname":"localhost","x-locale":"en-US","x-role":"root","x-timezone":"+5.5:00"}},"reqId":"3fcb6c3c-4175-44fe-a99c-245a2d4089e7","res":{"status":200},"responseTime":33,"timestamp":"2023-06-02T17:45:48.087Z"}
{"level":"info","message":"BEGIN: GET /api/workflows:list?pageSize=20&sort%5B%5D=-createdAt&except%5B%5D=config&filter=%7B%22current%22%3Atrue%7D","reqId":"0f096fdd-146c-4f8d-bd01-b398d8ebd104","timestamp":"2023-06-02T17:54:40.578Z"}
{"level":"info","message":"Current user id: 1","reqId":"0f096fdd-146c-4f8d-bd01-b398d8ebd104","timestamp":"2023-06-02T17:54:40.590Z"}
{"can":{"action":"list","resource":"workflows","role":"root"},"level":"info","message":"ctx permission","reqId":"0f096fdd-146c-4f8d-bd01-b398d8ebd104","skip":true,"timestamp":"2023-06-02T17:54:40.597Z"}
{"level":"info","message":"acl params","reqId":"0f096fdd-146c-4f8d-bd01-b398d8ebd104","timestamp":"2023-06-02T17:54:40.598Z"}
{"level":"info","message":"acl parsedParams","reqId":"0f096fdd-146c-4f8d-bd01-b398d8ebd104","timestamp":"2023-06-02T17:54:40.598Z"}
{"level":"info","message":"END: GET /api/workflows:list?pageSize=20&sort%5B%5D=-createdAt&except%5B%5D=config&filter=%7B%22current%22%3Atrue%7D","req":{"action":{"actionName":"list","params":{"actionName":"list","except":["config"],"filter":{"current":true},"pageSize":"20","resourceName":"workflows","sort":["-createdAt"]},"resourceName":"workflows"},"header":{"x-hostname":"localhost","x-locale":"en-US","x-role":"root","x-timezone":"+5.5:00"}},"reqId":"0f096fdd-146c-4f8d-bd01-b398d8ebd104","res":{"status":200},"responseTime":33,"timestamp":"2023-06-02T17:54:40.611Z"}
{"level":"info","message":"BEGIN: GET /api/executions:list?appends%5B%5D=workflow.id&appends%5B%5D=workflow.title&pageSize=20&sort%5B%5D=-createdAt&filter=%7B%22key%22%3A%22yjra2xpuphw%22%7D","reqId":"cebb5766-b439-4786-bf71-00a29684c267","timestamp":"2023-06-02T17:54:41.861Z"}
{"level":"info","message":"Current user id: 1","reqId":"cebb5766-b439-4786-bf71-00a29684c267","timestamp":"2023-06-02T17:54:41.870Z"}
{"can":{"action":"list","resource":"executions","role":"root"},"level":"info","message":"ctx permission","reqId":"cebb5766-b439-4786-bf71-00a29684c267","skip":true,"timestamp":"2023-06-02T17:54:41.875Z"}
{"level":"info","message":"acl params","reqId":"cebb5766-b439-4786-bf71-00a29684c267","timestamp":"2023-06-02T17:54:41.876Z"}
{"level":"info","message":"acl parsedParams","reqId":"cebb5766-b439-4786-bf71-00a29684c267","timestamp":"2023-06-02T17:54:41.876Z"}
{"level":"info","message":"END: GET /api/executions:list?appends%5B%5D=workflow.id&appends%5B%5D=workflow.title&pageSize=20&sort%5B%5D=-createdAt&filter=%7B%22key%22%3A%22yjra2xpuphw%22%7D","req":{"action":{"actionName":"list","params":{"actionName":"list","appends":["workflow.id","workflow.title"],"filter":{"key":"yjra2xpuphw"},"pageSize":"20","resourceName":"executions","sort":["-createdAt"]},"resourceName":"executions"},"header":{"x-hostname":"localhost","x-locale":"en-US","x-role":"root","x-timezone":"+5.5:00"}},"reqId":"cebb5766-b439-4786-bf71-00a29684c267","res":{"status":200},"responseTime":31,"timestamp":"2023-06-02T17:54:41.892Z"}
{"level":"info","message":"BEGIN: GET /api/executions:get?appends%5B%5D=jobs&appends%5B%5D=workflow&appends%5B%5D=workflow.nodes&filter=%7B%22id%22%3A%2230%22%7D","reqId":"ba4f6ac9-e9a6-47cf-aa67-37619c807333","timestamp":"2023-06-02T17:54:52.661Z"}
{"level":"info","message":"Current user id: 1","reqId":"ba4f6ac9-e9a6-47cf-aa67-37619c807333","timestamp":"2023-06-02T17:54:52.670Z"}
{"can":{"action":"get","resource":"executions","role":"root"},"level":"info","message":"ctx permission","reqId":"ba4f6ac9-e9a6-47cf-aa67-37619c807333","skip":true,"timestamp":"2023-06-02T17:54:52.677Z"}
{"level":"info","message":"acl params","reqId":"ba4f6ac9-e9a6-47cf-aa67-37619c807333","timestamp":"2023-06-02T17:54:52.678Z"}
{"level":"info","message":"acl parsedParams","reqId":"ba4f6ac9-e9a6-47cf-aa67-37619c807333","timestamp":"2023-06-02T17:54:52.678Z"}
{"level":"info","message":"END: GET /api/executions:get?appends%5B%5D=jobs&appends%5B%5D=workflow&appends%5B%5D=workflow.nodes&filter=%7B%22id%22%3A%2230%22%7D","req":{"action":{"actionName":"get","params":{"actionName":"get","appends":["jobs","workflow","workflow.nodes"],"filter":{"id":"30"},"resourceName":"executions"},"resourceName":"executions"},"header":{"x-hostname":"localhost","x-locale":"en-US","x-role":"root","x-timezone":"+5.5:00"}},"reqId":"ba4f6ac9-e9a6-47cf-aa67-37619c807333","res":{"status":200},"responseTime":37,"timestamp":"2023-06-02T17:54:52.698Z"}
{"level":"info","message":"BEGIN: GET /api/uiSchemas:getProperties/x1meclgs8hv","reqId":"874372b8-9e6f-4e42-82cf-b8d2e4d8d24f","timestamp":"2023-06-02T17:56:06.006Z"}
{"level":"info","message":"Current user id: 1","reqId":"874372b8-9e6f-4e42-82cf-b8d2e4d8d24f","timestamp":"2023-06-02T17:56:06.014Z"}
{"can":{"action":"getProperties","resource":"uiSchemas","role":"root"},"level":"info","message":"ctx permission","reqId":"874372b8-9e6f-4e42-82cf-b8d2e4d8d24f","skip":true,"timestamp":"2023-06-02T17:56:06.019Z"}
{"level":"info","message":"acl params","reqId":"874372b8-9e6f-4e42-82cf-b8d2e4d8d24f","timestamp":"2023-06-02T17:56:06.019Z"}
{"level":"info","message":"acl parsedParams","reqId":"874372b8-9e6f-4e42-82cf-b8d2e4d8d24f","timestamp":"2023-06-02T17:56:06.020Z"}
{"level":"info","message":"END: GET /api/uiSchemas:getProperties/x1meclgs8hv","req":{"action":{"actionName":"getProperties","params":{"actionName":"getProperties","filterByTk":"x1meclgs8hv","resourceIndex":"x1meclgs8hv","resourceName":"uiSchemas"},"resourceName":"uiSchemas"},"header":{"x-hostname":"localhost","x-locale":"en-US","x-role":"root","x-timezone":"+5.5:00"}},"reqId":"874372b8-9e6f-4e42-82cf-b8d2e4d8d24f","res":{"status":200},"responseTime":15,"timestamp":"2023-06-02T17:56:06.021Z"}
{"level":"info","message":"BEGIN: GET /api/compliance:list?pageSize=20&appends%5B%5D=updatedBy&appends%5B%5D=createdBy","reqId":"2db09c5b-1b9a-46aa-b74c-606ee62254c1","timestamp":"2023-06-02T17:56:12.261Z"}
{"level":"info","message":"Current user id: 1","reqId":"2db09c5b-1b9a-46aa-b74c-606ee62254c1","timestamp":"2023-06-02T17:56:12.271Z"}
{"can":null,"level":"info","message":"ctx permission","reqId":"2db09c5b-1b9a-46aa-b74c-606ee62254c1","skip":true,"timestamp":"2023-06-02T17:56:12.278Z"}
{"level":"info","message":"acl params","reqId":"2db09c5b-1b9a-46aa-b74c-606ee62254c1","timestamp":"2023-06-02T17:56:12.279Z"}
{"level":"info","message":"acl parsedParams","reqId":"2db09c5b-1b9a-46aa-b74c-606ee62254c1","timestamp":"2023-06-02T17:56:12.279Z"}
{"level":"info","message":"END: GET /api/compliance:list?pageSize=20&appends%5B%5D=updatedBy&appends%5B%5D=createdBy","req":{"action":{"actionName":"list","params":{"actionName":"list","appends":["updatedBy","createdBy"],"pageSize":"20","resourceName":"compliance"},"resourceName":"compliance"},"header":{"x-hostname":"localhost","x-locale":"en-US","x-role":"root","x-timezone":"+5.5:00"}},"reqId":"2db09c5b-1b9a-46aa-b74c-606ee62254c1","res":{"status":200},"responseTime":51,"timestamp":"2023-06-02T17:56:12.312Z"}
{"level":"info","message":"BEGIN: GET /api/compliance:list?pageSize=20&appends%5B%5D=updatedBy&appends%5B%5D=createdBy&page=2","reqId":"15ed26fe-33f1-4b07-ab69-53d1d8b1c2d1","timestamp":"2023-06-02T17:56:18.386Z"}
{"level":"info","message":"Current user id: 1","reqId":"15ed26fe-33f1-4b07-ab69-53d1d8b1c2d1","timestamp":"2023-06-02T17:56:18.395Z"}
{"can":null,"level":"info","message":"ctx permission","reqId":"15ed26fe-33f1-4b07-ab69-53d1d8b1c2d1","skip":true,"timestamp":"2023-06-02T17:56:18.402Z"}
{"level":"info","message":"acl params","reqId":"15ed26fe-33f1-4b07-ab69-53d1d8b1c2d1","timestamp":"2023-06-02T17:56:18.403Z"}
{"level":"info","message":"acl parsedParams","reqId":"15ed26fe-33f1-4b07-ab69-53d1d8b1c2d1","timestamp":"2023-06-02T17:56:18.403Z"}
{"level":"info","message":"END: GET /api/compliance:list?pageSize=20&appends%5B%5D=updatedBy&appends%5B%5D=createdBy&page=2","req":{"action":{"actionName":"list","params":{"actionName":"list","appends":["updatedBy","createdBy"],"page":"2","pageSize":"20","resourceName":"compliance"},"resourceName":"compliance"},"header":{"x-hostname":"localhost","x-locale":"en-US","x-role":"root","x-timezone":"+5.5:00"}},"reqId":"15ed26fe-33f1-4b07-ab69-53d1d8b1c2d1","res":{"status":200},"responseTime":32,"timestamp":"2023-06-02T17:56:18.418Z"}
{"level":"info","message":"BEGIN: POST /api/compliance:create","reqId":"b9f2cf6b-df04-4f0c-b0b8-05138a6c1bb9","timestamp":"2023-06-02T17:56:27.424Z"}
{"level":"info","message":"Current user id: 1","reqId":"b9f2cf6b-df04-4f0c-b0b8-05138a6c1bb9","timestamp":"2023-06-02T17:56:27.433Z"}
{"can":null,"level":"info","message":"ctx permission","reqId":"b9f2cf6b-df04-4f0c-b0b8-05138a6c1bb9","skip":true,"timestamp":"2023-06-02T17:56:27.439Z"}
{"level":"info","message":"acl params","reqId":"b9f2cf6b-df04-4f0c-b0b8-05138a6c1bb9","timestamp":"2023-06-02T17:56:27.439Z"}
{"level":"info","message":"acl parsedParams","reqId":"b9f2cf6b-df04-4f0c-b0b8-05138a6c1bb9","timestamp":"2023-06-02T17:56:27.440Z"}
{"level":"info","message":"END: POST /api/compliance:create","req":{"action":{"actionName":"create","params":{"actionName":"create","resourceName":"compliance","values":{"input_regulations":"TRADER RECIEVED AN AMOUNT OF $20,000 FROM AN UNREGISTERED ORGANIZATION"}},"resourceName":"compliance"},"header":{"x-hostname":"localhost","x-locale":"en-US","x-role":"root","x-timezone":"+5.5:00"}},"reqId":"b9f2cf6b-df04-4f0c-b0b8-05138a6c1bb9","res":{"status":200},"responseTime":36,"timestamp":"2023-06-02T17:56:27.460Z"}
{"level":"info","message":"[Workflow] request (#2) sent to \"http://192.168.0.198:5000/webhook\", waiting for response...","timestamp":"2023-06-02T17:56:27.501Z"}
{"level":"info","message":"BEGIN: GET /api/compliance:list?pageSize=20&appends%5B%5D=updatedBy&appends%5B%5D=createdBy","reqId":"96c03e83-78f0-4aa8-bd8f-61e63dc56fd5","timestamp":"2023-06-02T17:56:29.852Z"}
{"level":"info","message":"Current user id: 1","reqId":"96c03e83-78f0-4aa8-bd8f-61e63dc56fd5","timestamp":"2023-06-02T17:56:29.859Z"}
{"can":null,"level":"info","message":"ctx permission","reqId":"96c03e83-78f0-4aa8-bd8f-61e63dc56fd5","skip":true,"timestamp":"2023-06-02T17:56:29.865Z"}
{"level":"info","message":"acl params","reqId":"96c03e83-78f0-4aa8-bd8f-61e63dc56fd5","timestamp":"2023-06-02T17:56:29.866Z"}
{"level":"info","message":"acl parsedParams","reqId":"96c03e83-78f0-4aa8-bd8f-61e63dc56fd5","timestamp":"2023-06-02T17:56:29.867Z"}
{"level":"info","message":"END: GET /api/compliance:list?pageSize=20&appends%5B%5D=updatedBy&appends%5B%5D=createdBy","req":{"action":{"actionName":"list","params":{"actionName":"list","appends":["updatedBy","createdBy"],"pageSize":"20","resourceName":"compliance"},"resourceName":"compliance"},"header":{"x-hostname":"localhost","x-locale":"en-US","x-role":"root","x-timezone":"+5.5:00"}},"reqId":"96c03e83-78f0-4aa8-bd8f-61e63dc56fd5","res":{"status":200},"responseTime":26,"timestamp":"2023-06-02T17:56:29.878Z"}
{"level":"info","message":"BEGIN: GET /api/compliance:list?pageSize=20&appends%5B%5D=updatedBy&appends%5B%5D=createdBy&page=1&sort%5B%5D=id","reqId":"04a70671-0289-4314-875c-25f41ba80a0a","timestamp":"2023-06-02T17:56:31.943Z"}
{"level":"info","message":"Current user id: 1","reqId":"04a70671-0289-4314-875c-25f41ba80a0a","timestamp":"2023-06-02T17:56:31.951Z"}
{"can":null,"level":"info","message":"ctx permission","reqId":"04a70671-0289-4314-875c-25f41ba80a0a","skip":true,"timestamp":"2023-06-02T17:56:31.955Z"}
{"level":"info","message":"acl params","reqId":"04a70671-0289-4314-875c-25f41ba80a0a","timestamp":"2023-06-02T17:56:31.956Z"}
{"level":"info","message":"acl parsedParams","reqId":"04a70671-0289-4314-875c-25f41ba80a0a","timestamp":"2023-06-02T17:56:31.956Z"}
{"level":"info","message":"END: GET /api/compliance:list?pageSize=20&appends%5B%5D=updatedBy&appends%5B%5D=createdBy&page=1&sort%5B%5D=id","req":{"action":{"actionName":"list","params":{"actionName":"list","appends":["updatedBy","createdBy"],"page":"1","pageSize":"20","resourceName":"compliance","sort":["id"]},"resourceName":"compliance"},"header":{"x-hostname":"localhost","x-locale":"en-US","x-role":"root","x-timezone":"+5.5:00"}},"reqId":"04a70671-0289-4314-875c-25f41ba80a0a","res":{"status":200},"responseTime":25,"timestamp":"2023-06-02T17:56:31.968Z"}
{"level":"info","message":"[Workflow] request (#2) response received, status: -1","timestamp":"2023-06-02T17:56:32.514Z"}
{"level":"info","message":"BEGIN: GET /api/compliance:list?pageSize=20&appends%5B%5D=updatedBy&appends%5B%5D=createdBy&page=1&sort%5B%5D=-id","reqId":"59aad25f-c94c-415b-a229-d4d275a0dea2","timestamp":"2023-06-02T17:56:33.854Z"}
{"level":"info","message":"Current user id: 1","reqId":"59aad25f-c94c-415b-a229-d4d275a0dea2","timestamp":"2023-06-02T17:56:33.861Z"}
{"can":null,"level":"info","message":"ctx permission","reqId":"59aad25f-c94c-415b-a229-d4d275a0dea2","skip":true,"timestamp":"2023-06-02T17:56:33.867Z"}
{"level":"info","message":"acl params","reqId":"59aad25f-c94c-415b-a229-d4d275a0dea2","timestamp":"2023-06-02T17:56:33.868Z"}
{"level":"info","message":"acl parsedParams","reqId":"59aad25f-c94c-415b-a229-d4d275a0dea2","timestamp":"2023-06-02T17:56:33.868Z"}
{"level":"info","message":"END: GET /api/compliance:list?pageSize=20&appends%5B%5D=updatedBy&appends%5B%5D=createdBy&page=1&sort%5B%5D=-id","req":{"action":{"actionName":"list","params":{"actionName":"list","appends":["updatedBy","createdBy"],"page":"1","pageSize":"20","resourceName":"compliance","sort":["-id"]},"resourceName":"compliance"},"header":{"x-hostname":"localhost","x-locale":"en-US","x-role":"root","x-timezone":"+5.5:00"}},"reqId":"59aad25f-c94c-415b-a229-d4d275a0dea2","res":{"status":200},"responseTime":27,"timestamp":"2023-06-02T17:56:33.881Z"}
{"level":"info","message":"BEGIN: GET /api/workflows:list?pageSize=20&sort%5B%5D=-createdAt&except%5B%5D=config&filter=%7B%22current%22%3Atrue%7D","reqId":"f21993c8-ee70-4435-ab70-16673378f30f","timestamp":"2023-06-02T17:57:07.930Z"}
{"level":"info","message":"Current user id: 1","reqId":"f21993c8-ee70-4435-ab70-16673378f30f","timestamp":"2023-06-02T17:57:07.937Z"}
{"can":{"action":"list","resource":"workflows","role":"root"},"level":"info","message":"ctx permission","reqId":"f21993c8-ee70-4435-ab70-16673378f30f","skip":true,"timestamp":"2023-06-02T17:57:07.941Z"}
{"level":"info","message":"acl params","reqId":"f21993c8-ee70-4435-ab70-16673378f30f","timestamp":"2023-06-02T17:57:07.942Z"}
{"level":"info","message":"acl parsedParams","reqId":"f21993c8-ee70-4435-ab70-16673378f30f","timestamp":"2023-06-02T17:57:07.942Z"}
{"level":"info","message":"END: GET /api/workflows:list?pageSize=20&sort%5B%5D=-createdAt&except%5B%5D=config&filter=%7B%22current%22%3Atrue%7D","req":{"action":{"actionName":"list","params":{"actionName":"list","except":["config"],"filter":{"current":true},"pageSize":"20","resourceName":"workflows","sort":["-createdAt"]},"resourceName":"workflows"},"header":{"x-hostname":"localhost","x-locale":"en-US","x-role":"root","x-timezone":"+5.5:00"}},"reqId":"f21993c8-ee70-4435-ab70-16673378f30f","res":{"status":200},"responseTime":26,"timestamp":"2023-06-02T17:57:07.956Z"}
{"level":"info","message":"BEGIN: GET /api/workflows:get?appends%5B%5D=nodes&appends%5B%5D=revisions.id&appends%5B%5D=revisions.createdAt&appends%5B%5D=revisions.current&appends%5B%5D=revisions.executed&appends%5B%5D=revisions.enabled&filter=%7B%22id%22%3A%222%22%7D","reqId":"54cc3117-448c-4fa3-98d1-631d0f0bad1b","timestamp":"2023-06-02T17:57:10.243Z"}
{"level":"info","message":"Current user id: 1","reqId":"54cc3117-448c-4fa3-98d1-631d0f0bad1b","timestamp":"2023-06-02T17:57:10.252Z"}
{"can":{"action":"get","resource":"workflows","role":"root"},"level":"info","message":"ctx permission","reqId":"54cc3117-448c-4fa3-98d1-631d0f0bad1b","skip":true,"timestamp":"2023-06-02T17:57:10.258Z"}
{"level":"info","message":"acl params","reqId":"54cc3117-448c-4fa3-98d1-631d0f0bad1b","timestamp":"2023-06-02T17:57:10.258Z"}
{"level":"info","message":"acl parsedParams","reqId":"54cc3117-448c-4fa3-98d1-631d0f0bad1b","timestamp":"2023-06-02T17:57:10.259Z"}
{"level":"info","message":"END: GET /api/workflows:get?appends%5B%5D=nodes&appends%5B%5D=revisions.id&appends%5B%5D=revisions.createdAt&appends%5B%5D=revisions.current&appends%5B%5D=revisions.executed&appends%5B%5D=revisions.enabled&filter=%7B%22id%22%3A%222%22%7D","req":{"action":{"actionName":"get","params":{"actionName":"get","appends":["nodes","revisions.id","revisions.createdAt","revisions.current","revisions.executed","revisions.enabled"],"filter":{"id":"2"},"resourceName":"workflows"},"resourceName":"workflows"},"header":{"x-hostname":"localhost","x-locale":"en-US","x-role":"root","x-timezone":"+5.5:00"}},"reqId":"54cc3117-448c-4fa3-98d1-631d0f0bad1b","res":{"status":200},"responseTime":31,"timestamp":"2023-06-02T17:57:10.275Z"}
{"level":"info","message":"BEGIN: GET /api/uiSchemas:getProperties/x1meclgs8hv","reqId":"dd2b56a8-b4ab-448a-9d75-cac49ff3996a","timestamp":"2023-06-02T17:57:35.933Z"}
{"level":"info","message":"Current user id: 1","reqId":"dd2b56a8-b4ab-448a-9d75-cac49ff3996a","timestamp":"2023-06-02T17:57:35.941Z"}
{"can":{"action":"getProperties","resource":"uiSchemas","role":"root"},"level":"info","message":"ctx permission","reqId":"dd2b56a8-b4ab-448a-9d75-cac49ff3996a","skip":true,"timestamp":"2023-06-02T17:57:35.947Z"}
{"level":"info","message":"acl params","reqId":"dd2b56a8-b4ab-448a-9d75-cac49ff3996a","timestamp":"2023-06-02T17:57:35.948Z"}
{"level":"info","message":"acl parsedParams","reqId":"dd2b56a8-b4ab-448a-9d75-cac49ff3996a","timestamp":"2023-06-02T17:57:35.948Z"}
{"level":"info","message":"END: GET /api/uiSchemas:getProperties/x1meclgs8hv","req":{"action":{"actionName":"getProperties","params":{"actionName":"getProperties","filterByTk":"x1meclgs8hv","resourceIndex":"x1meclgs8hv","resourceName":"uiSchemas"},"resourceName":"uiSchemas"},"header":{"x-hostname":"localhost","x-locale":"en-US","x-role":"root","x-timezone":"+5.5:00"}},"reqId":"dd2b56a8-b4ab-448a-9d75-cac49ff3996a","res":{"status":200},"responseTime":16,"timestamp":"2023-06-02T17:57:35.949Z"}
{"level":"info","message":"BEGIN: GET /api/workflows:list?pageSize=20&sort%5B%5D=-createdAt&except%5B%5D=config&filter=%7B%22current%22%3Atrue%7D","reqId":"b636b3b6-817d-4dc8-9f9d-01db4ba0215e","timestamp":"2023-06-02T17:57:40.275Z"}
{"level":"info","message":"Current user id: 1","reqId":"b636b3b6-817d-4dc8-9f9d-01db4ba0215e","timestamp":"2023-06-02T17:57:40.285Z"}
{"can":{"action":"list","resource":"workflows","role":"root"},"level":"info","message":"ctx permission","reqId":"b636b3b6-817d-4dc8-9f9d-01db4ba0215e","skip":true,"timestamp":"2023-06-02T17:57:40.292Z"}
{"level":"info","message":"acl params","reqId":"b636b3b6-817d-4dc8-9f9d-01db4ba0215e","timestamp":"2023-06-02T17:57:40.293Z"}
{"level":"info","message":"acl parsedParams","reqId":"b636b3b6-817d-4dc8-9f9d-01db4ba0215e","timestamp":"2023-06-02T17:57:40.294Z"}
{"level":"info","message":"END: GET /api/workflows:list?pageSize=20&sort%5B%5D=-createdAt&except%5B%5D=config&filter=%7B%22current%22%3Atrue%7D","req":{"action":{"actionName":"list","params":{"actionName":"list","except":["config"],"filter":{"current":true},"pageSize":"20","resourceName":"workflows","sort":["-createdAt"]},"resourceName":"workflows"},"header":{"x-hostname":"localhost","x-locale":"en-US","x-role":"root","x-timezone":"+5.5:00"}},"reqId":"b636b3b6-817d-4dc8-9f9d-01db4ba0215e","res":{"status":200},"responseTime":30,"timestamp":"2023-06-02T17:57:40.305Z"}
{"level":"info","message":"BEGIN: GET /api/executions:list?appends%5B%5D=workflow.id&appends%5B%5D=workflow.title&pageSize=20&sort%5B%5D=-createdAt&filter=%7B%22key%22%3A%22yjra2xpuphw%22%7D","reqId":"36cee02b-ad52-4f04-9a64-547769efe7c9","timestamp":"2023-06-02T17:57:42.086Z"}
{"level":"info","message":"Current user id: 1","reqId":"36cee02b-ad52-4f04-9a64-547769efe7c9","timestamp":"2023-06-02T17:57:42.098Z"}
{"can":{"action":"list","resource":"executions","role":"root"},"level":"info","message":"ctx permission","reqId":"36cee02b-ad52-4f04-9a64-547769efe7c9","skip":true,"timestamp":"2023-06-02T17:57:42.103Z"}
{"level":"info","message":"acl params","reqId":"36cee02b-ad52-4f04-9a64-547769efe7c9","timestamp":"2023-06-02T17:57:42.104Z"}
{"level":"info","message":"acl parsedParams","reqId":"36cee02b-ad52-4f04-9a64-547769efe7c9","timestamp":"2023-06-02T17:57:42.104Z"}
{"level":"info","message":"END: GET /api/executions:list?appends%5B%5D=workflow.id&appends%5B%5D=workflow.title&pageSize=20&sort%5B%5D=-createdAt&filter=%7B%22key%22%3A%22yjra2xpuphw%22%7D","req":{"action":{"actionName":"list","params":{"actionName":"list","appends":["workflow.id","workflow.title"],"filter":{"key":"yjra2xpuphw"},"pageSize":"20","resourceName":"executions","sort":["-createdAt"]},"resourceName":"executions"},"header":{"x-hostname":"localhost","x-locale":"en-US","x-role":"root","x-timezone":"+5.5:00"}},"reqId":"36cee02b-ad52-4f04-9a64-547769efe7c9","res":{"status":200},"responseTime":36,"timestamp":"2023-06-02T17:57:42.122Z"}
{"level":"info","message":"BEGIN: GET /api/executions:get?appends%5B%5D=jobs&appends%5B%5D=workflow&appends%5B%5D=workflow.nodes&filter=%7B%22id%22%3A%2220%22%7D","reqId":"2520d3db-68fb-4cbe-89ed-0feb306f591c","timestamp":"2023-06-02T17:57:46.773Z"}
{"level":"info","message":"Current user id: 1","reqId":"2520d3db-68fb-4cbe-89ed-0feb306f591c","timestamp":"2023-06-02T17:57:46.781Z"}
{"can":{"action":"get","resource":"executions","role":"root"},"level":"info","message":"ctx permission","reqId":"2520d3db-68fb-4cbe-89ed-0feb306f591c","skip":true,"timestamp":"2023-06-02T17:57:46.786Z"}
{"level":"info","message":"acl params","reqId":"2520d3db-68fb-4cbe-89ed-0feb306f591c","timestamp":"2023-06-02T17:57:46.787Z"}
{"level":"info","message":"acl parsedParams","reqId":"2520d3db-68fb-4cbe-89ed-0feb306f591c","timestamp":"2023-06-02T17:57:46.787Z"}
{"level":"info","message":"END: GET /api/executions:get?appends%5B%5D=jobs&appends%5B%5D=workflow&appends%5B%5D=workflow.nodes&filter=%7B%22id%22%3A%2220%22%7D","req":{"action":{"actionName":"get","params":{"actionName":"get","appends":["jobs","workflow","workflow.nodes"],"filter":{"id":"20"},"resourceName":"executions"},"resourceName":"executions"},"header":{"x-hostname":"localhost","x-locale":"en-US","x-role":"root","x-timezone":"+5.5:00"}},"reqId":"2520d3db-68fb-4cbe-89ed-0feb306f591c","res":{"status":200},"responseTime":25,"timestamp":"2023-06-02T17:57:46.798Z"}
{"level":"info","message":"BEGIN: GET /api/workflows:list?pageSize=20&sort%5B%5D=-createdAt&except%5B%5D=config&filter=%7B%22current%22%3Atrue%7D","reqId":"6272f63f-c96b-4a20-9759-a3dea458aa21","timestamp":"2023-06-02T17:57:59.426Z"}
{"level":"info","message":"Current user id: 1","reqId":"6272f63f-c96b-4a20-9759-a3dea458aa21","timestamp":"2023-06-02T17:57:59.433Z"}
{"can":{"action":"list","resource":"workflows","role":"root"},"level":"info","message":"ctx permission","reqId":"6272f63f-c96b-4a20-9759-a3dea458aa21","skip":true,"timestamp":"2023-06-02T17:57:59.437Z"}
{"level":"info","message":"acl params","reqId":"6272f63f-c96b-4a20-9759-a3dea458aa21","timestamp":"2023-06-02T17:57:59.438Z"}
{"level":"info","message":"acl parsedParams","reqId":"6272f63f-c96b-4a20-9759-a3dea458aa21","timestamp":"2023-06-02T17:57:59.438Z"}
{"level":"info","message":"END: GET /api/workflows:list?pageSize=20&sort%5B%5D=-createdAt&except%5B%5D=config&filter=%7B%22current%22%3Atrue%7D","req":{"action":{"actionName":"list","params":{"actionName":"list","except":["config"],"filter":{"current":true},"pageSize":"20","resourceName":"workflows","sort":["-createdAt"]},"resourceName":"workflows"},"header":{"x-hostname":"localhost","x-locale":"en-US","x-role":"root","x-timezone":"+5.5:00"}},"reqId":"6272f63f-c96b-4a20-9759-a3dea458aa21","res":{"status":200},"responseTime":26,"timestamp":"2023-06-02T17:57:59.452Z"}
{"level":"info","message":"BEGIN: GET /api/executions:list?appends%5B%5D=workflow.id&appends%5B%5D=workflow.title&pageSize=20&sort%5B%5D=-createdAt&filter=%7B%22key%22%3A%22yjra2xpuphw%22%7D","reqId":"73df7fb6-48a0-4de6-a1ce-3e8eec7797ce","timestamp":"2023-06-02T17:58:01.618Z"}
{"level":"info","message":"Current user id: 1","reqId":"73df7fb6-48a0-4de6-a1ce-3e8eec7797ce","timestamp":"2023-06-02T17:58:01.627Z"}
{"can":{"action":"list","resource":"executions","role":"root"},"level":"info","message":"ctx permission","reqId":"73df7fb6-48a0-4de6-a1ce-3e8eec7797ce","skip":true,"timestamp":"2023-06-02T17:58:01.634Z"}
{"level":"info","message":"acl params","reqId":"73df7fb6-48a0-4de6-a1ce-3e8eec7797ce","timestamp":"2023-06-02T17:58:01.635Z"}
{"level":"info","message":"acl parsedParams","reqId":"73df7fb6-48a0-4de6-a1ce-3e8eec7797ce","timestamp":"2023-06-02T17:58:01.635Z"}
{"level":"info","message":"END: GET /api/executions:list?appends%5B%5D=workflow.id&appends%5B%5D=workflow.title&pageSize=20&sort%5B%5D=-createdAt&filter=%7B%22key%22%3A%22yjra2xpuphw%22%7D","req":{"action":{"actionName":"list","params":{"actionName":"list","appends":["workflow.id","workflow.title"],"filter":{"key":"yjra2xpuphw"},"pageSize":"20","resourceName":"executions","sort":["-createdAt"]},"resourceName":"executions"},"header":{"x-hostname":"localhost","x-locale":"en-US","x-role":"root","x-timezone":"+5.5:00"}},"reqId":"73df7fb6-48a0-4de6-a1ce-3e8eec7797ce","res":{"status":200},"responseTime":28,"timestamp":"2023-06-02T17:58:01.646Z"}
{"level":"info","message":"BEGIN: GET /api/executions:get?appends%5B%5D=jobs&appends%5B%5D=workflow&appends%5B%5D=workflow.nodes&filter=%7B%22id%22%3A%2231%22%7D","reqId":"59fb9afa-d266-4448-8182-ab8bfd4c8072","timestamp":"2023-06-02T17:58:03.212Z"}
{"level":"info","message":"Current user id: 1","reqId":"59fb9afa-d266-4448-8182-ab8bfd4c8072","timestamp":"2023-06-02T17:58:03.223Z"}
{"can":{"action":"get","resource":"executions","role":"root"},"level":"info","message":"ctx permission","reqId":"59fb9afa-d266-4448-8182-ab8bfd4c8072","skip":true,"timestamp":"2023-06-02T17:58:03.228Z"}
{"level":"info","message":"acl params","reqId":"59fb9afa-d266-4448-8182-ab8bfd4c8072","timestamp":"2023-06-02T17:58:03.229Z"}
{"level":"info","message":"acl parsedParams","reqId":"59fb9afa-d266-4448-8182-ab8bfd4c8072","timestamp":"2023-06-02T17:58:03.230Z"}
{"level":"info","message":"END: GET /api/executions:get?appends%5B%5D=jobs&appends%5B%5D=workflow&appends%5B%5D=workflow.nodes&filter=%7B%22id%22%3A%2231%22%7D","req":{"action":{"actionName":"get","params":{"actionName":"get","appends":["jobs","workflow","workflow.nodes"],"filter":{"id":"31"},"resourceName":"executions"},"resourceName":"executions"},"header":{"x-hostname":"localhost","x-locale":"en-US","x-role":"root","x-timezone":"+5.5:00"}},"reqId":"59fb9afa-d266-4448-8182-ab8bfd4c8072","res":{"status":200},"responseTime":33,"timestamp":"2023-06-02T17:58:03.246Z"}
{"level":"info","message":"BEGIN: GET /api/uiSchemas:getProperties/x1meclgs8hv","reqId":"569864f9-3b59-49dc-ac2b-4fdc812384b0","timestamp":"2023-06-02T17:58:22.000Z"}
{"level":"info","message":"Current user id: 1","reqId":"569864f9-3b59-49dc-ac2b-4fdc812384b0","timestamp":"2023-06-02T17:58:22.009Z"}
{"can":{"action":"getProperties","resource":"uiSchemas","role":"root"},"level":"info","message":"ctx permission","reqId":"569864f9-3b59-49dc-ac2b-4fdc812384b0","skip":true,"timestamp":"2023-06-02T17:58:22.016Z"}
{"level":"info","message":"acl params","reqId":"569864f9-3b59-49dc-ac2b-4fdc812384b0","timestamp":"2023-06-02T17:58:22.017Z"}
{"level":"info","message":"acl parsedParams","reqId":"569864f9-3b59-49dc-ac2b-4fdc812384b0","timestamp":"2023-06-02T17:58:22.017Z"}
{"level":"info","message":"END: GET /api/uiSchemas:getProperties/x1meclgs8hv","req":{"action":{"actionName":"getProperties","params":{"actionName":"getProperties","filterByTk":"x1meclgs8hv","resourceIndex":"x1meclgs8hv","resourceName":"uiSchemas"},"resourceName":"uiSchemas"},"header":{"x-hostname":"localhost","x-locale":"en-US","x-role":"root","x-timezone":"+5.5:00"}},"reqId":"569864f9-3b59-49dc-ac2b-4fdc812384b0","res":{"status":200},"responseTime":18,"timestamp":"2023-06-02T17:58:22.018Z"}
{"level":"info","message":"BEGIN: GET /api/compliance:list?pageSize=20&appends%5B%5D=updatedBy&appends%5B%5D=createdBy","reqId":"9fe86ac2-5dd2-4bc7-b4ce-6a21bc36159b","timestamp":"2023-06-02T17:58:23.484Z"}
{"level":"info","message":"Current user id: 1","reqId":"9fe86ac2-5dd2-4bc7-b4ce-6a21bc36159b","timestamp":"2023-06-02T17:58:23.491Z"}
{"can":null,"level":"info","message":"ctx permission","reqId":"9fe86ac2-5dd2-4bc7-b4ce-6a21bc36159b","skip":true,"timestamp":"2023-06-02T17:58:23.496Z"}
{"level":"info","message":"acl params","reqId":"9fe86ac2-5dd2-4bc7-b4ce-6a21bc36159b","timestamp":"2023-06-02T17:58:23.497Z"}
{"level":"info","message":"acl parsedParams","reqId":"9fe86ac2-5dd2-4bc7-b4ce-6a21bc36159b","timestamp":"2023-06-02T17:58:23.497Z"}
{"level":"info","message":"END: GET /api/compliance:list?pageSize=20&appends%5B%5D=updatedBy&appends%5B%5D=createdBy","req":{"action":{"actionName":"list","params":{"actionName":"list","appends":["updatedBy","createdBy"],"pageSize":"20","resourceName":"compliance"},"resourceName":"compliance"},"header":{"x-hostname":"localhost","x-locale":"en-US","x-role":"root","x-timezone":"+5.5:00"}},"reqId":"9fe86ac2-5dd2-4bc7-b4ce-6a21bc36159b","res":{"status":200},"responseTime":27,"timestamp":"2023-06-02T17:58:23.511Z"}
{"level":"info","message":"BEGIN: GET /api/workflows:list?pageSize=20&sort%5B%5D=-createdAt&except%5B%5D=config&filter=%7B%22current%22%3Atrue%7D","reqId":"82bd421e-de50-4df1-be51-2fdb2aca61d8","timestamp":"2023-06-02T17:58:32.077Z"}
{"level":"info","message":"Current user id: 1","reqId":"82bd421e-de50-4df1-be51-2fdb2aca61d8","timestamp":"2023-06-02T17:58:32.086Z"}
{"can":{"action":"list","resource":"workflows","role":"root"},"level":"info","message":"ctx permission","reqId":"82bd421e-de50-4df1-be51-2fdb2aca61d8","skip":true,"timestamp":"2023-06-02T17:58:32.093Z"}
{"level":"info","message":"acl params","reqId":"82bd421e-de50-4df1-be51-2fdb2aca61d8","timestamp":"2023-06-02T17:58:32.094Z"}
{"level":"info","message":"acl parsedParams","reqId":"82bd421e-de50-4df1-be51-2fdb2aca61d8","timestamp":"2023-06-02T17:58:32.095Z"}
{"level":"info","message":"END: GET /api/workflows:list?pageSize=20&sort%5B%5D=-createdAt&except%5B%5D=config&filter=%7B%22current%22%3Atrue%7D","req":{"action":{"actionName":"list","params":{"actionName":"list","except":["config"],"filter":{"current":true},"pageSize":"20","resourceName":"workflows","sort":["-createdAt"]},"resourceName":"workflows"},"header":{"x-hostname":"localhost","x-locale":"en-US","x-role":"root","x-timezone":"+5.5:00"}},"reqId":"82bd421e-de50-4df1-be51-2fdb2aca61d8","res":{"status":200},"responseTime":38,"timestamp":"2023-06-02T17:58:32.115Z"}
{"level":"info","message":"BEGIN: GET /api/workflows:get?appends%5B%5D=nodes&appends%5B%5D=revisions.id&appends%5B%5D=revisions.createdAt&appends%5B%5D=revisions.current&appends%5B%5D=revisions.executed&appends%5B%5D=revisions.enabled&filter=%7B%22id%22%3A%222%22%7D","reqId":"7049db52-8e22-45e8-837d-0eb2a44acb86","timestamp":"2023-06-02T17:58:34.888Z"}
{"level":"info","message":"Current user id: 1","reqId":"7049db52-8e22-45e8-837d-0eb2a44acb86","timestamp":"2023-06-02T17:58:34.900Z"}
{"can":{"action":"get","resource":"workflows","role":"root"},"level":"info","message":"ctx permission","reqId":"7049db52-8e22-45e8-837d-0eb2a44acb86","skip":true,"timestamp":"2023-06-02T17:58:34.905Z"}
{"level":"info","message":"acl params","reqId":"7049db52-8e22-45e8-837d-0eb2a44acb86","timestamp":"2023-06-02T17:58:34.907Z"}
{"level":"info","message":"acl parsedParams","reqId":"7049db52-8e22-45e8-837d-0eb2a44acb86","timestamp":"2023-06-02T17:58:34.907Z"}
{"level":"info","message":"END: GET /api/workflows:get?appends%5B%5D=nodes&appends%5B%5D=revisions.id&appends%5B%5D=revisions.createdAt&appends%5B%5D=revisions.current&appends%5B%5D=revisions.executed&appends%5B%5D=revisions.enabled&filter=%7B%22id%22%3A%222%22%7D","req":{"action":{"actionName":"get","params":{"actionName":"get","appends":["nodes","revisions.id","revisions.createdAt","revisions.current","revisions.executed","revisions.enabled"],"filter":{"id":"2"},"resourceName":"workflows"},"resourceName":"workflows"},"header":{"x-hostname":"localhost","x-locale":"en-US","x-role":"root","x-timezone":"+5.5:00"}},"reqId":"7049db52-8e22-45e8-837d-0eb2a44acb86","res":{"status":200},"responseTime":34,"timestamp":"2023-06-02T17:58:34.922Z"}
{"level":"info","message":"BEGIN: GET /api/workflows:list?pageSize=20&sort%5B%5D=-createdAt&except%5B%5D=config&filter=%7B%22current%22%3Atrue%7D","reqId":"113b3fd1-89c4-4804-acde-f4b8ad572ffe","timestamp":"2023-06-02T17:58:39.531Z"}
{"level":"info","message":"Current user id: 1","reqId":"113b3fd1-89c4-4804-acde-f4b8ad572ffe","timestamp":"2023-06-02T17:58:39.538Z"}
{"can":{"action":"list","resource":"workflows","role":"root"},"level":"info","message":"ctx permission","reqId":"113b3fd1-89c4-4804-acde-f4b8ad572ffe","skip":true,"timestamp":"2023-06-02T17:58:39.542Z"}
{"level":"info","message":"acl params","reqId":"113b3fd1-89c4-4804-acde-f4b8ad572ffe","timestamp":"2023-06-02T17:58:39.543Z"}
{"level":"info","message":"acl parsedParams","reqId":"113b3fd1-89c4-4804-acde-f4b8ad572ffe","timestamp":"2023-06-02T17:58:39.543Z"}
{"level":"info","message":"END: GET /api/workflows:list?pageSize=20&sort%5B%5D=-createdAt&except%5B%5D=config&filter=%7B%22current%22%3Atrue%7D","req":{"action":{"actionName":"list","params":{"actionName":"list","except":["config"],"filter":{"current":true},"pageSize":"20","resourceName":"workflows","sort":["-createdAt"]},"resourceName":"workflows"},"header":{"x-hostname":"localhost","x-locale":"en-US","x-role":"root","x-timezone":"+5.5:00"}},"reqId":"113b3fd1-89c4-4804-acde-f4b8ad572ffe","res":{"status":200},"responseTime":25,"timestamp":"2023-06-02T17:58:39.556Z"}
{"level":"info","message":"BEGIN: GET /api/executions:list?appends%5B%5D=workflow.id&appends%5B%5D=workflow.title&pageSize=20&sort%5B%5D=-createdAt&filter=%7B%22key%22%3A%22yjra2xpuphw%22%7D","reqId":"75b96bb3-6a98-4745-9c98-1523d0050335","timestamp":"2023-06-02T17:58:40.764Z"}
{"level":"info","message":"Current user id: 1","reqId":"75b96bb3-6a98-4745-9c98-1523d0050335","timestamp":"2023-06-02T17:58:40.777Z"}
{"can":{"action":"list","resource":"executions","role":"root"},"level":"info","message":"ctx permission","reqId":"75b96bb3-6a98-4745-9c98-1523d0050335","skip":true,"timestamp":"2023-06-02T17:58:40.784Z"}
{"level":"info","message":"acl params","reqId":"75b96bb3-6a98-4745-9c98-1523d0050335","timestamp":"2023-06-02T17:58:40.785Z"}
{"level":"info","message":"acl parsedParams","reqId":"75b96bb3-6a98-4745-9c98-1523d0050335","timestamp":"2023-06-02T17:58:40.786Z"}
{"level":"info","message":"END: GET /api/executions:list?appends%5B%5D=workflow.id&appends%5B%5D=workflow.title&pageSize=20&sort%5B%5D=-createdAt&filter=%7B%22key%22%3A%22yjra2xpuphw%22%7D","req":{"action":{"actionName":"list","params":{"actionName":"list","appends":["workflow.id","workflow.title"],"filter":{"key":"yjra2xpuphw"},"pageSize":"20","resourceName":"executions","sort":["-createdAt"]},"resourceName":"executions"},"header":{"x-hostname":"localhost","x-locale":"en-US","x-role":"root","x-timezone":"+5.5:00"}},"reqId":"75b96bb3-6a98-4745-9c98-1523d0050335","res":{"status":200},"responseTime":43,"timestamp":"2023-06-02T17:58:40.807Z"}
{"level":"info","message":"BEGIN: GET /api/executions:get?appends%5B%5D=jobs&appends%5B%5D=workflow&appends%5B%5D=workflow.nodes&filter=%7B%22id%22%3A%2231%22%7D","reqId":"12c9da5c-1c1e-450f-b8eb-fae320aa393e","timestamp":"2023-06-02T17:58:44.601Z"}
{"level":"info","message":"Current user id: 1","reqId":"12c9da5c-1c1e-450f-b8eb-fae320aa393e","timestamp":"2023-06-02T17:58:44.612Z"}
{"can":{"action":"get","resource":"executions","role":"root"},"level":"info","message":"ctx permission","reqId":"12c9da5c-1c1e-450f-b8eb-fae320aa393e","skip":true,"timestamp":"2023-06-02T17:58:44.617Z"}
{"level":"info","message":"acl params","reqId":"12c9da5c-1c1e-450f-b8eb-fae320aa393e","timestamp":"2023-06-02T17:58:44.617Z"}
{"level":"info","message":"acl parsedParams","reqId":"12c9da5c-1c1e-450f-b8eb-fae320aa393e","timestamp":"2023-06-02T17:58:44.618Z"}
{"level":"info","message":"END: GET /api/executions:get?appends%5B%5D=jobs&appends%5B%5D=workflow&appends%5B%5D=workflow.nodes&filter=%7B%22id%22%3A%2231%22%7D","req":{"action":{"actionName":"get","params":{"actionName":"get","appends":["jobs","workflow","workflow.nodes"],"filter":{"id":"31"},"resourceName":"executions"},"resourceName":"executions"},"header":{"x-hostname":"localhost","x-locale":"en-US","x-role":"root","x-timezone":"+5.5:00"}},"reqId":"12c9da5c-1c1e-450f-b8eb-fae320aa393e","res":{"status":200},"responseTime":28,"timestamp":"2023-06-02T17:58:44.629Z"}
{"level":"info","message":"BEGIN: GET /api/workflows:list?pageSize=20&sort%5B%5D=-createdAt&except%5B%5D=config&filter=%7B%22current%22%3Atrue%7D","reqId":"3890d128-32fe-460a-a45c-8a159a87c764","timestamp":"2023-06-02T17:59:08.002Z"}
{"level":"info","message":"Current user id: 1","reqId":"3890d128-32fe-460a-a45c-8a159a87c764","timestamp":"2023-06-02T17:59:08.013Z"}
{"can":{"action":"list","resource":"workflows","role":"root"},"level":"info","message":"ctx permission","reqId":"3890d128-32fe-460a-a45c-8a159a87c764","skip":true,"timestamp":"2023-06-02T17:59:08.018Z"}
{"level":"info","message":"acl params","reqId":"3890d128-32fe-460a-a45c-8a159a87c764","timestamp":"2023-06-02T17:59:08.018Z"}
{"level":"info","message":"acl parsedParams","reqId":"3890d128-32fe-460a-a45c-8a159a87c764","timestamp":"2023-06-02T17:59:08.019Z"}
{"level":"info","message":"END: GET /api/workflows:list?pageSize=20&sort%5B%5D=-createdAt&except%5B%5D=config&filter=%7B%22current%22%3Atrue%7D","req":{"action":{"actionName":"list","params":{"actionName":"list","except":["config"],"filter":{"current":true},"pageSize":"20","resourceName":"workflows","sort":["-createdAt"]},"resourceName":"workflows"},"header":{"x-hostname":"localhost","x-locale":"en-US","x-role":"root","x-timezone":"+5.5:00"}},"reqId":"3890d128-32fe-460a-a45c-8a159a87c764","res":{"status":200},"responseTime":32,"timestamp":"2023-06-02T17:59:08.034Z"}
