{"level":"info","message":"BEGIN: GET /api/compliance:list?pageSize=20&appends%5B%5D=updatedBy&appends%5B%5D=createdBy","reqId":"b9119102-8a19-4cdf-b91e-5ca4b98cac89","timestamp":"2023-06-05T17:07:04.670Z"}
{"level":"info","message":"Current user id: 1","reqId":"b9119102-8a19-4cdf-b91e-5ca4b98cac89","timestamp":"2023-06-05T17:07:04.702Z"}
{"can":null,"level":"info","message":"ctx permission","reqId":"b9119102-8a19-4cdf-b91e-5ca4b98cac89","skip":true,"timestamp":"2023-06-05T17:07:04.711Z"}
{"level":"info","message":"acl params","reqId":"b9119102-8a19-4cdf-b91e-5ca4b98cac89","timestamp":"2023-06-05T17:07:04.712Z"}
{"level":"info","message":"acl parsedParams","reqId":"b9119102-8a19-4cdf-b91e-5ca4b98cac89","timestamp":"2023-06-05T17:07:04.713Z"}
{"level":"info","message":"END: GET /api/compliance:list?pageSize=20&appends%5B%5D=updatedBy&appends%5B%5D=createdBy","req":{"action":{"actionName":"list","params":{"actionName":"list","appends":["updatedBy","createdBy"],"pageSize":"20","resourceName":"compliance"},"resourceName":"compliance"},"header":{"x-hostname":"localhost","x-locale":"en-US","x-role":"root","x-timezone":"+5.5:00"}},"reqId":"b9119102-8a19-4cdf-b91e-5ca4b98cac89","res":{"status":200},"responseTime":67,"timestamp":"2023-06-05T17:07:04.737Z"}
{"level":"info","message":"BEGIN: GET /api/compliance:list?pageSize=100&appends%5B%5D=updatedBy&appends%5B%5D=createdBy&page=1","reqId":"120474df-b975-4c97-b635-7e25ea3a4ad1","timestamp":"2023-06-05T17:07:11.159Z"}
{"level":"info","message":"Current user id: 1","reqId":"120474df-b975-4c97-b635-7e25ea3a4ad1","timestamp":"2023-06-05T17:07:11.170Z"}
{"can":null,"level":"info","message":"ctx permission","reqId":"120474df-b975-4c97-b635-7e25ea3a4ad1","skip":true,"timestamp":"2023-06-05T17:07:11.177Z"}
{"level":"info","message":"acl params","reqId":"120474df-b975-4c97-b635-7e25ea3a4ad1","timestamp":"2023-06-05T17:07:11.178Z"}
{"level":"info","message":"acl parsedParams","reqId":"120474df-b975-4c97-b635-7e25ea3a4ad1","timestamp":"2023-06-05T17:07:11.179Z"}
{"level":"info","message":"END: GET /api/compliance:list?pageSize=100&appends%5B%5D=updatedBy&appends%5B%5D=createdBy&page=1","req":{"action":{"actionName":"list","params":{"actionName":"list","appends":["updatedBy","createdBy"],"page":"1","pageSize":"100","resourceName":"compliance"},"resourceName":"compliance"},"header":{"x-hostname":"localhost","x-locale":"en-US","x-role":"root","x-timezone":"+5.5:00"}},"reqId":"120474df-b975-4c97-b635-7e25ea3a4ad1","res":{"status":200},"responseTime":39,"timestamp":"2023-06-05T17:07:11.198Z"}
{"level":"info","message":"BEGIN: POST /api/compliance:create","reqId":"c1beb349-174a-4692-a363-f84c840f8be5","timestamp":"2023-06-05T17:08:09.633Z"}
{"level":"info","message":"Current user id: 1","reqId":"c1beb349-174a-4692-a363-f84c840f8be5","timestamp":"2023-06-05T17:08:09.650Z"}
{"can":null,"level":"info","message":"ctx permission","reqId":"c1beb349-174a-4692-a363-f84c840f8be5","skip":true,"timestamp":"2023-06-05T17:08:09.664Z"}
{"level":"info","message":"acl params","reqId":"c1beb349-174a-4692-a363-f84c840f8be5","timestamp":"2023-06-05T17:08:09.666Z"}
{"level":"info","message":"acl parsedParams","reqId":"c1beb349-174a-4692-a363-f84c840f8be5","timestamp":"2023-06-05T17:08:09.666Z"}
{"level":"info","message":"END: POST /api/compliance:create","req":{"action":{"actionName":"create","params":{"actionName":"create","resourceName":"compliance","values":{"input_regulations":"Individual received recurring remittances of $5,000 in a single day."}},"resourceName":"compliance"},"header":{"x-hostname":"localhost","x-locale":"en-US","x-role":"root","x-timezone":"+5.5:00"}},"reqId":"c1beb349-174a-4692-a363-f84c840f8be5","res":{"status":200},"responseTime":85,"timestamp":"2023-06-05T17:08:09.717Z"}
{"level":"info","message":"[Workflow] request (#2) sent to \"http://192.168.0.198:5000/webhook\", waiting for response...","timestamp":"2023-06-05T17:08:09.914Z"}
{"level":"info","message":"[Workflow] request (#2) response received, status: 1","timestamp":"2023-06-05T17:08:09.965Z"}
{"level":"info","message":"BEGIN: GET /api/compliance:list?pageSize=20&appends%5B%5D=updatedBy&appends%5B%5D=createdBy","reqId":"e41c5e0d-15ec-45cd-bfb8-40c65ac3efe2","timestamp":"2023-06-05T17:08:11.978Z"}
{"level":"info","message":"Current user id: 1","reqId":"e41c5e0d-15ec-45cd-bfb8-40c65ac3efe2","timestamp":"2023-06-05T17:08:11.993Z"}
{"can":null,"level":"info","message":"ctx permission","reqId":"e41c5e0d-15ec-45cd-bfb8-40c65ac3efe2","skip":true,"timestamp":"2023-06-05T17:08:12.005Z"}
{"level":"info","message":"acl params","reqId":"e41c5e0d-15ec-45cd-bfb8-40c65ac3efe2","timestamp":"2023-06-05T17:08:12.006Z"}
{"level":"info","message":"acl parsedParams","reqId":"e41c5e0d-15ec-45cd-bfb8-40c65ac3efe2","timestamp":"2023-06-05T17:08:12.007Z"}
{"level":"info","message":"END: GET /api/compliance:list?pageSize=20&appends%5B%5D=updatedBy&appends%5B%5D=createdBy","req":{"action":{"actionName":"list","params":{"actionName":"list","appends":["updatedBy","createdBy"],"pageSize":"20","resourceName":"compliance"},"resourceName":"compliance"},"header":{"x-hostname":"localhost","x-locale":"en-US","x-role":"root","x-timezone":"+5.5:00"}},"reqId":"e41c5e0d-15ec-45cd-bfb8-40c65ac3efe2","res":{"status":200},"responseTime":70,"timestamp":"2023-06-05T17:08:12.048Z"}
{"level":"info","message":"BEGIN: GET /api/compliance:list?pageSize=100&appends%5B%5D=updatedBy&appends%5B%5D=createdBy&page=1","reqId":"a665a2ba-9bee-43df-b474-36dd63e45e29","timestamp":"2023-06-05T17:08:17.543Z"}
{"level":"info","message":"Current user id: 1","reqId":"a665a2ba-9bee-43df-b474-36dd63e45e29","timestamp":"2023-06-05T17:08:17.562Z"}
{"can":null,"level":"info","message":"ctx permission","reqId":"a665a2ba-9bee-43df-b474-36dd63e45e29","skip":true,"timestamp":"2023-06-05T17:08:17.574Z"}
{"level":"info","message":"acl params","reqId":"a665a2ba-9bee-43df-b474-36dd63e45e29","timestamp":"2023-06-05T17:08:17.576Z"}
{"level":"info","message":"acl parsedParams","reqId":"a665a2ba-9bee-43df-b474-36dd63e45e29","timestamp":"2023-06-05T17:08:17.576Z"}
{"level":"info","message":"END: GET /api/compliance:list?pageSize=100&appends%5B%5D=updatedBy&appends%5B%5D=createdBy&page=1","req":{"action":{"actionName":"list","params":{"actionName":"list","appends":["updatedBy","createdBy"],"page":"1","pageSize":"100","resourceName":"compliance"},"resourceName":"compliance"},"header":{"x-hostname":"localhost","x-locale":"en-US","x-role":"root","x-timezone":"+5.5:00"}},"reqId":"a665a2ba-9bee-43df-b474-36dd63e45e29","res":{"status":200},"responseTime":74,"timestamp":"2023-06-05T17:08:17.618Z"}
