{"level":"info","message":"BEGIN: GET /api/collections:list?pageSize=50&sort%5B%5D=sort&appends%5B%5D=fields&appends%5B%5D=category&filter=%7B%22hidden%22%3A%7B%22%24isFalsy%22%3Atrue%7D%7D","reqId":"d238a24d-04f9-4a4b-88c8-16adaecd0eb2","timestamp":"2023-05-31T16:34:14.795Z"}
{"level":"info","message":"Current user id: 1","reqId":"d238a24d-04f9-4a4b-88c8-16adaecd0eb2","timestamp":"2023-05-31T16:34:14.846Z"}
{"can":{"action":"list","resource":"collections","role":"root"},"level":"info","message":"ctx permission","reqId":"d238a24d-04f9-4a4b-88c8-16adaecd0eb2","skip":true,"timestamp":"2023-05-31T16:34:14.854Z"}
{"level":"info","message":"acl params","reqId":"d238a24d-04f9-4a4b-88c8-16adaecd0eb2","timestamp":"2023-05-31T16:34:14.855Z"}
{"level":"info","message":"acl parsedParams","reqId":"d238a24d-04f9-4a4b-88c8-16adaecd0eb2","timestamp":"2023-05-31T16:34:14.855Z"}
{"level":"info","message":"END: GET /api/collections:list?pageSize=50&sort%5B%5D=sort&appends%5B%5D=fields&appends%5B%5D=category&filter=%7B%22hidden%22%3A%7B%22%24isFalsy%22%3Atrue%7D%7D","req":{"action":{"actionName":"list","params":{"actionName":"list","appends":["fields","category"],"filter":{"hidden":{"$isFalsy":true}},"pageSize":"50","resourceName":"collections","sort":["sort"]},"resourceName":"collections"},"header":{"x-hostname":"localhost","x-locale":"en-US","x-role":"root","x-timezone":"+5.5:00"}},"reqId":"d238a24d-04f9-4a4b-88c8-16adaecd0eb2","res":{"status":200},"responseTime":93,"timestamp":"2023-05-31T16:34:14.888Z"}
{"level":"info","message":"BEGIN: GET /api/uiSchemas:getProperties/x1meclgs8hv","reqId":"ce1b04ba-2a82-4227-9cbf-5f6a212da6ce","timestamp":"2023-05-31T16:34:32.620Z"}
{"level":"info","message":"Current user id: 1","reqId":"ce1b04ba-2a82-4227-9cbf-5f6a212da6ce","timestamp":"2023-05-31T16:34:32.639Z"}
{"can":{"action":"getProperties","resource":"uiSchemas","role":"root"},"level":"info","message":"ctx permission","reqId":"ce1b04ba-2a82-4227-9cbf-5f6a212da6ce","skip":true,"timestamp":"2023-05-31T16:34:32.649Z"}
{"level":"info","message":"acl params","reqId":"ce1b04ba-2a82-4227-9cbf-5f6a212da6ce","timestamp":"2023-05-31T16:34:32.650Z"}
{"level":"info","message":"acl parsedParams","reqId":"ce1b04ba-2a82-4227-9cbf-5f6a212da6ce","timestamp":"2023-05-31T16:34:32.650Z"}
{"level":"info","message":"END: GET /api/uiSchemas:getProperties/x1meclgs8hv","req":{"action":{"actionName":"getProperties","params":{"actionName":"getProperties","filterByTk":"x1meclgs8hv","resourceIndex":"x1meclgs8hv","resourceName":"uiSchemas"},"resourceName":"uiSchemas"},"header":{"x-hostname":"localhost","x-locale":"en-US","x-role":"root","x-timezone":"+5.5:00"}},"reqId":"ce1b04ba-2a82-4227-9cbf-5f6a212da6ce","res":{"status":200},"responseTime":31,"timestamp":"2023-05-31T16:34:32.651Z"}
{"level":"info","message":"BEGIN: GET /api/compliance/5","reqId":"0bcc7c47-8118-4f89-9c98-de600b680bd1","timestamp":"2023-05-31T16:36:55.848Z"}
{"level":"error","message":"invalid signature","name":"JsonWebTokenError","reqId":"0bcc7c47-8118-4f89-9c98-de600b680bd1","stack":"JsonWebTokenError: invalid signature\n    at C:\\Users\\chand\\OneDrive\\Documents\\complimatrix-dev\\node_modules\\jsonwebtoken\\verify.js:133:19\n    at getSecret (C:\\Users\\chand\\OneDrive\\Documents\\complimatrix-dev\\node_modules\\jsonwebtoken\\verify.js:90:14)\n    at Object.module.exports [as verify] (C:\\Users\\chand\\OneDrive\\Documents\\complimatrix-dev\\node_modules\\jsonwebtoken\\verify.js:94:10)\n    at C:\\Users\\chand\\OneDrive\\Documents\\complimatrix-dev\\packages\\plugins\\users\\src\\jwt-service.ts:25:11\n    at new Promise (<anonymous>)\n    at JwtService.decode (C:\\Users\\chand\\OneDrive\\Documents\\complimatrix-dev\\packages\\plugins\\users\\src\\jwt-service.ts:24:12)\n    at C:\\Users\\chand\\OneDrive\\Documents\\complimatrix-dev\\packages\\plugins\\users\\src\\middlewares\\parseToken.ts:18:41\n    at Generator.next (<anonymous>)\n    at C:\\Users\\chand\\OneDrive\\Documents\\complimatrix-dev\\packages\\plugins\\users\\src\\middlewares\\parseToken.ts:8:71\n    at new Promise (<anonymous>)","timestamp":"2023-05-31T16:36:55.853Z"}
{"can":null,"level":"info","message":"ctx permission","reqId":"0bcc7c47-8118-4f89-9c98-de600b680bd1","timestamp":"2023-05-31T16:36:55.854Z"}
{"level":"error","message":"No permissions","reqId":"0bcc7c47-8118-4f89-9c98-de600b680bd1","stack":"ForbiddenError: No permissions\n    at Object.throw (C:\\Users\\chand\\OneDrive\\Documents\\complimatrix-dev\\node_modules\\koa\\lib\\context.js:97:11)\n    at ACL.<anonymous> (C:\\Users\\chand\\OneDrive\\Documents\\complimatrix-dev\\packages\\core\\acl\\src\\acl.ts:127:20)\n    at Generator.next (<anonymous>)\n    at C:\\Users\\chand\\OneDrive\\Documents\\complimatrix-dev\\packages\\core\\acl\\src\\acl.ts:8:71\n    at new Promise (<anonymous>)\n    at __awaiter (C:\\Users\\chand\\OneDrive\\Documents\\complimatrix-dev\\packages\\core\\acl\\src\\acl.ts:4:12)\n    at middlewares.add.tag (C:\\Users\\chand\\OneDrive\\Documents\\complimatrix-dev\\packages\\core\\acl\\src\\acl.ts:118:27)\n    at dispatch (C:\\Users\\chand\\OneDrive\\Documents\\complimatrix-dev\\node_modules\\koa-compose\\index.js:42:32)\n    at PluginACL.<anonymous> (C:\\Users\\chand\\OneDrive\\Documents\\complimatrix-dev\\packages\\plugins\\acl\\src\\server.ts:551:15)\n    at Generator.next (<anonymous>)","timestamp":"2023-05-31T16:36:55.855Z"}
{"errors":[{"message":"No permissions"}],"level":"warn","message":"END: GET /api/compliance/5","req":{"action":{"actionName":"get","params":{"actionName":"get","filterByTk":"5","resourceIndex":"5","resourceName":"compliance"},"resourceName":"compliance"}},"reqId":"0bcc7c47-8118-4f89-9c98-de600b680bd1","res":{"status":403},"responseTime":9,"timestamp":"2023-05-31T16:36:55.857Z"}
{"level":"info","message":"BEGIN: GET /api/compliance/5","reqId":"b9f9e7e9-d7a3-4a21-a1c0-e73615174e66","timestamp":"2023-05-31T16:57:43.038Z"}
{"level":"error","message":"invalid signature","name":"JsonWebTokenError","reqId":"b9f9e7e9-d7a3-4a21-a1c0-e73615174e66","stack":"JsonWebTokenError: invalid signature\n    at C:\\Users\\chand\\OneDrive\\Documents\\complimatrix-dev\\node_modules\\jsonwebtoken\\verify.js:133:19\n    at getSecret (C:\\Users\\chand\\OneDrive\\Documents\\complimatrix-dev\\node_modules\\jsonwebtoken\\verify.js:90:14)\n    at Object.module.exports [as verify] (C:\\Users\\chand\\OneDrive\\Documents\\complimatrix-dev\\node_modules\\jsonwebtoken\\verify.js:94:10)\n    at C:\\Users\\chand\\OneDrive\\Documents\\complimatrix-dev\\packages\\plugins\\users\\src\\jwt-service.ts:25:11\n    at new Promise (<anonymous>)\n    at JwtService.decode (C:\\Users\\chand\\OneDrive\\Documents\\complimatrix-dev\\packages\\plugins\\users\\src\\jwt-service.ts:24:12)\n    at C:\\Users\\chand\\OneDrive\\Documents\\complimatrix-dev\\packages\\plugins\\users\\src\\middlewares\\parseToken.ts:18:41\n    at Generator.next (<anonymous>)\n    at C:\\Users\\chand\\OneDrive\\Documents\\complimatrix-dev\\packages\\plugins\\users\\src\\middlewares\\parseToken.ts:8:71\n    at new Promise (<anonymous>)","timestamp":"2023-05-31T16:57:43.157Z"}
{"can":null,"level":"info","message":"ctx permission","reqId":"b9f9e7e9-d7a3-4a21-a1c0-e73615174e66","timestamp":"2023-05-31T16:57:43.175Z"}
{"level":"error","message":"No permissions","reqId":"b9f9e7e9-d7a3-4a21-a1c0-e73615174e66","stack":"ForbiddenError: No permissions\n    at Object.throw (C:\\Users\\chand\\OneDrive\\Documents\\complimatrix-dev\\node_modules\\koa\\lib\\context.js:97:11)\n    at ACL.<anonymous> (C:\\Users\\chand\\OneDrive\\Documents\\complimatrix-dev\\packages\\core\\acl\\src\\acl.ts:127:20)\n    at Generator.next (<anonymous>)\n    at C:\\Users\\chand\\OneDrive\\Documents\\complimatrix-dev\\packages\\core\\acl\\src\\acl.ts:8:71\n    at new Promise (<anonymous>)\n    at __awaiter (C:\\Users\\chand\\OneDrive\\Documents\\complimatrix-dev\\packages\\core\\acl\\src\\acl.ts:4:12)\n    at middlewares.add.tag (C:\\Users\\chand\\OneDrive\\Documents\\complimatrix-dev\\packages\\core\\acl\\src\\acl.ts:118:27)\n    at dispatch (C:\\Users\\chand\\OneDrive\\Documents\\complimatrix-dev\\node_modules\\koa-compose\\index.js:42:32)\n    at PluginACL.<anonymous> (C:\\Users\\chand\\OneDrive\\Documents\\complimatrix-dev\\packages\\plugins\\acl\\src\\server.ts:551:15)\n    at Generator.next (<anonymous>)","timestamp":"2023-05-31T16:57:43.192Z"}
{"errors":[{"message":"No permissions"}],"level":"warn","message":"END: GET /api/compliance/5","req":{"action":{"actionName":"get","params":{"actionName":"get","filterByTk":"5","resourceIndex":"5","resourceName":"compliance"},"resourceName":"compliance"}},"reqId":"b9f9e7e9-d7a3-4a21-a1c0-e73615174e66","res":{"status":403},"responseTime":215,"timestamp":"2023-05-31T16:57:43.253Z"}
{"level":"info","message":"BEGIN: GET /api/collections:list?pageSize=50&sort%5B%5D=sort&appends%5B%5D=fields&appends%5B%5D=category&filter=%7B%22hidden%22%3A%7B%22%24isFalsy%22%3Atrue%7D%7D","reqId":"671d929d-58a9-4b3f-8194-31d4b1ae731a","timestamp":"2023-05-31T16:58:27.815Z"}
{"level":"info","message":"Current user id: 1","reqId":"671d929d-58a9-4b3f-8194-31d4b1ae731a","timestamp":"2023-05-31T16:58:27.829Z"}
{"can":{"action":"list","resource":"collections","role":"root"},"level":"info","message":"ctx permission","reqId":"671d929d-58a9-4b3f-8194-31d4b1ae731a","skip":true,"timestamp":"2023-05-31T16:58:27.848Z"}
{"level":"info","message":"acl params","reqId":"671d929d-58a9-4b3f-8194-31d4b1ae731a","timestamp":"2023-05-31T16:58:27.849Z"}
{"level":"info","message":"acl parsedParams","reqId":"671d929d-58a9-4b3f-8194-31d4b1ae731a","timestamp":"2023-05-31T16:58:27.850Z"}
{"level":"info","message":"END: GET /api/collections:list?pageSize=50&sort%5B%5D=sort&appends%5B%5D=fields&appends%5B%5D=category&filter=%7B%22hidden%22%3A%7B%22%24isFalsy%22%3Atrue%7D%7D","req":{"action":{"actionName":"list","params":{"actionName":"list","appends":["fields","category"],"filter":{"hidden":{"$isFalsy":true}},"pageSize":"50","resourceName":"collections","sort":["sort"]},"resourceName":"collections"},"header":{"x-hostname":"localhost","x-locale":"en-US","x-role":"root","x-timezone":"+5.5:00"}},"reqId":"671d929d-58a9-4b3f-8194-31d4b1ae731a","res":{"status":200},"responseTime":83,"timestamp":"2023-05-31T16:58:27.898Z"}
{"level":"info","message":"BEGIN: GET /api/uiSchemas:getProperties/x1meclgs8hv","reqId":"da257451-f132-4095-983a-4d6bf3e3fff1","timestamp":"2023-05-31T17:27:11.431Z"}
{"level":"info","message":"Current user id: 1","reqId":"da257451-f132-4095-983a-4d6bf3e3fff1","timestamp":"2023-05-31T17:27:11.446Z"}
{"can":{"action":"getProperties","resource":"uiSchemas","role":"root"},"level":"info","message":"ctx permission","reqId":"da257451-f132-4095-983a-4d6bf3e3fff1","skip":true,"timestamp":"2023-05-31T17:27:11.466Z"}
{"level":"info","message":"acl params","reqId":"da257451-f132-4095-983a-4d6bf3e3fff1","timestamp":"2023-05-31T17:27:11.467Z"}
{"level":"info","message":"acl parsedParams","reqId":"da257451-f132-4095-983a-4d6bf3e3fff1","timestamp":"2023-05-31T17:27:11.467Z"}
{"level":"info","message":"END: GET /api/uiSchemas:getProperties/x1meclgs8hv","req":{"action":{"actionName":"getProperties","params":{"actionName":"getProperties","filterByTk":"x1meclgs8hv","resourceIndex":"x1meclgs8hv","resourceName":"uiSchemas"},"resourceName":"uiSchemas"},"header":{"x-hostname":"localhost","x-locale":"en-US","x-role":"root","x-timezone":"+5.5:00"}},"reqId":"da257451-f132-4095-983a-4d6bf3e3fff1","res":{"status":200},"responseTime":37,"timestamp":"2023-05-31T17:27:11.468Z"}
{"level":"info","message":"BEGIN: GET /api/compliance:list?pageSize=20&appends%5B%5D=updatedBy&appends%5B%5D=createdBy","reqId":"d8bf476d-2865-4a9b-93c2-c90eb9d57903","timestamp":"2023-05-31T17:27:16.738Z"}
{"level":"info","message":"Current user id: 1","reqId":"d8bf476d-2865-4a9b-93c2-c90eb9d57903","timestamp":"2023-05-31T17:27:16.762Z"}
{"can":null,"level":"info","message":"ctx permission","reqId":"d8bf476d-2865-4a9b-93c2-c90eb9d57903","skip":true,"timestamp":"2023-05-31T17:27:16.781Z"}
{"level":"info","message":"acl params","reqId":"d8bf476d-2865-4a9b-93c2-c90eb9d57903","timestamp":"2023-05-31T17:27:16.784Z"}
{"level":"info","message":"acl parsedParams","reqId":"d8bf476d-2865-4a9b-93c2-c90eb9d57903","timestamp":"2023-05-31T17:27:16.787Z"}
{"level":"info","message":"END: GET /api/compliance:list?pageSize=20&appends%5B%5D=updatedBy&appends%5B%5D=createdBy","req":{"action":{"actionName":"list","params":{"actionName":"list","appends":["updatedBy","createdBy"],"pageSize":"20","resourceName":"compliance"},"resourceName":"compliance"},"header":{"x-hostname":"localhost","x-locale":"en-US","x-role":"root","x-timezone":"+5.5:00"}},"reqId":"d8bf476d-2865-4a9b-93c2-c90eb9d57903","res":{"status":200},"responseTime":119,"timestamp":"2023-05-31T17:27:16.857Z"}
{"level":"info","message":"BEGIN: POST /api/uiSchemas:insertAdjacent/76t3o68zlxp?position=beforeEnd","reqId":"db56b98d-125c-4c3b-8c45-ab869056a9b0","timestamp":"2023-05-31T17:27:41.251Z"}
{"level":"info","message":"Current user id: 1","reqId":"db56b98d-125c-4c3b-8c45-ab869056a9b0","timestamp":"2023-05-31T17:27:41.271Z"}
{"can":{"action":"insertAdjacent","resource":"uiSchemas","role":"root"},"level":"info","message":"ctx permission","reqId":"db56b98d-125c-4c3b-8c45-ab869056a9b0","skip":true,"timestamp":"2023-05-31T17:27:41.279Z"}
{"level":"info","message":"acl params","reqId":"db56b98d-125c-4c3b-8c45-ab869056a9b0","timestamp":"2023-05-31T17:27:41.280Z"}
{"level":"info","message":"acl parsedParams","reqId":"db56b98d-125c-4c3b-8c45-ab869056a9b0","timestamp":"2023-05-31T17:27:41.281Z"}
{"level":"info","message":"END: POST /api/uiSchemas:insertAdjacent/76t3o68zlxp?position=beforeEnd","req":{"action":{"actionName":"insertAdjacent","params":{"actionName":"insertAdjacent","filterByTk":"76t3o68zlxp","position":"beforeEnd","resourceIndex":"76t3o68zlxp","resourceName":"uiSchemas","values":{"schema":{"_isJSONSchemaObject":true,"name":"z32eb5ik06c","properties":{"ma0845db9ma":{"_isJSONSchemaObject":true,"name":"ma0845db9ma","properties":{"id":{"_isJSONSchemaObject":true,"name":"id","type":"string","version":"2.0","x-collection-field":"compliance.id","x-component":"CollectionField","x-component-props":{},"x-decorator":"FormItem","x-designer":"FormItem.Designer","x-read-pretty":true,"x-uid":"ziykyhhhpxc"}},"type":"void","version":"2.0","x-component":"Grid.Col","x-uid":"5o4ggrwf6y1"}},"type":"void","version":"2.0","x-component":"Grid.Row","x-uid":"56gj4v9fd4b"},"wrap":null}},"resourceName":"uiSchemas"},"header":{"x-hostname":"localhost","x-locale":"en-US","x-role":"root","x-timezone":"+5.5:00"}},"reqId":"db56b98d-125c-4c3b-8c45-ab869056a9b0","res":{"status":200},"responseTime":104,"timestamp":"2023-05-31T17:27:41.355Z"}
{"level":"info","message":"BEGIN: POST /api/compliance:create","reqId":"bb4fef9a-6bea-40fe-9e66-23a429f5fd76","timestamp":"2023-05-31T17:28:07.388Z"}
{"level":"info","message":"Current user id: 1","reqId":"bb4fef9a-6bea-40fe-9e66-23a429f5fd76","timestamp":"2023-05-31T17:28:07.411Z"}
{"can":null,"level":"info","message":"ctx permission","reqId":"bb4fef9a-6bea-40fe-9e66-23a429f5fd76","skip":true,"timestamp":"2023-05-31T17:28:07.419Z"}
{"level":"info","message":"acl params","reqId":"bb4fef9a-6bea-40fe-9e66-23a429f5fd76","timestamp":"2023-05-31T17:28:07.420Z"}
{"level":"info","message":"acl parsedParams","reqId":"bb4fef9a-6bea-40fe-9e66-23a429f5fd76","timestamp":"2023-05-31T17:28:07.421Z"}
{"level":"info","message":"END: POST /api/compliance:create","req":{"action":{"actionName":"create","params":{"actionName":"create","resourceName":"compliance","values":{"input_regulations":"Input rules for NLP"}},"resourceName":"compliance"},"header":{"x-hostname":"localhost","x-locale":"en-US","x-role":"root","x-timezone":"+5.5:00"}},"reqId":"bb4fef9a-6bea-40fe-9e66-23a429f5fd76","res":{"status":200},"responseTime":204,"timestamp":"2023-05-31T17:28:07.592Z"}
{"level":"info","message":"[Workflow] request (#1) sent to \"http://192.168.0.198:5000/webhook\", waiting for response...","timestamp":"2023-05-31T17:28:07.676Z"}
{"level":"info","message":"[Workflow] request (#1) response received, status: -1","timestamp":"2023-05-31T17:28:07.679Z"}
{"level":"info","message":"BEGIN: GET /api/collections:list?pageSize=50&sort%5B%5D=sort&appends%5B%5D=fields&appends%5B%5D=category&filter=%7B%22hidden%22%3A%7B%22%24isFalsy%22%3Atrue%7D%7D","reqId":"bb67e7ca-a0f4-4cea-bbca-b63efcca202d","timestamp":"2023-05-31T17:28:14.813Z"}
{"level":"info","message":"Current user id: 1","reqId":"bb67e7ca-a0f4-4cea-bbca-b63efcca202d","timestamp":"2023-05-31T17:28:14.829Z"}
{"can":{"action":"list","resource":"collections","role":"root"},"level":"info","message":"ctx permission","reqId":"bb67e7ca-a0f4-4cea-bbca-b63efcca202d","skip":true,"timestamp":"2023-05-31T17:28:14.837Z"}
{"level":"info","message":"acl params","reqId":"bb67e7ca-a0f4-4cea-bbca-b63efcca202d","timestamp":"2023-05-31T17:28:14.838Z"}
{"level":"info","message":"acl parsedParams","reqId":"bb67e7ca-a0f4-4cea-bbca-b63efcca202d","timestamp":"2023-05-31T17:28:14.839Z"}
{"level":"info","message":"END: GET /api/collections:list?pageSize=50&sort%5B%5D=sort&appends%5B%5D=fields&appends%5B%5D=category&filter=%7B%22hidden%22%3A%7B%22%24isFalsy%22%3Atrue%7D%7D","req":{"action":{"actionName":"list","params":{"actionName":"list","appends":["fields","category"],"filter":{"hidden":{"$isFalsy":true}},"pageSize":"50","resourceName":"collections","sort":["sort"]},"resourceName":"collections"},"header":{"x-hostname":"localhost","x-locale":"en-US","x-role":"root","x-timezone":"+5.5:00"}},"reqId":"bb67e7ca-a0f4-4cea-bbca-b63efcca202d","res":{"status":200},"responseTime":76,"timestamp":"2023-05-31T17:28:14.889Z"}
{"level":"info","message":"BEGIN: GET /api/collections/compliance/fields:list?paginate=false&sort%5B%5D=sort&filter=%7B%22%24or%22%3A%5B%7B%22interface.%24not%22%3Anull%7D%2C%7B%22options.source.%24notEmpty%22%3Atrue%7D%5D%7D","reqId":"b0a4ec22-a04e-49c5-8e07-24e73388df9c","timestamp":"2023-05-31T17:28:17.779Z"}
{"level":"info","message":"Current user id: 1","reqId":"b0a4ec22-a04e-49c5-8e07-24e73388df9c","timestamp":"2023-05-31T17:28:17.794Z"}
{"can":{"action":"list","resource":"collections.fields","role":"root"},"level":"info","message":"ctx permission","reqId":"b0a4ec22-a04e-49c5-8e07-24e73388df9c","skip":true,"timestamp":"2023-05-31T17:28:17.806Z"}
{"level":"info","message":"acl params","reqId":"b0a4ec22-a04e-49c5-8e07-24e73388df9c","timestamp":"2023-05-31T17:28:17.807Z"}
{"level":"info","message":"acl parsedParams","reqId":"b0a4ec22-a04e-49c5-8e07-24e73388df9c","timestamp":"2023-05-31T17:28:17.808Z"}
{"level":"info","message":"END: GET /api/collections/compliance/fields:list?paginate=false&sort%5B%5D=sort&filter=%7B%22%24or%22%3A%5B%7B%22interface.%24not%22%3Anull%7D%2C%7B%22options.source.%24notEmpty%22%3Atrue%7D%5D%7D","req":{"action":{"actionName":"list","params":{"actionName":"list","associatedIndex":"compliance","associatedName":"collections","filter":{"$or":[{"interface":{"$not":null}},{"options":{"source":{"$notEmpty":true}}}]},"paginate":"false","resourceName":"fields","sort":["sort"]},"resourceName":"collections.fields","resourceOf":"compliance"},"header":{"x-hostname":"localhost","x-locale":"en-US","x-role":"root","x-timezone":"+5.5:00"}},"reqId":"b0a4ec22-a04e-49c5-8e07-24e73388df9c","res":{"status":200},"responseTime":53,"timestamp":"2023-05-31T17:28:17.833Z"}
{"level":"info","message":"BEGIN: GET /api/uiSchemas:getProperties/x1meclgs8hv","reqId":"ed0c7672-c3c3-459a-b03a-61a3d03444b1","timestamp":"2023-05-31T17:28:21.689Z"}
{"level":"info","message":"Current user id: 1","reqId":"ed0c7672-c3c3-459a-b03a-61a3d03444b1","timestamp":"2023-05-31T17:28:21.712Z"}
{"can":{"action":"getProperties","resource":"uiSchemas","role":"root"},"level":"info","message":"ctx permission","reqId":"ed0c7672-c3c3-459a-b03a-61a3d03444b1","skip":true,"timestamp":"2023-05-31T17:28:21.720Z"}
{"level":"info","message":"acl params","reqId":"ed0c7672-c3c3-459a-b03a-61a3d03444b1","timestamp":"2023-05-31T17:28:21.721Z"}
{"level":"info","message":"acl parsedParams","reqId":"ed0c7672-c3c3-459a-b03a-61a3d03444b1","timestamp":"2023-05-31T17:28:21.723Z"}
{"level":"info","message":"END: GET /api/uiSchemas:getProperties/x1meclgs8hv","req":{"action":{"actionName":"getProperties","params":{"actionName":"getProperties","filterByTk":"x1meclgs8hv","resourceIndex":"x1meclgs8hv","resourceName":"uiSchemas"},"resourceName":"uiSchemas"},"header":{"x-hostname":"localhost","x-locale":"en-US","x-role":"root","x-timezone":"+5.5:00"}},"reqId":"ed0c7672-c3c3-459a-b03a-61a3d03444b1","res":{"status":200},"responseTime":61,"timestamp":"2023-05-31T17:28:21.750Z"}
{"level":"info","message":"BEGIN: GET /api/compliance:list?pageSize=20&appends%5B%5D=updatedBy&appends%5B%5D=createdBy","reqId":"bac2b8ea-0fe5-4558-8c41-35bac1365f67","timestamp":"2023-05-31T17:28:22.652Z"}
{"level":"info","message":"Current user id: 1","reqId":"bac2b8ea-0fe5-4558-8c41-35bac1365f67","timestamp":"2023-05-31T17:28:22.722Z"}
{"can":null,"level":"info","message":"ctx permission","reqId":"bac2b8ea-0fe5-4558-8c41-35bac1365f67","skip":true,"timestamp":"2023-05-31T17:28:22.770Z"}
{"level":"info","message":"acl params","reqId":"bac2b8ea-0fe5-4558-8c41-35bac1365f67","timestamp":"2023-05-31T17:28:22.771Z"}
{"level":"info","message":"acl parsedParams","reqId":"bac2b8ea-0fe5-4558-8c41-35bac1365f67","timestamp":"2023-05-31T17:28:22.772Z"}
{"level":"info","message":"END: GET /api/compliance:list?pageSize=20&appends%5B%5D=updatedBy&appends%5B%5D=createdBy","req":{"action":{"actionName":"list","params":{"actionName":"list","appends":["updatedBy","createdBy"],"pageSize":"20","resourceName":"compliance"},"resourceName":"compliance"},"header":{"x-hostname":"localhost","x-locale":"en-US","x-role":"root","x-timezone":"+5.5:00"}},"reqId":"bac2b8ea-0fe5-4558-8c41-35bac1365f67","res":{"status":200},"responseTime":183,"timestamp":"2023-05-31T17:28:22.835Z"}
{"level":"info","message":"BEGIN: POST /api/compliance:get?filterByTk=4","reqId":"a1e19355-91ed-4dc7-8174-c1284884718b","timestamp":"2023-05-31T17:28:59.073Z"}
{"can":null,"level":"info","message":"ctx permission","reqId":"a1e19355-91ed-4dc7-8174-c1284884718b","timestamp":"2023-05-31T17:28:59.076Z"}
{"level":"error","message":"No permissions","reqId":"a1e19355-91ed-4dc7-8174-c1284884718b","stack":"ForbiddenError: No permissions\n    at Object.throw (C:\\Users\\chand\\OneDrive\\Documents\\complimatrix-dev\\node_modules\\koa\\lib\\context.js:97:11)\n    at ACL.<anonymous> (C:\\Users\\chand\\OneDrive\\Documents\\complimatrix-dev\\packages\\core\\acl\\src\\acl.ts:127:20)\n    at Generator.next (<anonymous>)\n    at C:\\Users\\chand\\OneDrive\\Documents\\complimatrix-dev\\packages\\core\\acl\\src\\acl.ts:8:71\n    at new Promise (<anonymous>)\n    at __awaiter (C:\\Users\\chand\\OneDrive\\Documents\\complimatrix-dev\\packages\\core\\acl\\src\\acl.ts:4:12)\n    at middlewares.add.tag (C:\\Users\\chand\\OneDrive\\Documents\\complimatrix-dev\\packages\\core\\acl\\src\\acl.ts:118:27)\n    at dispatch (C:\\Users\\chand\\OneDrive\\Documents\\complimatrix-dev\\node_modules\\koa-compose\\index.js:42:32)\n    at PluginACL.<anonymous> (C:\\Users\\chand\\OneDrive\\Documents\\complimatrix-dev\\packages\\plugins\\acl\\src\\server.ts:551:15)\n    at Generator.next (<anonymous>)","timestamp":"2023-05-31T17:28:59.077Z"}
{"errors":[{"message":"No permissions"}],"level":"warn","message":"END: POST /api/compliance:get?filterByTk=4","req":{"action":{"actionName":"get","params":{"actionName":"get","filterByTk":"4","resourceName":"compliance","values":{"password":"admin123","username":"admin@nocobase.com"}},"resourceName":"compliance"}},"reqId":"a1e19355-91ed-4dc7-8174-c1284884718b","res":{"status":403},"responseTime":7,"timestamp":"2023-05-31T17:28:59.079Z"}
{"level":"info","message":"BEGIN: GET /api/compliance:get?filterByTk=4","reqId":"e22b5338-435b-41c1-b81c-a81e393047f5","timestamp":"2023-05-31T17:29:42.739Z"}
{"can":null,"level":"info","message":"ctx permission","reqId":"e22b5338-435b-41c1-b81c-a81e393047f5","timestamp":"2023-05-31T17:29:42.742Z"}
{"level":"error","message":"No permissions","reqId":"e22b5338-435b-41c1-b81c-a81e393047f5","stack":"ForbiddenError: No permissions\n    at Object.throw (C:\\Users\\chand\\OneDrive\\Documents\\complimatrix-dev\\node_modules\\koa\\lib\\context.js:97:11)\n    at ACL.<anonymous> (C:\\Users\\chand\\OneDrive\\Documents\\complimatrix-dev\\packages\\core\\acl\\src\\acl.ts:127:20)\n    at Generator.next (<anonymous>)\n    at C:\\Users\\chand\\OneDrive\\Documents\\complimatrix-dev\\packages\\core\\acl\\src\\acl.ts:8:71\n    at new Promise (<anonymous>)\n    at __awaiter (C:\\Users\\chand\\OneDrive\\Documents\\complimatrix-dev\\packages\\core\\acl\\src\\acl.ts:4:12)\n    at middlewares.add.tag (C:\\Users\\chand\\OneDrive\\Documents\\complimatrix-dev\\packages\\core\\acl\\src\\acl.ts:118:27)\n    at dispatch (C:\\Users\\chand\\OneDrive\\Documents\\complimatrix-dev\\node_modules\\koa-compose\\index.js:42:32)\n    at PluginACL.<anonymous> (C:\\Users\\chand\\OneDrive\\Documents\\complimatrix-dev\\packages\\plugins\\acl\\src\\server.ts:551:15)\n    at Generator.next (<anonymous>)","timestamp":"2023-05-31T17:29:42.742Z"}
{"errors":[{"message":"No permissions"}],"level":"warn","message":"END: GET /api/compliance:get?filterByTk=4","req":{"action":{"actionName":"get","params":{"actionName":"get","filterByTk":"4","resourceName":"compliance","values":{"password":"admin123","username":"admin@nocobase.com"}},"resourceName":"compliance"}},"reqId":"e22b5338-435b-41c1-b81c-a81e393047f5","res":{"status":403},"responseTime":4,"timestamp":"2023-05-31T17:29:42.743Z"}
