{"level":"info","message":"BEGIN: GET /api/app:getLang?locale=en-US","reqId":"8a7b50b4-fb4b-4667-b5fa-769cd59ec39b","timestamp":"2023-06-02T16:01:08.283Z"}
{"level":"info","message":"BEGIN: GET /api/app:getPlugins","reqId":"09c0e839-6ced-4ff1-9877-28ee682d44b8","timestamp":"2023-06-02T16:01:08.305Z"}
{"level":"info","message":"Current user id: 1","reqId":"8a7b50b4-fb4b-4667-b5fa-769cd59ec39b","timestamp":"2023-06-02T16:01:08.322Z"}
{"level":"info","message":"Current user id: 1","reqId":"09c0e839-6ced-4ff1-9877-28ee682d44b8","timestamp":"2023-06-02T16:01:08.325Z"}
{"can":null,"level":"info","message":"ctx permission","reqId":"8a7b50b4-fb4b-4667-b5fa-769cd59ec39b","skip":true,"timestamp":"2023-06-02T16:01:08.345Z"}
{"level":"info","message":"acl params","reqId":"8a7b50b4-fb4b-4667-b5fa-769cd59ec39b","timestamp":"2023-06-02T16:01:08.346Z"}
{"level":"info","message":"acl parsedParams","reqId":"8a7b50b4-fb4b-4667-b5fa-769cd59ec39b","timestamp":"2023-06-02T16:01:08.348Z"}
{"can":null,"level":"info","message":"ctx permission","reqId":"09c0e839-6ced-4ff1-9877-28ee682d44b8","skip":true,"timestamp":"2023-06-02T16:01:08.353Z"}
{"level":"info","message":"acl params","reqId":"09c0e839-6ced-4ff1-9877-28ee682d44b8","timestamp":"2023-06-02T16:01:08.354Z"}
{"level":"info","message":"acl parsedParams","reqId":"09c0e839-6ced-4ff1-9877-28ee682d44b8","timestamp":"2023-06-02T16:01:08.355Z"}
{"level":"info","message":"END: GET /api/app:getPlugins","req":{"action":{"actionName":"getPlugins","params":{"actionName":"getPlugins","resourceName":"app"},"resourceName":"app"},"header":{"x-hostname":"localhost","x-locale":"en-US","x-role":"root","x-timezone":"+5.5:00"}},"reqId":"09c0e839-6ced-4ff1-9877-28ee682d44b8","res":{"status":200},"responseTime":585,"timestamp":"2023-06-02T16:01:08.890Z"}
{"level":"info","message":"END: GET /api/app:getLang?locale=en-US","req":{"action":{"actionName":"getLang","params":{"actionName":"getLang","locale":"en-US","resourceName":"app"},"resourceName":"app"},"header":{"x-hostname":"localhost","x-locale":"en-US","x-role":"root","x-timezone":"+5.5:00"}},"reqId":"8a7b50b4-fb4b-4667-b5fa-769cd59ec39b","res":{"status":200},"responseTime":5831,"timestamp":"2023-06-02T16:01:14.113Z"}
{"level":"info","message":"BEGIN: GET /api/app:getLang?locale=en-US","reqId":"5ba90923-ec6e-4bfc-a6a7-db61665dce84","timestamp":"2023-06-02T16:01:14.123Z"}
{"level":"info","message":"Current user id: 1","reqId":"5ba90923-ec6e-4bfc-a6a7-db61665dce84","timestamp":"2023-06-02T16:01:14.135Z"}
{"can":null,"level":"info","message":"ctx permission","reqId":"5ba90923-ec6e-4bfc-a6a7-db61665dce84","skip":true,"timestamp":"2023-06-02T16:01:14.140Z"}
{"level":"info","message":"acl params","reqId":"5ba90923-ec6e-4bfc-a6a7-db61665dce84","timestamp":"2023-06-02T16:01:14.140Z"}
{"level":"info","message":"acl parsedParams","reqId":"5ba90923-ec6e-4bfc-a6a7-db61665dce84","timestamp":"2023-06-02T16:01:14.141Z"}
{"level":"info","message":"END: GET /api/app:getLang?locale=en-US","req":{"action":{"actionName":"getLang","params":{"actionName":"getLang","locale":"en-US","resourceName":"app"},"resourceName":"app"},"header":{"x-hostname":"localhost","x-locale":"en-US","x-role":"root","x-timezone":"+5.5:00"}},"reqId":"5ba90923-ec6e-4bfc-a6a7-db61665dce84","res":{"status":200},"responseTime":23,"timestamp":"2023-06-02T16:01:14.146Z"}
{"level":"info","message":"BEGIN: GET /api/uiRoutes:getAccessible","reqId":"4683a6ae-6b45-4c86-a3ca-1e530da74d08","timestamp":"2023-06-02T16:01:14.475Z"}
{"level":"info","message":"Current user id: 1","reqId":"4683a6ae-6b45-4c86-a3ca-1e530da74d08","timestamp":"2023-06-02T16:01:14.485Z"}
{"can":null,"level":"info","message":"ctx permission","reqId":"4683a6ae-6b45-4c86-a3ca-1e530da74d08","skip":true,"timestamp":"2023-06-02T16:01:14.494Z"}
{"level":"info","message":"acl params","reqId":"4683a6ae-6b45-4c86-a3ca-1e530da74d08","timestamp":"2023-06-02T16:01:14.496Z"}
{"level":"info","message":"acl parsedParams","reqId":"4683a6ae-6b45-4c86-a3ca-1e530da74d08","timestamp":"2023-06-02T16:01:14.496Z"}
{"level":"info","message":"END: GET /api/uiRoutes:getAccessible","req":{"action":{"actionName":"getAccessible","params":{"actionName":"getAccessible","resourceName":"uiRoutes"},"resourceName":"uiRoutes"},"header":{"x-hostname":"localhost","x-locale":"en-US","x-role":"root","x-timezone":"+5.5:00"}},"reqId":"4683a6ae-6b45-4c86-a3ca-1e530da74d08","res":{"status":200},"responseTime":28,"timestamp":"2023-06-02T16:01:14.503Z"}
{"level":"info","message":"BEGIN: GET /api/systemSettings:get/1?appends=logo","reqId":"35ff5f51-3a21-49b4-9a80-90c4dcfc953f","timestamp":"2023-06-02T16:01:14.728Z"}
{"level":"info","message":"Current user id: 1","reqId":"35ff5f51-3a21-49b4-9a80-90c4dcfc953f","timestamp":"2023-06-02T16:01:14.739Z"}
{"can":null,"level":"info","message":"ctx permission","reqId":"35ff5f51-3a21-49b4-9a80-90c4dcfc953f","skip":true,"timestamp":"2023-06-02T16:01:14.746Z"}
{"level":"info","message":"acl params","reqId":"35ff5f51-3a21-49b4-9a80-90c4dcfc953f","timestamp":"2023-06-02T16:01:14.748Z"}
{"level":"info","message":"acl parsedParams","reqId":"35ff5f51-3a21-49b4-9a80-90c4dcfc953f","timestamp":"2023-06-02T16:01:14.749Z"}
{"level":"info","message":"END: GET /api/systemSettings:get/1?appends=logo","req":{"action":{"actionName":"get","params":{"actionName":"get","appends":["logo"],"filterByTk":"1","resourceIndex":"1","resourceName":"systemSettings"},"resourceName":"systemSettings"},"header":{"x-hostname":"localhost","x-locale":"en-US","x-role":"root","x-timezone":"+5.5:00"}},"reqId":"35ff5f51-3a21-49b4-9a80-90c4dcfc953f","res":{"status":200},"responseTime":40,"timestamp":"2023-06-02T16:01:14.768Z"}
{"level":"info","message":"BEGIN: GET /api/app:getInfo","reqId":"c665cd4e-7dcd-4bd5-96b1-038eee14296e","timestamp":"2023-06-02T16:01:14.830Z"}
{"level":"info","message":"Current user id: 1","reqId":"c665cd4e-7dcd-4bd5-96b1-038eee14296e","timestamp":"2023-06-02T16:01:14.840Z"}
{"can":null,"level":"info","message":"ctx permission","reqId":"c665cd4e-7dcd-4bd5-96b1-038eee14296e","skip":true,"timestamp":"2023-06-02T16:01:14.851Z"}
{"level":"info","message":"acl params","reqId":"c665cd4e-7dcd-4bd5-96b1-038eee14296e","timestamp":"2023-06-02T16:01:14.853Z"}
{"level":"info","message":"acl parsedParams","reqId":"c665cd4e-7dcd-4bd5-96b1-038eee14296e","timestamp":"2023-06-02T16:01:14.853Z"}
{"level":"info","message":"END: GET /api/app:getInfo","req":{"action":{"actionName":"getInfo","params":{"actionName":"getInfo","resourceName":"app"},"resourceName":"app"},"header":{"x-hostname":"localhost","x-locale":"en-US","x-role":"root","x-timezone":"+5.5:00"}},"reqId":"c665cd4e-7dcd-4bd5-96b1-038eee14296e","res":{"status":200},"responseTime":32,"timestamp":"2023-06-02T16:01:14.863Z"}
{"level":"info","message":"BEGIN: POST /api/chartsQueries:listMetadata?paginate=false&sort%5B%5D=-id","reqId":"2ac7ff41-0b21-4d75-be6d-bd79cc7e4291","timestamp":"2023-06-02T16:01:15.134Z"}
{"level":"info","message":"Current user id: 1","reqId":"2ac7ff41-0b21-4d75-be6d-bd79cc7e4291","timestamp":"2023-06-02T16:01:15.173Z"}
{"can":{"action":"listMetadata","resource":"chartsQueries","role":"root"},"level":"info","message":"ctx permission","reqId":"2ac7ff41-0b21-4d75-be6d-bd79cc7e4291","skip":true,"timestamp":"2023-06-02T16:01:15.181Z"}
{"level":"info","message":"acl params","reqId":"2ac7ff41-0b21-4d75-be6d-bd79cc7e4291","timestamp":"2023-06-02T16:01:15.182Z"}
{"level":"info","message":"acl parsedParams","reqId":"2ac7ff41-0b21-4d75-be6d-bd79cc7e4291","timestamp":"2023-06-02T16:01:15.183Z"}
{"level":"info","message":"END: POST /api/chartsQueries:listMetadata?paginate=false&sort%5B%5D=-id","req":{"action":{"actionName":"listMetadata","params":{"actionName":"listMetadata","paginate":"false","resourceName":"chartsQueries","sort":["-id"]},"resourceName":"chartsQueries"},"header":{"x-hostname":"localhost","x-locale":"en-US","x-role":"root","x-timezone":"+5.5:00"}},"reqId":"2ac7ff41-0b21-4d75-be6d-bd79cc7e4291","res":{"status":200},"responseTime":51,"timestamp":"2023-06-02T16:01:15.185Z"}
{"level":"info","message":"BEGIN: GET /api/app:getInfo","reqId":"564048c7-3c05-4a1a-9778-73cbf4a68143","timestamp":"2023-06-02T16:01:15.506Z"}
{"level":"info","message":"Current user id: 1","reqId":"564048c7-3c05-4a1a-9778-73cbf4a68143","timestamp":"2023-06-02T16:01:15.517Z"}
{"can":null,"level":"info","message":"ctx permission","reqId":"564048c7-3c05-4a1a-9778-73cbf4a68143","skip":true,"timestamp":"2023-06-02T16:01:15.522Z"}
{"level":"info","message":"acl params","reqId":"564048c7-3c05-4a1a-9778-73cbf4a68143","timestamp":"2023-06-02T16:01:15.523Z"}
{"level":"info","message":"acl parsedParams","reqId":"564048c7-3c05-4a1a-9778-73cbf4a68143","timestamp":"2023-06-02T16:01:15.523Z"}
{"level":"info","message":"END: GET /api/app:getInfo","req":{"action":{"actionName":"getInfo","params":{"actionName":"getInfo","resourceName":"app"},"resourceName":"app"},"header":{"x-hostname":"localhost","x-locale":"en-US","x-role":"root","x-timezone":"+5.5:00"}},"reqId":"564048c7-3c05-4a1a-9778-73cbf4a68143","res":{"status":200},"responseTime":23,"timestamp":"2023-06-02T16:01:15.529Z"}
{"level":"info","message":"BEGIN: GET /api/users:check","reqId":"7ae18200-cbed-4b59-b756-8de0ee77b858","timestamp":"2023-06-02T16:01:15.758Z"}
{"level":"info","message":"Current user id: 1","reqId":"7ae18200-cbed-4b59-b756-8de0ee77b858","timestamp":"2023-06-02T16:01:15.768Z"}
{"can":null,"level":"info","message":"ctx permission","reqId":"7ae18200-cbed-4b59-b756-8de0ee77b858","skip":true,"timestamp":"2023-06-02T16:01:15.776Z"}
{"level":"info","message":"acl params","reqId":"7ae18200-cbed-4b59-b756-8de0ee77b858","timestamp":"2023-06-02T16:01:15.777Z"}
{"level":"info","message":"acl parsedParams","reqId":"7ae18200-cbed-4b59-b756-8de0ee77b858","timestamp":"2023-06-02T16:01:15.777Z"}
{"level":"info","message":"END: GET /api/users:check","req":{"action":{"actionName":"check","params":{"actionName":"check","resourceName":"users"},"resourceName":"users"},"header":{"x-hostname":"localhost","x-locale":"en-US","x-role":"root","x-timezone":"+5.5:00"}},"reqId":"7ae18200-cbed-4b59-b756-8de0ee77b858","res":{"status":200},"responseTime":22,"timestamp":"2023-06-02T16:01:15.780Z"}
{"level":"info","message":"BEGIN: GET /api/uiSchemaTemplates:list?appends%5B%5D=collection&paginate=false","reqId":"0ecf12d5-9018-48c6-a79b-f1f7dcfeddd5","timestamp":"2023-06-02T16:01:15.847Z"}
{"level":"info","message":"Current user id: 1","reqId":"0ecf12d5-9018-48c6-a79b-f1f7dcfeddd5","timestamp":"2023-06-02T16:01:15.859Z"}
{"can":{"action":"list","resource":"uiSchemaTemplates","role":"root"},"level":"info","message":"ctx permission","reqId":"0ecf12d5-9018-48c6-a79b-f1f7dcfeddd5","skip":true,"timestamp":"2023-06-02T16:01:15.865Z"}
{"level":"info","message":"acl params","reqId":"0ecf12d5-9018-48c6-a79b-f1f7dcfeddd5","timestamp":"2023-06-02T16:01:15.866Z"}
{"level":"info","message":"acl parsedParams","reqId":"0ecf12d5-9018-48c6-a79b-f1f7dcfeddd5","timestamp":"2023-06-02T16:01:15.867Z"}
{"level":"info","message":"END: GET /api/uiSchemaTemplates:list?appends%5B%5D=collection&paginate=false","req":{"action":{"actionName":"list","params":{"actionName":"list","appends":["collection"],"paginate":"false","resourceName":"uiSchemaTemplates"},"resourceName":"uiSchemaTemplates"},"header":{"x-hostname":"localhost","x-locale":"en-US","x-role":"root","x-timezone":"+5.5:00"}},"reqId":"0ecf12d5-9018-48c6-a79b-f1f7dcfeddd5","res":{"status":200},"responseTime":34,"timestamp":"2023-06-02T16:01:15.881Z"}
{"level":"info","message":"BEGIN: GET /api/collections:list?paginate=false&appends%5B%5D=fields&appends%5B%5D=category&sort%5B%5D=sort&filter=%7B%7D","reqId":"862308cd-2936-4a68-bbed-fd5d5a078a3f","timestamp":"2023-06-02T16:01:16.102Z"}
{"level":"info","message":"Current user id: 1","reqId":"862308cd-2936-4a68-bbed-fd5d5a078a3f","timestamp":"2023-06-02T16:01:16.113Z"}
{"can":{"action":"list","resource":"collections","role":"root"},"level":"info","message":"ctx permission","reqId":"862308cd-2936-4a68-bbed-fd5d5a078a3f","skip":true,"timestamp":"2023-06-02T16:01:16.119Z"}
{"level":"info","message":"acl params","reqId":"862308cd-2936-4a68-bbed-fd5d5a078a3f","timestamp":"2023-06-02T16:01:16.120Z"}
{"level":"info","message":"acl parsedParams","reqId":"862308cd-2936-4a68-bbed-fd5d5a078a3f","timestamp":"2023-06-02T16:01:16.121Z"}
{"level":"info","message":"END: GET /api/collections:list?paginate=false&appends%5B%5D=fields&appends%5B%5D=category&sort%5B%5D=sort&filter=%7B%7D","req":{"action":{"actionName":"list","params":{"actionName":"list","appends":["fields","category"],"filter":{},"paginate":"false","resourceName":"collections","sort":["sort"]},"resourceName":"collections"},"header":{"x-hostname":"localhost","x-locale":"en-US","x-role":"root","x-timezone":"+5.5:00"}},"reqId":"862308cd-2936-4a68-bbed-fd5d5a078a3f","res":{"status":200},"responseTime":42,"timestamp":"2023-06-02T16:01:16.144Z"}
{"level":"info","message":"BEGIN: GET /api/collectionCategories:list?paginate=false&sort%5B%5D=sort","reqId":"9d2d423f-31f4-4fe6-bca9-7b3492af458e","timestamp":"2023-06-02T16:01:16.201Z"}
{"level":"info","message":"BEGIN: GET /api/roles:check","reqId":"63c983cf-dc77-4c45-a825-1932ea505a38","timestamp":"2023-06-02T16:01:16.207Z"}
{"level":"info","message":"Current user id: 1","reqId":"9d2d423f-31f4-4fe6-bca9-7b3492af458e","timestamp":"2023-06-02T16:01:16.217Z"}
{"level":"info","message":"Current user id: 1","reqId":"63c983cf-dc77-4c45-a825-1932ea505a38","timestamp":"2023-06-02T16:01:16.219Z"}
{"can":null,"level":"info","message":"ctx permission","reqId":"9d2d423f-31f4-4fe6-bca9-7b3492af458e","skip":true,"timestamp":"2023-06-02T16:01:16.227Z"}
{"level":"info","message":"acl params","reqId":"9d2d423f-31f4-4fe6-bca9-7b3492af458e","timestamp":"2023-06-02T16:01:16.229Z"}
{"level":"info","message":"acl parsedParams","reqId":"9d2d423f-31f4-4fe6-bca9-7b3492af458e","timestamp":"2023-06-02T16:01:16.230Z"}
{"can":{"action":"check","resource":"roles","role":"root"},"level":"info","message":"ctx permission","reqId":"63c983cf-dc77-4c45-a825-1932ea505a38","skip":true,"timestamp":"2023-06-02T16:01:16.234Z"}
{"level":"info","message":"acl params","reqId":"63c983cf-dc77-4c45-a825-1932ea505a38","timestamp":"2023-06-02T16:01:16.235Z"}
{"level":"info","message":"acl parsedParams","reqId":"63c983cf-dc77-4c45-a825-1932ea505a38","timestamp":"2023-06-02T16:01:16.235Z"}
{"level":"info","message":"END: GET /api/collectionCategories:list?paginate=false&sort%5B%5D=sort","req":{"action":{"actionName":"list","params":{"actionName":"list","paginate":"false","resourceName":"collectionCategories","sort":["sort"]},"resourceName":"collectionCategories"},"header":{"x-hostname":"localhost","x-locale":"en-US","x-role":"root","x-timezone":"+5.5:00"}},"reqId":"9d2d423f-31f4-4fe6-bca9-7b3492af458e","res":{"status":200},"responseTime":44,"timestamp":"2023-06-02T16:01:16.245Z"}
{"level":"info","message":"END: GET /api/roles:check","req":{"action":{"actionName":"check","params":{"actionName":"check","resourceName":"roles"},"resourceName":"roles"},"header":{"x-hostname":"localhost","x-locale":"en-US","x-role":"root","x-timezone":"+5.5:00"}},"reqId":"63c983cf-dc77-4c45-a825-1932ea505a38","res":{"status":200},"responseTime":46,"timestamp":"2023-06-02T16:01:16.254Z"}
{"level":"info","message":"BEGIN: GET /api/uiSchemas:getJsonSchema/x4gw3mbp2pc","reqId":"c692d3cc-16dd-4a7e-aee3-837255c25e4a","timestamp":"2023-06-02T16:01:16.488Z"}
{"level":"info","message":"Current user id: 1","reqId":"c692d3cc-16dd-4a7e-aee3-837255c25e4a","timestamp":"2023-06-02T16:01:16.497Z"}
{"can":null,"level":"info","message":"ctx permission","reqId":"c692d3cc-16dd-4a7e-aee3-837255c25e4a","skip":true,"timestamp":"2023-06-02T16:01:16.505Z"}
{"level":"info","message":"acl params","reqId":"c692d3cc-16dd-4a7e-aee3-837255c25e4a","timestamp":"2023-06-02T16:01:16.505Z"}
{"level":"info","message":"acl parsedParams","reqId":"c692d3cc-16dd-4a7e-aee3-837255c25e4a","timestamp":"2023-06-02T16:01:16.506Z"}
{"level":"info","message":"END: GET /api/uiSchemas:getJsonSchema/x4gw3mbp2pc","req":{"action":{"actionName":"getJsonSchema","params":{"actionName":"getJsonSchema","filterByTk":"x4gw3mbp2pc","resourceIndex":"x4gw3mbp2pc","resourceName":"uiSchemas"},"resourceName":"uiSchemas"},"header":{"x-hostname":"localhost","x-locale":"en-US","x-role":"root","x-timezone":"+5.5:00"}},"reqId":"c692d3cc-16dd-4a7e-aee3-837255c25e4a","res":{"status":200},"responseTime":36,"timestamp":"2023-06-02T16:01:16.524Z"}
{"level":"info","message":"BEGIN: GET /api/uiSchemas:getProperties/x1meclgs8hv","reqId":"7b24b50f-aa24-4bbe-8635-b13d704a9465","timestamp":"2023-06-02T16:01:16.658Z"}
{"level":"info","message":"Current user id: 1","reqId":"7b24b50f-aa24-4bbe-8635-b13d704a9465","timestamp":"2023-06-02T16:01:16.667Z"}
{"can":{"action":"getProperties","resource":"uiSchemas","role":"root"},"level":"info","message":"ctx permission","reqId":"7b24b50f-aa24-4bbe-8635-b13d704a9465","skip":true,"timestamp":"2023-06-02T16:01:16.672Z"}
{"level":"info","message":"acl params","reqId":"7b24b50f-aa24-4bbe-8635-b13d704a9465","timestamp":"2023-06-02T16:01:16.673Z"}
{"level":"info","message":"acl parsedParams","reqId":"7b24b50f-aa24-4bbe-8635-b13d704a9465","timestamp":"2023-06-02T16:01:16.673Z"}
{"level":"info","message":"END: GET /api/uiSchemas:getProperties/x1meclgs8hv","req":{"action":{"actionName":"getProperties","params":{"actionName":"getProperties","filterByTk":"x1meclgs8hv","resourceIndex":"x1meclgs8hv","resourceName":"uiSchemas"},"resourceName":"uiSchemas"},"header":{"x-hostname":"localhost","x-locale":"en-US","x-role":"root","x-timezone":"+5.5:00"}},"reqId":"7b24b50f-aa24-4bbe-8635-b13d704a9465","res":{"status":200},"responseTime":30,"timestamp":"2023-06-02T16:01:16.688Z"}
{"level":"info","message":"BEGIN: GET /api/app:getLang?locale=en-US","reqId":"59575b7f-6e9c-4d04-a7e6-8075931ed0c3","timestamp":"2023-06-02T16:01:23.781Z"}
{"level":"info","message":"BEGIN: GET /api/app:getPlugins","reqId":"ade37ddc-0e4a-4f5b-aba4-38548eee73a7","timestamp":"2023-06-02T16:01:23.785Z"}
{"level":"info","message":"Current user id: 1","reqId":"59575b7f-6e9c-4d04-a7e6-8075931ed0c3","timestamp":"2023-06-02T16:01:23.800Z"}
{"level":"info","message":"Current user id: 1","reqId":"ade37ddc-0e4a-4f5b-aba4-38548eee73a7","timestamp":"2023-06-02T16:01:23.801Z"}
{"can":null,"level":"info","message":"ctx permission","reqId":"59575b7f-6e9c-4d04-a7e6-8075931ed0c3","skip":true,"timestamp":"2023-06-02T16:01:23.811Z"}
{"level":"info","message":"acl params","reqId":"59575b7f-6e9c-4d04-a7e6-8075931ed0c3","timestamp":"2023-06-02T16:01:23.811Z"}
{"level":"info","message":"acl parsedParams","reqId":"59575b7f-6e9c-4d04-a7e6-8075931ed0c3","timestamp":"2023-06-02T16:01:23.812Z"}
{"can":null,"level":"info","message":"ctx permission","reqId":"ade37ddc-0e4a-4f5b-aba4-38548eee73a7","skip":true,"timestamp":"2023-06-02T16:01:23.814Z"}
{"level":"info","message":"acl params","reqId":"ade37ddc-0e4a-4f5b-aba4-38548eee73a7","timestamp":"2023-06-02T16:01:23.815Z"}
{"level":"info","message":"acl parsedParams","reqId":"ade37ddc-0e4a-4f5b-aba4-38548eee73a7","timestamp":"2023-06-02T16:01:23.815Z"}
{"level":"info","message":"END: GET /api/app:getLang?locale=en-US","req":{"action":{"actionName":"getLang","params":{"actionName":"getLang","locale":"en-US","resourceName":"app"},"resourceName":"app"},"header":{"x-hostname":"localhost","x-locale":"en-US","x-role":"root","x-timezone":"+5.5:00"}},"reqId":"59575b7f-6e9c-4d04-a7e6-8075931ed0c3","res":{"status":200},"responseTime":41,"timestamp":"2023-06-02T16:01:23.822Z"}
{"level":"info","message":"END: GET /api/app:getPlugins","req":{"action":{"actionName":"getPlugins","params":{"actionName":"getPlugins","resourceName":"app"},"resourceName":"app"},"header":{"x-hostname":"localhost","x-locale":"en-US","x-role":"root","x-timezone":"+5.5:00"}},"reqId":"ade37ddc-0e4a-4f5b-aba4-38548eee73a7","res":{"status":200},"responseTime":114,"timestamp":"2023-06-02T16:01:23.899Z"}
{"level":"info","message":"BEGIN: GET /api/app:getLang?locale=en-US","reqId":"29f11e2d-bf89-40d5-8bf8-a39e0c689c7e","timestamp":"2023-06-02T16:01:23.986Z"}
{"level":"info","message":"Current user id: 1","reqId":"29f11e2d-bf89-40d5-8bf8-a39e0c689c7e","timestamp":"2023-06-02T16:01:23.991Z"}
{"can":null,"level":"info","message":"ctx permission","reqId":"29f11e2d-bf89-40d5-8bf8-a39e0c689c7e","skip":true,"timestamp":"2023-06-02T16:01:23.996Z"}
{"level":"info","message":"acl params","reqId":"29f11e2d-bf89-40d5-8bf8-a39e0c689c7e","timestamp":"2023-06-02T16:01:23.996Z"}
{"level":"info","message":"acl parsedParams","reqId":"29f11e2d-bf89-40d5-8bf8-a39e0c689c7e","timestamp":"2023-06-02T16:01:23.997Z"}
{"level":"info","message":"END: GET /api/app:getLang?locale=en-US","req":{"action":{"actionName":"getLang","params":{"actionName":"getLang","locale":"en-US","resourceName":"app"},"resourceName":"app"},"header":{"x-hostname":"localhost","x-locale":"en-US","x-role":"root","x-timezone":"+5.5:00"}},"reqId":"29f11e2d-bf89-40d5-8bf8-a39e0c689c7e","res":{"status":200},"responseTime":14,"timestamp":"2023-06-02T16:01:24.000Z"}
{"level":"info","message":"BEGIN: GET /api/uiRoutes:getAccessible","reqId":"0f6be4ce-c54b-47a2-942f-8bcf0c2ecff9","timestamp":"2023-06-02T16:01:24.280Z"}
{"level":"info","message":"Current user id: 1","reqId":"0f6be4ce-c54b-47a2-942f-8bcf0c2ecff9","timestamp":"2023-06-02T16:01:24.288Z"}
{"can":null,"level":"info","message":"ctx permission","reqId":"0f6be4ce-c54b-47a2-942f-8bcf0c2ecff9","skip":true,"timestamp":"2023-06-02T16:01:24.294Z"}
{"level":"info","message":"acl params","reqId":"0f6be4ce-c54b-47a2-942f-8bcf0c2ecff9","timestamp":"2023-06-02T16:01:24.295Z"}
{"level":"info","message":"acl parsedParams","reqId":"0f6be4ce-c54b-47a2-942f-8bcf0c2ecff9","timestamp":"2023-06-02T16:01:24.295Z"}
{"level":"info","message":"END: GET /api/uiRoutes:getAccessible","req":{"action":{"actionName":"getAccessible","params":{"actionName":"getAccessible","resourceName":"uiRoutes"},"resourceName":"uiRoutes"},"header":{"x-hostname":"localhost","x-locale":"en-US","x-role":"root","x-timezone":"+5.5:00"}},"reqId":"0f6be4ce-c54b-47a2-942f-8bcf0c2ecff9","res":{"status":200},"responseTime":18,"timestamp":"2023-06-02T16:01:24.298Z"}
{"level":"info","message":"BEGIN: GET /api/systemSettings:get/1?appends=logo","reqId":"90f3c016-f2c3-4543-a254-2a75f6365407","timestamp":"2023-06-02T16:01:24.321Z"}
{"level":"info","message":"Current user id: 1","reqId":"90f3c016-f2c3-4543-a254-2a75f6365407","timestamp":"2023-06-02T16:01:24.330Z"}
{"can":null,"level":"info","message":"ctx permission","reqId":"90f3c016-f2c3-4543-a254-2a75f6365407","skip":true,"timestamp":"2023-06-02T16:01:24.334Z"}
{"level":"info","message":"acl params","reqId":"90f3c016-f2c3-4543-a254-2a75f6365407","timestamp":"2023-06-02T16:01:24.335Z"}
{"level":"info","message":"acl parsedParams","reqId":"90f3c016-f2c3-4543-a254-2a75f6365407","timestamp":"2023-06-02T16:01:24.335Z"}
{"level":"info","message":"END: GET /api/systemSettings:get/1?appends=logo","req":{"action":{"actionName":"get","params":{"actionName":"get","appends":["logo"],"filterByTk":"1","resourceIndex":"1","resourceName":"systemSettings"},"resourceName":"systemSettings"},"header":{"x-hostname":"localhost","x-locale":"en-US","x-role":"root","x-timezone":"+5.5:00"}},"reqId":"90f3c016-f2c3-4543-a254-2a75f6365407","res":{"status":200},"responseTime":23,"timestamp":"2023-06-02T16:01:24.344Z"}
{"level":"info","message":"BEGIN: GET /api/app:getInfo","reqId":"69e43102-681a-4d28-8c65-a9a37c1a9191","timestamp":"2023-06-02T16:01:24.450Z"}
{"level":"info","message":"Current user id: 1","reqId":"69e43102-681a-4d28-8c65-a9a37c1a9191","timestamp":"2023-06-02T16:01:24.461Z"}
{"can":null,"level":"info","message":"ctx permission","reqId":"69e43102-681a-4d28-8c65-a9a37c1a9191","skip":true,"timestamp":"2023-06-02T16:01:24.467Z"}
{"level":"info","message":"acl params","reqId":"69e43102-681a-4d28-8c65-a9a37c1a9191","timestamp":"2023-06-02T16:01:24.468Z"}
{"level":"info","message":"acl parsedParams","reqId":"69e43102-681a-4d28-8c65-a9a37c1a9191","timestamp":"2023-06-02T16:01:24.468Z"}
{"level":"info","message":"END: GET /api/app:getInfo","req":{"action":{"actionName":"getInfo","params":{"actionName":"getInfo","resourceName":"app"},"resourceName":"app"},"header":{"x-hostname":"localhost","x-locale":"en-US","x-role":"root","x-timezone":"+5.5:00"}},"reqId":"69e43102-681a-4d28-8c65-a9a37c1a9191","res":{"status":200},"responseTime":22,"timestamp":"2023-06-02T16:01:24.472Z"}
{"level":"info","message":"BEGIN: POST /api/chartsQueries:listMetadata?paginate=false&sort%5B%5D=-id","reqId":"b7bcd51a-053d-4968-97a3-09c21dadc33a","timestamp":"2023-06-02T16:01:24.614Z"}
{"level":"info","message":"Current user id: 1","reqId":"b7bcd51a-053d-4968-97a3-09c21dadc33a","timestamp":"2023-06-02T16:01:24.625Z"}
{"can":{"action":"listMetadata","resource":"chartsQueries","role":"root"},"level":"info","message":"ctx permission","reqId":"b7bcd51a-053d-4968-97a3-09c21dadc33a","skip":true,"timestamp":"2023-06-02T16:01:24.635Z"}
{"level":"info","message":"acl params","reqId":"b7bcd51a-053d-4968-97a3-09c21dadc33a","timestamp":"2023-06-02T16:01:24.635Z"}
{"level":"info","message":"acl parsedParams","reqId":"b7bcd51a-053d-4968-97a3-09c21dadc33a","timestamp":"2023-06-02T16:01:24.636Z"}
{"level":"info","message":"END: POST /api/chartsQueries:listMetadata?paginate=false&sort%5B%5D=-id","req":{"action":{"actionName":"listMetadata","params":{"actionName":"listMetadata","paginate":"false","resourceName":"chartsQueries","sort":["-id"]},"resourceName":"chartsQueries"},"header":{"x-hostname":"localhost","x-locale":"en-US","x-role":"root","x-timezone":"+5.5:00"}},"reqId":"b7bcd51a-053d-4968-97a3-09c21dadc33a","res":{"status":200},"responseTime":24,"timestamp":"2023-06-02T16:01:24.638Z"}
{"level":"info","message":"BEGIN: GET /api/app:getInfo","reqId":"268c968f-3cc1-4844-91d0-32b0a9afcb24","timestamp":"2023-06-02T16:01:24.683Z"}
{"level":"info","message":"Current user id: 1","reqId":"268c968f-3cc1-4844-91d0-32b0a9afcb24","timestamp":"2023-06-02T16:01:24.695Z"}
{"can":null,"level":"info","message":"ctx permission","reqId":"268c968f-3cc1-4844-91d0-32b0a9afcb24","skip":true,"timestamp":"2023-06-02T16:01:24.702Z"}
{"level":"info","message":"acl params","reqId":"268c968f-3cc1-4844-91d0-32b0a9afcb24","timestamp":"2023-06-02T16:01:24.703Z"}
{"level":"info","message":"acl parsedParams","reqId":"268c968f-3cc1-4844-91d0-32b0a9afcb24","timestamp":"2023-06-02T16:01:24.703Z"}
{"level":"info","message":"END: GET /api/app:getInfo","req":{"action":{"actionName":"getInfo","params":{"actionName":"getInfo","resourceName":"app"},"resourceName":"app"},"header":{"x-hostname":"localhost","x-locale":"en-US","x-role":"root","x-timezone":"+5.5:00"}},"reqId":"268c968f-3cc1-4844-91d0-32b0a9afcb24","res":{"status":200},"responseTime":24,"timestamp":"2023-06-02T16:01:24.707Z"}
{"level":"info","message":"BEGIN: GET /api/users:check","reqId":"fe38b410-ec2a-449e-b57f-76fe4843a7d4","timestamp":"2023-06-02T16:01:24.722Z"}
{"level":"info","message":"Current user id: 1","reqId":"fe38b410-ec2a-449e-b57f-76fe4843a7d4","timestamp":"2023-06-02T16:01:24.752Z"}
{"can":null,"level":"info","message":"ctx permission","reqId":"fe38b410-ec2a-449e-b57f-76fe4843a7d4","skip":true,"timestamp":"2023-06-02T16:01:24.761Z"}
{"level":"info","message":"acl params","reqId":"fe38b410-ec2a-449e-b57f-76fe4843a7d4","timestamp":"2023-06-02T16:01:24.762Z"}
{"level":"info","message":"acl parsedParams","reqId":"fe38b410-ec2a-449e-b57f-76fe4843a7d4","timestamp":"2023-06-02T16:01:24.763Z"}
{"level":"info","message":"END: GET /api/users:check","req":{"action":{"actionName":"check","params":{"actionName":"check","resourceName":"users"},"resourceName":"users"},"header":{"x-hostname":"localhost","x-locale":"en-US","x-role":"root","x-timezone":"+5.5:00"}},"reqId":"fe38b410-ec2a-449e-b57f-76fe4843a7d4","res":{"status":200},"responseTime":43,"timestamp":"2023-06-02T16:01:24.765Z"}
{"level":"info","message":"BEGIN: GET /api/uiSchemaTemplates:list?appends%5B%5D=collection&paginate=false","reqId":"35b7c2d6-0f79-45ca-9c0d-5bed3d2be666","timestamp":"2023-06-02T16:01:24.971Z"}
{"level":"info","message":"Current user id: 1","reqId":"35b7c2d6-0f79-45ca-9c0d-5bed3d2be666","timestamp":"2023-06-02T16:01:24.980Z"}
{"can":{"action":"list","resource":"uiSchemaTemplates","role":"root"},"level":"info","message":"ctx permission","reqId":"35b7c2d6-0f79-45ca-9c0d-5bed3d2be666","skip":true,"timestamp":"2023-06-02T16:01:24.996Z"}
{"level":"info","message":"acl params","reqId":"35b7c2d6-0f79-45ca-9c0d-5bed3d2be666","timestamp":"2023-06-02T16:01:24.997Z"}
{"level":"info","message":"acl parsedParams","reqId":"35b7c2d6-0f79-45ca-9c0d-5bed3d2be666","timestamp":"2023-06-02T16:01:24.997Z"}
{"level":"info","message":"END: GET /api/uiSchemaTemplates:list?appends%5B%5D=collection&paginate=false","req":{"action":{"actionName":"list","params":{"actionName":"list","appends":["collection"],"paginate":"false","resourceName":"uiSchemaTemplates"},"resourceName":"uiSchemaTemplates"},"header":{"x-hostname":"localhost","x-locale":"en-US","x-role":"root","x-timezone":"+5.5:00"}},"reqId":"35b7c2d6-0f79-45ca-9c0d-5bed3d2be666","res":{"status":200},"responseTime":43,"timestamp":"2023-06-02T16:01:25.014Z"}
{"level":"info","message":"BEGIN: GET /api/collections:list?paginate=false&appends%5B%5D=fields&appends%5B%5D=category&sort%5B%5D=sort&filter=%7B%7D","reqId":"5f8f72a1-8a0e-481d-a48b-c654d7710cf0","timestamp":"2023-06-02T16:01:25.089Z"}
{"level":"info","message":"Current user id: 1","reqId":"5f8f72a1-8a0e-481d-a48b-c654d7710cf0","timestamp":"2023-06-02T16:01:25.109Z"}
{"can":{"action":"list","resource":"collections","role":"root"},"level":"info","message":"ctx permission","reqId":"5f8f72a1-8a0e-481d-a48b-c654d7710cf0","skip":true,"timestamp":"2023-06-02T16:01:25.116Z"}
{"level":"info","message":"acl params","reqId":"5f8f72a1-8a0e-481d-a48b-c654d7710cf0","timestamp":"2023-06-02T16:01:25.116Z"}
{"level":"info","message":"acl parsedParams","reqId":"5f8f72a1-8a0e-481d-a48b-c654d7710cf0","timestamp":"2023-06-02T16:01:25.118Z"}
{"level":"info","message":"END: GET /api/collections:list?paginate=false&appends%5B%5D=fields&appends%5B%5D=category&sort%5B%5D=sort&filter=%7B%7D","req":{"action":{"actionName":"list","params":{"actionName":"list","appends":["fields","category"],"filter":{},"paginate":"false","resourceName":"collections","sort":["sort"]},"resourceName":"collections"},"header":{"x-hostname":"localhost","x-locale":"en-US","x-role":"root","x-timezone":"+5.5:00"}},"reqId":"5f8f72a1-8a0e-481d-a48b-c654d7710cf0","res":{"status":200},"responseTime":46,"timestamp":"2023-06-02T16:01:25.135Z"}
{"level":"info","message":"BEGIN: GET /api/collectionCategories:list?paginate=false&sort%5B%5D=sort","reqId":"ef8bf934-024b-40e8-bd24-6f4ebf8b7098","timestamp":"2023-06-02T16:01:25.329Z"}
{"level":"info","message":"BEGIN: GET /api/roles:check","reqId":"fad35d42-159f-4402-813d-1246fc3cc448","timestamp":"2023-06-02T16:01:25.334Z"}
{"level":"info","message":"Current user id: 1","reqId":"ef8bf934-024b-40e8-bd24-6f4ebf8b7098","timestamp":"2023-06-02T16:01:25.345Z"}
{"level":"info","message":"Current user id: 1","reqId":"fad35d42-159f-4402-813d-1246fc3cc448","timestamp":"2023-06-02T16:01:25.348Z"}
{"can":null,"level":"info","message":"ctx permission","reqId":"ef8bf934-024b-40e8-bd24-6f4ebf8b7098","skip":true,"timestamp":"2023-06-02T16:01:25.356Z"}
{"level":"info","message":"acl params","reqId":"ef8bf934-024b-40e8-bd24-6f4ebf8b7098","timestamp":"2023-06-02T16:01:25.357Z"}
{"level":"info","message":"acl parsedParams","reqId":"ef8bf934-024b-40e8-bd24-6f4ebf8b7098","timestamp":"2023-06-02T16:01:25.357Z"}
{"can":{"action":"check","resource":"roles","role":"root"},"level":"info","message":"ctx permission","reqId":"fad35d42-159f-4402-813d-1246fc3cc448","skip":true,"timestamp":"2023-06-02T16:01:25.361Z"}
{"level":"info","message":"acl params","reqId":"fad35d42-159f-4402-813d-1246fc3cc448","timestamp":"2023-06-02T16:01:25.362Z"}
{"level":"info","message":"acl parsedParams","reqId":"fad35d42-159f-4402-813d-1246fc3cc448","timestamp":"2023-06-02T16:01:25.362Z"}
{"level":"info","message":"END: GET /api/collectionCategories:list?paginate=false&sort%5B%5D=sort","req":{"action":{"actionName":"list","params":{"actionName":"list","paginate":"false","resourceName":"collectionCategories","sort":["sort"]},"resourceName":"collectionCategories"},"header":{"x-hostname":"localhost","x-locale":"en-US","x-role":"root","x-timezone":"+5.5:00"}},"reqId":"ef8bf934-024b-40e8-bd24-6f4ebf8b7098","res":{"status":200},"responseTime":48,"timestamp":"2023-06-02T16:01:25.377Z"}
{"level":"info","message":"END: GET /api/roles:check","req":{"action":{"actionName":"check","params":{"actionName":"check","resourceName":"roles"},"resourceName":"roles"},"header":{"x-hostname":"localhost","x-locale":"en-US","x-role":"root","x-timezone":"+5.5:00"}},"reqId":"fad35d42-159f-4402-813d-1246fc3cc448","res":{"status":200},"responseTime":49,"timestamp":"2023-06-02T16:01:25.383Z"}
{"level":"info","message":"BEGIN: GET /api/uiSchemas:getJsonSchema/x4gw3mbp2pc","reqId":"3caf51a3-d18f-4e9e-93c8-41e08030165c","timestamp":"2023-06-02T16:01:25.455Z"}
{"level":"info","message":"Current user id: 1","reqId":"3caf51a3-d18f-4e9e-93c8-41e08030165c","timestamp":"2023-06-02T16:01:25.462Z"}
{"can":null,"level":"info","message":"ctx permission","reqId":"3caf51a3-d18f-4e9e-93c8-41e08030165c","skip":true,"timestamp":"2023-06-02T16:01:25.471Z"}
{"level":"info","message":"acl params","reqId":"3caf51a3-d18f-4e9e-93c8-41e08030165c","timestamp":"2023-06-02T16:01:25.471Z"}
{"level":"info","message":"acl parsedParams","reqId":"3caf51a3-d18f-4e9e-93c8-41e08030165c","timestamp":"2023-06-02T16:01:25.472Z"}
{"level":"info","message":"END: GET /api/uiSchemas:getJsonSchema/x4gw3mbp2pc","req":{"action":{"actionName":"getJsonSchema","params":{"actionName":"getJsonSchema","filterByTk":"x4gw3mbp2pc","resourceIndex":"x4gw3mbp2pc","resourceName":"uiSchemas"},"resourceName":"uiSchemas"},"header":{"x-hostname":"localhost","x-locale":"en-US","x-role":"root","x-timezone":"+5.5:00"}},"reqId":"3caf51a3-d18f-4e9e-93c8-41e08030165c","res":{"status":200},"responseTime":18,"timestamp":"2023-06-02T16:01:25.473Z"}
{"level":"info","message":"BEGIN: GET /api/uiSchemas:getProperties/x1meclgs8hv","reqId":"3db0a02e-8464-4556-a96e-b282022efb80","timestamp":"2023-06-02T16:01:25.717Z"}
{"level":"info","message":"Current user id: 1","reqId":"3db0a02e-8464-4556-a96e-b282022efb80","timestamp":"2023-06-02T16:01:25.727Z"}
{"can":{"action":"getProperties","resource":"uiSchemas","role":"root"},"level":"info","message":"ctx permission","reqId":"3db0a02e-8464-4556-a96e-b282022efb80","skip":true,"timestamp":"2023-06-02T16:01:25.737Z"}
{"level":"info","message":"acl params","reqId":"3db0a02e-8464-4556-a96e-b282022efb80","timestamp":"2023-06-02T16:01:25.737Z"}
{"level":"info","message":"acl parsedParams","reqId":"3db0a02e-8464-4556-a96e-b282022efb80","timestamp":"2023-06-02T16:01:25.738Z"}
{"level":"info","message":"END: GET /api/uiSchemas:getProperties/x1meclgs8hv","req":{"action":{"actionName":"getProperties","params":{"actionName":"getProperties","filterByTk":"x1meclgs8hv","resourceIndex":"x1meclgs8hv","resourceName":"uiSchemas"},"resourceName":"uiSchemas"},"header":{"x-hostname":"localhost","x-locale":"en-US","x-role":"root","x-timezone":"+5.5:00"}},"reqId":"3db0a02e-8464-4556-a96e-b282022efb80","res":{"status":200},"responseTime":22,"timestamp":"2023-06-02T16:01:25.740Z"}
{"level":"info","message":"BEGIN: GET /api/compliance:list?pageSize=20&appends%5B%5D=updatedBy&appends%5B%5D=createdBy","reqId":"73078681-c80a-426d-8e1a-1ee1c5a64f47","timestamp":"2023-06-02T16:01:28.871Z"}
{"level":"info","message":"Current user id: 1","reqId":"73078681-c80a-426d-8e1a-1ee1c5a64f47","timestamp":"2023-06-02T16:01:28.884Z"}
{"can":null,"level":"info","message":"ctx permission","reqId":"73078681-c80a-426d-8e1a-1ee1c5a64f47","skip":true,"timestamp":"2023-06-02T16:01:28.891Z"}
{"level":"info","message":"acl params","reqId":"73078681-c80a-426d-8e1a-1ee1c5a64f47","timestamp":"2023-06-02T16:01:28.892Z"}
{"level":"info","message":"acl parsedParams","reqId":"73078681-c80a-426d-8e1a-1ee1c5a64f47","timestamp":"2023-06-02T16:01:28.893Z"}
{"level":"info","message":"END: GET /api/compliance:list?pageSize=20&appends%5B%5D=updatedBy&appends%5B%5D=createdBy","req":{"action":{"actionName":"list","params":{"actionName":"list","appends":["updatedBy","createdBy"],"pageSize":"20","resourceName":"compliance"},"resourceName":"compliance"},"header":{"x-hostname":"localhost","x-locale":"en-US","x-role":"root","x-timezone":"+5.5:00"}},"reqId":"73078681-c80a-426d-8e1a-1ee1c5a64f47","res":{"status":200},"responseTime":45,"timestamp":"2023-06-02T16:01:28.916Z"}
{"level":"info","message":"BEGIN: GET /api/workflows:list?pageSize=20&sort%5B%5D=-createdAt&except%5B%5D=config&filter=%7B%22current%22%3Atrue%7D","reqId":"bbfc64d1-8df1-4f33-b663-b8bfbbaf0c41","timestamp":"2023-06-02T16:08:24.734Z"}
{"level":"info","message":"Current user id: 1","reqId":"bbfc64d1-8df1-4f33-b663-b8bfbbaf0c41","timestamp":"2023-06-02T16:08:24.750Z"}
{"can":{"action":"list","resource":"workflows","role":"root"},"level":"info","message":"ctx permission","reqId":"bbfc64d1-8df1-4f33-b663-b8bfbbaf0c41","skip":true,"timestamp":"2023-06-02T16:08:24.757Z"}
{"level":"info","message":"acl params","reqId":"bbfc64d1-8df1-4f33-b663-b8bfbbaf0c41","timestamp":"2023-06-02T16:08:24.758Z"}
{"level":"info","message":"acl parsedParams","reqId":"bbfc64d1-8df1-4f33-b663-b8bfbbaf0c41","timestamp":"2023-06-02T16:08:24.758Z"}
{"level":"info","message":"END: GET /api/workflows:list?pageSize=20&sort%5B%5D=-createdAt&except%5B%5D=config&filter=%7B%22current%22%3Atrue%7D","req":{"action":{"actionName":"list","params":{"actionName":"list","except":["config"],"filter":{"current":true},"pageSize":"20","resourceName":"workflows","sort":["-createdAt"]},"resourceName":"workflows"},"header":{"x-hostname":"localhost","x-locale":"en-US","x-role":"root","x-timezone":"+5.5:00"}},"reqId":"bbfc64d1-8df1-4f33-b663-b8bfbbaf0c41","res":{"status":200},"responseTime":42,"timestamp":"2023-06-02T16:08:24.776Z"}
{"level":"info","message":"BEGIN: POST /api/workflows:update?filterByTk=1","reqId":"357900dd-9aeb-4e6c-860a-469ed0a9cf6e","timestamp":"2023-06-02T16:08:45.512Z"}
{"level":"info","message":"Current user id: 1","reqId":"357900dd-9aeb-4e6c-860a-469ed0a9cf6e","timestamp":"2023-06-02T16:08:45.521Z"}
{"can":{"action":"update","resource":"workflows","role":"root"},"level":"info","message":"ctx permission","reqId":"357900dd-9aeb-4e6c-860a-469ed0a9cf6e","skip":true,"timestamp":"2023-06-02T16:08:45.528Z"}
{"level":"info","message":"acl params","reqId":"357900dd-9aeb-4e6c-860a-469ed0a9cf6e","timestamp":"2023-06-02T16:08:45.529Z"}
{"level":"info","message":"acl parsedParams","reqId":"357900dd-9aeb-4e6c-860a-469ed0a9cf6e","timestamp":"2023-06-02T16:08:45.529Z"}
{"level":"info","message":"END: POST /api/workflows:update?filterByTk=1","req":{"action":{"actionName":"update","params":{"actionName":"update","filterByTk":"1","resourceName":"workflows","values":{"allExecuted":4,"createdAt":"2023-05-25T17:04:09.280Z","current":true,"description":null,"enabled":false,"executed":4,"id":1,"key":"qm8pm8ub4p5","title":"Compliance","type":"collection","updatedAt":"2023-06-01T08:52:07.700Z","useTransaction":null},"whitelist":["title","description","enabled","config"]},"resourceName":"workflows"},"header":{"x-hostname":"localhost","x-locale":"en-US","x-role":"root","x-timezone":"+5.5:00"}},"reqId":"357900dd-9aeb-4e6c-860a-469ed0a9cf6e","res":{"status":200},"responseTime":59,"timestamp":"2023-06-02T16:08:45.571Z"}
{"level":"info","message":"BEGIN: GET /api/workflows:list?pageSize=20&sort%5B%5D=-createdAt&except%5B%5D=config&filter=%7B%22current%22%3Atrue%7D","reqId":"60239082-a8f1-4a42-909a-2b48be3617ef","timestamp":"2023-06-02T16:08:45.966Z"}
{"level":"info","message":"Current user id: 1","reqId":"60239082-a8f1-4a42-909a-2b48be3617ef","timestamp":"2023-06-02T16:08:45.978Z"}
{"can":{"action":"list","resource":"workflows","role":"root"},"level":"info","message":"ctx permission","reqId":"60239082-a8f1-4a42-909a-2b48be3617ef","skip":true,"timestamp":"2023-06-02T16:08:45.986Z"}
{"level":"info","message":"acl params","reqId":"60239082-a8f1-4a42-909a-2b48be3617ef","timestamp":"2023-06-02T16:08:45.987Z"}
{"level":"info","message":"acl parsedParams","reqId":"60239082-a8f1-4a42-909a-2b48be3617ef","timestamp":"2023-06-02T16:08:45.988Z"}
{"level":"info","message":"END: GET /api/workflows:list?pageSize=20&sort%5B%5D=-createdAt&except%5B%5D=config&filter=%7B%22current%22%3Atrue%7D","req":{"action":{"actionName":"list","params":{"actionName":"list","except":["config"],"filter":{"current":true},"pageSize":"20","resourceName":"workflows","sort":["-createdAt"]},"resourceName":"workflows"},"header":{"x-hostname":"localhost","x-locale":"en-US","x-role":"root","x-timezone":"+5.5:00"}},"reqId":"60239082-a8f1-4a42-909a-2b48be3617ef","res":{"status":200},"responseTime":38,"timestamp":"2023-06-02T16:08:46.004Z"}
{"level":"info","message":"BEGIN: POST /api/workflows:destroy?filterByTk%5B%5D=1","reqId":"b59b96ef-88dd-4771-8f12-7019b2bce4f8","timestamp":"2023-06-02T16:08:55.740Z"}
{"level":"info","message":"Current user id: 1","reqId":"b59b96ef-88dd-4771-8f12-7019b2bce4f8","timestamp":"2023-06-02T16:08:55.749Z"}
{"can":{"action":"destroy","resource":"workflows","role":"root"},"level":"info","message":"ctx permission","reqId":"b59b96ef-88dd-4771-8f12-7019b2bce4f8","skip":true,"timestamp":"2023-06-02T16:08:55.757Z"}
{"level":"info","message":"acl params","reqId":"b59b96ef-88dd-4771-8f12-7019b2bce4f8","timestamp":"2023-06-02T16:08:55.758Z"}
{"level":"info","message":"acl parsedParams","reqId":"b59b96ef-88dd-4771-8f12-7019b2bce4f8","timestamp":"2023-06-02T16:08:55.758Z"}
{"level":"info","message":"END: POST /api/workflows:destroy?filterByTk%5B%5D=1","req":{"action":{"actionName":"destroy","params":{"actionName":"destroy","filterByTk":["1"],"resourceName":"workflows"},"resourceName":"workflows"},"header":{"x-hostname":"localhost","x-locale":"en-US","x-role":"root","x-timezone":"+5.5:00"}},"reqId":"b59b96ef-88dd-4771-8f12-7019b2bce4f8","res":{"status":200},"responseTime":150,"timestamp":"2023-06-02T16:08:55.890Z"}
{"level":"info","message":"BEGIN: GET /api/workflows:list?pageSize=20&sort%5B%5D=-createdAt&except%5B%5D=config&filter=%7B%22current%22%3Atrue%7D","reqId":"893aee8c-d94c-42af-b78b-44edcc541781","timestamp":"2023-06-02T16:08:56.240Z"}
{"level":"info","message":"Current user id: 1","reqId":"893aee8c-d94c-42af-b78b-44edcc541781","timestamp":"2023-06-02T16:08:56.249Z"}
{"can":{"action":"list","resource":"workflows","role":"root"},"level":"info","message":"ctx permission","reqId":"893aee8c-d94c-42af-b78b-44edcc541781","skip":true,"timestamp":"2023-06-02T16:08:56.256Z"}
{"level":"info","message":"acl params","reqId":"893aee8c-d94c-42af-b78b-44edcc541781","timestamp":"2023-06-02T16:08:56.256Z"}
{"level":"info","message":"acl parsedParams","reqId":"893aee8c-d94c-42af-b78b-44edcc541781","timestamp":"2023-06-02T16:08:56.257Z"}
{"level":"info","message":"END: GET /api/workflows:list?pageSize=20&sort%5B%5D=-createdAt&except%5B%5D=config&filter=%7B%22current%22%3Atrue%7D","req":{"action":{"actionName":"list","params":{"actionName":"list","except":["config"],"filter":{"current":true},"pageSize":"20","resourceName":"workflows","sort":["-createdAt"]},"resourceName":"workflows"},"header":{"x-hostname":"localhost","x-locale":"en-US","x-role":"root","x-timezone":"+5.5:00"}},"reqId":"893aee8c-d94c-42af-b78b-44edcc541781","res":{"status":200},"responseTime":26,"timestamp":"2023-06-02T16:08:56.266Z"}
{"level":"info","message":"BEGIN: POST /api/workflows:create","reqId":"3f109014-bb77-4f3c-8353-aa9b3cac2fa3","timestamp":"2023-06-02T16:09:12.412Z"}
{"level":"info","message":"Current user id: 1","reqId":"3f109014-bb77-4f3c-8353-aa9b3cac2fa3","timestamp":"2023-06-02T16:09:12.426Z"}
{"can":{"action":"create","resource":"workflows","role":"root"},"level":"info","message":"ctx permission","reqId":"3f109014-bb77-4f3c-8353-aa9b3cac2fa3","skip":true,"timestamp":"2023-06-02T16:09:12.432Z"}
{"level":"info","message":"acl params","reqId":"3f109014-bb77-4f3c-8353-aa9b3cac2fa3","timestamp":"2023-06-02T16:09:12.433Z"}
{"level":"info","message":"acl parsedParams","reqId":"3f109014-bb77-4f3c-8353-aa9b3cac2fa3","timestamp":"2023-06-02T16:09:12.433Z"}
{"level":"info","message":"END: POST /api/workflows:create","req":{"action":{"actionName":"create","params":{"actionName":"create","resourceName":"workflows","values":{"current":true,"description":"Compliance Model","title":"Compliance","type":"collection"}},"resourceName":"workflows"},"header":{"x-hostname":"localhost","x-locale":"en-US","x-role":"root","x-timezone":"+5.5:00"}},"reqId":"3f109014-bb77-4f3c-8353-aa9b3cac2fa3","res":{"status":200},"responseTime":37,"timestamp":"2023-06-02T16:09:12.449Z"}
{"level":"info","message":"BEGIN: GET /api/workflows:list?pageSize=20&sort%5B%5D=-createdAt&except%5B%5D=config&filter=%7B%22current%22%3Atrue%7D","reqId":"47874845-a8b4-4cdb-b814-c52b02d21e7a","timestamp":"2023-06-02T16:09:12.816Z"}
{"level":"info","message":"Current user id: 1","reqId":"47874845-a8b4-4cdb-b814-c52b02d21e7a","timestamp":"2023-06-02T16:09:12.827Z"}
{"can":{"action":"list","resource":"workflows","role":"root"},"level":"info","message":"ctx permission","reqId":"47874845-a8b4-4cdb-b814-c52b02d21e7a","skip":true,"timestamp":"2023-06-02T16:09:12.834Z"}
{"level":"info","message":"acl params","reqId":"47874845-a8b4-4cdb-b814-c52b02d21e7a","timestamp":"2023-06-02T16:09:12.835Z"}
{"level":"info","message":"acl parsedParams","reqId":"47874845-a8b4-4cdb-b814-c52b02d21e7a","timestamp":"2023-06-02T16:09:12.835Z"}
{"level":"info","message":"END: GET /api/workflows:list?pageSize=20&sort%5B%5D=-createdAt&except%5B%5D=config&filter=%7B%22current%22%3Atrue%7D","req":{"action":{"actionName":"list","params":{"actionName":"list","except":["config"],"filter":{"current":true},"pageSize":"20","resourceName":"workflows","sort":["-createdAt"]},"resourceName":"workflows"},"header":{"x-hostname":"localhost","x-locale":"en-US","x-role":"root","x-timezone":"+5.5:00"}},"reqId":"47874845-a8b4-4cdb-b814-c52b02d21e7a","res":{"status":200},"responseTime":36,"timestamp":"2023-06-02T16:09:12.852Z"}
{"level":"info","message":"BEGIN: POST /api/workflows:update?filterByTk=2","reqId":"cc41805e-96d1-4f13-87d3-4a66e0fdc5ee","timestamp":"2023-06-02T16:09:32.274Z"}
{"level":"info","message":"Current user id: 1","reqId":"cc41805e-96d1-4f13-87d3-4a66e0fdc5ee","timestamp":"2023-06-02T16:09:32.283Z"}
{"can":{"action":"update","resource":"workflows","role":"root"},"level":"info","message":"ctx permission","reqId":"cc41805e-96d1-4f13-87d3-4a66e0fdc5ee","skip":true,"timestamp":"2023-06-02T16:09:32.289Z"}
{"level":"info","message":"acl params","reqId":"cc41805e-96d1-4f13-87d3-4a66e0fdc5ee","timestamp":"2023-06-02T16:09:32.290Z"}
{"level":"info","message":"acl parsedParams","reqId":"cc41805e-96d1-4f13-87d3-4a66e0fdc5ee","timestamp":"2023-06-02T16:09:32.291Z"}
{"level":"info","message":"END: POST /api/workflows:update?filterByTk=2","req":{"action":{"actionName":"update","params":{"actionName":"update","filterByTk":"2","resourceName":"workflows","values":{"allExecuted":0,"createdAt":"2023-06-02T16:09:12.436Z","current":true,"description":"Compliance Model Deployment","enabled":true,"executed":0,"id":2,"key":"yjra2xpuphw","title":"Compliance","type":"collection","updatedAt":"2023-06-02T16:09:12.436Z","useTransaction":null},"whitelist":["title","description","enabled","config"]},"resourceName":"workflows"},"header":{"x-hostname":"localhost","x-locale":"en-US","x-role":"root","x-timezone":"+5.5:00"}},"reqId":"cc41805e-96d1-4f13-87d3-4a66e0fdc5ee","res":{"status":200},"responseTime":37,"timestamp":"2023-06-02T16:09:32.311Z"}
{"level":"info","message":"BEGIN: GET /api/workflows:list?pageSize=20&sort%5B%5D=-createdAt&except%5B%5D=config&filter=%7B%22current%22%3Atrue%7D","reqId":"7e1907c4-52e5-43db-a399-cd0c88147ae2","timestamp":"2023-06-02T16:09:32.678Z"}
{"level":"info","message":"Current user id: 1","reqId":"7e1907c4-52e5-43db-a399-cd0c88147ae2","timestamp":"2023-06-02T16:09:32.690Z"}
{"can":{"action":"list","resource":"workflows","role":"root"},"level":"info","message":"ctx permission","reqId":"7e1907c4-52e5-43db-a399-cd0c88147ae2","skip":true,"timestamp":"2023-06-02T16:09:32.699Z"}
{"level":"info","message":"acl params","reqId":"7e1907c4-52e5-43db-a399-cd0c88147ae2","timestamp":"2023-06-02T16:09:32.700Z"}
{"level":"info","message":"acl parsedParams","reqId":"7e1907c4-52e5-43db-a399-cd0c88147ae2","timestamp":"2023-06-02T16:09:32.700Z"}
{"level":"info","message":"END: GET /api/workflows:list?pageSize=20&sort%5B%5D=-createdAt&except%5B%5D=config&filter=%7B%22current%22%3Atrue%7D","req":{"action":{"actionName":"list","params":{"actionName":"list","except":["config"],"filter":{"current":true},"pageSize":"20","resourceName":"workflows","sort":["-createdAt"]},"resourceName":"workflows"},"header":{"x-hostname":"localhost","x-locale":"en-US","x-role":"root","x-timezone":"+5.5:00"}},"reqId":"7e1907c4-52e5-43db-a399-cd0c88147ae2","res":{"status":200},"responseTime":38,"timestamp":"2023-06-02T16:09:32.716Z"}
{"level":"info","message":"BEGIN: GET /api/workflows:get?appends%5B%5D=nodes&appends%5B%5D=revisions.id&appends%5B%5D=revisions.createdAt&appends%5B%5D=revisions.current&appends%5B%5D=revisions.executed&appends%5B%5D=revisions.enabled&filter=%7B%22id%22%3A%222%22%7D","reqId":"5a4e6325-d4f1-4aa1-b423-222b72636d70","timestamp":"2023-06-02T16:09:33.392Z"}
{"level":"info","message":"Current user id: 1","reqId":"5a4e6325-d4f1-4aa1-b423-222b72636d70","timestamp":"2023-06-02T16:09:33.401Z"}
{"can":{"action":"get","resource":"workflows","role":"root"},"level":"info","message":"ctx permission","reqId":"5a4e6325-d4f1-4aa1-b423-222b72636d70","skip":true,"timestamp":"2023-06-02T16:09:33.406Z"}
{"level":"info","message":"acl params","reqId":"5a4e6325-d4f1-4aa1-b423-222b72636d70","timestamp":"2023-06-02T16:09:33.407Z"}
{"level":"info","message":"acl parsedParams","reqId":"5a4e6325-d4f1-4aa1-b423-222b72636d70","timestamp":"2023-06-02T16:09:33.407Z"}
{"level":"info","message":"END: GET /api/workflows:get?appends%5B%5D=nodes&appends%5B%5D=revisions.id&appends%5B%5D=revisions.createdAt&appends%5B%5D=revisions.current&appends%5B%5D=revisions.executed&appends%5B%5D=revisions.enabled&filter=%7B%22id%22%3A%222%22%7D","req":{"action":{"actionName":"get","params":{"actionName":"get","appends":["nodes","revisions.id","revisions.createdAt","revisions.current","revisions.executed","revisions.enabled"],"filter":{"id":"2"},"resourceName":"workflows"},"resourceName":"workflows"},"header":{"x-hostname":"localhost","x-locale":"en-US","x-role":"root","x-timezone":"+5.5:00"}},"reqId":"5a4e6325-d4f1-4aa1-b423-222b72636d70","res":{"status":200},"responseTime":30,"timestamp":"2023-06-02T16:09:33.422Z"}
{"level":"info","message":"BEGIN: POST /api/workflows:update?filterByTk=2","reqId":"29d1bb27-12d0-4a49-ab0a-9e5968601154","timestamp":"2023-06-02T16:10:42.556Z"}
{"level":"info","message":"Current user id: 1","reqId":"29d1bb27-12d0-4a49-ab0a-9e5968601154","timestamp":"2023-06-02T16:10:42.566Z"}
{"can":{"action":"update","resource":"workflows","role":"root"},"level":"info","message":"ctx permission","reqId":"29d1bb27-12d0-4a49-ab0a-9e5968601154","skip":true,"timestamp":"2023-06-02T16:10:42.575Z"}
{"level":"info","message":"acl params","reqId":"29d1bb27-12d0-4a49-ab0a-9e5968601154","timestamp":"2023-06-02T16:10:42.576Z"}
{"level":"info","message":"acl parsedParams","reqId":"29d1bb27-12d0-4a49-ab0a-9e5968601154","timestamp":"2023-06-02T16:10:42.576Z"}
{"level":"info","message":"END: POST /api/workflows:update?filterByTk=2","req":{"action":{"actionName":"update","params":{"actionName":"update","filterByTk":"2","resourceName":"workflows","values":{"config":{"appends":[],"collection":"compliance","condition":{"$and":[]},"mode":1}},"whitelist":["title","description","enabled","config"]},"resourceName":"workflows"},"header":{"x-hostname":"localhost","x-locale":"en-US","x-role":"root","x-timezone":"+5.5:00"}},"reqId":"29d1bb27-12d0-4a49-ab0a-9e5968601154","res":{"status":200},"responseTime":45,"timestamp":"2023-06-02T16:10:42.601Z"}
{"level":"info","message":"BEGIN: GET /api/workflows:get?appends%5B%5D=nodes&appends%5B%5D=revisions.id&appends%5B%5D=revisions.createdAt&appends%5B%5D=revisions.current&appends%5B%5D=revisions.executed&appends%5B%5D=revisions.enabled&filter=%7B%22id%22%3A%222%22%7D","reqId":"a3b177e8-7ae3-43b6-96d0-58c0cac2ac59","timestamp":"2023-06-02T16:10:42.804Z"}
{"level":"info","message":"Current user id: 1","reqId":"a3b177e8-7ae3-43b6-96d0-58c0cac2ac59","timestamp":"2023-06-02T16:10:42.819Z"}
{"can":{"action":"get","resource":"workflows","role":"root"},"level":"info","message":"ctx permission","reqId":"a3b177e8-7ae3-43b6-96d0-58c0cac2ac59","skip":true,"timestamp":"2023-06-02T16:10:42.827Z"}
{"level":"info","message":"acl params","reqId":"a3b177e8-7ae3-43b6-96d0-58c0cac2ac59","timestamp":"2023-06-02T16:10:42.827Z"}
{"level":"info","message":"acl parsedParams","reqId":"a3b177e8-7ae3-43b6-96d0-58c0cac2ac59","timestamp":"2023-06-02T16:10:42.828Z"}
{"level":"info","message":"END: GET /api/workflows:get?appends%5B%5D=nodes&appends%5B%5D=revisions.id&appends%5B%5D=revisions.createdAt&appends%5B%5D=revisions.current&appends%5B%5D=revisions.executed&appends%5B%5D=revisions.enabled&filter=%7B%22id%22%3A%222%22%7D","req":{"action":{"actionName":"get","params":{"actionName":"get","appends":["nodes","revisions.id","revisions.createdAt","revisions.current","revisions.executed","revisions.enabled"],"filter":{"id":"2"},"resourceName":"workflows"},"resourceName":"workflows"},"header":{"x-hostname":"localhost","x-locale":"en-US","x-role":"root","x-timezone":"+5.5:00"}},"reqId":"a3b177e8-7ae3-43b6-96d0-58c0cac2ac59","res":{"status":200},"responseTime":44,"timestamp":"2023-06-02T16:10:42.849Z"}
{"level":"info","message":"BEGIN: POST /api/workflows/2/nodes:create","reqId":"7888419b-4cb6-49ab-814d-77b28356f76a","timestamp":"2023-06-02T16:10:56.920Z"}
{"level":"info","message":"Current user id: 1","reqId":"7888419b-4cb6-49ab-814d-77b28356f76a","timestamp":"2023-06-02T16:10:56.931Z"}
{"can":{"action":"create","resource":"workflows.nodes","role":"root"},"level":"info","message":"ctx permission","reqId":"7888419b-4cb6-49ab-814d-77b28356f76a","skip":true,"timestamp":"2023-06-02T16:10:56.938Z"}
{"level":"info","message":"acl params","reqId":"7888419b-4cb6-49ab-814d-77b28356f76a","timestamp":"2023-06-02T16:10:56.939Z"}
{"level":"info","message":"acl parsedParams","reqId":"7888419b-4cb6-49ab-814d-77b28356f76a","timestamp":"2023-06-02T16:10:56.939Z"}
{"level":"info","message":"END: POST /api/workflows/2/nodes:create","req":{"action":{"actionName":"create","params":{"actionName":"create","associatedIndex":"2","associatedName":"workflows","resourceName":"nodes","values":{"branchIndex":null,"config":{},"title":"HTTP request","type":"request","upstreamId":null}},"resourceName":"workflows.nodes","resourceOf":"2"},"header":{"x-hostname":"localhost","x-locale":"en-US","x-role":"root","x-timezone":"+5.5:00"}},"reqId":"7888419b-4cb6-49ab-814d-77b28356f76a","res":{"status":200},"responseTime":50,"timestamp":"2023-06-02T16:10:56.970Z"}
{"level":"info","message":"BEGIN: GET /api/workflows:get?appends%5B%5D=nodes&appends%5B%5D=revisions.id&appends%5B%5D=revisions.createdAt&appends%5B%5D=revisions.current&appends%5B%5D=revisions.executed&appends%5B%5D=revisions.enabled&filter=%7B%22id%22%3A%222%22%7D","reqId":"780fdf7a-70b7-44b3-90ea-af0044956b88","timestamp":"2023-06-02T16:10:57.298Z"}
{"level":"info","message":"Current user id: 1","reqId":"780fdf7a-70b7-44b3-90ea-af0044956b88","timestamp":"2023-06-02T16:10:57.306Z"}
{"can":{"action":"get","resource":"workflows","role":"root"},"level":"info","message":"ctx permission","reqId":"780fdf7a-70b7-44b3-90ea-af0044956b88","skip":true,"timestamp":"2023-06-02T16:10:57.312Z"}
{"level":"info","message":"acl params","reqId":"780fdf7a-70b7-44b3-90ea-af0044956b88","timestamp":"2023-06-02T16:10:57.312Z"}
{"level":"info","message":"acl parsedParams","reqId":"780fdf7a-70b7-44b3-90ea-af0044956b88","timestamp":"2023-06-02T16:10:57.313Z"}
{"level":"info","message":"END: GET /api/workflows:get?appends%5B%5D=nodes&appends%5B%5D=revisions.id&appends%5B%5D=revisions.createdAt&appends%5B%5D=revisions.current&appends%5B%5D=revisions.executed&appends%5B%5D=revisions.enabled&filter=%7B%22id%22%3A%222%22%7D","req":{"action":{"actionName":"get","params":{"actionName":"get","appends":["nodes","revisions.id","revisions.createdAt","revisions.current","revisions.executed","revisions.enabled"],"filter":{"id":"2"},"resourceName":"workflows"},"resourceName":"workflows"},"header":{"x-hostname":"localhost","x-locale":"en-US","x-role":"root","x-timezone":"+5.5:00"}},"reqId":"780fdf7a-70b7-44b3-90ea-af0044956b88","res":{"status":200},"responseTime":28,"timestamp":"2023-06-02T16:10:57.326Z"}
{"level":"info","message":"BEGIN: POST /api/flow_nodes:update?filterByTk=2","reqId":"72c954d9-8231-4591-a790-fb2830f9603b","timestamp":"2023-06-02T16:13:15.269Z"}
{"level":"info","message":"Current user id: 1","reqId":"72c954d9-8231-4591-a790-fb2830f9603b","timestamp":"2023-06-02T16:13:15.278Z"}
{"can":{"action":"update","resource":"flow_nodes","role":"root"},"level":"info","message":"ctx permission","reqId":"72c954d9-8231-4591-a790-fb2830f9603b","skip":true,"timestamp":"2023-06-02T16:13:15.285Z"}
{"level":"info","message":"acl params","reqId":"72c954d9-8231-4591-a790-fb2830f9603b","timestamp":"2023-06-02T16:13:15.287Z"}
{"level":"info","message":"acl parsedParams","reqId":"72c954d9-8231-4591-a790-fb2830f9603b","timestamp":"2023-06-02T16:13:15.287Z"}
{"level":"info","message":"END: POST /api/flow_nodes:update?filterByTk=2","req":{"action":{"actionName":"update","params":{"actionName":"update","filterByTk":"2","resourceName":"flow_nodes","values":{"config":{"headers":[{"name":"ID","value":"{{$context.data.id}}"}],"method":"POST","params":[],"url":"http://192.168.0.198:5000/webhook"}}},"resourceName":"flow_nodes"},"header":{"x-hostname":"localhost","x-locale":"en-US","x-role":"root","x-timezone":"+5.5:00"}},"reqId":"72c954d9-8231-4591-a790-fb2830f9603b","res":{"status":200},"responseTime":45,"timestamp":"2023-06-02T16:13:15.314Z"}
{"level":"info","message":"BEGIN: GET /api/workflows:get?appends%5B%5D=nodes&appends%5B%5D=revisions.id&appends%5B%5D=revisions.createdAt&appends%5B%5D=revisions.current&appends%5B%5D=revisions.executed&appends%5B%5D=revisions.enabled&filter=%7B%22id%22%3A%222%22%7D","reqId":"331f37a7-23ae-43c4-b3c6-f7fc3fb46847","timestamp":"2023-06-02T16:13:15.528Z"}
{"level":"info","message":"Current user id: 1","reqId":"331f37a7-23ae-43c4-b3c6-f7fc3fb46847","timestamp":"2023-06-02T16:13:15.538Z"}
{"can":{"action":"get","resource":"workflows","role":"root"},"level":"info","message":"ctx permission","reqId":"331f37a7-23ae-43c4-b3c6-f7fc3fb46847","skip":true,"timestamp":"2023-06-02T16:13:15.546Z"}
{"level":"info","message":"acl params","reqId":"331f37a7-23ae-43c4-b3c6-f7fc3fb46847","timestamp":"2023-06-02T16:13:15.547Z"}
{"level":"info","message":"acl parsedParams","reqId":"331f37a7-23ae-43c4-b3c6-f7fc3fb46847","timestamp":"2023-06-02T16:13:15.547Z"}
{"level":"info","message":"END: GET /api/workflows:get?appends%5B%5D=nodes&appends%5B%5D=revisions.id&appends%5B%5D=revisions.createdAt&appends%5B%5D=revisions.current&appends%5B%5D=revisions.executed&appends%5B%5D=revisions.enabled&filter=%7B%22id%22%3A%222%22%7D","req":{"action":{"actionName":"get","params":{"actionName":"get","appends":["nodes","revisions.id","revisions.createdAt","revisions.current","revisions.executed","revisions.enabled"],"filter":{"id":"2"},"resourceName":"workflows"},"resourceName":"workflows"},"header":{"x-hostname":"localhost","x-locale":"en-US","x-role":"root","x-timezone":"+5.5:00"}},"reqId":"331f37a7-23ae-43c4-b3c6-f7fc3fb46847","res":{"status":200},"responseTime":43,"timestamp":"2023-06-02T16:13:15.571Z"}
{"level":"info","message":"BEGIN: GET /api/uiSchemas:getProperties/x1meclgs8hv","reqId":"e5a46738-2be1-4583-8801-be4b9de8f61a","timestamp":"2023-06-02T16:13:28.218Z"}
{"level":"info","message":"Current user id: 1","reqId":"e5a46738-2be1-4583-8801-be4b9de8f61a","timestamp":"2023-06-02T16:13:28.266Z"}
{"can":{"action":"getProperties","resource":"uiSchemas","role":"root"},"level":"info","message":"ctx permission","reqId":"e5a46738-2be1-4583-8801-be4b9de8f61a","skip":true,"timestamp":"2023-06-02T16:13:28.279Z"}
{"level":"info","message":"acl params","reqId":"e5a46738-2be1-4583-8801-be4b9de8f61a","timestamp":"2023-06-02T16:13:28.281Z"}
{"level":"info","message":"acl parsedParams","reqId":"e5a46738-2be1-4583-8801-be4b9de8f61a","timestamp":"2023-06-02T16:13:28.282Z"}
{"level":"info","message":"END: GET /api/uiSchemas:getProperties/x1meclgs8hv","req":{"action":{"actionName":"getProperties","params":{"actionName":"getProperties","filterByTk":"x1meclgs8hv","resourceIndex":"x1meclgs8hv","resourceName":"uiSchemas"},"resourceName":"uiSchemas"},"header":{"x-hostname":"localhost","x-locale":"en-US","x-role":"root","x-timezone":"+5.5:00"}},"reqId":"e5a46738-2be1-4583-8801-be4b9de8f61a","res":{"status":200},"responseTime":65,"timestamp":"2023-06-02T16:13:28.283Z"}
{"level":"info","message":"BEGIN: POST /api/compliance:create","reqId":"4264f8c7-7ef4-4537-80d5-49e7ab59dc4e","timestamp":"2023-06-02T16:13:43.969Z"}
{"level":"info","message":"Current user id: 1","reqId":"4264f8c7-7ef4-4537-80d5-49e7ab59dc4e","timestamp":"2023-06-02T16:13:43.978Z"}
{"can":null,"level":"info","message":"ctx permission","reqId":"4264f8c7-7ef4-4537-80d5-49e7ab59dc4e","skip":true,"timestamp":"2023-06-02T16:13:43.983Z"}
{"level":"info","message":"acl params","reqId":"4264f8c7-7ef4-4537-80d5-49e7ab59dc4e","timestamp":"2023-06-02T16:13:43.984Z"}
{"level":"info","message":"acl parsedParams","reqId":"4264f8c7-7ef4-4537-80d5-49e7ab59dc4e","timestamp":"2023-06-02T16:13:43.984Z"}
{"level":"info","message":"END: POST /api/compliance:create","req":{"action":{"actionName":"create","params":{"actionName":"create","resourceName":"compliance","values":{"input_regulations":"TRADER REMITTANCE $6000"}},"resourceName":"compliance"},"header":{"x-hostname":"localhost","x-locale":"en-US","x-role":"root","x-timezone":"+5.5:00"}},"reqId":"4264f8c7-7ef4-4537-80d5-49e7ab59dc4e","res":{"status":200},"responseTime":104,"timestamp":"2023-06-02T16:13:44.072Z"}
{"level":"info","message":"[Workflow] request (#2) sent to \"http://192.168.0.198:5000/webhook\", waiting for response...","timestamp":"2023-06-02T16:13:44.131Z"}
{"level":"info","message":"[Workflow] request (#2) response received, status: -1","timestamp":"2023-06-02T16:13:44.154Z"}
{"level":"info","message":"BEGIN: GET /api/compliance:list?pageSize=20&appends%5B%5D=updatedBy&appends%5B%5D=createdBy","reqId":"92b2847a-b029-4f3f-816e-8dc7815ce9c9","timestamp":"2023-06-02T16:13:46.972Z"}
{"level":"info","message":"Current user id: 1","reqId":"92b2847a-b029-4f3f-816e-8dc7815ce9c9","timestamp":"2023-06-02T16:13:46.979Z"}
{"can":null,"level":"info","message":"ctx permission","reqId":"92b2847a-b029-4f3f-816e-8dc7815ce9c9","skip":true,"timestamp":"2023-06-02T16:13:46.989Z"}
{"level":"info","message":"acl params","reqId":"92b2847a-b029-4f3f-816e-8dc7815ce9c9","timestamp":"2023-06-02T16:13:46.990Z"}
{"level":"info","message":"acl parsedParams","reqId":"92b2847a-b029-4f3f-816e-8dc7815ce9c9","timestamp":"2023-06-02T16:13:46.990Z"}
{"level":"info","message":"END: GET /api/compliance:list?pageSize=20&appends%5B%5D=updatedBy&appends%5B%5D=createdBy","req":{"action":{"actionName":"list","params":{"actionName":"list","appends":["updatedBy","createdBy"],"pageSize":"20","resourceName":"compliance"},"resourceName":"compliance"},"header":{"x-hostname":"localhost","x-locale":"en-US","x-role":"root","x-timezone":"+5.5:00"}},"reqId":"92b2847a-b029-4f3f-816e-8dc7815ce9c9","res":{"status":200},"responseTime":56,"timestamp":"2023-06-02T16:13:47.028Z"}
{"level":"info","message":"BEGIN: POST /api/compliance:create","reqId":"38fb4801-45f1-4779-81af-be3fabdbbd39","timestamp":"2023-06-02T16:19:11.317Z"}
{"level":"info","message":"Current user id: 1","reqId":"38fb4801-45f1-4779-81af-be3fabdbbd39","timestamp":"2023-06-02T16:19:11.327Z"}
{"can":null,"level":"info","message":"ctx permission","reqId":"38fb4801-45f1-4779-81af-be3fabdbbd39","skip":true,"timestamp":"2023-06-02T16:19:11.335Z"}
{"level":"info","message":"acl params","reqId":"38fb4801-45f1-4779-81af-be3fabdbbd39","timestamp":"2023-06-02T16:19:11.336Z"}
{"level":"info","message":"acl parsedParams","reqId":"38fb4801-45f1-4779-81af-be3fabdbbd39","timestamp":"2023-06-02T16:19:11.336Z"}
{"level":"info","message":"END: POST /api/compliance:create","req":{"action":{"actionName":"create","params":{"actionName":"create","resourceName":"compliance","values":{"input_regulations":"TRADER REMITTANCE $7500"}},"resourceName":"compliance"},"header":{"x-hostname":"localhost","x-locale":"en-US","x-role":"root","x-timezone":"+5.5:00"}},"reqId":"38fb4801-45f1-4779-81af-be3fabdbbd39","res":{"status":200},"responseTime":53,"timestamp":"2023-06-02T16:19:11.371Z"}
{"level":"info","message":"[Workflow] request (#2) sent to \"http://192.168.0.198:5000/webhook\", waiting for response...","timestamp":"2023-06-02T16:19:11.412Z"}
{"level":"info","message":"[Workflow] request (#2) response received, status: -1","timestamp":"2023-06-02T16:19:11.450Z"}
{"level":"info","message":"BEGIN: GET /api/compliance:list?pageSize=20&appends%5B%5D=updatedBy&appends%5B%5D=createdBy","reqId":"857c5cdf-2f14-4ccd-8781-6578f25d01e5","timestamp":"2023-06-02T16:19:14.024Z"}
{"level":"info","message":"Current user id: 1","reqId":"857c5cdf-2f14-4ccd-8781-6578f25d01e5","timestamp":"2023-06-02T16:19:14.038Z"}
{"can":null,"level":"info","message":"ctx permission","reqId":"857c5cdf-2f14-4ccd-8781-6578f25d01e5","skip":true,"timestamp":"2023-06-02T16:19:14.048Z"}
{"level":"info","message":"acl params","reqId":"857c5cdf-2f14-4ccd-8781-6578f25d01e5","timestamp":"2023-06-02T16:19:14.049Z"}
{"level":"info","message":"acl parsedParams","reqId":"857c5cdf-2f14-4ccd-8781-6578f25d01e5","timestamp":"2023-06-02T16:19:14.049Z"}
{"level":"info","message":"END: GET /api/compliance:list?pageSize=20&appends%5B%5D=updatedBy&appends%5B%5D=createdBy","req":{"action":{"actionName":"list","params":{"actionName":"list","appends":["updatedBy","createdBy"],"pageSize":"20","resourceName":"compliance"},"resourceName":"compliance"},"header":{"x-hostname":"localhost","x-locale":"en-US","x-role":"root","x-timezone":"+5.5:00"}},"reqId":"857c5cdf-2f14-4ccd-8781-6578f25d01e5","res":{"status":200},"responseTime":45,"timestamp":"2023-06-02T16:19:14.069Z"}
{"level":"info","message":"BEGIN: GET /api/compliance:list?pageSize=20&appends%5B%5D=updatedBy&appends%5B%5D=createdBy","reqId":"473ee54d-5079-4bcc-a966-ec3f3bf45672","timestamp":"2023-06-02T16:19:20.220Z"}
{"level":"info","message":"Current user id: 1","reqId":"473ee54d-5079-4bcc-a966-ec3f3bf45672","timestamp":"2023-06-02T16:19:20.228Z"}
{"can":null,"level":"info","message":"ctx permission","reqId":"473ee54d-5079-4bcc-a966-ec3f3bf45672","skip":true,"timestamp":"2023-06-02T16:19:20.233Z"}
{"level":"info","message":"acl params","reqId":"473ee54d-5079-4bcc-a966-ec3f3bf45672","timestamp":"2023-06-02T16:19:20.233Z"}
{"level":"info","message":"acl parsedParams","reqId":"473ee54d-5079-4bcc-a966-ec3f3bf45672","timestamp":"2023-06-02T16:19:20.235Z"}
{"level":"info","message":"END: GET /api/compliance:list?pageSize=20&appends%5B%5D=updatedBy&appends%5B%5D=createdBy","req":{"action":{"actionName":"list","params":{"actionName":"list","appends":["updatedBy","createdBy"],"pageSize":"20","resourceName":"compliance"},"resourceName":"compliance"},"header":{"x-hostname":"localhost","x-locale":"en-US","x-role":"root","x-timezone":"+5.5:00"}},"reqId":"473ee54d-5079-4bcc-a966-ec3f3bf45672","res":{"status":200},"responseTime":33,"timestamp":"2023-06-02T16:19:20.253Z"}
{"level":"info","message":"BEGIN: GET /api/compliance:list?pageSize=20&appends%5B%5D=updatedBy&appends%5B%5D=createdBy","reqId":"0fdfcac1-0996-4d89-83fb-3acde53f0d66","timestamp":"2023-06-02T16:19:21.841Z"}
{"level":"info","message":"Current user id: 1","reqId":"0fdfcac1-0996-4d89-83fb-3acde53f0d66","timestamp":"2023-06-02T16:19:21.851Z"}
{"can":null,"level":"info","message":"ctx permission","reqId":"0fdfcac1-0996-4d89-83fb-3acde53f0d66","skip":true,"timestamp":"2023-06-02T16:19:21.857Z"}
{"level":"info","message":"acl params","reqId":"0fdfcac1-0996-4d89-83fb-3acde53f0d66","timestamp":"2023-06-02T16:19:21.858Z"}
{"level":"info","message":"acl parsedParams","reqId":"0fdfcac1-0996-4d89-83fb-3acde53f0d66","timestamp":"2023-06-02T16:19:21.858Z"}
{"level":"info","message":"END: GET /api/compliance:list?pageSize=20&appends%5B%5D=updatedBy&appends%5B%5D=createdBy","req":{"action":{"actionName":"list","params":{"actionName":"list","appends":["updatedBy","createdBy"],"pageSize":"20","resourceName":"compliance"},"resourceName":"compliance"},"header":{"x-hostname":"localhost","x-locale":"en-US","x-role":"root","x-timezone":"+5.5:00"}},"reqId":"0fdfcac1-0996-4d89-83fb-3acde53f0d66","res":{"status":200},"responseTime":32,"timestamp":"2023-06-02T16:19:21.873Z"}
{"level":"info","message":"BEGIN: POST /api/compliance:create","reqId":"8ce58f2a-fd3c-4489-a860-4c01f315805b","timestamp":"2023-06-02T16:21:32.932Z"}
{"level":"info","message":"Current user id: 1","reqId":"8ce58f2a-fd3c-4489-a860-4c01f315805b","timestamp":"2023-06-02T16:21:32.941Z"}
{"can":null,"level":"info","message":"ctx permission","reqId":"8ce58f2a-fd3c-4489-a860-4c01f315805b","skip":true,"timestamp":"2023-06-02T16:21:32.946Z"}
{"level":"info","message":"acl params","reqId":"8ce58f2a-fd3c-4489-a860-4c01f315805b","timestamp":"2023-06-02T16:21:32.946Z"}
{"level":"info","message":"acl parsedParams","reqId":"8ce58f2a-fd3c-4489-a860-4c01f315805b","timestamp":"2023-06-02T16:21:32.947Z"}
{"level":"info","message":"END: POST /api/compliance:create","req":{"action":{"actionName":"create","params":{"actionName":"create","resourceName":"compliance","values":{"input_regulations":"TRADER REMITTANCE $4000"}},"resourceName":"compliance"},"header":{"x-hostname":"localhost","x-locale":"en-US","x-role":"root","x-timezone":"+5.5:00"}},"reqId":"8ce58f2a-fd3c-4489-a860-4c01f315805b","res":{"status":200},"responseTime":39,"timestamp":"2023-06-02T16:21:32.971Z"}
{"level":"info","message":"[Workflow] request (#2) sent to \"http://192.168.0.198:5000/webhook\", waiting for response...","timestamp":"2023-06-02T16:21:33.002Z"}
{"level":"info","message":"[Workflow] request (#2) response received, status: -1","timestamp":"2023-06-02T16:21:33.023Z"}
{"level":"info","message":"BEGIN: GET /api/compliance:list?pageSize=20&appends%5B%5D=updatedBy&appends%5B%5D=createdBy","reqId":"d4da79c4-17c0-4ad7-9219-5582fe367399","timestamp":"2023-06-02T16:21:35.222Z"}
{"level":"info","message":"Current user id: 1","reqId":"d4da79c4-17c0-4ad7-9219-5582fe367399","timestamp":"2023-06-02T16:21:35.229Z"}
{"can":null,"level":"info","message":"ctx permission","reqId":"d4da79c4-17c0-4ad7-9219-5582fe367399","skip":true,"timestamp":"2023-06-02T16:21:35.247Z"}
{"level":"info","message":"acl params","reqId":"d4da79c4-17c0-4ad7-9219-5582fe367399","timestamp":"2023-06-02T16:21:35.248Z"}
{"level":"info","message":"acl parsedParams","reqId":"d4da79c4-17c0-4ad7-9219-5582fe367399","timestamp":"2023-06-02T16:21:35.249Z"}
{"level":"info","message":"END: GET /api/compliance:list?pageSize=20&appends%5B%5D=updatedBy&appends%5B%5D=createdBy","req":{"action":{"actionName":"list","params":{"actionName":"list","appends":["updatedBy","createdBy"],"pageSize":"20","resourceName":"compliance"},"resourceName":"compliance"},"header":{"x-hostname":"localhost","x-locale":"en-US","x-role":"root","x-timezone":"+5.5:00"}},"reqId":"d4da79c4-17c0-4ad7-9219-5582fe367399","res":{"status":200},"responseTime":65,"timestamp":"2023-06-02T16:21:35.287Z"}
{"level":"info","message":"BEGIN: POST /api/compliance:create","reqId":"aad6ec7a-6687-4a70-ab96-6b6738e8e029","timestamp":"2023-06-02T16:22:55.748Z"}
{"level":"info","message":"Current user id: 1","reqId":"aad6ec7a-6687-4a70-ab96-6b6738e8e029","timestamp":"2023-06-02T16:22:55.757Z"}
{"can":null,"level":"info","message":"ctx permission","reqId":"aad6ec7a-6687-4a70-ab96-6b6738e8e029","skip":true,"timestamp":"2023-06-02T16:22:55.764Z"}
{"level":"info","message":"acl params","reqId":"aad6ec7a-6687-4a70-ab96-6b6738e8e029","timestamp":"2023-06-02T16:22:55.765Z"}
{"level":"info","message":"acl parsedParams","reqId":"aad6ec7a-6687-4a70-ab96-6b6738e8e029","timestamp":"2023-06-02T16:22:55.765Z"}
{"level":"info","message":"END: POST /api/compliance:create","req":{"action":{"actionName":"create","params":{"actionName":"create","resourceName":"compliance","values":{"input_regulations":"TRADER REMITTANCE $4500"}},"resourceName":"compliance"},"header":{"x-hostname":"localhost","x-locale":"en-US","x-role":"root","x-timezone":"+5.5:00"}},"reqId":"aad6ec7a-6687-4a70-ab96-6b6738e8e029","res":{"status":200},"responseTime":41,"timestamp":"2023-06-02T16:22:55.789Z"}
{"level":"info","message":"[Workflow] request (#2) sent to \"http://192.168.0.198:5000/webhook\", waiting for response...","timestamp":"2023-06-02T16:22:55.850Z"}
{"level":"info","message":"[Workflow] request (#2) response received, status: -1","timestamp":"2023-06-02T16:22:55.888Z"}
{"level":"info","message":"BEGIN: POST /api/compliance:create","reqId":"9dbff75d-381b-4d01-81f0-dc49211c15e0","timestamp":"2023-06-02T16:25:07.746Z"}
{"level":"info","message":"Current user id: 1","reqId":"9dbff75d-381b-4d01-81f0-dc49211c15e0","timestamp":"2023-06-02T16:25:07.755Z"}
{"can":null,"level":"info","message":"ctx permission","reqId":"9dbff75d-381b-4d01-81f0-dc49211c15e0","skip":true,"timestamp":"2023-06-02T16:25:07.767Z"}
{"level":"info","message":"acl params","reqId":"9dbff75d-381b-4d01-81f0-dc49211c15e0","timestamp":"2023-06-02T16:25:07.768Z"}
{"level":"info","message":"acl parsedParams","reqId":"9dbff75d-381b-4d01-81f0-dc49211c15e0","timestamp":"2023-06-02T16:25:07.769Z"}
{"level":"info","message":"END: POST /api/compliance:create","req":{"action":{"actionName":"create","params":{"actionName":"create","resourceName":"compliance","values":{"input_regulations":"TRADER REMITTANCE $4300"}},"resourceName":"compliance"},"header":{"x-hostname":"localhost","x-locale":"en-US","x-role":"root","x-timezone":"+5.5:00"}},"reqId":"9dbff75d-381b-4d01-81f0-dc49211c15e0","res":{"status":200},"responseTime":56,"timestamp":"2023-06-02T16:25:07.803Z"}
{"level":"info","message":"[Workflow] request (#2) sent to \"http://192.168.0.198:5000/webhook\", waiting for response...","timestamp":"2023-06-02T16:25:07.904Z"}
{"level":"info","message":"[Workflow] request (#2) response received, status: -1","timestamp":"2023-06-02T16:25:07.923Z"}
{"level":"info","message":"BEGIN: GET /api/compliance:list?pageSize=20&appends%5B%5D=updatedBy&appends%5B%5D=createdBy","reqId":"74d3e90b-99a4-40c4-a4fd-7f94c3978b7c","timestamp":"2023-06-02T16:25:11.290Z"}
{"level":"info","message":"Current user id: 1","reqId":"74d3e90b-99a4-40c4-a4fd-7f94c3978b7c","timestamp":"2023-06-02T16:25:11.298Z"}
{"can":null,"level":"info","message":"ctx permission","reqId":"74d3e90b-99a4-40c4-a4fd-7f94c3978b7c","skip":true,"timestamp":"2023-06-02T16:25:11.303Z"}
{"level":"info","message":"acl params","reqId":"74d3e90b-99a4-40c4-a4fd-7f94c3978b7c","timestamp":"2023-06-02T16:25:11.304Z"}
{"level":"info","message":"acl parsedParams","reqId":"74d3e90b-99a4-40c4-a4fd-7f94c3978b7c","timestamp":"2023-06-02T16:25:11.304Z"}
{"level":"info","message":"END: GET /api/compliance:list?pageSize=20&appends%5B%5D=updatedBy&appends%5B%5D=createdBy","req":{"action":{"actionName":"list","params":{"actionName":"list","appends":["updatedBy","createdBy"],"pageSize":"20","resourceName":"compliance"},"resourceName":"compliance"},"header":{"x-hostname":"localhost","x-locale":"en-US","x-role":"root","x-timezone":"+5.5:00"}},"reqId":"74d3e90b-99a4-40c4-a4fd-7f94c3978b7c","res":{"status":200},"responseTime":58,"timestamp":"2023-06-02T16:25:11.347Z"}
{"level":"info","message":"BEGIN: GET /api/compliance:list?pageSize=20&appends%5B%5D=updatedBy&appends%5B%5D=createdBy","reqId":"7342ebcf-1a52-493e-be32-739409a914cf","timestamp":"2023-06-02T16:25:15.761Z"}
{"level":"info","message":"Current user id: 1","reqId":"7342ebcf-1a52-493e-be32-739409a914cf","timestamp":"2023-06-02T16:25:15.773Z"}
{"can":null,"level":"info","message":"ctx permission","reqId":"7342ebcf-1a52-493e-be32-739409a914cf","skip":true,"timestamp":"2023-06-02T16:25:15.781Z"}
{"level":"info","message":"acl params","reqId":"7342ebcf-1a52-493e-be32-739409a914cf","timestamp":"2023-06-02T16:25:15.782Z"}
{"level":"info","message":"acl parsedParams","reqId":"7342ebcf-1a52-493e-be32-739409a914cf","timestamp":"2023-06-02T16:25:15.782Z"}
{"level":"info","message":"END: GET /api/compliance:list?pageSize=20&appends%5B%5D=updatedBy&appends%5B%5D=createdBy","req":{"action":{"actionName":"list","params":{"actionName":"list","appends":["updatedBy","createdBy"],"pageSize":"20","resourceName":"compliance"},"resourceName":"compliance"},"header":{"x-hostname":"localhost","x-locale":"en-US","x-role":"root","x-timezone":"+5.5:00"}},"reqId":"7342ebcf-1a52-493e-be32-739409a914cf","res":{"status":200},"responseTime":37,"timestamp":"2023-06-02T16:25:15.798Z"}
{"level":"info","message":"BEGIN: POST /api/compliance:create","reqId":"2b22e68e-827c-49db-9c3b-1fd431208350","timestamp":"2023-06-02T16:26:51.881Z"}
{"level":"info","message":"Current user id: 1","reqId":"2b22e68e-827c-49db-9c3b-1fd431208350","timestamp":"2023-06-02T16:26:51.893Z"}
{"can":null,"level":"info","message":"ctx permission","reqId":"2b22e68e-827c-49db-9c3b-1fd431208350","skip":true,"timestamp":"2023-06-02T16:26:51.898Z"}
{"level":"info","message":"acl params","reqId":"2b22e68e-827c-49db-9c3b-1fd431208350","timestamp":"2023-06-02T16:26:51.899Z"}
{"level":"info","message":"acl parsedParams","reqId":"2b22e68e-827c-49db-9c3b-1fd431208350","timestamp":"2023-06-02T16:26:51.899Z"}
{"level":"info","message":"END: POST /api/compliance:create","req":{"action":{"actionName":"create","params":{"actionName":"create","resourceName":"compliance","values":{"input_regulations":"TRADER REMITTANCE $5000"}},"resourceName":"compliance"},"header":{"x-hostname":"localhost","x-locale":"en-US","x-role":"root","x-timezone":"+5.5:00"}},"reqId":"2b22e68e-827c-49db-9c3b-1fd431208350","res":{"status":200},"responseTime":52,"timestamp":"2023-06-02T16:26:51.933Z"}
{"level":"info","message":"[Workflow] request (#2) sent to \"http://192.168.0.198:5000/webhook\", waiting for response...","timestamp":"2023-06-02T16:26:51.966Z"}
{"level":"info","message":"[Workflow] request (#2) response received, status: -1","timestamp":"2023-06-02T16:26:51.992Z"}
{"level":"info","message":"BEGIN: POST /api/compliance:create","reqId":"0805f4bb-5199-43ce-aae9-a904b85f4a29","timestamp":"2023-06-02T16:27:36.933Z"}
{"level":"info","message":"Current user id: 1","reqId":"0805f4bb-5199-43ce-aae9-a904b85f4a29","timestamp":"2023-06-02T16:27:36.940Z"}
{"can":null,"level":"info","message":"ctx permission","reqId":"0805f4bb-5199-43ce-aae9-a904b85f4a29","skip":true,"timestamp":"2023-06-02T16:27:36.947Z"}
{"level":"info","message":"acl params","reqId":"0805f4bb-5199-43ce-aae9-a904b85f4a29","timestamp":"2023-06-02T16:27:36.948Z"}
{"level":"info","message":"acl parsedParams","reqId":"0805f4bb-5199-43ce-aae9-a904b85f4a29","timestamp":"2023-06-02T16:27:36.948Z"}
{"level":"info","message":"END: POST /api/compliance:create","req":{"action":{"actionName":"create","params":{"actionName":"create","resourceName":"compliance","values":{"input_regulations":"TRADER REMITTANCE $1000"}},"resourceName":"compliance"},"header":{"x-hostname":"localhost","x-locale":"en-US","x-role":"root","x-timezone":"+5.5:00"}},"reqId":"0805f4bb-5199-43ce-aae9-a904b85f4a29","res":{"status":200},"responseTime":51,"timestamp":"2023-06-02T16:27:36.984Z"}
{"level":"info","message":"[Workflow] request (#2) sent to \"http://192.168.0.198:5000/webhook\", waiting for response...","timestamp":"2023-06-02T16:27:37.020Z"}
{"level":"info","message":"[Workflow] request (#2) response received, status: -1","timestamp":"2023-06-02T16:27:37.044Z"}
{"level":"info","message":"BEGIN: GET /api/compliance:list?pageSize=20&appends%5B%5D=updatedBy&appends%5B%5D=createdBy","reqId":"dd0c74d8-e5c8-4a5d-88d1-07997c8bebbc","timestamp":"2023-06-02T16:27:38.685Z"}
{"level":"info","message":"Current user id: 1","reqId":"dd0c74d8-e5c8-4a5d-88d1-07997c8bebbc","timestamp":"2023-06-02T16:27:38.693Z"}
{"can":null,"level":"info","message":"ctx permission","reqId":"dd0c74d8-e5c8-4a5d-88d1-07997c8bebbc","skip":true,"timestamp":"2023-06-02T16:27:38.698Z"}
{"level":"info","message":"acl params","reqId":"dd0c74d8-e5c8-4a5d-88d1-07997c8bebbc","timestamp":"2023-06-02T16:27:38.699Z"}
{"level":"info","message":"acl parsedParams","reqId":"dd0c74d8-e5c8-4a5d-88d1-07997c8bebbc","timestamp":"2023-06-02T16:27:38.699Z"}
{"level":"info","message":"END: GET /api/compliance:list?pageSize=20&appends%5B%5D=updatedBy&appends%5B%5D=createdBy","req":{"action":{"actionName":"list","params":{"actionName":"list","appends":["updatedBy","createdBy"],"pageSize":"20","resourceName":"compliance"},"resourceName":"compliance"},"header":{"x-hostname":"localhost","x-locale":"en-US","x-role":"root","x-timezone":"+5.5:00"}},"reqId":"dd0c74d8-e5c8-4a5d-88d1-07997c8bebbc","res":{"status":200},"responseTime":67,"timestamp":"2023-06-02T16:27:38.752Z"}
