{"level":"info","message":"execution (32) starting...","timestamp":"2023-06-05T16:05:23.866Z"}
{"level":"info","message":"execution (32) run instruction [request] for node (2)","timestamp":"2023-06-05T16:05:23.877Z"}
{"level":"info","message":"execution (32) run instruction [request] for node (2) finished as status: 0","timestamp":"2023-06-05T16:05:23.908Z"}
{"level":"info","message":"execution (32) all nodes finished, finishing execution...","timestamp":"2023-06-05T16:05:23.910Z"}
{"level":"info","message":"execution (32) finished with status: 0","timestamp":"2023-06-05T16:05:23.911Z"}
{"level":"info","message":"execution (32) resuming...","timestamp":"2023-06-05T16:05:23.985Z"}
{"level":"info","message":"execution (32) run instruction [request] for node (2)","timestamp":"2023-06-05T16:05:23.995Z"}
{"level":"info","message":"execution (32) run instruction [request] for node (2) finished as status: 1","timestamp":"2023-06-05T16:05:24.004Z"}
{"level":"info","message":"execution (32) all nodes finished, finishing execution...","timestamp":"2023-06-05T16:05:24.005Z"}
{"level":"info","message":"execution (32) finished with status: 1","timestamp":"2023-06-05T16:05:24.015Z"}
{"level":"info","message":"execution (33) starting...","timestamp":"2023-06-05T16:05:48.990Z"}
{"level":"info","message":"execution (33) run instruction [request] for node (2)","timestamp":"2023-06-05T16:05:48.993Z"}
{"level":"info","message":"execution (33) run instruction [request] for node (2) finished as status: 0","timestamp":"2023-06-05T16:05:49.003Z"}
{"level":"info","message":"execution (33) all nodes finished, finishing execution...","timestamp":"2023-06-05T16:05:49.004Z"}
{"level":"info","message":"execution (33) finished with status: 0","timestamp":"2023-06-05T16:05:49.005Z"}
{"level":"info","message":"execution (33) resuming...","timestamp":"2023-06-05T16:05:49.033Z"}
{"level":"info","message":"execution (33) run instruction [request] for node (2)","timestamp":"2023-06-05T16:05:49.040Z"}
{"level":"info","message":"execution (33) run instruction [request] for node (2) finished as status: 1","timestamp":"2023-06-05T16:05:49.046Z"}
{"level":"info","message":"execution (33) all nodes finished, finishing execution...","timestamp":"2023-06-05T16:05:49.047Z"}
{"level":"info","message":"execution (33) finished with status: 1","timestamp":"2023-06-05T16:05:49.052Z"}
{"level":"info","message":"execution (34) starting...","timestamp":"2023-06-05T16:06:28.485Z"}
{"level":"info","message":"execution (34) run instruction [request] for node (2)","timestamp":"2023-06-05T16:06:28.490Z"}
{"level":"info","message":"execution (34) run instruction [request] for node (2) finished as status: 0","timestamp":"2023-06-05T16:06:28.499Z"}
{"level":"info","message":"execution (34) all nodes finished, finishing execution...","timestamp":"2023-06-05T16:06:28.499Z"}
{"level":"info","message":"execution (34) finished with status: 0","timestamp":"2023-06-05T16:06:28.500Z"}
{"level":"info","message":"execution (34) resuming...","timestamp":"2023-06-05T16:06:28.526Z"}
{"level":"info","message":"execution (34) run instruction [request] for node (2)","timestamp":"2023-06-05T16:06:28.532Z"}
{"level":"info","message":"execution (34) run instruction [request] for node (2) finished as status: 1","timestamp":"2023-06-05T16:06:28.537Z"}
{"level":"info","message":"execution (34) all nodes finished, finishing execution...","timestamp":"2023-06-05T16:06:28.538Z"}
{"level":"info","message":"execution (34) finished with status: 1","timestamp":"2023-06-05T16:06:28.545Z"}
{"level":"info","message":"execution (35) starting...","timestamp":"2023-06-05T16:07:31.605Z"}
{"level":"info","message":"execution (35) run instruction [request] for node (2)","timestamp":"2023-06-05T16:07:31.608Z"}
{"level":"info","message":"execution (35) run instruction [request] for node (2) finished as status: 0","timestamp":"2023-06-05T16:07:31.660Z"}
{"level":"info","message":"execution (35) all nodes finished, finishing execution...","timestamp":"2023-06-05T16:07:31.660Z"}
{"level":"info","message":"execution (35) finished with status: 0","timestamp":"2023-06-05T16:07:31.661Z"}
{"level":"info","message":"execution (35) resuming...","timestamp":"2023-06-05T16:07:31.734Z"}
{"level":"info","message":"execution (35) run instruction [request] for node (2)","timestamp":"2023-06-05T16:07:31.739Z"}
{"level":"info","message":"execution (35) run instruction [request] for node (2) finished as status: 1","timestamp":"2023-06-05T16:07:31.746Z"}
{"level":"info","message":"execution (35) all nodes finished, finishing execution...","timestamp":"2023-06-05T16:07:31.747Z"}
{"level":"info","message":"execution (35) finished with status: 1","timestamp":"2023-06-05T16:07:31.753Z"}
{"level":"info","message":"execution (36) starting...","timestamp":"2023-06-05T17:08:09.884Z"}
{"level":"info","message":"execution (36) run instruction [request] for node (2)","timestamp":"2023-06-05T17:08:09.895Z"}
{"level":"info","message":"execution (36) run instruction [request] for node (2) finished as status: 0","timestamp":"2023-06-05T17:08:09.916Z"}
{"level":"info","message":"execution (36) all nodes finished, finishing execution...","timestamp":"2023-06-05T17:08:09.918Z"}
{"level":"info","message":"execution (36) finished with status: 0","timestamp":"2023-06-05T17:08:09.920Z"}
{"level":"info","message":"execution (36) resuming...","timestamp":"2023-06-05T17:08:09.973Z"}
{"level":"info","message":"execution (36) run instruction [request] for node (2)","timestamp":"2023-06-05T17:08:09.989Z"}
{"level":"info","message":"execution (36) run instruction [request] for node (2) finished as status: 1","timestamp":"2023-06-05T17:08:10.008Z"}
{"level":"info","message":"execution (36) all nodes finished, finishing execution...","timestamp":"2023-06-05T17:08:10.010Z"}
{"level":"info","message":"execution (36) finished with status: 1","timestamp":"2023-06-05T17:08:10.021Z"}
