{"level":"info","message":"execution (5) starting...","timestamp":"2023-06-02T16:13:44.107Z"}
{"level":"info","message":"execution (5) run instruction [request] for node (2)","timestamp":"2023-06-02T16:13:44.112Z"}
{"level":"info","message":"execution (5) run instruction [request] for node (2) finished as status: 0","timestamp":"2023-06-02T16:13:44.132Z"}
{"level":"info","message":"execution (5) all nodes finished, finishing execution...","timestamp":"2023-06-02T16:13:44.134Z"}
{"level":"info","message":"execution (5) finished with status: 0","timestamp":"2023-06-02T16:13:44.135Z"}
{"level":"info","message":"execution (5) resuming...","timestamp":"2023-06-02T16:13:44.159Z"}
{"level":"info","message":"execution (5) run instruction [request] for node (2)","timestamp":"2023-06-02T16:13:44.169Z"}
{"level":"info","message":"execution (5) run instruction [request] for node (2) finished as status: -1","timestamp":"2023-06-02T16:13:44.176Z"}
{"level":"info","message":"execution (5) all nodes finished, finishing execution...","timestamp":"2023-06-02T16:13:44.176Z"}
{"level":"info","message":"execution (5) finished with status: -1","timestamp":"2023-06-02T16:13:44.181Z"}
{"level":"info","message":"execution (6) starting...","timestamp":"2023-06-02T16:19:11.397Z"}
{"level":"info","message":"execution (6) run instruction [request] for node (2)","timestamp":"2023-06-02T16:19:11.403Z"}
{"level":"info","message":"execution (6) run instruction [request] for node (2) finished as status: 0","timestamp":"2023-06-02T16:19:11.414Z"}
{"level":"info","message":"execution (6) all nodes finished, finishing execution...","timestamp":"2023-06-02T16:19:11.415Z"}
{"level":"info","message":"execution (6) finished with status: 0","timestamp":"2023-06-02T16:19:11.416Z"}
{"level":"info","message":"execution (6) resuming...","timestamp":"2023-06-02T16:19:11.452Z"}
{"level":"info","message":"execution (6) run instruction [request] for node (2)","timestamp":"2023-06-02T16:19:11.460Z"}
{"level":"info","message":"execution (6) run instruction [request] for node (2) finished as status: -1","timestamp":"2023-06-02T16:19:11.472Z"}
{"level":"info","message":"execution (6) all nodes finished, finishing execution...","timestamp":"2023-06-02T16:19:11.474Z"}
{"level":"info","message":"execution (6) finished with status: -1","timestamp":"2023-06-02T16:19:11.481Z"}
{"level":"info","message":"execution (7) starting...","timestamp":"2023-06-02T16:21:32.989Z"}
{"level":"info","message":"execution (7) run instruction [request] for node (2)","timestamp":"2023-06-02T16:21:32.994Z"}
{"level":"info","message":"execution (7) run instruction [request] for node (2) finished as status: 0","timestamp":"2023-06-02T16:21:33.003Z"}
{"level":"info","message":"execution (7) all nodes finished, finishing execution...","timestamp":"2023-06-02T16:21:33.004Z"}
{"level":"info","message":"execution (7) finished with status: 0","timestamp":"2023-06-02T16:21:33.004Z"}
{"level":"info","message":"execution (7) resuming...","timestamp":"2023-06-02T16:21:33.026Z"}
{"level":"info","message":"execution (7) run instruction [request] for node (2)","timestamp":"2023-06-02T16:21:33.034Z"}
{"level":"info","message":"execution (7) run instruction [request] for node (2) finished as status: -1","timestamp":"2023-06-02T16:21:33.040Z"}
{"level":"info","message":"execution (7) all nodes finished, finishing execution...","timestamp":"2023-06-02T16:21:33.041Z"}
{"level":"info","message":"execution (7) finished with status: -1","timestamp":"2023-06-02T16:21:33.049Z"}
{"level":"info","message":"execution (8) starting...","timestamp":"2023-06-02T16:22:55.821Z"}
{"level":"info","message":"execution (8) run instruction [request] for node (2)","timestamp":"2023-06-02T16:22:55.832Z"}
{"level":"info","message":"execution (8) run instruction [request] for node (2) finished as status: 0","timestamp":"2023-06-02T16:22:55.851Z"}
{"level":"info","message":"execution (8) all nodes finished, finishing execution...","timestamp":"2023-06-02T16:22:55.853Z"}
{"level":"info","message":"execution (8) finished with status: 0","timestamp":"2023-06-02T16:22:55.854Z"}
{"level":"info","message":"execution (8) resuming...","timestamp":"2023-06-02T16:22:55.891Z"}
{"level":"info","message":"execution (8) run instruction [request] for node (2)","timestamp":"2023-06-02T16:22:55.902Z"}
{"level":"info","message":"execution (8) run instruction [request] for node (2) finished as status: -1","timestamp":"2023-06-02T16:22:55.907Z"}
{"level":"info","message":"execution (8) all nodes finished, finishing execution...","timestamp":"2023-06-02T16:22:55.908Z"}
{"level":"info","message":"execution (8) finished with status: -1","timestamp":"2023-06-02T16:22:55.922Z"}
{"level":"info","message":"execution (9) starting...","timestamp":"2023-06-02T16:25:07.876Z"}
{"level":"info","message":"execution (9) run instruction [request] for node (2)","timestamp":"2023-06-02T16:25:07.894Z"}
{"level":"info","message":"execution (9) run instruction [request] for node (2) finished as status: 0","timestamp":"2023-06-02T16:25:07.905Z"}
{"level":"info","message":"execution (9) all nodes finished, finishing execution...","timestamp":"2023-06-02T16:25:07.905Z"}
{"level":"info","message":"execution (9) finished with status: 0","timestamp":"2023-06-02T16:25:07.906Z"}
{"level":"info","message":"execution (9) resuming...","timestamp":"2023-06-02T16:25:07.925Z"}
{"level":"info","message":"execution (9) run instruction [request] for node (2)","timestamp":"2023-06-02T16:25:07.934Z"}
{"level":"info","message":"execution (9) run instruction [request] for node (2) finished as status: -1","timestamp":"2023-06-02T16:25:07.943Z"}
{"level":"info","message":"execution (9) all nodes finished, finishing execution...","timestamp":"2023-06-02T16:25:07.944Z"}
{"level":"info","message":"execution (9) finished with status: -1","timestamp":"2023-06-02T16:25:07.953Z"}
{"level":"info","message":"execution (10) starting...","timestamp":"2023-06-02T16:26:51.953Z"}
{"level":"info","message":"execution (10) run instruction [request] for node (2)","timestamp":"2023-06-02T16:26:51.958Z"}
{"level":"info","message":"execution (10) run instruction [request] for node (2) finished as status: 0","timestamp":"2023-06-02T16:26:51.967Z"}
{"level":"info","message":"execution (10) all nodes finished, finishing execution...","timestamp":"2023-06-02T16:26:51.968Z"}
{"level":"info","message":"execution (10) finished with status: 0","timestamp":"2023-06-02T16:26:51.968Z"}
{"level":"info","message":"execution (10) resuming...","timestamp":"2023-06-02T16:26:51.996Z"}
{"level":"info","message":"execution (10) run instruction [request] for node (2)","timestamp":"2023-06-02T16:26:52.001Z"}
{"level":"info","message":"execution (10) run instruction [request] for node (2) finished as status: -1","timestamp":"2023-06-02T16:26:52.008Z"}
{"level":"info","message":"execution (10) all nodes finished, finishing execution...","timestamp":"2023-06-02T16:26:52.009Z"}
{"level":"info","message":"execution (10) finished with status: -1","timestamp":"2023-06-02T16:26:52.016Z"}
{"level":"info","message":"execution (11) starting...","timestamp":"2023-06-02T16:27:37.007Z"}
{"level":"info","message":"execution (11) run instruction [request] for node (2)","timestamp":"2023-06-02T16:27:37.012Z"}
{"level":"info","message":"execution (11) run instruction [request] for node (2) finished as status: 0","timestamp":"2023-06-02T16:27:37.022Z"}
{"level":"info","message":"execution (11) all nodes finished, finishing execution...","timestamp":"2023-06-02T16:27:37.023Z"}
{"level":"info","message":"execution (11) finished with status: 0","timestamp":"2023-06-02T16:27:37.024Z"}
{"level":"info","message":"execution (11) resuming...","timestamp":"2023-06-02T16:27:37.046Z"}
{"level":"info","message":"execution (11) run instruction [request] for node (2)","timestamp":"2023-06-02T16:27:37.050Z"}
{"level":"info","message":"execution (11) run instruction [request] for node (2) finished as status: -1","timestamp":"2023-06-02T16:27:37.056Z"}
{"level":"info","message":"execution (11) all nodes finished, finishing execution...","timestamp":"2023-06-02T16:27:37.058Z"}
{"level":"info","message":"execution (11) finished with status: -1","timestamp":"2023-06-02T16:27:37.066Z"}
{"level":"info","message":"execution (12) starting...","timestamp":"2023-06-02T16:30:21.970Z"}
{"level":"info","message":"execution (12) run instruction [request] for node (2)","timestamp":"2023-06-02T16:30:21.975Z"}
{"level":"info","message":"execution (12) run instruction [request] for node (2) finished as status: 0","timestamp":"2023-06-02T16:30:21.985Z"}
{"level":"info","message":"execution (12) all nodes finished, finishing execution...","timestamp":"2023-06-02T16:30:21.985Z"}
{"level":"info","message":"execution (12) finished with status: 0","timestamp":"2023-06-02T16:30:21.987Z"}
{"level":"info","message":"execution (12) resuming...","timestamp":"2023-06-02T16:30:22.010Z"}
{"level":"info","message":"execution (12) run instruction [request] for node (2)","timestamp":"2023-06-02T16:30:22.015Z"}
{"level":"info","message":"execution (12) run instruction [request] for node (2) finished as status: -1","timestamp":"2023-06-02T16:30:22.023Z"}
{"level":"info","message":"execution (12) all nodes finished, finishing execution...","timestamp":"2023-06-02T16:30:22.024Z"}
{"level":"info","message":"execution (12) finished with status: -1","timestamp":"2023-06-02T16:30:22.031Z"}
{"level":"info","message":"execution (13) starting...","timestamp":"2023-06-02T16:31:18.211Z"}
{"level":"info","message":"execution (13) run instruction [request] for node (2)","timestamp":"2023-06-02T16:31:18.215Z"}
{"level":"info","message":"execution (13) run instruction [request] for node (2) finished as status: 0","timestamp":"2023-06-02T16:31:18.226Z"}
{"level":"info","message":"execution (13) all nodes finished, finishing execution...","timestamp":"2023-06-02T16:31:18.227Z"}
{"level":"info","message":"execution (13) finished with status: 0","timestamp":"2023-06-02T16:31:18.227Z"}
{"level":"info","message":"execution (13) resuming...","timestamp":"2023-06-02T16:31:18.749Z"}
{"level":"info","message":"execution (13) run instruction [request] for node (2)","timestamp":"2023-06-02T16:31:18.755Z"}
{"level":"info","message":"execution (13) run instruction [request] for node (2) finished as status: -1","timestamp":"2023-06-02T16:31:18.774Z"}
{"level":"info","message":"execution (13) all nodes finished, finishing execution...","timestamp":"2023-06-02T16:31:18.775Z"}
{"level":"info","message":"execution (13) finished with status: -1","timestamp":"2023-06-02T16:31:18.780Z"}
{"level":"info","message":"execution (14) starting...","timestamp":"2023-06-02T16:32:30.380Z"}
{"level":"info","message":"execution (14) run instruction [request] for node (2)","timestamp":"2023-06-02T16:32:30.385Z"}
{"level":"info","message":"execution (14) run instruction [request] for node (2) finished as status: 0","timestamp":"2023-06-02T16:32:30.394Z"}
{"level":"info","message":"execution (14) all nodes finished, finishing execution...","timestamp":"2023-06-02T16:32:30.394Z"}
{"level":"info","message":"execution (14) finished with status: 0","timestamp":"2023-06-02T16:32:30.395Z"}
{"level":"info","message":"execution (14) resuming...","timestamp":"2023-06-02T16:32:30.989Z"}
{"level":"info","message":"execution (14) run instruction [request] for node (2)","timestamp":"2023-06-02T16:32:30.998Z"}
{"level":"info","message":"execution (14) run instruction [request] for node (2) finished as status: -1","timestamp":"2023-06-02T16:32:31.003Z"}
{"level":"info","message":"execution (14) all nodes finished, finishing execution...","timestamp":"2023-06-02T16:32:31.004Z"}
{"level":"info","message":"execution (14) finished with status: -1","timestamp":"2023-06-02T16:32:31.012Z"}
{"level":"info","message":"execution (15) starting...","timestamp":"2023-06-02T16:34:09.559Z"}
{"level":"info","message":"execution (15) run instruction [request] for node (2)","timestamp":"2023-06-02T16:34:09.565Z"}
{"level":"info","message":"execution (15) run instruction [request] for node (2) finished as status: 0","timestamp":"2023-06-02T16:34:09.574Z"}
{"level":"info","message":"execution (15) all nodes finished, finishing execution...","timestamp":"2023-06-02T16:34:09.574Z"}
{"level":"info","message":"execution (15) finished with status: 0","timestamp":"2023-06-02T16:34:09.575Z"}
{"level":"info","message":"execution (15) resuming...","timestamp":"2023-06-02T16:34:09.597Z"}
{"level":"info","message":"execution (15) run instruction [request] for node (2)","timestamp":"2023-06-02T16:34:09.602Z"}
{"level":"info","message":"execution (15) run instruction [request] for node (2) finished as status: -1","timestamp":"2023-06-02T16:34:09.615Z"}
{"level":"info","message":"execution (15) all nodes finished, finishing execution...","timestamp":"2023-06-02T16:34:09.616Z"}
{"level":"info","message":"execution (15) finished with status: -1","timestamp":"2023-06-02T16:34:09.622Z"}
{"level":"info","message":"execution (16) starting...","timestamp":"2023-06-02T16:36:34.232Z"}
{"level":"info","message":"execution (16) run instruction [request] for node (2)","timestamp":"2023-06-02T16:36:34.237Z"}
{"level":"info","message":"execution (16) run instruction [request] for node (2) finished as status: 0","timestamp":"2023-06-02T16:36:34.246Z"}
{"level":"info","message":"execution (16) all nodes finished, finishing execution...","timestamp":"2023-06-02T16:36:34.246Z"}
{"level":"info","message":"execution (16) finished with status: 0","timestamp":"2023-06-02T16:36:34.247Z"}
{"level":"info","message":"execution (16) resuming...","timestamp":"2023-06-02T16:36:34.279Z"}
{"level":"info","message":"execution (16) run instruction [request] for node (2)","timestamp":"2023-06-02T16:36:34.289Z"}
{"level":"info","message":"execution (16) run instruction [request] for node (2) finished as status: -1","timestamp":"2023-06-02T16:36:34.295Z"}
{"level":"info","message":"execution (16) all nodes finished, finishing execution...","timestamp":"2023-06-02T16:36:34.297Z"}
{"level":"info","message":"execution (16) finished with status: -1","timestamp":"2023-06-02T16:36:34.305Z"}
{"level":"info","message":"execution (17) starting...","timestamp":"2023-06-02T16:38:29.099Z"}
{"level":"info","message":"execution (17) run instruction [request] for node (2)","timestamp":"2023-06-02T16:38:29.104Z"}
{"level":"info","message":"execution (17) run instruction [request] for node (2) finished as status: 0","timestamp":"2023-06-02T16:38:29.111Z"}
{"level":"info","message":"execution (17) all nodes finished, finishing execution...","timestamp":"2023-06-02T16:38:29.112Z"}
{"level":"info","message":"execution (17) finished with status: 0","timestamp":"2023-06-02T16:38:29.112Z"}
{"level":"info","message":"execution (17) resuming...","timestamp":"2023-06-02T16:38:31.173Z"}
{"level":"info","message":"execution (17) run instruction [request] for node (2)","timestamp":"2023-06-02T16:38:31.178Z"}
{"level":"info","message":"execution (17) run instruction [request] for node (2) finished as status: -1","timestamp":"2023-06-02T16:38:31.194Z"}
{"level":"info","message":"execution (17) all nodes finished, finishing execution...","timestamp":"2023-06-02T16:38:31.194Z"}
{"level":"info","message":"execution (17) finished with status: -1","timestamp":"2023-06-02T16:38:31.199Z"}
{"level":"info","message":"execution (18) starting...","timestamp":"2023-06-02T16:39:29.337Z"}
{"level":"info","message":"execution (18) run instruction [request] for node (2)","timestamp":"2023-06-02T16:39:29.341Z"}
{"level":"info","message":"execution (18) run instruction [request] for node (2) finished as status: 0","timestamp":"2023-06-02T16:39:29.350Z"}
{"level":"info","message":"execution (18) all nodes finished, finishing execution...","timestamp":"2023-06-02T16:39:29.351Z"}
{"level":"info","message":"execution (18) finished with status: 0","timestamp":"2023-06-02T16:39:29.352Z"}
{"level":"info","message":"execution (18) resuming...","timestamp":"2023-06-02T16:39:29.398Z"}
{"level":"info","message":"execution (18) run instruction [request] for node (2)","timestamp":"2023-06-02T16:39:29.406Z"}
{"level":"info","message":"execution (18) run instruction [request] for node (2) finished as status: -1","timestamp":"2023-06-02T16:39:29.413Z"}
{"level":"info","message":"execution (18) all nodes finished, finishing execution...","timestamp":"2023-06-02T16:39:29.415Z"}
{"level":"info","message":"execution (18) finished with status: -1","timestamp":"2023-06-02T16:39:29.425Z"}
{"level":"info","message":"execution (19) starting...","timestamp":"2023-06-02T16:40:13.035Z"}
{"level":"info","message":"execution (19) run instruction [request] for node (2)","timestamp":"2023-06-02T16:40:13.039Z"}
{"level":"info","message":"execution (19) run instruction [request] for node (2) finished as status: 0","timestamp":"2023-06-02T16:40:13.053Z"}
{"level":"info","message":"execution (19) all nodes finished, finishing execution...","timestamp":"2023-06-02T16:40:13.054Z"}
{"level":"info","message":"execution (19) finished with status: 0","timestamp":"2023-06-02T16:40:13.055Z"}
{"level":"info","message":"execution (19) resuming...","timestamp":"2023-06-02T16:40:13.094Z"}
{"level":"info","message":"execution (19) run instruction [request] for node (2)","timestamp":"2023-06-02T16:40:13.102Z"}
{"level":"info","message":"execution (19) run instruction [request] for node (2) finished as status: -1","timestamp":"2023-06-02T16:40:13.111Z"}
{"level":"info","message":"execution (19) all nodes finished, finishing execution...","timestamp":"2023-06-02T16:40:13.112Z"}
{"level":"info","message":"execution (19) finished with status: -1","timestamp":"2023-06-02T16:40:13.119Z"}
{"level":"info","message":"execution (20) starting...","timestamp":"2023-06-02T16:40:33.782Z"}
{"level":"info","message":"execution (20) run instruction [request] for node (2)","timestamp":"2023-06-02T16:40:33.789Z"}
{"level":"info","message":"execution (20) run instruction [request] for node (2) finished as status: 0","timestamp":"2023-06-02T16:40:33.797Z"}
{"level":"info","message":"execution (20) all nodes finished, finishing execution...","timestamp":"2023-06-02T16:40:33.797Z"}
{"level":"info","message":"execution (20) finished with status: 0","timestamp":"2023-06-02T16:40:33.799Z"}
{"level":"info","message":"execution (20) resuming...","timestamp":"2023-06-02T16:40:33.830Z"}
{"level":"info","message":"execution (20) run instruction [request] for node (2)","timestamp":"2023-06-02T16:40:33.837Z"}
{"level":"info","message":"execution (20) run instruction [request] for node (2) finished as status: -1","timestamp":"2023-06-02T16:40:33.843Z"}
{"level":"info","message":"execution (20) all nodes finished, finishing execution...","timestamp":"2023-06-02T16:40:33.844Z"}
{"level":"info","message":"execution (20) finished with status: -1","timestamp":"2023-06-02T16:40:33.851Z"}
{"level":"info","message":"execution (21) starting...","timestamp":"2023-06-02T16:45:57.362Z"}
{"level":"info","message":"execution (21) run instruction [request] for node (2)","timestamp":"2023-06-02T16:45:57.367Z"}
{"level":"info","message":"execution (21) run instruction [request] for node (2) finished as status: 0","timestamp":"2023-06-02T16:45:57.375Z"}
{"level":"info","message":"execution (21) all nodes finished, finishing execution...","timestamp":"2023-06-02T16:45:57.376Z"}
{"level":"info","message":"execution (21) finished with status: 0","timestamp":"2023-06-02T16:45:57.377Z"}
{"level":"info","message":"execution (21) resuming...","timestamp":"2023-06-02T16:45:57.403Z"}
{"level":"info","message":"execution (21) run instruction [request] for node (2)","timestamp":"2023-06-02T16:45:57.408Z"}
{"level":"info","message":"execution (21) run instruction [request] for node (2) finished as status: 1","timestamp":"2023-06-02T16:45:57.415Z"}
{"level":"info","message":"execution (21) all nodes finished, finishing execution...","timestamp":"2023-06-02T16:45:57.416Z"}
{"level":"info","message":"execution (21) finished with status: 1","timestamp":"2023-06-02T16:45:57.422Z"}
{"level":"info","message":"execution (22) starting...","timestamp":"2023-06-02T17:16:28.767Z"}
{"level":"info","message":"execution (22) run instruction [request] for node (2)","timestamp":"2023-06-02T17:16:28.772Z"}
{"level":"info","message":"execution (22) run instruction [request] for node (2) finished as status: 0","timestamp":"2023-06-02T17:16:28.797Z"}
{"level":"info","message":"execution (22) all nodes finished, finishing execution...","timestamp":"2023-06-02T17:16:28.798Z"}
{"level":"info","message":"execution (22) finished with status: 0","timestamp":"2023-06-02T17:16:28.799Z"}
{"level":"info","message":"execution (22) resuming...","timestamp":"2023-06-02T17:16:28.854Z"}
{"level":"info","message":"execution (22) run instruction [request] for node (2)","timestamp":"2023-06-02T17:16:28.862Z"}
{"level":"info","message":"execution (22) run instruction [request] for node (2) finished as status: 1","timestamp":"2023-06-02T17:16:28.866Z"}
{"level":"info","message":"execution (22) all nodes finished, finishing execution...","timestamp":"2023-06-02T17:16:28.867Z"}
{"level":"info","message":"execution (22) finished with status: 1","timestamp":"2023-06-02T17:16:28.872Z"}
{"level":"info","message":"execution (23) starting...","timestamp":"2023-06-02T17:16:47.962Z"}
{"level":"info","message":"execution (23) run instruction [request] for node (2)","timestamp":"2023-06-02T17:16:47.966Z"}
{"level":"info","message":"execution (23) run instruction [request] for node (2) finished as status: 0","timestamp":"2023-06-02T17:16:47.975Z"}
{"level":"info","message":"execution (23) all nodes finished, finishing execution...","timestamp":"2023-06-02T17:16:47.977Z"}
{"level":"info","message":"execution (23) finished with status: 0","timestamp":"2023-06-02T17:16:47.978Z"}
{"level":"info","message":"execution (23) resuming...","timestamp":"2023-06-02T17:16:48.012Z"}
{"level":"info","message":"execution (23) run instruction [request] for node (2)","timestamp":"2023-06-02T17:16:48.017Z"}
{"level":"info","message":"execution (23) run instruction [request] for node (2) finished as status: -1","timestamp":"2023-06-02T17:16:48.024Z"}
{"level":"info","message":"execution (23) all nodes finished, finishing execution...","timestamp":"2023-06-02T17:16:48.026Z"}
{"level":"info","message":"execution (23) finished with status: -1","timestamp":"2023-06-02T17:16:48.033Z"}
{"level":"info","message":"execution (24) starting...","timestamp":"2023-06-02T17:19:33.943Z"}
{"level":"info","message":"execution (24) run instruction [request] for node (2)","timestamp":"2023-06-02T17:19:33.948Z"}
{"level":"info","message":"execution (24) run instruction [request] for node (2) finished as status: 0","timestamp":"2023-06-02T17:19:33.958Z"}
{"level":"info","message":"execution (24) all nodes finished, finishing execution...","timestamp":"2023-06-02T17:19:33.959Z"}
{"level":"info","message":"execution (24) finished with status: 0","timestamp":"2023-06-02T17:19:33.959Z"}
{"level":"info","message":"execution (24) resuming...","timestamp":"2023-06-02T17:19:34.010Z"}
{"level":"info","message":"execution (24) run instruction [request] for node (2)","timestamp":"2023-06-02T17:19:34.016Z"}
{"level":"info","message":"execution (24) run instruction [request] for node (2) finished as status: -1","timestamp":"2023-06-02T17:19:34.025Z"}
{"level":"info","message":"execution (24) all nodes finished, finishing execution...","timestamp":"2023-06-02T17:19:34.026Z"}
{"level":"info","message":"execution (24) finished with status: -1","timestamp":"2023-06-02T17:19:34.030Z"}
{"level":"info","message":"execution (25) starting...","timestamp":"2023-06-02T17:24:17.870Z"}
{"level":"info","message":"execution (25) run instruction [request] for node (2)","timestamp":"2023-06-02T17:24:17.874Z"}
{"level":"info","message":"execution (25) run instruction [request] for node (2) finished as status: 0","timestamp":"2023-06-02T17:24:17.881Z"}
{"level":"info","message":"execution (25) all nodes finished, finishing execution...","timestamp":"2023-06-02T17:24:17.882Z"}
{"level":"info","message":"execution (25) finished with status: 0","timestamp":"2023-06-02T17:24:17.883Z"}
{"level":"info","message":"execution (25) resuming...","timestamp":"2023-06-02T17:24:22.895Z"}
{"level":"info","message":"execution (25) run instruction [request] for node (2)","timestamp":"2023-06-02T17:24:22.900Z"}
{"level":"info","message":"execution (25) run instruction [request] for node (2) finished as status: -1","timestamp":"2023-06-02T17:24:22.907Z"}
{"level":"info","message":"execution (25) all nodes finished, finishing execution...","timestamp":"2023-06-02T17:24:22.908Z"}
{"level":"info","message":"execution (25) finished with status: -1","timestamp":"2023-06-02T17:24:22.916Z"}
{"level":"info","message":"execution (26) starting...","timestamp":"2023-06-02T17:26:49.786Z"}
{"level":"info","message":"execution (26) run instruction [request] for node (2)","timestamp":"2023-06-02T17:26:49.790Z"}
{"level":"info","message":"execution (26) run instruction [request] for node (2) finished as status: 0","timestamp":"2023-06-02T17:26:49.798Z"}
{"level":"info","message":"execution (26) all nodes finished, finishing execution...","timestamp":"2023-06-02T17:26:49.799Z"}
{"level":"info","message":"execution (26) finished with status: 0","timestamp":"2023-06-02T17:26:49.800Z"}
{"level":"info","message":"execution (26) resuming...","timestamp":"2023-06-02T17:26:54.817Z"}
{"level":"info","message":"execution (26) run instruction [request] for node (2)","timestamp":"2023-06-02T17:26:54.824Z"}
{"level":"info","message":"execution (26) run instruction [request] for node (2) finished as status: -1","timestamp":"2023-06-02T17:26:54.840Z"}
{"level":"info","message":"execution (26) all nodes finished, finishing execution...","timestamp":"2023-06-02T17:26:54.841Z"}
{"level":"info","message":"execution (26) finished with status: -1","timestamp":"2023-06-02T17:26:54.846Z"}
{"level":"info","message":"execution (27) starting...","timestamp":"2023-06-02T17:28:56.266Z"}
{"level":"info","message":"execution (27) run instruction [request] for node (2)","timestamp":"2023-06-02T17:28:56.271Z"}
{"level":"info","message":"execution (27) run instruction [request] for node (2) finished as status: 0","timestamp":"2023-06-02T17:28:56.280Z"}
{"level":"info","message":"execution (27) all nodes finished, finishing execution...","timestamp":"2023-06-02T17:28:56.281Z"}
{"level":"info","message":"execution (27) finished with status: 0","timestamp":"2023-06-02T17:28:56.283Z"}
{"level":"info","message":"execution (27) resuming...","timestamp":"2023-06-02T17:29:01.303Z"}
{"level":"info","message":"execution (27) run instruction [request] for node (2)","timestamp":"2023-06-02T17:29:01.312Z"}
{"level":"info","message":"execution (27) run instruction [request] for node (2) finished as status: -1","timestamp":"2023-06-02T17:29:01.318Z"}
{"level":"info","message":"execution (27) all nodes finished, finishing execution...","timestamp":"2023-06-02T17:29:01.319Z"}
{"level":"info","message":"execution (27) finished with status: -1","timestamp":"2023-06-02T17:29:01.324Z"}
{"level":"info","message":"execution (28) starting...","timestamp":"2023-06-02T17:32:02.576Z"}
{"level":"info","message":"execution (28) run instruction [request] for node (2)","timestamp":"2023-06-02T17:32:02.582Z"}
{"level":"info","message":"execution (28) run instruction [request] for node (2) finished as status: 0","timestamp":"2023-06-02T17:32:02.593Z"}
{"level":"info","message":"execution (28) all nodes finished, finishing execution...","timestamp":"2023-06-02T17:32:02.594Z"}
{"level":"info","message":"execution (28) finished with status: 0","timestamp":"2023-06-02T17:32:02.596Z"}
{"level":"info","message":"execution (28) resuming...","timestamp":"2023-06-02T17:32:07.610Z"}
{"level":"info","message":"execution (28) run instruction [request] for node (2)","timestamp":"2023-06-02T17:32:07.619Z"}
{"level":"info","message":"execution (28) run instruction [request] for node (2) finished as status: -1","timestamp":"2023-06-02T17:32:07.636Z"}
{"level":"info","message":"execution (28) all nodes finished, finishing execution...","timestamp":"2023-06-02T17:32:07.636Z"}
{"level":"info","message":"execution (28) finished with status: -1","timestamp":"2023-06-02T17:32:07.643Z"}
{"level":"info","message":"execution (29) starting...","timestamp":"2023-06-02T17:43:38.762Z"}
{"level":"info","message":"execution (29) run instruction [request] for node (2)","timestamp":"2023-06-02T17:43:38.766Z"}
{"level":"info","message":"execution (29) run instruction [request] for node (2) finished as status: 0","timestamp":"2023-06-02T17:43:38.776Z"}
{"level":"info","message":"execution (29) all nodes finished, finishing execution...","timestamp":"2023-06-02T17:43:38.777Z"}
{"level":"info","message":"execution (29) finished with status: 0","timestamp":"2023-06-02T17:43:38.778Z"}
{"level":"info","message":"execution (29) resuming...","timestamp":"2023-06-02T17:43:43.790Z"}
{"level":"info","message":"execution (29) run instruction [request] for node (2)","timestamp":"2023-06-02T17:43:43.796Z"}
{"level":"info","message":"execution (29) run instruction [request] for node (2) finished as status: -1","timestamp":"2023-06-02T17:43:43.814Z"}
{"level":"info","message":"execution (29) all nodes finished, finishing execution...","timestamp":"2023-06-02T17:43:43.815Z"}
{"level":"info","message":"execution (29) finished with status: -1","timestamp":"2023-06-02T17:43:43.820Z"}
{"level":"info","message":"execution (30) starting...","timestamp":"2023-06-02T17:44:17.450Z"}
{"level":"info","message":"execution (30) run instruction [request] for node (2)","timestamp":"2023-06-02T17:44:17.456Z"}
{"level":"info","message":"execution (30) run instruction [request] for node (2) finished as status: 0","timestamp":"2023-06-02T17:44:17.464Z"}
{"level":"info","message":"execution (30) all nodes finished, finishing execution...","timestamp":"2023-06-02T17:44:17.465Z"}
{"level":"info","message":"execution (30) finished with status: 0","timestamp":"2023-06-02T17:44:17.466Z"}
{"level":"info","message":"execution (30) resuming...","timestamp":"2023-06-02T17:44:22.479Z"}
{"level":"info","message":"execution (30) run instruction [request] for node (2)","timestamp":"2023-06-02T17:44:22.484Z"}
{"level":"info","message":"execution (30) run instruction [request] for node (2) finished as status: -1","timestamp":"2023-06-02T17:44:22.501Z"}
{"level":"info","message":"execution (30) all nodes finished, finishing execution...","timestamp":"2023-06-02T17:44:22.501Z"}
{"level":"info","message":"execution (30) finished with status: -1","timestamp":"2023-06-02T17:44:22.508Z"}
{"level":"info","message":"execution (31) starting...","timestamp":"2023-06-02T17:56:27.487Z"}
{"level":"info","message":"execution (31) run instruction [request] for node (2)","timestamp":"2023-06-02T17:56:27.492Z"}
{"level":"info","message":"execution (31) run instruction [request] for node (2) finished as status: 0","timestamp":"2023-06-02T17:56:27.502Z"}
{"level":"info","message":"execution (31) all nodes finished, finishing execution...","timestamp":"2023-06-02T17:56:27.503Z"}
{"level":"info","message":"execution (31) finished with status: 0","timestamp":"2023-06-02T17:56:27.504Z"}
{"level":"info","message":"execution (31) resuming...","timestamp":"2023-06-02T17:56:32.517Z"}
{"level":"info","message":"execution (31) run instruction [request] for node (2)","timestamp":"2023-06-02T17:56:32.521Z"}
{"level":"info","message":"execution (31) run instruction [request] for node (2) finished as status: -1","timestamp":"2023-06-02T17:56:32.537Z"}
{"level":"info","message":"execution (31) all nodes finished, finishing execution...","timestamp":"2023-06-02T17:56:32.537Z"}
{"level":"info","message":"execution (31) finished with status: -1","timestamp":"2023-06-02T17:56:32.542Z"}
